/priv/avatar/cche/azp-agent-in-docker-cuda/azp-agent-avatargpu/regression-tests/amrex/Tools/Plotfile//fcompare.gnu.ex --abort_if_not_all_found -n 0 --rel_tol 0.002 /priv/avatar/cche/azp-agent-in-docker-cuda/azp-agent-avatargpu/regression-tests/quokka-benchmarks/DiskGalaxy-GPU_plt0000300 DiskGalaxy-GPU_plt0000300

            variable name            absolute error            relative error
                                        (||A - B||)         (||A - B||/||A||)
 ----------------------------------------------------------------------------
 level = 0
 gasDensity                         2.171881119e-31           2.053194512e-06
 x-GasMomentum                      4.431733757e-24           3.268109481e-06
 y-GasMomentum                      4.858919642e-24           3.160519748e-06
 z-GasMomentum                      2.735925231e-24           2.147350492e-05
 gasEnergy                          4.787966196e-17           2.000899393e-06
 gasInternalEnergy                  3.966795273e-17           7.153182208e-06
 scalar_0                           7.437573824e-41           4.009711981e-06
 x-BField                           3.422475365e-15           1.989103804e-06
 y-BField                           1.736015668e-15           9.323892219e-07
 z-BField                           2.219380531e-15           7.743514937e-06
 particle.CIC.mass_density           1.069701282e-30           7.659394475e-07
 particle.StochasticStellarPop.birth_mass_density                         0                         0
 level = 1
 gasDensity                           1.5347794e-30           2.724908955e-06
 x-GasMomentum                      3.317024943e-23           4.584264428e-06
 y-GasMomentum                      3.865026297e-23           5.945623594e-06
 z-GasMomentum                      2.200575947e-23           3.039709706e-05
 gasEnergy                          3.924528441e-16           3.647834673e-06
 gasInternalEnergy                  2.422400493e-16           1.027664689e-05
 scalar_0                           7.831874637e-40           2.834175528e-05
 x-BField                           1.309086266e-14           2.027430925e-06
 y-BField                           7.692801571e-15           1.238128445e-06
 z-BField                           1.100075639e-14           1.458545938e-05
 particle.CIC.mass_density           8.035572625e-30           1.398508084e-06
 particle.StochasticStellarPop.birth_mass_density                         0                         0
 level = 2
 gasDensity                         1.133897888e-29           5.896870371e-06
 x-GasMomentum                      2.118119169e-22           9.868336675e-06
 y-GasMomentum                      2.938993309e-22           1.337144476e-05
 z-GasMomentum                      1.782679672e-22           5.021799904e-05
 gasEnergy                          3.209810617e-15           1.222453251e-05
 gasInternalEnergy                  1.199519252e-15           1.760491143e-05
 scalar_0                           4.373543782e-39           6.337148982e-05
 x-BField                           5.574202035e-14           3.135183704e-06
 y-BField                           2.998067656e-14           1.701153121e-06
 z-BField                           3.409746038e-14           2.149322345e-05
 particle.CIC.mass_density           7.573055403e-29           3.956951687e-06
 particle.StochasticStellarPop.birth_mass_density                         0                         0
 level = 3
 gasDensity                         6.602103739e-29           1.128370531e-05
 x-GasMomentum                      1.708025111e-21           3.028695024e-05
 y-GasMomentum                      1.889496178e-21           3.379089734e-05
 z-GasMomentum                      1.401772195e-21           7.377627957e-05
 gasEnergy                          2.107062435e-14           3.726368831e-05
 gasInternalEnergy                  4.268845099e-15           2.645219315e-05
 scalar_0                           2.884759839e-38           0.0001791201695
 x-BField                           3.306358221e-13           6.695377928e-06
 y-BField                           2.341814231e-13           4.021255738e-06
 z-BField                           1.041524357e-13           3.608897078e-05
 particle.CIC.mass_density           4.679994118e-28           7.773767832e-06
 particle.StochasticStellarPop.birth_mass_density                         0                         0
 level = 4
 gasDensity                         3.997742079e-28           1.455426397e-05
 x-GasMomentum                      1.768909175e-20           8.338580743e-05
 y-GasMomentum                         1.107826e-20           4.836734008e-05
 z-GasMomentum                      1.022049239e-20           9.044758139e-05
 gasEnergy                          1.100147276e-13           7.204151245e-05
 gasInternalEnergy                  1.135511247e-14           2.830059096e-05
 scalar_0                           1.744821008e-37           0.0002834353664
 x-BField                           8.811979151e-13           7.924849761e-06
 y-BField                           1.245875435e-12            8.82683615e-06
 z-BField                           3.989777147e-13           0.0001100156048
 particle.CIC.mass_density           3.096348177e-27           1.661587182e-05
 particle.StochasticStellarPop.birth_mass_density                         0                         0
 level = 5
 gasDensity                         2.681640272e-27           2.549309053e-05
 x-GasMomentum                      1.175094183e-19           0.0001965210309
 y-GasMomentum                      2.800066158e-20           4.260273598e-05
 z-GasMomentum                      3.953626657e-20           8.737655356e-05
 gasEnergy                          3.570649276e-13           0.0001316822704
 gasInternalEnergy                  5.573868137e-15           2.549241967e-05
 scalar_0                             4.0615172e-37           0.0001825521243
 x-BField                           2.766906884e-12            1.21224888e-05
 y-BField                           5.262437891e-12           2.109333626e-05
 z-BField                           2.029183797e-12            0.000261114561
 particle.CIC.mass_density           9.294716578e-27           2.045980622e-05
 particle.StochasticStellarPop.birth_mass_density                         0                         0
 PLOTFILE AGREE to specified tolerances: absolute = 0 relative = 0.002
/priv/avatar/cche/azp-agent-in-docker-cuda/azp-agent-avatargpu/regression-tests/amrex/Tools/Postprocessing/C_Src//particle_compare.exe --rel_tol 0.02 /priv/avatar/cche/azp-agent-in-docker-cuda/azp-agent-avatargpu/regression-tests/quokka-benchmarks/DiskGalaxy-GPU_plt0000300 DiskGalaxy-GPU_plt0000300 CIC_particles

-----------------------------------------------------------------------
CIC_particles
CIC_particles_position_x            2.09178433e+17        1.43799462e-03        
CIC_particles_position_y            1.73963803e+17        4.81612141e-04        
CIC_particles_position_z            3.29205599e+17        3.22478707e-04        
CIC_particles_mass                  0.00000000e+00        0.00000000e+00        
CIC_particles_vx                    1.59791494e+03        9.51894610e-05        
CIC_particles_vy                    1.59017073e+03        3.41972446e-04        
CIC_particles_vz                    2.50365583e+03        9.73139809e-03        
CIC_particles_id                    0.00000000e+00        0.00000000e+00        
CIC_particles_cpu                   0.00000000e+00        0.00000000e+00        

 PARTICLES AGREE to relative tolerance 0.02
/priv/avatar/cche/azp-agent-in-docker-cuda/azp-agent-avatargpu/regression-tests/amrex/Tools/Postprocessing/C_Src//particle_compare.exe --rel_tol 0.02 /priv/avatar/cche/azp-agent-in-docker-cuda/azp-agent-avatargpu/regression-tests/quokka-benchmarks/DiskGalaxy-GPU_plt0000300 DiskGalaxy-GPU_plt0000300 StochasticStellarPop_particles

-----------------------------------------------------------------------
StochasticStellarPop_particles
StochasticStellarPop_particles_position_x0.00000000e+00        0.00000000e+00        
StochasticStellarPop_particles_position_y0.00000000e+00        0.00000000e+00        
StochasticStellarPop_particles_position_z0.00000000e+00        0.00000000e+00        
StochasticStellarPop_particles_mass 0.00000000e+00        0.00000000e+00        
StochasticStellarPop_particles_vx   0.00000000e+00        0.00000000e+00        
StochasticStellarPop_particles_vy   0.00000000e+00        0.00000000e+00        
StochasticStellarPop_particles_vz   0.00000000e+00        0.00000000e+00        
StochasticStellarPop_particles_birth_time0.00000000e+00        0.00000000e+00        
StochasticStellarPop_particles_death_time0.00000000e+00        0.00000000e+00        
StochasticStellarPop_particles_birth_x0.00000000e+00        0.00000000e+00        
StochasticStellarPop_particles_birth_y0.00000000e+00        0.00000000e+00        
StochasticStellarPop_particles_birth_z0.00000000e+00        0.00000000e+00        
StochasticStellarPop_particles_death_x0.00000000e+00        0.00000000e+00        
StochasticStellarPop_particles_death_y0.00000000e+00        0.00000000e+00        
StochasticStellarPop_particles_death_z0.00000000e+00        0.00000000e+00        
StochasticStellarPop_particles_death_density0.00000000e+00        0.00000000e+00        
StochasticStellarPop_particles_mass_at_birth0.00000000e+00        0.00000000e+00        
StochasticStellarPop_particles_luminosity_00.00000000e+00        0.00000000e+00        
StochasticStellarPop_particles_id   0.00000000e+00        0.00000000e+00        
StochasticStellarPop_particles_cpu  0.00000000e+00        0.00000000e+00        
StochasticStellarPop_particles_evolution_stage0.00000000e+00        0.00000000e+00        

 PARTICLES AGREE to relative tolerance 0.02
