/priv/avatar/cche/azp-agent-in-docker-cuda/azp-agent-avatargpu/regression-tests/amrex/Tools/Plotfile//fcompare.gnu.ex --abort_if_not_all_found -n 0 --rel_tol 0.002 /priv/avatar/cche/azp-agent-in-docker-cuda/azp-agent-avatargpu/regression-tests/quokka-benchmarks/DiskGalaxy-GPU_plt0000300 DiskGalaxy-GPU_plt0000300

            variable name            absolute error            relative error
                                        (||A - B||)         (||A - B||/||A||)
 ----------------------------------------------------------------------------
 level = 0
 gasDensity                          3.00508624e-31           2.840867542e-06
 x-GasMomentum                      8.020951821e-24           5.914919562e-06
 y-GasMomentum                      7.444184336e-24           4.842124039e-06
 z-GasMomentum                      4.262323578e-24           3.345377472e-05
 gasEnergy                          9.453492615e-17            3.95063099e-06
 gasInternalEnergy                   5.40443402e-17           9.745625527e-06
 scalar_0                           4.780149212e-41            2.57705295e-06
 x-BField                           6.785124692e-11             0.03943437395
 y-BField                           7.885713098e-11             0.04235303881
 z-BField                           1.498062436e-11             0.05226804818
 particle.CIC.mass_density           1.527592654e-30           1.093803937e-06
 particle.StochasticStellarPop.birth_mass_density                         0                         0
 level = 1
 gasDensity                         2.344216714e-30           4.162016454e-06
 x-GasMomentum                      6.487051354e-23            8.96537086e-06
 y-GasMomentum                      5.179777959e-23           7.968124323e-06
 z-GasMomentum                      3.472496867e-23           4.796645371e-05
 gasEnergy                          8.017535336e-16           7.452269447e-06
 gasInternalEnergy                  4.186842269e-16           1.776200909e-05
 scalar_0                           3.241605744e-40           1.173062657e-05
 x-BField                           2.952278771e-10             0.04572304697
 y-BField                           2.795934148e-10             0.04499954364
 z-BField                           3.085577484e-11             0.04091042784
 particle.CIC.mass_density           8.942758402e-30            1.55639436e-06
 particle.StochasticStellarPop.birth_mass_density                         0                         0
 level = 2
 gasDensity                         1.125302442e-29           5.852169496e-06
 x-GasMomentum                      3.086403616e-22           1.437958281e-05
 y-GasMomentum                      4.149340078e-22           1.887812112e-05
 z-GasMomentum                      2.045472753e-22           5.762086727e-05
 gasEnergy                          4.343572763e-15           1.654245462e-05
 gasInternalEnergy                  1.825988917e-15           2.679938075e-05
 scalar_0                            3.05336965e-39           4.424251667e-05
 x-BField                           8.148068094e-10             0.04582842558
 y-BField                           8.369254421e-10             0.04748853234
 z-BField                           8.455824587e-11             0.05330101576
 particle.CIC.mass_density           9.940990169e-29           5.194207058e-06
 particle.StochasticStellarPop.birth_mass_density                         0                         0
 level = 3
 gasDensity                         7.446632348e-29           1.272709553e-05
 x-GasMomentum                       2.20535117e-21           3.910560843e-05
 y-GasMomentum                      2.781150296e-21           4.973683738e-05
 z-GasMomentum                      9.131616835e-22           4.806035666e-05
 gasEnergy                          1.880313911e-14           3.325360955e-05
 gasInternalEnergy                  3.639351327e-15           2.255149157e-05
 scalar_0                           1.611764048e-38           0.0001000774642
 x-BField                           2.323369343e-09             0.04704824697
 y-BField                           2.874514224e-09             0.04935983675
 z-BField                           3.468305931e-10               0.120177306
 particle.CIC.mass_density            6.74496574e-28           1.120381701e-05
 particle.StochasticStellarPop.birth_mass_density                         0                         0
 level = 4
 gasDensity                         5.177165257e-28           1.884809682e-05
 x-GasMomentum                      2.079790419e-20           9.804064889e-05
 y-GasMomentum                      1.655394799e-20           7.227402428e-05
 z-GasMomentum                        4.8959057e-21           4.332695649e-05
 gasEnergy                           8.32445672e-14           5.451146999e-05
 gasInternalEnergy                  1.029476991e-14           2.565787641e-05
 scalar_0                           1.297986206e-37           0.0002108498202
 x-BField                           5.493997381e-09             0.04940899551
 y-BField                           7.918153119e-09             0.05609889901
 z-BField                           5.397652929e-10              0.1488368973
 particle.CIC.mass_density           3.346341849e-27           1.795740791e-05
 particle.StochasticStellarPop.birth_mass_density                         0                         0
 level = 5
 gasDensity                         3.225164833e-27           3.066012243e-05
 x-GasMomentum                      1.255389788e-19           0.0002099495503
 y-GasMomentum                      5.531968553e-20           8.416836691e-05
 z-GasMomentum                      1.755887529e-20           3.880573813e-05
 gasEnergy                            3.1377959e-13           0.0001157190348
 gasInternalEnergy                  1.524788838e-14           6.973713051e-05
 scalar_0                           3.896001952e-37           0.0001751127466
 x-BField                           1.831651942e-08             0.08024910513
 y-BField                           2.219808822e-08             0.08897620245
 z-BField                            1.27176857e-09              0.1636506719
 particle.CIC.mass_density           1.313660584e-26             2.8916687e-05
 particle.StochasticStellarPop.birth_mass_density                         0                         0
/priv/avatar/cche/azp-agent-in-docker-cuda/azp-agent-avatargpu/regression-tests/amrex/Tools/Postprocessing/C_Src//particle_compare.exe --rel_tol 0.02 /priv/avatar/cche/azp-agent-in-docker-cuda/azp-agent-avatargpu/regression-tests/quokka-benchmarks/DiskGalaxy-GPU_plt0000300 DiskGalaxy-GPU_plt0000300 CIC_particles

-----------------------------------------------------------------------
CIC_particles
CIC_particles_position_x            1.93255412e+17        1.32853200e-03        
CIC_particles_position_y            1.51156246e+17        4.18470290e-04        
CIC_particles_position_z            3.38481332e+17        3.31564903e-04        
CIC_particles_mass                  0.00000000e+00        0.00000000e+00        
CIC_particles_vx                    1.69848845e+03        1.01180730e-04        
CIC_particles_vy                    1.53051939e+03        3.29144191e-04        
CIC_particles_vz                    2.50645350e+03        9.74227228e-03        
CIC_particles_id                    0.00000000e+00        0.00000000e+00        
CIC_particles_cpu                   0.00000000e+00        0.00000000e+00        

 PARTICLES AGREE to relative tolerance 0.02
/priv/avatar/cche/azp-agent-in-docker-cuda/azp-agent-avatargpu/regression-tests/amrex/Tools/Postprocessing/C_Src//particle_compare.exe --rel_tol 0.02 /priv/avatar/cche/azp-agent-in-docker-cuda/azp-agent-avatargpu/regression-tests/quokka-benchmarks/DiskGalaxy-GPU_plt0000300 DiskGalaxy-GPU_plt0000300 StochasticStellarPop_particles

-----------------------------------------------------------------------
StochasticStellarPop_particles
StochasticStellarPop_particles_position_x0.00000000e+00        0.00000000e+00        
StochasticStellarPop_particles_position_y0.00000000e+00        0.00000000e+00        
StochasticStellarPop_particles_position_z0.00000000e+00        0.00000000e+00        
StochasticStellarPop_particles_mass 0.00000000e+00        0.00000000e+00        
StochasticStellarPop_particles_vx   0.00000000e+00        0.00000000e+00        
StochasticStellarPop_particles_vy   0.00000000e+00        0.00000000e+00        
StochasticStellarPop_particles_vz   0.00000000e+00        0.00000000e+00        
StochasticStellarPop_particles_birth_time0.00000000e+00        0.00000000e+00        
StochasticStellarPop_particles_death_time0.00000000e+00        0.00000000e+00        
StochasticStellarPop_particles_birth_x0.00000000e+00        0.00000000e+00        
StochasticStellarPop_particles_birth_y0.00000000e+00        0.00000000e+00        
StochasticStellarPop_particles_birth_z0.00000000e+00        0.00000000e+00        
StochasticStellarPop_particles_death_x0.00000000e+00        0.00000000e+00        
StochasticStellarPop_particles_death_y0.00000000e+00        0.00000000e+00        
StochasticStellarPop_particles_death_z0.00000000e+00        0.00000000e+00        
StochasticStellarPop_particles_death_density0.00000000e+00        0.00000000e+00        
StochasticStellarPop_particles_mass_at_birth0.00000000e+00        0.00000000e+00        
StochasticStellarPop_particles_luminosity_00.00000000e+00        0.00000000e+00        
StochasticStellarPop_particles_id   0.00000000e+00        0.00000000e+00        
StochasticStellarPop_particles_cpu  0.00000000e+00        0.00000000e+00        
StochasticStellarPop_particles_evolution_stage0.00000000e+00        0.00000000e+00        

 PARTICLES AGREE to relative tolerance 0.02
