Already up to date.
Already up to date.
Your branch is up to date with 'origin/development'.
Already on 'development'
Updating 3fcfcce26..b3f67385e
Fast-forward
 .github/workflows/apps.yml      |   3 +-
 Src/Base/AMReX_MultiFabUtil.H   |   2 +-
 Src/Base/AMReX_MultiFabUtil.cpp |   2 +-
 Src/Base/AMReX_Periodicity.H    |   2 +
 Src/FFT/AMReX_FFT.cpp           | 231 +++++++++++++++++++++++
 Src/FFT/AMReX_FFT_Helper.H      |  79 ++++++++
 Src/FFT/AMReX_FFT_Poisson.H     |  76 ++++++--
 Src/FFT/AMReX_FFT_R2C.H         | 261 +++++++++++++++++++++----
 Src/FFT/AMReX_FFT_R2X.H         | 409 +++++++++++++++++++++++++++++++---------
 Tests/FFT/Poisson/main.cpp      |  23 ++-
 10 files changed, 929 insertions(+), 159 deletions(-)
Your branch is up to date with 'origin/development'.
Already on 'development'
Already up to date.
Your branch is up to date with 'origin/development'.
Already on 'development'
Updating b3f67385e..d9c576086
Fast-forward
 CHANGES | 21 +++++++++++++++++++++
 1 file changed, 21 insertions(+)
Your branch is up to date with 'origin/development'.
Already on 'development'
Already up to date.
Your branch is up to date with 'origin/development'.
Already on 'development'
Updating d9c576086..3a34576c9
Fast-forward
 Src/Base/AMReX_ParmParse.H   | 2 +-
 Src/Base/AMReX_SmallMatrix.H | 6 ++++++
 Src/EB/AMReX_EBData.H        | 8 ++++----
 3 files changed, 11 insertions(+), 5 deletions(-)
Your branch is up to date with 'origin/development'.
Already on 'development'
Updating 3a34576c9..041f225dc
Fast-forward
 Src/FFT/AMReX_FFT_R2C.H                       |   2 +-
 Src/Particle/AMReX_NeighborParticlesGPUImpl.H |   2 +-
 Src/Particle/AMReX_ParticleContainerBase.H    |   1 +
 Src/Particle/AMReX_ParticleContainerBase.cpp  |   1 +
 Src/Particle/AMReX_ParticleContainerI.H       |   3 +-
 Tools/CMake/FindAMReXFFTW.cmake               | 141 ++++++++++++++++++++++----
 6 files changed, 125 insertions(+), 25 deletions(-)
Your branch is up to date with 'origin/development'.
Already on 'development'
Updating 041f225dc..e761abff9
Fast-forward
 Src/Base/AMReX_ParmParse.cpp      |  3 ++-
 Src/EB/AMReX_EBDataCollection.cpp | 27 +++++++++++++--------------
 Tools/CMake/FindAMReXFFTW.cmake   | 14 ++++++++------
 3 files changed, 23 insertions(+), 21 deletions(-)
Your branch is up to date with 'origin/development'.
Already on 'development'
Updating e761abff9..bd2d730d9
Fast-forward
 .codespell-ignore-words                            |   1 +
 .github/workflows/hypre.yml                        |  10 +-
 .github/workflows/intel.yml                        |  55 -----------
 .github/workflows/petsc.yml                        |  13 +--
 Docs/sphinx_documentation/source/BuildingAMReX.rst |   4 +-
 Src/Amr/AMReX_Amr.cpp                              |   1 +
 Src/Amr/AMReX_StateData.cpp                        |   6 +-
 Src/AmrCore/AMReX_AmrCore.cpp                      |   1 +
 Src/AmrCore/AMReX_Cluster.H                        |   2 +-
 Src/Base/AMReX_BLProfiler.H                        |   2 +-
 Src/Base/AMReX_BoxDomain.H                         |   2 +-
 Src/Base/AMReX_CTOParallelForImpl.H                |   9 --
 Src/Base/AMReX_DistributionMapping.H               |   2 +
 Src/Base/AMReX_DistributionMapping.cpp             |   2 +
 Src/Base/AMReX_NonLocalBC.H                        |   2 +-
 Src/Base/AMReX_OpenMP.cpp                          |   2 +-
 Src/Base/AMReX_ParmParse.cpp                       |   2 +-
 Src/Base/AMReX_TinyProfiler.cpp                    |   4 +-
 Src/Base/AMReX_VisMF.cpp                           |   2 +-
 Src/Extern/HYPRE/AMReX_HypreSolver.H               |  33 ++++---
 Src/LinearSolvers/AMReX_GMRES.H                    |   2 +-
 Src/LinearSolvers/MLMG/AMReX_MLCellLinOp.H         |  12 +--
 Src/Particle/AMReX_NeighborParticles.H             |   9 +-
 Src/Particle/AMReX_ParticleContainer.H             |  45 ++++++++-
 Src/Particle/AMReX_ParticleContainerI.H            | 108 ++++++++++++++++++---
 Tools/GNUMake/packages/Make.petsc                  |   2 +-
 26 files changed, 202 insertions(+), 131 deletions(-)
