Already up to date.
Already up to date.
Your branch is up to date with 'origin/development'.
Already on 'development'
Already up to date.
Your branch is up to date with 'origin/development'.
Already on 'development'
Updating 384d62d..f145580
Fast-forward
 src/QuokkaSimulation.hpp                           |   9 +-
 src/problems/RadDust/test_rad_dust.cpp             |  19 +-
 src/problems/RadDustMG/test_rad_dust_MG.cpp        |   7 +-
 .../test_radiation_marshak_Vaytet.cpp              |   4 +-
 .../test_radhydro_pulse_MG_const_kappa.cpp         |   2 +-
 .../test_radhydro_pulse_MG_int.cpp                 |   2 +-
 .../test_radhydro_shock_multigroup.cpp             |   6 +-
 src/radiation/radiation_system.hpp                 | 827 ++-------------------
 src/radiation/source_terms_multi_group.hpp         | 647 ++++++++++++++++
 src/radiation/source_terms_single_group.hpp        | 530 +++++++++++++
 tests/radshock_dimensionless.in                    |   2 +
 11 files changed, 1262 insertions(+), 793 deletions(-)
 create mode 100644 src/radiation/source_terms_multi_group.hpp
 create mode 100644 src/radiation/source_terms_single_group.hpp
Your branch is up to date with 'origin/development'.
Already on 'development'
Already up to date.
Your branch is up to date with 'origin/development'.
Already on 'development'
Updating f145580..4a7057f
Fast-forward
 src/QuokkaSimulation.hpp                    |  56 +-
 src/radiation/radiation_system.cpp          |  10 -
 src/radiation/radiation_system.hpp          | 155 +++--
 src/radiation/source_terms_multi_group.hpp  | 850 +++++++++++++++++-----------
 src/radiation/source_terms_single_group.hpp | 100 ++--
 tests/RadDust.in                            |   1 +
 6 files changed, 705 insertions(+), 467 deletions(-)
 delete mode 100644 src/radiation/radiation_system.cpp
Your branch is up to date with 'origin/development'.
Already on 'development'
Already up to date.
Your branch is up to date with 'origin/development'.
Already on 'development'
Updating 4a7057f..2d273a2
Fast-forward
 .../RadMarshakDust/test_radiation_marshak_dust.cpp | 126 +++++++++---
 src/radiation/planck_integral.hpp                  |   9 +-
 src/radiation/radiation_system.hpp                 |  52 ++---
 src/radiation/source_terms_multi_group.hpp         | 221 +++++++++++++++------
 tests/RadMarshakDust.in                            |  14 +-
 5 files changed, 298 insertions(+), 124 deletions(-)
Your branch is up to date with 'origin/development'.
Already on 'development'
Updating 2d273a2..5e5176c
Fast-forward
 .devcontainer/Dockerfile        | 30 ++++++++++++++++++++++--------
 .devcontainer/devcontainer.json |  1 -
 src/simulation.hpp              |  2 +-
 3 files changed, 23 insertions(+), 10 deletions(-)
Your branch is up to date with 'origin/development'.
Already on 'development'
Updating 5e5176c..a1632ff
Fast-forward
 .github/CODEOWNERS | 29 +++++++++++++++++++++++++++++
 1 file changed, 29 insertions(+)
 create mode 100644 .github/CODEOWNERS
Your branch is up to date with 'origin/development'.
Already on 'development'
Updating a1632ff..aa2a618
Fast-forward
 src/radiation/radiation_system.hpp          |  14 +-
 src/radiation/source_terms_multi_group.hpp  | 451 +++++++++++++++-------------
 src/radiation/source_terms_single_group.hpp |  16 +-
 3 files changed, 261 insertions(+), 220 deletions(-)
