Initializing AMReX (26.04-96-g21b2deea3233)...
MPI initialized with 1 MPI processes
MPI initialized with thread support level 0
Initializing CUDA...
CUDA initialized with 1 device.
AMReX (26.04-96-g21b2deea3233) initialized
Writing plotfile SedovAMR-GPU_plt0000000

Coarse STEP 1 at t = 0 (0%) starts ...

Coarse STEP 2 at t = 5.229826469e-06 (0.5346606611%) starts ...

Coarse STEP 3 at t = 1.011367698e-05 (1.033951174%) starts ...

Coarse STEP 4 at t = 1.484902193e-05 (1.518059525%) starts ...

Coarse STEP 5 at t = 1.954131239e-05 (1.997766286%) starts ...

Coarse STEP 6 at t = 2.42658471e-05 (2.480769473%) starts ...

Coarse STEP 7 at t = 2.906920832e-05 (2.971831328%) starts ...

Coarse STEP 8 at t = 3.400352203e-05 (3.476280844%) starts ...

Coarse STEP 9 at t = 3.911908517e-05 (3.999260026%) starts ...

Coarse STEP 10 at t = 4.445853502e-05 (4.545127811%) starts ...

Coarse STEP 11 at t = 5.006496846e-05 (5.118290119%) starts ...

Coarse STEP 12 at t = 5.598285634e-05 (5.723293337%) starts ...

Coarse STEP 13 at t = 6.225311957e-05 (6.364320933%) starts ...

Coarse STEP 14 at t = 6.887162359e-05 (7.040950215%) starts ...

Coarse STEP 15 at t = 7.58231761e-05 (7.751628033%) starts ...

Coarse STEP 16 at t = 8.305561188e-05 (8.49102138%) starts ...

Coarse STEP 17 at t = 9.049828029e-05 (9.251907432%) starts ...

Coarse STEP 18 at t = 9.809023478e-05 (10.02805544%) starts ...

Coarse STEP 19 at t = 0.0001058027384 (10.81652755%) starts ...

Coarse STEP 20 at t = 0.0001136285074 (11.6165791%) starts ...

Coarse STEP 21 at t = 0.00012156522 (12.42797276%) starts ...

Coarse STEP 22 at t = 0.0001295990893 (13.24929903%) starts ...

Coarse STEP 23 at t = 0.0001377361635 (14.08117624%) starts ...

Coarse STEP 24 at t = 0.0001459810708 (14.92407755%) starts ...

Coarse STEP 25 at t = 0.0001543318688 (15.77780439%) starts ...

Coarse STEP 26 at t = 0.0001628003045 (16.64355767%) starts ...

Coarse STEP 27 at t = 0.000171396038 (17.52232498%) starts ...

Coarse STEP 28 at t = 0.0001801204122 (18.41424361%) starts ...

Coarse STEP 29 at t = 0.0001889676506 (19.31872302%) starts ...

Coarse STEP 30 at t = 0.0001979302877 (20.23499997%) starts ...

Coarse STEP 31 at t = 0.0002070040704 (21.16263968%) starts ...

Coarse STEP 32 at t = 0.0002161908424 (22.10183061%) starts ...

Coarse STEP 33 at t = 0.000225492042 (23.05271981%) starts ...

Coarse STEP 34 at t = 0.0002349099773 (24.01554325%) starts ...

Coarse STEP 35 at t = 0.0002444416623 (24.98999566%) starts ...

Coarse STEP 36 at t = 0.0002540806751 (25.97542051%) starts ...

Coarse STEP 37 at t = 0.0002638153513 (26.97062531%) starts ...

Coarse STEP 38 at t = 0.0002736335123 (27.97436501%) starts ...

Coarse STEP 39 at t = 0.0002835244655 (28.98554648%) starts ...

Coarse STEP 40 at t = 0.0002934797673 (30.00330648%) starts ...

Coarse STEP 41 at t = 0.0003034921496 (31.026902%) starts ...

Coarse STEP 42 at t = 0.0003135565747 (32.05581801%) starts ...

Coarse STEP 43 at t = 0.0003236696211 (33.08970472%) starts ...

Coarse STEP 44 at t = 0.0003338312754 (34.12856076%) starts ...

Coarse STEP 45 at t = 0.0003440420805 (35.17244163%) starts ...

Coarse STEP 46 at t = 0.0003543044648 (36.22159559%) starts ...

Coarse STEP 47 at t = 0.0003646217674 (37.27636402%) starts ...

Coarse STEP 48 at t = 0.0003749972484 (38.3370802%) starts ...

Coarse STEP 49 at t = 0.0003854330313 (39.40396121%) starts ...

Coarse STEP 50 at t = 0.0003959300359 (40.47710111%) starts ...

Coarse STEP 51 at t = 0.0004064887876 (41.55655359%) starts ...

Coarse STEP 52 at t = 0.0004171101202 (42.6424039%) starts ...

Coarse STEP 53 at t = 0.0004277951039 (43.73476146%) starts ...

Coarse STEP 54 at t = 0.0004385394081 (44.83318353%) starts ...

Coarse STEP 55 at t = 0.0004493426298 (45.9376289%) starts ...

Coarse STEP 56 at t = 0.0004602066939 (47.04829437%) starts ...

Coarse STEP 57 at t = 0.0004711290247 (48.16491663%) starts ...

Coarse STEP 58 at t = 0.0004821069211 (49.28721951%) starts ...

Coarse STEP 59 at t = 0.0004931378766 (50.41494679%) starts ...

Coarse STEP 60 at t = 0.0005042193673 (51.54784042%) starts ...

Coarse STEP 61 at t = 0.0005153488489 (52.68564032%) starts ...

Coarse STEP 62 at t = 0.0005265232135 (53.82802874%) starts ...

Coarse STEP 63 at t = 0.0005377402227 (54.97477683%) starts ...

Coarse STEP 64 at t = 0.0005489984436 (56.12573812%) starts ...

Coarse STEP 65 at t = 0.0005602962322 (57.28074454%) starts ...

Coarse STEP 66 at t = 0.0005716320576 (58.43963956%) starts ...

Coarse STEP 67 at t = 0.0005830046377 (59.60229214%) starts ...

Coarse STEP 68 at t = 0.0005944131443 (60.76861759%) starts ...

Coarse STEP 69 at t = 0.0006058567334 (61.93852962%) starts ...

Coarse STEP 70 at t = 0.0006173348737 (63.11197392%) starts ...

Coarse STEP 71 at t = 0.0006288478084 (64.28897536%) starts ...

Coarse STEP 72 at t = 0.0006403960812 (65.46958952%) starts ...

Coarse STEP 73 at t = 0.0006519803421 (66.65388284%) starts ...

Coarse STEP 74 at t = 0.0006636010606 (67.84190334%) starts ...

Coarse STEP 75 at t = 0.0006752590383 (69.03373296%) starts ...

Coarse STEP 76 at t = 0.0006869546754 (70.22941261%) starts ...

Coarse STEP 77 at t = 0.0006986881753 (71.42896308%) starts ...

Coarse STEP 78 at t = 0.0007104594253 (72.63237286%) starts ...

Coarse STEP 79 at t = 0.0007222677137 (73.83956918%) starts ...

Coarse STEP 80 at t = 0.0007341123078 (75.05047714%) starts ...

Coarse STEP 81 at t = 0.0007459925429 (76.26502878%) starts ...

Coarse STEP 82 at t = 0.0007579079336 (77.4831745%) starts ...

Coarse STEP 83 at t = 0.00076985806 (78.70487134%) starts ...

Coarse STEP 84 at t = 0.0007818427296 (79.93009963%) starts ...

Coarse STEP 85 at t = 0.0007938618674 (81.15885172%) starts ...

Coarse STEP 86 at t = 0.0008059150687 (82.39108621%) starts ...

Coarse STEP 87 at t = 0.0008180018808 (83.62675684%) starts ...

Coarse STEP 88 at t = 0.0008301220518 (84.86583784%) starts ...

Coarse STEP 89 at t = 0.0008422754869 (86.10831954%) starts ...

Coarse STEP 90 at t = 0.0008544621479 (87.35419801%) starts ...

Coarse STEP 91 at t = 0.0008666819815 (88.60346782%) starts ...

Coarse STEP 92 at t = 0.00087893501 (89.85613125%) starts ...

Coarse STEP 93 at t = 0.0008912213888 (91.11220416%) starts ...

Coarse STEP 94 at t = 0.0009035414153 (92.37171699%) starts ...

Coarse STEP 95 at t = 0.0009158950895 (93.63466971%) starts ...

Coarse STEP 96 at t = 0.0009282826905 (94.90109088%) starts ...

Coarse STEP 97 at t = 0.0009407036931 (96.1709268%) starts ...

Coarse STEP 98 at t = 0.0009531571786 (97.44408354%) starts ...

Coarse STEP 99 at t = 0.0009656421054 (98.7204546%) starts ...

Simulation ended at t = 0.0009781580821 (100%)

Initial energy = 0.01332031034
Final energy = 0.01332031034
	absolute conservation error = 1.214306433e-17
	relative conservation error = 9.116202267e-16
	kinetic energy = 0.001984429036
	relative K.E. error = -0.06975131212

Energy conservation is OK.
Kinetic energy production is incorrect by more than 1 percent!

Initial gasDensity = 1.728
	absolute conservation error = 0
	relative conservation error = 0

Initial x-GasMomentum = 0
	absolute conservation error = 0.0002424757014

Initial y-GasMomentum = 0
	absolute conservation error = 0.0002424757014

Initial z-GasMomentum = 0
	absolute conservation error = 0.0002424757014

Initial gasEnergy = 0.01332031034
	absolute conservation error = 1.214306433e-17
	relative conservation error = 9.116202267e-16

Initial gasInternalEnergy = 0
	absolute conservation error = 0.0113358813

Performance figure-of-merit: 0.02282791678 μs/zone-update [43.80601216 Mupdates/s]
Zone-updates on level 0: 207618048
Zone-updates on level 1: 25952256

Writing plotfile SedovAMR-GPU_plt0000099
elapsed time: 9.995323788 seconds.


TinyProfiler total time across processes [min...avg...max]: 9.995 ... 9.995 ... 9.995

--------------------------------------------------------------------------------------------------------
Name                                                     NCalls  Excl. Min  Excl. Avg  Excl. Max   Max %
--------------------------------------------------------------------------------------------------------
VisMF::Write(FabArray)                                        4      2.146      2.146      2.146  21.47%
WriteBinaryParticleData()                                     2       2.13       2.13       2.13  21.30%
QuokkaSimulation::computeHydroFluxes()                      396        1.9        1.9        1.9  19.01%
HyperbolicSystem::ReconstructStatesPPM(MultiFabs)          1188     0.7627     0.7627     0.7627   7.63%
QuokkaSimulation::computeFOHydroFluxes()                    198     0.4765     0.4765     0.4765   4.77%
QuokkaSimulation::advanceHydroAtLevel()                     198     0.4099     0.4099     0.4099   4.10%
FluxRegister::Reflux()                                      594     0.3311     0.3311     0.3311   3.31%
FabArray::Saxpy()                                          2376     0.3297     0.3297     0.3297   3.30%
ParticleContainer<NSR, NSI, NAR, NAI>::InitOnePerCell()       1     0.1811     0.1811     0.1811   1.81%
AmrMesh::MakeNewGrids()                                      51     0.1726     0.1726     0.1726   1.73%
FabArray::setVal()                                         2874      0.168      0.168      0.168   1.68%
ParticleContainer::WriteParticles()                           4     0.1551     0.1551     0.1551   1.55%
PhysBCFunct::()                                             603     0.1545     0.1545     0.1545   1.55%
amrex::Copy()                                               622     0.1214     0.1214     0.1214   1.21%
AMRSimulation::incrementFluxRegisters()                     198     0.1161     0.1161     0.1161   1.16%
TracerParticleContainer::AdvectWithUmac()                   198     0.1045     0.1045     0.1045   1.05%
Redistribute_partition                                      150    0.06759    0.06759    0.06759   0.68%
HydroSystem::PredictStep()                                  396    0.03925    0.03925    0.03925   0.39%
ParticleContainer::RedistributeGPU()                        150    0.03187    0.03187    0.03187   0.32%
FabArray::ParallelCopy_nowait()                            1743    0.02734    0.02734    0.02734   0.27%
QuokkaSimulation::computeMaxSignalLocal()                   198     0.0239     0.0239     0.0239   0.24%
QuokkaSimulation::advanceSingleTimestepAtLevel()            198    0.02208    0.02208    0.02208   0.22%
FillPatchInterp(MF)                                         201     0.0193     0.0193     0.0193   0.19%
WriteMultiLevelPlotfile()                                     2   0.006717   0.006717   0.006717   0.07%
FillPatcher::fillCFB                                        198   0.006135   0.006135   0.006135   0.06%
AMRSimulation::computeTimestepAtLevel()                     198   0.005517   0.005517   0.005517   0.06%
AMRSimulation::WritePlotFile()                                2   0.004872   0.004872   0.004872   0.05%
AMRSimulation::evolve()                                       1    0.00307    0.00307    0.00307   0.03%
AMRSimulation::timeStepWithSubcycling()                     198   0.001695   0.001695   0.001695   0.02%
REG::HydroSolver                                            198   0.001284   0.001284   0.001284   0.01%
AMRSimulation::InitParticles()                                1   0.001122   0.001122   0.001122   0.01%
AMRSimulation::setInitialConditions()                         1   0.001103   0.001103   0.001103   0.01%
AMRSimulation::FillPatchWithData()                          201  0.0008532  0.0008532  0.0008532   0.01%
FabArray::ParallelCopy()                                   1743  0.0007966  0.0007966  0.0007966   0.01%
AMRSimulation::fillBoundaryConditions()                     402  0.0004577  0.0004577  0.0004577   0.00%
FillPatcher::fill()                                         198  0.0001979  0.0001979  0.0001979   0.00%
FillPatchSingleLevel                                        204  0.0001365  0.0001365  0.0001365   0.00%
AMRSimulation::computeTimestep()                             99   7.24e-05   7.24e-05   7.24e-05   0.00%
Other                                                      8424    0.07046    0.07046    0.07046   0.70%
--------------------------------------------------------------------------------------------------------

--------------------------------------------------------------------------------------------------------
Name                                                     NCalls  Incl. Min  Incl. Avg  Incl. Max   Max %
--------------------------------------------------------------------------------------------------------
AMRSimulation::evolve()                                       1      7.554      7.554      7.554  75.57%
AMRSimulation::timeStepWithSubcycling()                     198      5.285      5.285      5.285  52.88%
QuokkaSimulation::advanceSingleTimestepAtLevel()            198      4.586      4.586      4.586  45.88%
REG::HydroSolver                                            198      4.564      4.564      4.564  45.66%
AMRSimulation::WritePlotFile()                                2      4.453      4.453      4.453  44.55%
QuokkaSimulation::advanceHydroAtLevel()                     198      4.443      4.443      4.443  44.45%
QuokkaSimulation::computeHydroFluxes()                      396      2.663      2.663      2.663  26.64%
AMRSimulation::setInitialConditions()                         1      2.433      2.433      2.433  24.34%
WriteBinaryParticleData()                                     2      2.285      2.285      2.285  22.86%
WriteMultiLevelPlotfile()                                     2      2.161      2.161      2.161  21.62%
VisMF::Write(FabArray)                                        4      2.146      2.146      2.146  21.47%
HyperbolicSystem::ReconstructStatesPPM(MultiFabs)          1188     0.7627     0.7627     0.7627   7.63%
QuokkaSimulation::computeFOHydroFluxes()                    198     0.4765     0.4765     0.4765   4.77%
FluxRegister::Reflux()                                      594     0.4113     0.4113     0.4113   4.11%
FabArray::Saxpy()                                          2376     0.3297     0.3297     0.3297   3.30%
AMRSimulation::fillBoundaryConditions()                     402     0.1989     0.1989     0.1989   1.99%
AMRSimulation::InitParticles()                                1     0.1843     0.1843     0.1843   1.84%
ParticleContainer<NSR, NSI, NAR, NAI>::InitOnePerCell()       1     0.1826     0.1826     0.1826   1.83%
AmrMesh::MakeNewGrids()                                      51     0.1793     0.1793     0.1793   1.79%
FabArray::setVal()                                         2874      0.168      0.168      0.168   1.68%
ParticleContainer::WriteParticles()                           4     0.1551     0.1551     0.1551   1.55%
PhysBCFunct::()                                             603     0.1545     0.1545     0.1545   1.55%
AMRSimulation::incrementFluxRegisters()                     198     0.1309     0.1309     0.1309   1.31%
amrex::Copy()                                               622     0.1214     0.1214     0.1214   1.21%
ParticleContainer::RedistributeGPU()                        150     0.1088     0.1088     0.1088   1.09%
TracerParticleContainer::AdvectWithUmac()                   198     0.1045     0.1045     0.1045   1.05%
AMRSimulation::FillPatchWithData()                          201    0.09698    0.09698    0.09698   0.97%
FillPatcher::fill()                                         198    0.09337    0.09337    0.09337   0.93%
Redistribute_partition                                      150    0.06759    0.06759    0.06759   0.68%
FillPatcher::fillCFB                                        198    0.06362    0.06362    0.06362   0.64%
AMRSimulation::computeTimestep()                             99    0.04364    0.04364    0.04364   0.44%
AMRSimulation::computeTimestepAtLevel()                     198    0.04357    0.04357    0.04357   0.44%
HydroSystem::PredictStep()                                  396    0.03925    0.03925    0.03925   0.39%
FillPatchSingleLevel                                        204    0.03068    0.03068    0.03068   0.31%
FabArray::ParallelCopy()                                   1743    0.02953    0.02953    0.02953   0.30%
FabArray::ParallelCopy_nowait()                            1743    0.02837    0.02837    0.02837   0.28%
QuokkaSimulation::computeMaxSignalLocal()                   198     0.0239     0.0239     0.0239   0.24%
FillPatchInterp(MF)                                         201     0.0193     0.0193     0.0193   0.19%
Other                                                      8424     0.0962     0.0962     0.0962   0.96%
--------------------------------------------------------------------------------------------------------



BEGIN REGION HydroSolver

--------------------------------------------------------------------------------------------------
Name                                               NCalls  Excl. Min  Excl. Avg  Excl. Max   Max %
--------------------------------------------------------------------------------------------------
QuokkaSimulation::computeHydroFluxes()                396        1.9        1.9        1.9  19.01%
HyperbolicSystem::ReconstructStatesPPM(MultiFabs)    1188     0.7627     0.7627     0.7627   7.63%
QuokkaSimulation::computeFOHydroFluxes()              198     0.4765     0.4765     0.4765   4.77%
QuokkaSimulation::advanceHydroAtLevel()               198     0.4099     0.4099     0.4099   4.10%
FabArray::Saxpy()                                    2376     0.3297     0.3297     0.3297   3.30%
PhysBCFunct::()                                       594     0.1519     0.1519     0.1519   1.52%
amrex::Copy()                                         594     0.1196     0.1196     0.1196   1.20%
AMRSimulation::incrementFluxRegisters()               198     0.1161     0.1161     0.1161   1.16%
TracerParticleContainer::AdvectWithUmac()             198     0.1045     0.1045     0.1045   1.05%
FabArray::setVal()                                   2079    0.08997    0.08997    0.08997   0.90%
HydroSystem::PredictStep()                            396    0.03925    0.03925    0.03925   0.39%
FillPatcher::fillCFB                                  198   0.006135   0.006135   0.006135   0.06%
REG::HydroSolver                                      198   0.001284   0.001284   0.001284   0.01%
AMRSimulation::FillPatchWithData()                    198  0.0008504  0.0008504  0.0008504   0.01%
AMRSimulation::fillBoundaryConditions()               396  0.0004472  0.0004472  0.0004472   0.00%
FillPatcher::fill()                                   198  0.0001979  0.0001979  0.0001979   0.00%
FillPatchSingleLevel                                  198  0.0001302  0.0001302  0.0001302   0.00%
Other                                                6534    0.05457    0.05457    0.05457   0.55%
--------------------------------------------------------------------------------------------------

--------------------------------------------------------------------------------------------------
Name                                               NCalls  Incl. Min  Incl. Avg  Incl. Max   Max %
--------------------------------------------------------------------------------------------------
REG::HydroSolver                                      198      4.564      4.564      4.564  45.66%
QuokkaSimulation::advanceHydroAtLevel()               198      4.443      4.443      4.443  44.45%
QuokkaSimulation::computeHydroFluxes()                396      2.663      2.663      2.663  26.64%
HyperbolicSystem::ReconstructStatesPPM(MultiFabs)    1188     0.7627     0.7627     0.7627   7.63%
QuokkaSimulation::computeFOHydroFluxes()              198     0.4765     0.4765     0.4765   4.77%
FabArray::Saxpy()                                    2376     0.3297     0.3297     0.3297   3.30%
AMRSimulation::fillBoundaryConditions()               396     0.1941     0.1941     0.1941   1.94%
PhysBCFunct::()                                       594     0.1519     0.1519     0.1519   1.52%
AMRSimulation::incrementFluxRegisters()               198     0.1309     0.1309     0.1309   1.31%
amrex::Copy()                                         594     0.1196     0.1196     0.1196   1.20%
TracerParticleContainer::AdvectWithUmac()             198     0.1045     0.1045     0.1045   1.05%
AMRSimulation::FillPatchWithData()                    198    0.09422    0.09422    0.09422   0.94%
FillPatcher::fill()                                   198    0.09337    0.09337    0.09337   0.93%
FabArray::setVal()                                   2079    0.08997    0.08997    0.08997   0.90%
FillPatcher::fillCFB                                  198    0.06362    0.06362    0.06362   0.64%
HydroSystem::PredictStep()                            396    0.03925    0.03925    0.03925   0.39%
FillPatchSingleLevel                                  198    0.02954    0.02954    0.02954   0.30%
Other                                                6534     0.0764     0.0764     0.0764   0.76%
--------------------------------------------------------------------------------------------------

END REGION HydroSolver
Unused ParmParse Variables:
  [TOP]::amr.checkpoint_files_output(nvals = 1)  :: [0]

Device Memory Usage:
-----------------------------------------------------------------------------------
Name                                                     Nalloc    AvgMem    MaxMem
-----------------------------------------------------------------------------------
The_Arena::Initialize()                                       1  4509   B    23 GiB
QuokkaSimulation::computeHydroFluxes()                    15444   367 MiB  1484 MiB
QuokkaSimulation::computeFOHydroFluxes()                   7920   180 MiB  1426 MiB
QuokkaSimulation::advanceHydroAtLevel()                    4356   182 MiB   573 MiB
AMRSimulation::MakeNewLevelFromScratch()                     12   315 MiB   315 MiB
REG::HydroSolver                                            396    98 MiB   251 MiB
FluxRegister::Reflux()                                      594  4717 KiB   193 MiB
AMRSimulation::WritePlotFile()                                4    64 MiB   145 MiB
AMRSimulation::incrementFluxRegisters()                    1782  1958 KiB   129 MiB
ParticleContainer::WriteParticles()                          24   385 KiB   118 MiB
ParticleContainer<NSR, NSI, NAR, NAI>::InitOnePerCell()       1   110 MiB   112 MiB
WriteMultiLevelPlotfile()                                     4    18 MiB    96 MiB
ResizeRandomSeed                                              1    29 MiB    30 MiB
AMRSimulation::timeStepWithSubcycling()                      99   684 KiB    16 MiB
AMRSimulation::evolve()                                       1   500   B    16 MiB
WriteBinaryParticleData()                                    10  1873 KiB  8371 KiB
FillPatcher::fillCFB                                       1584   691 KiB  6453 KiB
FillPatchTwoLevels                                           18   437   B  4677 KiB
FillPatchInterp(MF)                                        1314  7642   B  2662 KiB
AmrMesh::MakeNewGrids()                                     102    41 KiB  2350 KiB
Redistribute_partition                                      605    13 KiB  2321 KiB
ParticleContainer::ReserveForRedistribute()                   1  1781 KiB  1821 KiB
amrex::packBuffer                                             1    49   B  1796 KiB
amrex::average_down                                         100   873   B  1536 KiB
ParticleContainer::RedistributeGPU()                          5  1032   B   721 KiB
VisMF::Write(FabArray)                                       24    47   B   320 KiB
FabArray::norminf()                                         200   511   B   160 KiB
FabArray::sum()                                              15    15   B   160 KiB
iMultiFab::sum()                                            396   205   B   160 KiB
MultiFab::max()                                             198    99   B   160 KiB
ParticleCopyPlan::build                                     901     6   B   131 KiB
MultiFab::contains_nan()                                      4   511   B    20 KiB
DenseBins<T>::buildGPU                                       12  2504   B  3328   B
TagBoxArray::mapPRD                                         102     0   B  2048   B
PhysBCFunct::()                                            2613    14   B  1536   B
HyperbolicSystem::ReconstructStatesPPM(MultiFabs)          2376   267   B  1536   B
FabArray::ParallelCopy_nowait()                             402     1   B  1024   B
OwnerMask()                                                  51     0   B  1024   B
TagBoxArray::collate()                                      153     0   B   768   B
HydroSystem::PredictStep()                                  200   444   B   768   B
ParticleBufferMap::define                                     3   751   B   768   B
AMRSimulation::computeTimestepAtLevel()                     198     0   B   256   B
-----------------------------------------------------------------------------------

Async Memory Usage:
-------------------------------------------------------------------
Name                                     Nalloc    AvgMem    MaxMem
-------------------------------------------------------------------
AMRSimulation::incrementFluxRegisters()     594  1325 KiB   112 MiB
FluxRegister::Reflux()                      594  4062 KiB    96 MiB
AMRSimulation::timeStepWithSubcycling()      99   677 KiB    16 MiB
FillPatchInterp(MF)                         804  4966   B  2660 KiB
-------------------------------------------------------------------

Managed Memory Usage:
---------------------------------------------------------
Name                             Nalloc  AvgMem    MaxMem
---------------------------------------------------------
The_Managed_Arena::Initialize()       1   0   B  8192 KiB
---------------------------------------------------------

Pinned Memory Usage:
-----------------------------------------------------------------------------------
Name                                                     Nalloc    AvgMem    MaxMem
-----------------------------------------------------------------------------------
ParticleContainer<NSR, NSI, NAR, NAI>::InitOnePerCell()      34  1617 KiB   243 MiB
VisMF::Write(FabArray)                                       28   775 KiB    96 MiB
The_Pinned_Arena::Initialize()                                1     0   B  8192 KiB
QuokkaSimulation::computeFOHydroFluxes()                   3960   821   B  5120   B
QuokkaSimulation::computeHydroFluxes()                     6336   766   B  4096   B
QuokkaSimulation::advanceHydroAtLevel()                    2178    94   B  2048   B
FillPatchInterp(MF)                                         510   114   B  2048   B
FillPatcher::fillCFB                                        396   181   B  1792   B
PhysBCFunct::()                                            2613    14   B  1536   B
HyperbolicSystem::ReconstructStatesPPM(MultiFabs)          2376   267   B  1536   B
ParticleContainer::RedistributeGPU()                        155   502   B  1280   B
FabArray::ParallelCopy_nowait()                             402     1   B  1024   B
MultiFab::contains_nan()                                      4   510   B   768   B
TagBoxArray::collate()                                      204     0   B   768   B
HydroSystem::PredictStep()                                  200   444   B   768   B
FabArray::norminf()                                         200   386   B   768   B
FabArray::sum()                                              15     0   B   512   B
AMRSimulation::incrementFluxRegisters()                     594     0   B   512   B
WriteBinaryParticleData()                                     6     0   B   256   B
iMultiFab::sum()                                            396     0   B   256   B
AMRSimulation::computeTimestepAtLevel()                     198     0   B   256   B
Redistribute_partition                                      299     1   B   256   B
ParticleCopyPlan::build                                     150     0   B   256   B
ParticleContainer::WriteParticles()                           4     0   B   256   B
MultiFab::max()                                             198     0   B   256   B
AMRSimulation::readParameters()                               2     0   B   256   B
-----------------------------------------------------------------------------------

Comms Memory Usage:
-------------------------------------------------------
Name                           Nalloc  AvgMem    MaxMem
-------------------------------------------------------
The_Comms_Arena::Initialize()       1   0   B  8192 KiB
-------------------------------------------------------

Total GPU global memory (MB) spread across MPI: [32494 ... 32494]
Free  GPU global memory (MB) spread across MPI: [7636 ... 7636]
[The         Arena] max space (MB) allocated spread across MPI: [24370 ... 24370]
[The         Arena] max space (MB) used      spread across MPI: [3035 ... 3035]
[The Managed Arena] max space (MB) allocated spread across MPI: [8 ... 8]
[The Managed Arena] max space (MB) used      spread across MPI: [0 ... 0]
[The  Pinned Arena] max space (MB) allocated spread across MPI: [312 ... 312]
[The  Pinned Arena] max space (MB) used      spread across MPI: [243 ... 243]
[The   Comms Arena] max space (MB) allocated spread across MPI: [8 ... 8]
[The   Comms Arena] max space (MB) used      spread across MPI: [0 ... 0]
AMReX (26.04-96-g21b2deea3233) finalized
