Your branch is up to date with 'origin/development'.
Switched to branch 'development'
Your branch is up to date with 'origin/development'.
Switched to branch 'development'
Updating 2e9fa17d..3a2ead96
Fast-forward
 .gitignore                                         |   4 +
 extern/agora_data/AgoraGalaxy_particles_LOW.tar.gz | Bin 0 -> 23511040 bytes
 extern/agora_data/README.txt                       | 120 ++++++
 extern/agora_data/create_amrex_particles.py        |  60 +++
 extern/agora_data/filter_particles.py              |  41 +++
 extern/agora_data/vcirc.tar.gz                     | Bin 0 -> 225280 bytes
 regression/quokka-tests.ini                        |  20 +
 src/problems/CMakeLists.txt                        |   1 +
 src/problems/DiskGalaxy/CMakeLists.txt             |  10 +
 src/problems/DiskGalaxy/ascent_actions.yaml        |  55 +++
 src/problems/DiskGalaxy/galaxy.cpp                 | 404 +++++++++++++++++++++
 src/problems/DiskGalaxy/plot_disk.py               |  36 ++
 src/problems/DiskGalaxy/plot_faceon.py             |  36 ++
 src/problems/DiskGalaxy/plot_phase.py              |  42 +++
 tests/DiskGalaxy.in                                |  63 ++++
 15 files changed, 892 insertions(+)
 create mode 100644 extern/agora_data/AgoraGalaxy_particles_LOW.tar.gz
 create mode 100644 extern/agora_data/README.txt
 create mode 100644 extern/agora_data/create_amrex_particles.py
 create mode 100644 extern/agora_data/filter_particles.py
 create mode 100644 extern/agora_data/vcirc.tar.gz
 create mode 100644 src/problems/DiskGalaxy/CMakeLists.txt
 create mode 100644 src/problems/DiskGalaxy/ascent_actions.yaml
 create mode 100644 src/problems/DiskGalaxy/galaxy.cpp
 create mode 100644 src/problems/DiskGalaxy/plot_disk.py
 create mode 100644 src/problems/DiskGalaxy/plot_faceon.py
 create mode 100644 src/problems/DiskGalaxy/plot_phase.py
 create mode 100644 tests/DiskGalaxy.in
Your branch is up to date with 'origin/development'.
Already on 'development'
Already up to date.
Your branch is up to date with 'origin/development'.
Already on 'development'
Updating 3a2ead96..a241f133
Fast-forward
 extern/amrex             |  2 +-
 src/.clang-tidy          |  2 +-
 src/QuokkaSimulation.hpp | 32 +++++++++++++++++++++
 src/simulation.hpp       | 74 +++++++++++++++++++++++-------------------------
 4 files changed, 70 insertions(+), 40 deletions(-)
Your branch is up to date with 'origin/development'.
Already on 'development'
Already up to date.
Already up to date.
Your branch is up to date with 'origin/development'.
Already on 'development'
Updating a241f133..e3cd77d3
Fast-forward
 .devcontainer/cuda-container/Dockerfile |  8 ++++----
 .devcontainer/gcc-container/Dockerfile  | 10 +++++-----
 2 files changed, 9 insertions(+), 9 deletions(-)
Your branch is up to date with 'origin/development'.
Already on 'development'
Updating e3cd77d3..50bfeaac
Fast-forward
 src/simulation.hpp | 117 ++++++++++++++++++++++-------------------------------
 1 file changed, 48 insertions(+), 69 deletions(-)
Your branch is up to date with 'origin/development'.
Already on 'development'
Updating 50bfeaac..687de7bf
Fast-forward
 CMakeLists.txt                               |   7 +-
 src/cooling/GrackleLikeCooling.hpp           |  75 +++++-----
 src/cooling/TabulatedCooling.hpp             |  69 +++++----
 src/math/ODEIntegrate.hpp                    |  26 ++--
 src/particles/particle_creation.hpp          |  17 ++-
 src/particles/particle_deposition.hpp        |  26 +++-
 src/problems/ODEIntegration/test_ode.cpp     |  30 ++--
 src/problems/ParticleSF/test_particle_SF.cpp | 209 ++++++++++++++++-----------
 src/problems/ParticleSF/test_particle_SF.hpp |  12 --
 tests/ParticleSF.in                          |  35 ++---
 10 files changed, 281 insertions(+), 225 deletions(-)
 delete mode 100644 src/problems/ParticleSF/test_particle_SF.hpp
Your branch is up to date with 'origin/development'.
Already on 'development'
Updating 687de7bf..ba5252a0
Fast-forward
 .github/workflows/codeql.yml    | 6 +++---
 .github/workflows/scorecard.yml | 2 +-
 2 files changed, 4 insertions(+), 4 deletions(-)
Your branch is up to date with 'origin/development'.
Already on 'development'
Updating ba5252a0..4efc35b0
Fast-forward
 .github/workflows/intel.yml | 90 ---------------------------------------------
 docs/markdown/parameters.md |  1 +
 src/simulation.hpp          |  6 ++-
 3 files changed, 6 insertions(+), 91 deletions(-)
 delete mode 100644 .github/workflows/intel.yml
Your branch is up to date with 'origin/development'.
Already on 'development'
Updating 4efc35b0..6f5ea5d7
Fast-forward
 extern/cooling/CloudyData_UVB=HM2012_resampled.h5  | Bin 0 -> 256952 bytes
 .../{cooling.py => Koyama_Inutsuka_cooling.py}     |   0
 extern/cooling/README.md                           |   3 +
 extern/cooling/cct_cooling_reference_solution.csv  |  34 ++
 extern/cooling/cloudy_cooling_tools_tables.py      | 142 ++++++
 .../cooling/fast_log_round_trip_error_analysis.md  | 127 +++++
 extern/cooling/grackle_reference_solution.csv      |  98 ++++
 extern/cooling/grackle_tables.py                   | 227 +++++++++
 extern/cooling/integrate_cooling_zone.py           | 409 +++++++++++++++
 extern/cooling/isrf_1000Go_grains_resampled.h5     | Bin 0 -> 416712 bytes
 extern/cooling/resample_cloudy_cooling_tables.py   | 505 ++++++++++++++++++
 extern/cooling/resample_grackle_cooling_tables.py  | 435 ++++++++++++++++
 extern/cooling/test_cloudy_cooling_onezone.py      | 302 +++++++++++
 extern/cooling/test_cooling_onezone.py             |  66 +++
 scripts/tidy.sh                                    |   2 +-
 src/.clang-tidy                                    |   4 -
 src/CMakeLists.txt                                 |   1 +
 src/QuokkaSimulation.hpp                           |  11 +-
 src/cooling/ResampledCooling.cpp                   | 247 +++++++++
 src/cooling/ResampledCooling.hpp                   | 237 +++++++++
 src/problems/CMakeLists.txt                        |   1 +
 src/problems/DiskGalaxy/galaxy.cpp                 |   4 +-
 src/problems/ResampledCoolingTest/CMakeLists.txt   |   8 +
 .../test_resampled_cooling.cpp                     | 334 ++++++++++++
 src/problems/ShockCloud/cloud.cpp                  | 565 +++++++++++++++------
 tests/DiskGalaxy.in                                |  10 +-
 tests/ResampledCooling.in                          |  41 ++
 tests/ShockCloud_32.in                             |  18 +-
 tests/TabulatedCooling.in                          |  41 ++
 29 files changed, 3696 insertions(+), 176 deletions(-)
 create mode 100644 extern/cooling/CloudyData_UVB=HM2012_resampled.h5
 rename extern/cooling/{cooling.py => Koyama_Inutsuka_cooling.py} (100%)
 create mode 100644 extern/cooling/README.md
 create mode 100644 extern/cooling/cct_cooling_reference_solution.csv
 create mode 100644 extern/cooling/cloudy_cooling_tools_tables.py
 create mode 100644 extern/cooling/fast_log_round_trip_error_analysis.md
 create mode 100644 extern/cooling/grackle_reference_solution.csv
 create mode 100644 extern/cooling/grackle_tables.py
 create mode 100755 extern/cooling/integrate_cooling_zone.py
 create mode 100644 extern/cooling/isrf_1000Go_grains_resampled.h5
 create mode 100644 extern/cooling/resample_cloudy_cooling_tables.py
 create mode 100644 extern/cooling/resample_grackle_cooling_tables.py
 create mode 100644 extern/cooling/test_cloudy_cooling_onezone.py
 create mode 100755 extern/cooling/test_cooling_onezone.py
 create mode 100644 src/cooling/ResampledCooling.cpp
 create mode 100644 src/cooling/ResampledCooling.hpp
 create mode 100644 src/problems/ResampledCoolingTest/CMakeLists.txt
 create mode 100644 src/problems/ResampledCoolingTest/test_resampled_cooling.cpp
 create mode 100644 tests/ResampledCooling.in
 create mode 100644 tests/TabulatedCooling.in
Updating files:  93% (28/30)Updating files:  96% (29/30)Updating files: 100% (30/30)Updating files: 100% (30/30), done.
Your branch is up to date with 'origin/development'.
Already on 'development'
Already up to date.
Already up to date.
