/home/bwibking/regression-tests/amrex/Tools/Plotfile//fcompare.gnu.ex --abort_if_not_all_found -n 0 /home/bwibking/regression-tests/quokka-benchmarks/RadhydroShell-GPU_plt03440 RadhydroShell-GPU_plt03440

 WARNING: number of variables do not match
 WARNING: variable x-RiemannSolverVelocity not found in plotfile 2
 WARNING: variable y-RiemannSolverVelocity not found in plotfile 2
 WARNING: variable z-RiemannSolverVelocity not found in plotfile 2

            variable name            absolute error            relative error
                                        (||A - B||)         (||A - B||/||A||)
 ----------------------------------------------------------------------------
 level = 0
 gasDensity                                       0                         0
 x-GasMomentum                                    0                         0
 y-GasMomentum                                    0                         0
 z-GasMomentum                                    0                         0
 gasEnergy                                        0                         0
 gasInternalEnergy                                0                         0
 radEnergy-Group0                                 0                         0
 x-RadFlux-Group0                                 0                         0
 y-RadFlux-Group0                                 0                         0
 z-RadFlux-Group0                                 0                         0
 x-RiemannSolverVelocity   < variable not present in both files >            
 y-RiemannSolverVelocity   < variable not present in both files >            
 z-RiemannSolverVelocity   < variable not present in both files >            
 WARNING: not all variables present in both files
