Initializing AMReX (25.12-23-gb647b95c5835)...
MPI initialized with 1 MPI processes
MPI initialized with thread support level 0
Initializing CUDA...
CUDA initialized with 1 device.
AMReX (25.12-23-gb647b95c5835) initialized
Writing plotfile SedovAMR-GPU_plt00000

Coarse STEP 1 at t = 0 (0%) starts ...

Coarse STEP 2 at t = 5.229826469e-06 (0.0005229826469%) starts ...

Coarse STEP 3 at t = 1.011367698e-05 (0.001011367698%) starts ...

Coarse STEP 4 at t = 1.484878669e-05 (0.001484878669%) starts ...

Coarse STEP 5 at t = 1.954057206e-05 (0.001954057206%) starts ...

Coarse STEP 6 at t = 2.426444397e-05 (0.002426444397%) starts ...

Coarse STEP 7 at t = 2.906828545e-05 (0.002906828545%) starts ...

Coarse STEP 8 at t = 3.400603973e-05 (0.003400603973%) starts ...

Coarse STEP 9 at t = 3.912878628e-05 (0.003912878628%) starts ...

Coarse STEP 10 at t = 4.447964539e-05 (0.004447964539%) starts ...

Coarse STEP 11 at t = 5.010245536e-05 (0.005010245536%) starts ...

Coarse STEP 12 at t = 5.604250328e-05 (0.005604250328%) starts ...

Coarse STEP 13 at t = 6.234087879e-05 (0.006234087879%) starts ...

Coarse STEP 14 at t = 6.898546572e-05 (0.006898546572%) starts ...

Coarse STEP 15 at t = 7.596184206e-05 (0.007596184206%) starts ...

Coarse STEP 16 at t = 8.321572009e-05 (0.008321572009%) starts ...

Coarse STEP 17 at t = 9.06730774e-05 (0.00906730774%) starts ...

Coarse STEP 18 at t = 9.82774857e-05 (0.00982774857%) starts ...

Coarse STEP 19 at t = 0.0001060023715 (0.01060023715%) starts ...

Coarse STEP 20 at t = 0.0001138422291 (0.01138422291%) starts ...

Coarse STEP 21 at t = 0.0001217896462 (0.01217896462%) starts ...

Coarse STEP 22 at t = 0.0001298376428 (0.01298376428%) starts ...

Coarse STEP 23 at t = 0.0001379928963 (0.01379928963%) starts ...

Coarse STEP 24 at t = 0.0001462571596 (0.01462571596%) starts ...

Coarse STEP 25 at t = 0.0001546323844 (0.01546323844%) starts ...

Coarse STEP 26 at t = 0.0001631328894 (0.01631328894%) starts ...

Coarse STEP 27 at t = 0.0001717648105 (0.01717648105%) starts ...

Coarse STEP 28 at t = 0.0001805286184 (0.01805286184%) starts ...

Coarse STEP 29 at t = 0.0001894174101 (0.01894174101%) starts ...

Coarse STEP 30 at t = 0.0001984233365 (0.01984233365%) starts ...

Coarse STEP 31 at t = 0.0002075426354 (0.02075426354%) starts ...

Coarse STEP 32 at t = 0.0002167762208 (0.02167762208%) starts ...

Coarse STEP 33 at t = 0.0002261276371 (0.02261276371%) starts ...

Coarse STEP 34 at t = 0.0002355979156 (0.02355979156%) starts ...

Coarse STEP 35 at t = 0.0002451823397 (0.02451823397%) starts ...

Coarse STEP 36 at t = 0.0002548730752 (0.02548730752%) starts ...

Coarse STEP 37 at t = 0.0002646561595 (0.02646561595%) starts ...

Coarse STEP 38 at t = 0.000274520729 (0.0274520729%) starts ...

Coarse STEP 39 at t = 0.0002844564808 (0.02844564808%) starts ...

Coarse STEP 40 at t = 0.0002944549071 (0.02944549071%) starts ...

Coarse STEP 41 at t = 0.000304509879 (0.0304509879%) starts ...

Coarse STEP 42 at t = 0.0003146173613 (0.03146173613%) starts ...

Coarse STEP 43 at t = 0.0003247744175 (0.03247744175%) starts ...

Coarse STEP 44 at t = 0.0003349808223 (0.03349808223%) starts ...

Coarse STEP 45 at t = 0.0003452384625 (0.03452384625%) starts ...

Coarse STEP 46 at t = 0.0003555500861 (0.03555500861%) starts ...

Coarse STEP 47 at t = 0.0003659188337 (0.03659188337%) starts ...

Coarse STEP 48 at t = 0.0003763466645 (0.03763466645%) starts ...

Coarse STEP 49 at t = 0.000386835788 (0.0386835788%) starts ...

Coarse STEP 50 at t = 0.0003973876005 (0.03973876005%) starts ...

Coarse STEP 51 at t = 0.0004080028203 (0.04080028203%) starts ...

Coarse STEP 52 at t = 0.0004186822768 (0.04186822768%) starts ...

Coarse STEP 53 at t = 0.0004294234661 (0.04294234661%) starts ...

Coarse STEP 54 at t = 0.0004402256572 (0.04402256572%) starts ...

Coarse STEP 55 at t = 0.0004510886069 (0.04510886069%) starts ...

Coarse STEP 56 at t = 0.0004620105937 (0.04620105937%) starts ...

Coarse STEP 57 at t = 0.0004729888644 (0.04729888644%) starts ...

Coarse STEP 58 at t = 0.0004840211489 (0.04840211489%) starts ...

Coarse STEP 59 at t = 0.0004951050779 (0.04951050779%) starts ...

Coarse STEP 60 at t = 0.0005062382376 (0.05062382376%) starts ...

Coarse STEP 61 at t = 0.0005174174689 (0.05174174689%) starts ...

Coarse STEP 62 at t = 0.0005286404051 (0.05286404051%) starts ...

Coarse STEP 63 at t = 0.0005399054802 (0.05399054802%) starts ...

Coarse STEP 64 at t = 0.000551210773 (0.0551210773%) starts ...

Coarse STEP 65 at t = 0.0005625544654 (0.05625544654%) starts ...

Coarse STEP 66 at t = 0.0005739352718 (0.05739352718%) starts ...

Coarse STEP 67 at t = 0.0005853522835 (0.05853522835%) starts ...

Coarse STEP 68 at t = 0.000596804617 (0.0596804617%) starts ...

Coarse STEP 69 at t = 0.000608291829 (0.0608291829%) starts ...

Coarse STEP 70 at t = 0.0006198139542 (0.06198139542%) starts ...

Coarse STEP 71 at t = 0.0006313716369 (0.06313716369%) starts ...

Coarse STEP 72 at t = 0.0006429658069 (0.06429658069%) starts ...

Coarse STEP 73 at t = 0.0006545973064 (0.06545973064%) starts ...

Coarse STEP 74 at t = 0.0006662666695 (0.06662666695%) starts ...

Coarse STEP 75 at t = 0.0006779745543 (0.06779745543%) starts ...

Coarse STEP 76 at t = 0.000689721296 (0.0689721296%) starts ...

Coarse STEP 77 at t = 0.000701506048 (0.0701506048%) starts ...

Coarse STEP 78 at t = 0.0007133282044 (0.07133282044%) starts ...

Coarse STEP 79 at t = 0.0007251864439 (0.07251864439%) starts ...

Coarse STEP 80 at t = 0.0007370800575 (0.07370800575%) starts ...

Coarse STEP 81 at t = 0.0007490084372 (0.07490084372%) starts ...

Coarse STEP 82 at t = 0.0007609711764 (0.07609711764%) starts ...

Coarse STEP 83 at t = 0.0007729676975 (0.07729676975%) starts ...

Coarse STEP 84 at t = 0.0007849978447 (0.07849978447%) starts ...

Coarse STEP 85 at t = 0.0007970615162 (0.07970615162%) starts ...

Coarse STEP 86 at t = 0.0008091585903 (0.08091585903%) starts ...

Coarse STEP 87 at t = 0.0008212890367 (0.08212890367%) starts ...

Coarse STEP 88 at t = 0.0008334527917 (0.08334527917%) starts ...

Coarse STEP 89 at t = 0.0008456497275 (0.08456497275%) starts ...

Coarse STEP 90 at t = 0.0008578799108 (0.08578799108%) starts ...

Coarse STEP 91 at t = 0.0008701435308 (0.08701435308%) starts ...

Coarse STEP 92 at t = 0.0008824406746 (0.08824406746%) starts ...

Coarse STEP 93 at t = 0.0008947714741 (0.08947714741%) starts ...

Coarse STEP 94 at t = 0.0009071362393 (0.09071362393%) starts ...

Coarse STEP 95 at t = 0.0009195351045 (0.09195351045%) starts ...

Coarse STEP 96 at t = 0.0009319679407 (0.09319679407%) starts ...

Coarse STEP 97 at t = 0.0009444344621 (0.09444344621%) starts ...

Coarse STEP 98 at t = 0.0009569339648 (0.09569339648%) starts ...

Coarse STEP 99 at t = 0.0009694652563 (0.09694652563%) starts ...

Coarse STEP 100 at t = 0.0009820268491 (0.09820268491%) starts ...

Initial energy = 0.01332031034
Final energy = 0.01332031034
	absolute conservation error = 8.67361738e-18
	relative conservation error = 6.511573048e-16
	kinetic energy = 0.001989812883
	relative K.E. error = -0.06934712886

Energy conservation is OK.
Kinetic energy production is incorrect by more than 1 percent!

Initial gasDensity = 1.728
	absolute conservation error = -2.220446049e-16
	relative conservation error = -1.284980353e-16

Initial x-GasMomentum = 0
	absolute conservation error = 0.0002447176975

Initial y-GasMomentum = 0
	absolute conservation error = 0.0002447176975

Initial z-GasMomentum = 0
	absolute conservation error = 0.0002447176975

Initial gasEnergy = 0.01332031034
	absolute conservation error = 8.67361738e-18
	relative conservation error = 6.511573048e-16

Initial gasInternalEnergy = 0
	absolute conservation error = 0.01133049746

Performance figure-of-merit: 0.02319530675 μs/zone-update [43.11216966 Mupdates/s]
Zone-updates on level 0: 209715200
Zone-updates on level 1: 26214400

Writing plotfile SedovAMR-GPU_plt00100
elapsed time: 10.83496746 seconds.


TinyProfiler total time across processes [min...avg...max]: 10.84 ... 10.84 ... 10.84

--------------------------------------------------------------------------------------------------------
Name                                                     NCalls  Excl. Min  Excl. Avg  Excl. Max   Max %
--------------------------------------------------------------------------------------------------------
WriteBinaryParticleData()                                     2       2.71       2.71       2.71  25.01%
VisMF::Write(FabArray)                                        4      2.276      2.276      2.276  21.01%
QuokkaSimulation::computeHydroFluxes()                      400      1.922      1.922      1.922  17.74%
HyperbolicSystem::ReconstructStatesPPM(MultiFabs)          1200     0.7706     0.7706     0.7706   7.11%
QuokkaSimulation::computeFOHydroFluxes()                    200     0.4857     0.4857     0.4857   4.48%
QuokkaSimulation::advanceHydroAtLevel()                     200      0.423      0.423      0.423   3.90%
FabArray::Saxpy()                                          2400     0.3394     0.3394     0.3394   3.13%
FluxRegister::Reflux()                                      600      0.339      0.339      0.339   3.13%
FabArray::setVal()                                         2902     0.2132     0.2132     0.2132   1.97%
ParticleContainer<NSR, NSI, NAR, NAI>::InitOnePerCell()       1     0.1778     0.1778     0.1778   1.64%
PhysBCFunct::()                                             609     0.1742     0.1742     0.1742   1.61%
AmrMesh::MakeNewGrids()                                      51     0.1714     0.1714     0.1714   1.58%
ParticleContainer::WriteParticles()                           4     0.1611     0.1611     0.1611   1.49%
amrex::Copy()                                               628     0.1226     0.1226     0.1226   1.13%
AMRSimulation::incrementFluxRegisters()                     200     0.1174     0.1174     0.1174   1.08%
TracerParticleContainer::AdvectWithUmac()                   200     0.1057     0.1057     0.1057   0.98%
Redistribute_partition                                      151    0.06835    0.06835    0.06835   0.63%
HydroSystem::PredictStep()                                  400    0.04039    0.04039    0.04039   0.37%
ParticleContainer::RedistributeGPU()                        151    0.03338    0.03338    0.03338   0.31%
FabArray::ParallelCopy_nowait()                            1760    0.02732    0.02732    0.02732   0.25%
QuokkaSimulation::advanceSingleTimestepAtLevel()            200    0.02285    0.02285    0.02285   0.21%
QuokkaSimulation::computeMaxSignalLocal()                   200    0.02237    0.02237    0.02237   0.21%
FillPatcher::fillCFB                                        200   0.006143   0.006143   0.006143   0.06%
AMRSimulation::computeTimestepAtLevel()                     200   0.005811   0.005811   0.005811   0.05%
WriteMultiLevelPlotfile()                                     2   0.004364   0.004364   0.004364   0.04%
AMRSimulation::WritePlotFile()                                2   0.003938   0.003938   0.003938   0.04%
AMRSimulation::evolve()                                       1   0.003707   0.003707   0.003707   0.03%
AMRSimulation::timeStepWithSubcycling()                     200   0.001632   0.001632   0.001632   0.02%
REG::HydroSolver                                            200   0.001227   0.001227   0.001227   0.01%
AMRSimulation::FillPatchWithData()                          203   0.000882   0.000882   0.000882   0.01%
FabArray::ParallelCopy()                                   1760   0.000827   0.000827   0.000827   0.01%
AMRSimulation::fillBoundaryConditions()                     406  0.0004697  0.0004697  0.0004697   0.00%
FillPatcher::fill()                                         200   0.000187   0.000187   0.000187   0.00%
FillPatchSingleLevel                                        206  0.0001552  0.0001552  0.0001552   0.00%
AMRSimulation::computeTimestep()                            100  7.284e-05  7.284e-05  7.284e-05   0.00%
AMRSimulation::setInitialConditions()                         1  2.079e-05  2.079e-05  2.079e-05   0.00%
AMRSimulation::InitParticles()                                1   1.75e-05   1.75e-05   1.75e-05   0.00%
Other                                                      8529    0.08157    0.08157    0.08157   0.75%
--------------------------------------------------------------------------------------------------------

--------------------------------------------------------------------------------------------------------
Name                                                     NCalls  Incl. Min  Incl. Avg  Incl. Max   Max %
--------------------------------------------------------------------------------------------------------
AMRSimulation::evolve()                                       1      8.163      8.163      8.163  75.34%
AMRSimulation::timeStepWithSubcycling()                     200      5.426      5.426      5.426  50.08%
AMRSimulation::WritePlotFile()                                2       5.17       5.17       5.17  47.72%
QuokkaSimulation::advanceSingleTimestepAtLevel()            200      4.673      4.673      4.673  43.13%
REG::HydroSolver                                            200       4.65       4.65       4.65  42.92%
QuokkaSimulation::advanceHydroAtLevel()                     200      4.528      4.528      4.528  41.79%
WriteBinaryParticleData()                                     2      2.871      2.871      2.871  26.50%
QuokkaSimulation::computeHydroFluxes()                      400      2.693      2.693      2.693  24.85%
AMRSimulation::setInitialConditions()                         1      2.672      2.672      2.672  24.66%
WriteMultiLevelPlotfile()                                     2      2.292      2.292      2.292  21.15%
VisMF::Write(FabArray)                                        4      2.276      2.276      2.276  21.01%
HyperbolicSystem::ReconstructStatesPPM(MultiFabs)          1200     0.7706     0.7706     0.7706   7.11%
QuokkaSimulation::computeFOHydroFluxes()                    200     0.4857     0.4857     0.4857   4.48%
FluxRegister::Reflux()                                      600      0.464      0.464      0.464   4.28%
FabArray::Saxpy()                                          2400     0.3394     0.3394     0.3394   3.13%
AMRSimulation::fillBoundaryConditions()                     406     0.2157     0.2157     0.2157   1.99%
FabArray::setVal()                                         2902     0.2132     0.2132     0.2132   1.97%
AMRSimulation::InitParticles()                                1     0.1799     0.1799     0.1799   1.66%
ParticleContainer<NSR, NSI, NAR, NAI>::InitOnePerCell()       1     0.1794     0.1794     0.1794   1.66%
AmrMesh::MakeNewGrids()                                      51     0.1781     0.1781     0.1781   1.64%
PhysBCFunct::()                                             609     0.1742     0.1742     0.1742   1.61%
ParticleContainer::WriteParticles()                           4     0.1611     0.1611     0.1611   1.49%
AMRSimulation::incrementFluxRegisters()                     200     0.1323     0.1323     0.1323   1.22%
amrex::Copy()                                               628     0.1226     0.1226     0.1226   1.13%
AMRSimulation::FillPatchWithData()                          203     0.1149     0.1149     0.1149   1.06%
FillPatcher::fill()                                         200     0.1121     0.1121     0.1121   1.04%
ParticleContainer::RedistributeGPU()                        151     0.1105     0.1105     0.1105   1.02%
TracerParticleContainer::AdvectWithUmac()                   200     0.1057     0.1057     0.1057   0.98%
FillPatcher::fillCFB                                        200     0.0814     0.0814     0.0814   0.75%
Redistribute_partition                                      151    0.06835    0.06835    0.06835   0.63%
AMRSimulation::computeTimestep()                            100    0.04296    0.04296    0.04296   0.40%
AMRSimulation::computeTimestepAtLevel()                     200    0.04289    0.04289    0.04289   0.40%
HydroSystem::PredictStep()                                  400    0.04039    0.04039    0.04039   0.37%
FillPatchSingleLevel                                        206    0.03168    0.03168    0.03168   0.29%
FabArray::ParallelCopy()                                   1760    0.02958    0.02958    0.02958   0.27%
FabArray::ParallelCopy_nowait()                            1760    0.02837    0.02837    0.02837   0.26%
QuokkaSimulation::computeMaxSignalLocal()                   200    0.02237    0.02237    0.02237   0.21%
Other                                                      8529     0.1018     0.1018     0.1018   0.94%
--------------------------------------------------------------------------------------------------------



BEGIN REGION HydroSolver

--------------------------------------------------------------------------------------------------
Name                                               NCalls  Excl. Min  Excl. Avg  Excl. Max   Max %
--------------------------------------------------------------------------------------------------
QuokkaSimulation::computeHydroFluxes()                400      1.922      1.922      1.922  17.74%
HyperbolicSystem::ReconstructStatesPPM(MultiFabs)    1200     0.7706     0.7706     0.7706   7.11%
QuokkaSimulation::computeFOHydroFluxes()              200     0.4857     0.4857     0.4857   4.48%
QuokkaSimulation::advanceHydroAtLevel()               200      0.423      0.423      0.423   3.90%
FabArray::Saxpy()                                    2400     0.3394     0.3394     0.3394   3.13%
PhysBCFunct::()                                       600     0.1716     0.1716     0.1716   1.58%
amrex::Copy()                                         600     0.1209     0.1209     0.1209   1.12%
AMRSimulation::incrementFluxRegisters()               200     0.1174     0.1174     0.1174   1.08%
TracerParticleContainer::AdvectWithUmac()             200     0.1057     0.1057     0.1057   0.98%
FabArray::setVal()                                   2100    0.09044    0.09044    0.09044   0.83%
HydroSystem::PredictStep()                            400    0.04039    0.04039    0.04039   0.37%
FillPatcher::fillCFB                                  200   0.006143   0.006143   0.006143   0.06%
REG::HydroSolver                                      200   0.001227   0.001227   0.001227   0.01%
AMRSimulation::FillPatchWithData()                    200  0.0008791  0.0008791  0.0008791   0.01%
AMRSimulation::fillBoundaryConditions()               400  0.0004563  0.0004563  0.0004563   0.00%
FillPatcher::fill()                                   200   0.000187   0.000187   0.000187   0.00%
Other                                                6800      0.054      0.054      0.054   0.50%
--------------------------------------------------------------------------------------------------

--------------------------------------------------------------------------------------------------
Name                                               NCalls  Incl. Min  Incl. Avg  Incl. Max   Max %
--------------------------------------------------------------------------------------------------
REG::HydroSolver                                      200       4.65       4.65       4.65  42.92%
QuokkaSimulation::advanceHydroAtLevel()               200      4.528      4.528      4.528  41.79%
QuokkaSimulation::computeHydroFluxes()                400      2.693      2.693      2.693  24.85%
HyperbolicSystem::ReconstructStatesPPM(MultiFabs)    1200     0.7706     0.7706     0.7706   7.11%
QuokkaSimulation::computeFOHydroFluxes()              200     0.4857     0.4857     0.4857   4.48%
FabArray::Saxpy()                                    2400     0.3394     0.3394     0.3394   3.13%
AMRSimulation::fillBoundaryConditions()               400     0.2122     0.2122     0.2122   1.96%
PhysBCFunct::()                                       600     0.1716     0.1716     0.1716   1.58%
AMRSimulation::incrementFluxRegisters()               200     0.1323     0.1323     0.1323   1.22%
amrex::Copy()                                         600     0.1209     0.1209     0.1209   1.12%
AMRSimulation::FillPatchWithData()                    200      0.113      0.113      0.113   1.04%
FillPatcher::fill()                                   200     0.1121     0.1121     0.1121   1.04%
TracerParticleContainer::AdvectWithUmac()             200     0.1057     0.1057     0.1057   0.98%
FabArray::setVal()                                   2100    0.09044    0.09044    0.09044   0.83%
FillPatcher::fillCFB                                  200     0.0814     0.0814     0.0814   0.75%
HydroSystem::PredictStep()                            400    0.04039    0.04039    0.04039   0.37%
Other                                                6800     0.1063     0.1063     0.1063   0.98%
--------------------------------------------------------------------------------------------------

END REGION HydroSolver
Unused ParmParse Variables:
  [TOP]::amr.checkpoint_files_output(nvals = 1)  :: [0]

Device Memory Usage:
-----------------------------------------------------------------------------------
Name                                                     Nalloc    AvgMem    MaxMem
-----------------------------------------------------------------------------------
The_Arena::Initialize()                                       1  4177   B    23 GiB
QuokkaSimulation::computeHydroFluxes()                    15600   343 MiB  1484 MiB
QuokkaSimulation::computeFOHydroFluxes()                   8000   169 MiB  1426 MiB
QuokkaSimulation::advanceHydroAtLevel()                    4400   171 MiB   573 MiB
AMRSimulation::MakeNewLevelFromScratch()                     12   315 MiB   315 MiB
REG::HydroSolver                                            400    92 MiB   251 MiB
AMRSimulation::WritePlotFile()                                4    69 MiB   145 MiB
ParticleContainer::WriteParticles()                          24   355 KiB   118 MiB
AMRSimulation::incrementFluxRegisters()                    1800  1237 KiB   112 MiB
ParticleContainer<NSR, NSI, NAR, NAI>::InitOnePerCell()       1   110 MiB   112 MiB
FluxRegister::Reflux()                                      600  4231 KiB    96 MiB
WriteMultiLevelPlotfile()                                     4    17 MiB    96 MiB
ResizeRandomSeed                                              1    29 MiB    30 MiB
AMRSimulation::evolve()                                       1   434   B    16 MiB
AMRSimulation::timeStepWithSubcycling()                     100   705 KiB    16 MiB
WriteBinaryParticleData()                                    10  2172 KiB  8370 KiB
FillPatcher::fillCFB                                       1600   684 KiB  6451 KiB
FillPatchTwoLevels                                           18   316   B  4676 KiB
FillPatchInterp(MF)                                        1327  4297   B  2661 KiB
AmrMesh::MakeNewGrids()                                     102    38 KiB  2349 KiB
Redistribute_partition                                      609    12 KiB  2320 KiB
amrex::unpackBuffer                                           1  1787 KiB  1821 KiB
amrex::packBuffer                                             1    44   B  1795 KiB
amrex::average_down                                         101   799   B  1536 KiB
ParticleContainer::RedistributeGPU()                          5   386   B   720 KiB
VisMF::Write(FabArray)                                       24    42   B   320 KiB
FabArray::norminf()                                         202   313   B   160 KiB
FabArray::sum()                                              15    13   B   160 KiB
iMultiFab::sum()                                            400   202   B   160 KiB
MultiFab::max()                                             200    95   B   160 KiB
ParticleCopyPlan::build                                     907     5   B   130 KiB
MultiFab::contains_nan()                                      4   256   B    20 KiB
TagBoxArray::mapPRD                                         102     0   B  1728   B
DenseBins<T>::buildGPU                                       12   157   B   928   B
PhysBCFunct::()                                            2639     8   B   880   B
OwnerMask()                                                  51     0   B   864   B
HyperbolicSystem::ReconstructStatesPPM(MultiFabs)          2400   124   B   768   B
FabArray::ParallelCopy_nowait()                             406     0   B   544   B
HydroSystem::PredictStep()                                  202   220   B   384   B
TagBoxArray::collate()                                      153     0   B   128   B
ParticleBufferMap::define                                     3    47   B    48   B
AMRSimulation::computeTimestepAtLevel()                     200     0   B    16   B
-----------------------------------------------------------------------------------

Managed Memory Usage:
---------------------------------------------------------
Name                             Nalloc  AvgMem    MaxMem
---------------------------------------------------------
The_Managed_Arena::Initialize()       1   0   B  8192 KiB
---------------------------------------------------------

Pinned Memory Usage:
-----------------------------------------------------------------------------------
Name                                                     Nalloc    AvgMem    MaxMem
-----------------------------------------------------------------------------------
ParticleContainer<NSR, NSI, NAR, NAI>::InitOnePerCell()      38  1482 KiB   243 MiB
VisMF::Write(FabArray)                                       28   721 KiB    96 MiB
The_Pinned_Arena::Initialize()                                1     0   B  8192 KiB
QuokkaSimulation::computeFOHydroFluxes()                   4000   385   B  2560   B
QuokkaSimulation::computeHydroFluxes()                     6400   358   B  2048   B
FillPatchInterp(MF)                                         515    90   B  1600   B
FillPatcher::fillCFB                                        400   138   B  1376   B
QuokkaSimulation::advanceHydroAtLevel()                    2200    44   B  1024   B
PhysBCFunct::()                                            2639     8   B   880   B
HyperbolicSystem::ReconstructStatesPPM(MultiFabs)          2400   124   B   768   B
FabArray::ParallelCopy_nowait()                             406     0   B   544   B
ParticleContainer::RedistributeGPU()                        156   126   B   480   B
HydroSystem::PredictStep()                                  202   220   B   384   B
MultiFab::contains_nan()                                      4   255   B   272   B
FabArray::norminf()                                         202   192   B   272   B
TagBoxArray::collate()                                      204     0   B   192   B
AMRSimulation::incrementFluxRegisters()                     600     0   B   176   B
FabArray::sum()                                              15     0   B   144   B
WriteBinaryParticleData()                                     6     0   B    16   B
AMRSimulation::computeTimestepAtLevel()                     200     0   B    16   B
iMultiFab::sum()                                            400     0   B    16   B
Redistribute_partition                                      301     0   B    16   B
ParticleCopyPlan::build                                     151     0   B    16   B
ParticleContainer::WriteParticles()                           4     0   B    16   B
MultiFab::max()                                             200     0   B    16   B
-----------------------------------------------------------------------------------

Comms Memory Usage:
-------------------------------------------------------
Name                           Nalloc  AvgMem    MaxMem
-------------------------------------------------------
The_Comms_Arena::Initialize()       1   0   B  8192 KiB
-------------------------------------------------------

Total GPU global memory (MB) spread across MPI: [32494 ... 32494]
Free  GPU global memory (MB) spread across MPI: [7636 ... 7636]
[The         Arena] max space (MB) allocated spread across MPI: [24370 ... 24370]
[The         Arena] max space (MB) used      spread across MPI: [3035 ... 3035]
[The Managed Arena] max space (MB) allocated spread across MPI: [8 ... 8]
[The Managed Arena] max space (MB) used      spread across MPI: [0 ... 0]
[The  Pinned Arena] max space (MB) allocated spread across MPI: [312 ... 312]
[The  Pinned Arena] max space (MB) used      spread across MPI: [243 ... 243]
[The   Comms Arena] max space (MB) allocated spread across MPI: [8 ... 8]
[The   Comms Arena] max space (MB) used      spread across MPI: [0 ... 0]
AMReX (25.12-23-gb647b95c5835) finalized
