Initializing AMReX (25.06-5-g403e977ab987)...
MPI initialized with 1 MPI processes
MPI initialized with thread support level 0
Initializing CUDA...
CUDA initialized with 1 device.
AMReX (25.06-5-g403e977ab987) initialized
Successfully read inputs file ... 
Using derived variables:
	pressure
	entropy
	nH
	temperature
	cooling_length
	cloud_fraction
	lab_velocity_x
	mass
	velocity_mag
	c_s

Reading resampled cooling tables...
Initializing resampled cooling.
resampled_table_file: ./CloudyData_UVB=HM2012_resampled.h5.
