Already up to date.
Already up to date.
Your branch is up to date with 'origin/development'.
Already on 'development'
Already up to date.
Your branch is up to date with 'origin/development'.
Already on 'development'
Updating 384d62d..f145580
Fast-forward
 src/QuokkaSimulation.hpp                           |   9 +-
 src/problems/RadDust/test_rad_dust.cpp             |  19 +-
 src/problems/RadDustMG/test_rad_dust_MG.cpp        |   7 +-
 .../test_radiation_marshak_Vaytet.cpp              |   4 +-
 .../test_radhydro_pulse_MG_const_kappa.cpp         |   2 +-
 .../test_radhydro_pulse_MG_int.cpp                 |   2 +-
 .../test_radhydro_shock_multigroup.cpp             |   6 +-
 src/radiation/radiation_system.hpp                 | 827 ++-------------------
 src/radiation/source_terms_multi_group.hpp         | 647 ++++++++++++++++
 src/radiation/source_terms_single_group.hpp        | 530 +++++++++++++
 tests/radshock_dimensionless.in                    |   2 +
 11 files changed, 1262 insertions(+), 793 deletions(-)
 create mode 100644 src/radiation/source_terms_multi_group.hpp
 create mode 100644 src/radiation/source_terms_single_group.hpp
Your branch is up to date with 'origin/development'.
Already on 'development'
Already up to date.
Your branch is up to date with 'origin/development'.
Already on 'development'
Updating f145580..4a7057f
Fast-forward
 src/QuokkaSimulation.hpp                    |  56 +-
 src/radiation/radiation_system.cpp          |  10 -
 src/radiation/radiation_system.hpp          | 155 +++--
 src/radiation/source_terms_multi_group.hpp  | 850 +++++++++++++++++-----------
 src/radiation/source_terms_single_group.hpp | 100 ++--
 tests/RadDust.in                            |   1 +
 6 files changed, 705 insertions(+), 467 deletions(-)
 delete mode 100644 src/radiation/radiation_system.cpp
Your branch is up to date with 'origin/development'.
Already on 'development'
Already up to date.
Your branch is up to date with 'origin/development'.
Already on 'development'
Updating 4a7057f..2d273a2
Fast-forward
 .../RadMarshakDust/test_radiation_marshak_dust.cpp | 126 +++++++++---
 src/radiation/planck_integral.hpp                  |   9 +-
 src/radiation/radiation_system.hpp                 |  52 ++---
 src/radiation/source_terms_multi_group.hpp         | 221 +++++++++++++++------
 tests/RadMarshakDust.in                            |  14 +-
 5 files changed, 298 insertions(+), 124 deletions(-)
Your branch is up to date with 'origin/development'.
Already on 'development'
Updating 2d273a2..5e5176c
Fast-forward
 .devcontainer/Dockerfile        | 30 ++++++++++++++++++++++--------
 .devcontainer/devcontainer.json |  1 -
 src/simulation.hpp              |  2 +-
 3 files changed, 23 insertions(+), 10 deletions(-)
Your branch is up to date with 'origin/development'.
Already on 'development'
Updating 5e5176c..a1632ff
Fast-forward
 .github/CODEOWNERS | 29 +++++++++++++++++++++++++++++
 1 file changed, 29 insertions(+)
 create mode 100644 .github/CODEOWNERS
Your branch is up to date with 'origin/development'.
Already on 'development'
Updating a1632ff..aa2a618
Fast-forward
 src/radiation/radiation_system.hpp          |  14 +-
 src/radiation/source_terms_multi_group.hpp  | 451 +++++++++++++++-------------
 src/radiation/source_terms_single_group.hpp |  16 +-
 3 files changed, 261 insertions(+), 220 deletions(-)
Updating aa2a618..4f4d128
Fast-forward
 .devcontainer/cuda-container/Dockerfile            |   55 +
 .devcontainer/cuda-container/devcontainer.json     |   31 +
 .devcontainer/{ => gcc-container}/Dockerfile       |   10 +-
 .../{ => gcc-container}/devcontainer.json          |    2 +-
 .github/workflows/scorecard.yml                    |   73 +
 .pre-commit-config.yaml                            |    2 +-
 README.md                                          |    5 +-
 extern/fmt                                         |    2 +-
 extern/openPMD-api                                 |    2 +-
 extern/sedov/sedov.ipynb                           | 1351 ++++++-
 extern/yaml-cpp                                    |    2 +-
 paper/make_tarball.py                              |    2 +-
 scripts/mpirun-singleton-wrapper                   |    2 +
 src/CMakeLists.txt                                 |    5 +-
 src/QuokkaSimulation.hpp                           |   16 +-
 src/hydro/EOS.hpp                                  |   41 +-
 src/hydro/LLF.hpp                                  |    4 +-
 src/hydro/NSCBC_inflow.hpp                         |    9 +-
 src/hydro/NSCBC_outflow.hpp                        |    8 +-
 src/hydro/hydro_system.hpp                         |   28 +-
 src/hyperbolic_system.hpp                          |    4 +-
 src/linear_advection/AdvectionSimulation.hpp       |    4 +-
 src/linear_advection/linear_advection.hpp          |    4 +-
 src/math/quadrature.hpp                            |    4 +-
 src/problems/NSCBC/dQ_dx_inflow.ipynb              | 2208 ++++++++---
 src/problems/NSCBC/dQ_dx_outflow.ipynb             | 3923 +++++++++++++++-----
 src/problems/RadDustMG/test_rad_dust_MG.cpp        |   15 +-
 src/problems/RadMarshak/test_radiation_marshak.cpp |   12 +-
 .../RadMarshakCGS/test_radiation_marshak_cgs.cpp   |   12 +-
 .../test_radiation_matter_coupling.cpp             |   12 +-
 .../test_radiation_matter_coupling_rsla.cpp        |   12 +-
 src/problems/RadSuOlson/test_radiation_SuOlson.cpp |   12 +-
 .../test_radhydro_pulse_MG_int.cpp                 |    4 +-
 .../test_radhydro_shock_multigroup.cpp             |    4 +-
 src/problems/ShockCloud/boundary_conditions.ipynb  | 2786 ++++++++++----
 src/radiation/radiation_system.hpp                 |   86 +-
 src/radiation/source_terms_multi_group.hpp         |    4 +-
 src/util/CheckNaN.hpp                              |    4 +-
 src/util/fextract.cpp                              |    4 +-
 src/util/fextract.hpp                              |    4 +-
 40 files changed, 8071 insertions(+), 2697 deletions(-)
 create mode 100644 .devcontainer/cuda-container/Dockerfile
 create mode 100644 .devcontainer/cuda-container/devcontainer.json
 rename .devcontainer/{ => gcc-container}/Dockerfile (71%)
 rename .devcontainer/{ => gcc-container}/devcontainer.json (96%)
 create mode 100644 .github/workflows/scorecard.yml
 create mode 100755 scripts/mpirun-singleton-wrapper
