/priv/avatar/cche/azp-agent-in-docker-cuda/azp-agent-avatargpu/regression-tests/amrex/Tools/Plotfile//fcompare.gnu.ex --abort_if_not_all_found -n 0 /priv/avatar/cche/azp-agent-in-docker-cuda/azp-agent-avatargpu/regression-tests/quokka-benchmarks/DiskGalaxy-GPU_plt0000300 DiskGalaxy-GPU_plt0000300

            variable name            absolute error            relative error
                                        (||A - B||)         (||A - B||/||A||)
 ----------------------------------------------------------------------------
 level = 0
 gasDensity                           3.4921739e-31           3.301349864e-06
 x-GasMomentum                      3.311500366e-24            2.44201241e-06
 y-GasMomentum                      4.286895397e-24           2.788444625e-06
 z-GasMomentum                      1.975001777e-24           1.550115016e-05
 gasEnergy                          5.780068342e-17           2.415503815e-06
 gasInternalEnergy                  2.270822345e-17           4.094906109e-06
 scalar_0                           4.937070305e-41           2.661651654e-06
 x-BField                           5.828159572e-15           3.387268137e-06
 y-BField                           4.951047538e-15           2.659139805e-06
 z-BField                           2.271865821e-15           7.926578319e-06
 temperature                            1.000605435           9.173003925e-07
 pressure                            0.003598667075           3.282206372e-06
 entropy                            0.0002134243144           2.302907099e-07
 gpot                                     612070316           4.078017755e-07
 radius_sph                                       0                         0
 bfield_strength                    1.572608555e-08           2.179287879e-06
 radial_velocity                    0.0004992698319           2.963735961e-06
 circular_velocity                  0.0005501330454           2.893380867e-06
 particle.CIC.mass_density            1.32178912e-30           9.464428632e-07
 particle.StochasticStellarPop.birth_mass_density                         0                         0
 level = 1
 gasDensity                         2.748767965e-30           4.880300395e-06
 x-GasMomentum                      2.406264596e-23           3.325556691e-06
 y-GasMomentum                      3.256125848e-23            5.00895872e-06
 z-GasMomentum                      1.545159538e-23           2.134351181e-05
 gasEnergy                          4.341521078e-16           4.035429773e-06
 gasInternalEnergy                  1.501994009e-16           6.372047547e-06
 scalar_0                            3.97060107e-40           1.436873935e-05
 x-BField                           2.133838254e-14           3.304763179e-06
 y-BField                           2.123942935e-14           3.418412893e-06
 z-BField                           8.409129275e-15           1.114919508e-05
 temperature                            8.934824196           8.149213873e-06
 pressure                             0.02725956348           4.661973668e-06
 entropy                             0.001515687779           2.026568527e-06
 gpot                                    1326438272             7.1878794e-07
 radius_sph                                       0                         0
 bfield_strength                    1.118099111e-07           3.198197252e-06
 radial_velocity                     0.003805203931           1.570367481e-05
 circular_velocity                   0.004610164944             2.3860468e-05
 particle.CIC.mass_density           9.707733446e-30           1.689532154e-06
 particle.StochasticStellarPop.birth_mass_density                         0                         0
 level = 2
 gasDensity                         1.899925732e-29           9.880668777e-06
 x-GasMomentum                      1.731617383e-22           8.067623372e-06
 y-GasMomentum                      1.808438868e-22           8.227809645e-06
 z-GasMomentum                      9.864569008e-23           2.778816437e-05
 gasEnergy                          1.939651339e-15           7.387109727e-06
 gasInternalEnergy                  6.755410335e-16           9.914830658e-06
 scalar_0                           3.650734584e-39           5.289847262e-05
 x-BField                           8.557959658e-14           4.813391366e-06
 y-BField                           6.169861666e-14           3.500885085e-06
 z-BField                           2.864926621e-14           1.805871861e-05
 temperature                            72.58305279           6.624504542e-05
 pressure                              0.1849558324           8.984278523e-06
 entropy                              0.01478423093           2.270022035e-05
 gpot                                    2124299784           9.923456653e-07
 radius_sph                                       0                         0
 bfield_strength                    4.354808311e-07           4.812923265e-06
 radial_velocity                      0.02493977843           8.037587165e-05
 circular_velocity                     0.0386864871           0.0001774556935
 particle.CIC.mass_density           7.871554039e-29           4.112920849e-06
 particle.StochasticStellarPop.birth_mass_density                         0                         0
 level = 3
 gasDensity                         1.115790722e-28           1.907007519e-05
 x-GasMomentum                      8.988885559e-22            1.59392098e-05
 y-GasMomentum                      9.613944594e-22           1.719317314e-05
 z-GasMomentum                      5.648054776e-22           2.972587699e-05
 gasEnergy                          8.452134717e-15           1.494774719e-05
 gasInternalEnergy                  4.126033985e-15           2.556665809e-05
 scalar_0                           1.802643344e-38           0.0001119301116
 x-BField                           3.067637397e-13           6.211975195e-06
 y-BField                           2.752286238e-13           4.726110044e-06
 z-BField                           1.353874609e-13           4.691201094e-05
 temperature                            391.8237306           0.0003834549609
 pressure                               1.053980601           1.732548425e-05
 entropy                               0.1401511153           0.0002217912433
 gpot                                    3271456394           1.380299093e-06
 radius_sph                                       0                         0
 bfield_strength                    1.904250485e-06           8.456403102e-06
 radial_velocity                       0.1754957017           0.0004751789449
 circular_velocity                     0.2208151533           0.0009460075191
 particle.CIC.mass_density           4.994414728e-28           8.296042199e-06
 particle.StochasticStellarPop.birth_mass_density                         0                         0
 level = 4
 gasDensity                         4.715392453e-28           1.716727899e-05
 x-GasMomentum                      3.265829711e-21           1.539554517e-05
 y-GasMomentum                      3.549516144e-21           1.549690803e-05
 z-GasMomentum                      2.805121233e-21           2.482420309e-05
 gasEnergy                          2.202254674e-14           1.442092909e-05
 gasInternalEnergy                  1.045200864e-14           2.605037465e-05
 scalar_0                            1.36274666e-37           0.0002213738368
 x-BField                            1.08530572e-12           9.760520421e-06
 y-BField                           1.500548713e-12           1.063119184e-05
 z-BField                           2.297723568e-13           6.335934475e-05
 temperature                            3519.536317            0.001784475293
 pressure                                4.73265654           1.716768057e-05
 entropy                                 1.59352001            0.006097363077
 gpot                                    6523784448           2.557541841e-06
 radius_sph                                       0                         0
 bfield_strength                    6.552006233e-06           1.256031774e-05
 radial_velocity                        1.606479057            0.004239894238
 circular_velocity                      1.208753757            0.004879011343
 particle.CIC.mass_density            2.02583176e-27           1.087111801e-05
 particle.StochasticStellarPop.birth_mass_density                         0                         0
 level = 5
 gasDensity                           1.5202814e-27            1.44529164e-05
 x-GasMomentum                      1.096879173e-20           1.834538983e-05
 y-GasMomentum                      1.106260549e-20           1.683120064e-05
 z-GasMomentum                      1.034576956e-20           2.286445933e-05
 gasEnergy                          4.749907646e-14           1.751712279e-05
 gasInternalEnergy                  3.160069718e-15           1.445308763e-05
 scalar_0                           2.815981616e-37            0.000126571975
 x-BField                            3.42234533e-12           1.499417165e-05
 y-BField                           4.557398839e-12           1.826738045e-05
 z-BField                           9.913275344e-13           0.0001275678572
 temperature                            16067.64818            0.006394249436
 pressure                               15.25886341           1.445308763e-05
 entropy                               0.9899713643             0.02028040067
 gpot                               1.289334438e+10           4.814965055e-06
 radius_sph                                       0                         0
 bfield_strength                    1.614342804e-05           1.815355229e-05
 radial_velocity                        4.514306978             0.01146474636
 circular_velocity                        5.5973903             0.02254794223
 particle.CIC.mass_density           8.559257997e-27           1.884069341e-05
 particle.StochasticStellarPop.birth_mass_density                         0                         0
/priv/avatar/cche/azp-agent-in-docker-cuda/azp-agent-avatargpu/regression-tests/amrex/Tools/Postprocessing/C_Src//particle_compare.exe /priv/avatar/cche/azp-agent-in-docker-cuda/azp-agent-avatargpu/regression-tests/quokka-benchmarks/DiskGalaxy-GPU_plt0000300 DiskGalaxy-GPU_plt0000300 CIC_particles

-----------------------------------------------------------------------
CIC_particles
CIC_particles_position_x            2.67154614e+17        1.83682203e-03        
CIC_particles_position_y            2.23574515e+17        6.18975412e-04        
CIC_particles_position_z            3.28151658e+17        3.21449027e-04        
CIC_particles_mass                  0.00000000e+00        0.00000000e+00        
CIC_particles_vx                    8.23955778e+02        4.90823555e-05        
CIC_particles_vy                    1.00358138e+03        2.15816621e-04        
CIC_particles_vz                    2.50345461e+03        9.73267947e-03        
CIC_particles_id                    0.00000000e+00        0.00000000e+00        
CIC_particles_cpu                   0.00000000e+00        0.00000000e+00        

 PARTICLES DISAGREE to relative tolerance 0
/priv/avatar/cche/azp-agent-in-docker-cuda/azp-agent-avatargpu/regression-tests/amrex/Tools/Postprocessing/C_Src//particle_compare.exe /priv/avatar/cche/azp-agent-in-docker-cuda/azp-agent-avatargpu/regression-tests/quokka-benchmarks/DiskGalaxy-GPU_plt0000300 DiskGalaxy-GPU_plt0000300 StochasticStellarPop_particles

-----------------------------------------------------------------------
StochasticStellarPop_particles
StochasticStellarPop_particles_position_x0.00000000e+00        0.00000000e+00        
StochasticStellarPop_particles_position_y0.00000000e+00        0.00000000e+00        
StochasticStellarPop_particles_position_z0.00000000e+00        0.00000000e+00        
StochasticStellarPop_particles_mass 0.00000000e+00        0.00000000e+00        
StochasticStellarPop_particles_vx   0.00000000e+00        0.00000000e+00        
StochasticStellarPop_particles_vy   0.00000000e+00        0.00000000e+00        
StochasticStellarPop_particles_vz   0.00000000e+00        0.00000000e+00        
StochasticStellarPop_particles_birth_time0.00000000e+00        0.00000000e+00        
StochasticStellarPop_particles_death_time0.00000000e+00        0.00000000e+00        
StochasticStellarPop_particles_birth_x0.00000000e+00        0.00000000e+00        
StochasticStellarPop_particles_birth_y0.00000000e+00        0.00000000e+00        
StochasticStellarPop_particles_birth_z0.00000000e+00        0.00000000e+00        
StochasticStellarPop_particles_death_x0.00000000e+00        0.00000000e+00        
StochasticStellarPop_particles_death_y0.00000000e+00        0.00000000e+00        
StochasticStellarPop_particles_death_z0.00000000e+00        0.00000000e+00        
StochasticStellarPop_particles_death_density0.00000000e+00        0.00000000e+00        
StochasticStellarPop_particles_mass_at_birth0.00000000e+00        0.00000000e+00        
StochasticStellarPop_particles_luminosity_00.00000000e+00        0.00000000e+00        
StochasticStellarPop_particles_id   0.00000000e+00        0.00000000e+00        
StochasticStellarPop_particles_cpu  0.00000000e+00        0.00000000e+00        
StochasticStellarPop_particles_evolution_stage0.00000000e+00        0.00000000e+00        

 PARTICLES AGREE to relative tolerance 0
