Already up to date.
Already up to date.
Your branch is up to date with 'origin/development'.
Already on 'development'
Updating 2c7f17d..bea14af
Fast-forward
 .ci/azure-pipelines-regression.yml                |   2 +
 regression/quokka-tests.ini                       |  16 -
 scripts/setonix-gpu.profile                       |   5 +-
 src/problems/CMakeLists.txt                       |   2 -
 src/problems/MetalAdvectionProblem/CMakeLists.txt |   7 -
 src/problems/MetalAdvectionProblem/data_sets.dat  | 206 --------
 src/problems/MetalAdvectionProblem/test_sne.cpp   | 550 ----------------------
 src/problems/MetalAdvectionProblem/test_sne.hpp   |  34 --
 tests/metal_problem_regression.in                 |  38 --
 9 files changed, 6 insertions(+), 854 deletions(-)
 delete mode 100644 src/problems/MetalAdvectionProblem/CMakeLists.txt
 delete mode 100644 src/problems/MetalAdvectionProblem/data_sets.dat
 delete mode 100644 src/problems/MetalAdvectionProblem/test_sne.cpp
 delete mode 100644 src/problems/MetalAdvectionProblem/test_sne.hpp
 delete mode 100644 tests/metal_problem_regression.in
Your branch is up to date with 'origin/development'.
Already on 'development'
Updating bea14af..9d76997
Fast-forward
 src/radiation/radiation_system.hpp | 471 ++++++++++++++++---------------------
 1 file changed, 204 insertions(+), 267 deletions(-)
