[  0%] Building CXX object fmt/CMakeFiles/fmt.dir/src/format.cc.o
[  0%] Building CXX object fmt/CMakeFiles/fmt.dir/src/os.cc.o
[  0%] Building CXX object yaml-cpp/CMakeFiles/yaml-cpp.dir/src/contrib/graphbuilder.cpp.o
[  0%] Building CXX object yaml-cpp/CMakeFiles/yaml-cpp.dir/src/contrib/graphbuilderadapter.cpp.o
[  0%] Building CXX object yaml-cpp/CMakeFiles/yaml-cpp.dir/src/binary.cpp.o
[  0%] Building CXX object yaml-cpp/CMakeFiles/yaml-cpp.dir/src/convert.cpp.o
[  0%] Building CXX object yaml-cpp/CMakeFiles/yaml-cpp.dir/src/depthguard.cpp.o
[  0%] Building CXX object yaml-cpp/CMakeFiles/yaml-cpp.dir/src/directives.cpp.o
[  0%] Building CXX object yaml-cpp/CMakeFiles/yaml-cpp.dir/src/emitfromevents.cpp.o
[  0%] Building CXX object yaml-cpp/CMakeFiles/yaml-cpp.dir/src/emit.cpp.o
[  0%] Building CXX object yaml-cpp/CMakeFiles/yaml-cpp.dir/src/emitter.cpp.o
[  0%] Building CXX object yaml-cpp/CMakeFiles/yaml-cpp.dir/src/emitterstate.cpp.o
[  0%] Building CXX object yaml-cpp/CMakeFiles/yaml-cpp.dir/src/exceptions.cpp.o
[  9%] Building CXX object yaml-cpp/CMakeFiles/yaml-cpp.dir/src/exp.cpp.o
[  9%] Building CUDA object amrex/Src/CMakeFiles/amrex_3d.dir/Base/AMReX_BlockMutex.cpp.o
[  9%] Building CXX object yaml-cpp/CMakeFiles/yaml-cpp.dir/src/emitterutils.cpp.o
[  9%] Building CXX object yaml-cpp/CMakeFiles/yaml-cpp.dir/src/fptostring.cpp.o
[  9%] Building CXX object yaml-cpp/CMakeFiles/yaml-cpp.dir/src/memory.cpp.o
[  9%] Building CXX object yaml-cpp/CMakeFiles/yaml-cpp.dir/src/node.cpp.o
[  9%] Building CXX object yaml-cpp/CMakeFiles/yaml-cpp.dir/src/node_data.cpp.o
[  9%] Building CXX object yaml-cpp/CMakeFiles/yaml-cpp.dir/src/nodebuilder.cpp.o
[  9%] Building CUDA object amrex/Src/CMakeFiles/amrex_3d.dir/Base/AMReX.cpp.o
[  9%] Building CUDA object amrex/Src/CMakeFiles/amrex_3d.dir/Base/AMReX_error_fi.cpp.o
[  9%] Building CXX object yaml-cpp/CMakeFiles/yaml-cpp.dir/src/nodeevents.cpp.o
[  9%] Building CXX object yaml-cpp/CMakeFiles/yaml-cpp.dir/src/null.cpp.o
[  9%] Building CXX object yaml-cpp/CMakeFiles/yaml-cpp.dir/src/ostream_wrapper.cpp.o
[  9%] Building CUDA object amrex/Src/CMakeFiles/amrex_3d.dir/Base/AMReX_Version.cpp.o
[  9%] Building CUDA object amrex/Src/CMakeFiles/amrex_3d.dir/Base/AMReX_PODVector.cpp.o
[  9%] Building CXX object yaml-cpp/CMakeFiles/yaml-cpp.dir/src/parse.cpp.o
[  9%] Building CUDA object amrex/Src/CMakeFiles/amrex_3d.dir/Base/AMReX_ParmParse.cpp.o
[  9%] Building CUDA object amrex/Src/CMakeFiles/amrex_3d.dir/Base/AMReX_parmparse_fi.cpp.o
[  9%] Building CXX object yaml-cpp/CMakeFiles/yaml-cpp.dir/src/parser.cpp.o
[  9%] Building CXX object yaml-cpp/CMakeFiles/yaml-cpp.dir/src/regex_yaml.cpp.o
[ 18%] Building CXX object yaml-cpp/CMakeFiles/yaml-cpp.dir/src/scanner.cpp.o
[ 18%] Building CXX object yaml-cpp/CMakeFiles/yaml-cpp.dir/src/scanscalar.cpp.o
[ 18%] Building CXX object yaml-cpp/CMakeFiles/yaml-cpp.dir/src/scantag.cpp.o
[ 18%] Building CXX object yaml-cpp/CMakeFiles/yaml-cpp.dir/src/scantoken.cpp.o
[ 18%] Building CXX object yaml-cpp/CMakeFiles/yaml-cpp.dir/src/simplekey.cpp.o
[ 18%] Building CXX object yaml-cpp/CMakeFiles/yaml-cpp.dir/src/singledocparser.cpp.o
[ 18%] Building CXX object yaml-cpp/CMakeFiles/yaml-cpp.dir/src/stream.cpp.o
[ 18%] Building CXX object yaml-cpp/CMakeFiles/yaml-cpp.dir/src/tag.cpp.o
[ 18%] Building CUDA object amrex/Src/CMakeFiles/amrex_3d.dir/Base/AMReX_String.cpp.o
[ 18%] Building CUDA object amrex/Src/CMakeFiles/amrex_3d.dir/Base/AMReX_Utility.cpp.o
[ 18%] Building CUDA object amrex/Src/CMakeFiles/amrex_3d.dir/Base/AMReX_FileSystem.cpp.o
[ 18%] Building CUDA object amrex/Src/CMakeFiles/amrex_3d.dir/Base/AMReX_Random.cpp.o
[ 18%] Building CUDA object amrex/Src/CMakeFiles/amrex_3d.dir/Base/AMReX_DistributionMapping.cpp.o
[ 18%] Building CUDA object amrex/Src/CMakeFiles/amrex_3d.dir/Base/AMReX_ParallelDescriptor.cpp.o
[ 18%] Building CUDA object amrex/Src/CMakeFiles/amrex_3d.dir/Base/AMReX_OpenMP.cpp.o
[ 27%] Building CUDA object amrex/Src/CMakeFiles/amrex_3d.dir/Base/AMReX_ForkJoin.cpp.o
[ 27%] Building CUDA object amrex/Src/CMakeFiles/amrex_3d.dir/Base/AMReX_ParallelContext.cpp.o
[ 27%] Linking CXX static library libyaml-cpp.a
[ 27%] Built target yaml-cpp
[ 27%] Building CUDA object amrex/Src/CMakeFiles/amrex_3d.dir/Base/AMReX_VisMF.cpp.o
[ 27%] Linking CXX static library libfmt.a
[ 27%] Built target fmt
[ 27%] Building CUDA object amrex/Src/CMakeFiles/amrex_3d.dir/Base/AMReX_AsyncOut.cpp.o
[ 27%] Building CUDA object amrex/Src/CMakeFiles/amrex_3d.dir/Base/AMReX_BackgroundThread.cpp.o
[ 27%] Building CUDA object amrex/Src/CMakeFiles/amrex_3d.dir/Base/AMReX_Arena.cpp.o
[ 27%] Building CUDA object amrex/Src/CMakeFiles/amrex_3d.dir/Base/AMReX_BArena.cpp.o
[ 27%] Building CUDA object amrex/Src/CMakeFiles/amrex_3d.dir/Base/AMReX_CArena.cpp.o
[ 27%] Building CUDA object amrex/Src/CMakeFiles/amrex_3d.dir/Base/AMReX_PArena.cpp.o
[ 27%] Building CUDA object amrex/Src/CMakeFiles/amrex_3d.dir/Base/AMReX_BLBackTrace.cpp.o
[ 27%] Building CUDA object amrex/Src/CMakeFiles/amrex_3d.dir/Base/AMReX_NFiles.cpp.o
[ 27%] Building CUDA object amrex/Src/CMakeFiles/amrex_3d.dir/Base/AMReX_parstream.cpp.o
[ 27%] Building CUDA object amrex/Src/CMakeFiles/amrex_3d.dir/Base/AMReX_FabConv.cpp.o
[ 27%] Building CUDA object amrex/Src/CMakeFiles/amrex_3d.dir/Base/AMReX_FPC.cpp.o
[ 36%] Building CUDA object amrex/Src/CMakeFiles/amrex_3d.dir/Base/AMReX_VectorIO.cpp.o
[ 36%] Building CUDA object amrex/Src/CMakeFiles/amrex_3d.dir/Base/AMReX_IntConv.cpp.o
[ 36%] Building CUDA object amrex/Src/CMakeFiles/amrex_3d.dir/Base/AMReX_Box.cpp.o
[ 36%] Building CUDA object amrex/Src/CMakeFiles/amrex_3d.dir/Base/AMReX_BoxIterator.cpp.o
[ 36%] Building CUDA object amrex/Src/CMakeFiles/amrex_3d.dir/Base/AMReX_IntVect.cpp.o
[ 36%] Building CUDA object amrex/Src/CMakeFiles/amrex_3d.dir/Base/AMReX_IndexType.cpp.o
[ 36%] Building CUDA object amrex/Src/CMakeFiles/amrex_3d.dir/Base/AMReX_Orientation.cpp.o
[ 36%] Building CUDA object amrex/Src/CMakeFiles/amrex_3d.dir/Base/AMReX_Periodicity.cpp.o
[ 36%] Building CUDA object amrex/Src/CMakeFiles/amrex_3d.dir/Base/AMReX_RealBox.cpp.o
[ 36%] Building CUDA object amrex/Src/CMakeFiles/amrex_3d.dir/Base/AMReX_RealVect.cpp.o
[ 36%] Building CUDA object amrex/Src/CMakeFiles/amrex_3d.dir/Base/AMReX_BoxList.cpp.o
[ 36%] Building CUDA object amrex/Src/CMakeFiles/amrex_3d.dir/Base/AMReX_BoxArray.cpp.o
[ 36%] Building CUDA object amrex/Src/CMakeFiles/amrex_3d.dir/Base/AMReX_BoxDomain.cpp.o
[ 36%] Building CUDA object amrex/Src/CMakeFiles/amrex_3d.dir/Base/AMReX_FArrayBox.cpp.o
[ 36%] Building CUDA object amrex/Src/CMakeFiles/amrex_3d.dir/Base/AMReX_IArrayBox.cpp.o
[ 45%] Building CUDA object amrex/Src/CMakeFiles/amrex_3d.dir/Base/AMReX_BaseFab.cpp.o
[ 45%] Building CUDA object amrex/Src/CMakeFiles/amrex_3d.dir/Base/AMReX_MultiFab.cpp.o
[ 45%] Building CUDA object amrex/Src/CMakeFiles/amrex_3d.dir/Base/AMReX_MFCopyDescriptor.cpp.o
[ 45%] Building CUDA object amrex/Src/CMakeFiles/amrex_3d.dir/Base/AMReX_iMultiFab.cpp.o
[ 45%] Building CUDA object amrex/Src/CMakeFiles/amrex_3d.dir/Base/AMReX_FabArrayBase.cpp.o
[ 45%] Building CUDA object amrex/Src/CMakeFiles/amrex_3d.dir/Base/AMReX_MFIter.cpp.o
[ 45%] Building CUDA object amrex/Src/CMakeFiles/amrex_3d.dir/Base/AMReX_CoordSys.cpp.o
[ 45%] Building CUDA object amrex/Src/CMakeFiles/amrex_3d.dir/Base/AMReX_Geometry.cpp.o
[ 45%] Building CUDA object amrex/Src/CMakeFiles/amrex_3d.dir/Base/AMReX_MultiFabUtil.cpp.o
[ 45%] Building CUDA object amrex/Src/CMakeFiles/amrex_3d.dir/Base/AMReX_BCRec.cpp.o
[ 45%] Building CUDA object amrex/Src/CMakeFiles/amrex_3d.dir/Base/AMReX_PhysBCFunct.cpp.o
[ 45%] Building CUDA object amrex/Src/CMakeFiles/amrex_3d.dir/Base/AMReX_BCUtil.cpp.o
[ 45%] Building CUDA object amrex/Src/CMakeFiles/amrex_3d.dir/Base/AMReX_FilCC_C.cpp.o
[ 45%] Building CUDA object amrex/Src/CMakeFiles/amrex_3d.dir/Base/AMReX_FilFC_C.cpp.o
[ 54%] Building CUDA object amrex/Src/CMakeFiles/amrex_3d.dir/Base/AMReX_FilND_C.cpp.o
[ 54%] Building CUDA object amrex/Src/CMakeFiles/amrex_3d.dir/Base/AMReX_NonLocalBC.cpp.o
[ 54%] Building CUDA object amrex/Src/CMakeFiles/amrex_3d.dir/Base/AMReX_PlotFileUtil.cpp.o
[ 54%] Building CUDA object amrex/Src/CMakeFiles/amrex_3d.dir/Base/AMReX_PlotFileDataImpl.cpp.o
[ 54%] Building CUDA object amrex/Src/CMakeFiles/amrex_3d.dir/Base/AMReX_GpuControl.cpp.o
[ 54%] Building CUDA object amrex/Src/CMakeFiles/amrex_3d.dir/Base/AMReX_GpuDevice.cpp.o
[ 54%] Building CUDA object amrex/Src/CMakeFiles/amrex_3d.dir/Base/AMReX_GpuUtility.cpp.o
[ 54%] Building CUDA object amrex/Src/CMakeFiles/amrex_3d.dir/Base/AMReX_GpuAsyncArray.cpp.o
[ 54%] Building CUDA object amrex/Src/CMakeFiles/amrex_3d.dir/Base/AMReX_GpuElixir.cpp.o
[ 54%] Building CUDA object amrex/Src/CMakeFiles/amrex_3d.dir/Base/AMReX_Machine.cpp.o
[ 54%] Building CUDA object amrex/Src/CMakeFiles/amrex_3d.dir/Base/AMReX_MemPool.cpp.o
[ 54%] Building CUDA object amrex/Src/CMakeFiles/amrex_3d.dir/Base/Parser/AMReX_Parser.cpp.o
[ 54%] Building CUDA object amrex/Src/CMakeFiles/amrex_3d.dir/Base/Parser/AMReX_Parser_Exe.cpp.o
[ 54%] Building CUDA object amrex/Src/CMakeFiles/amrex_3d.dir/Base/Parser/AMReX_Parser_Y.cpp.o
[ 54%] Building CUDA object amrex/Src/CMakeFiles/amrex_3d.dir/Base/Parser/amrex_parser.lex.cpp.o
[ 63%] Building CUDA object amrex/Src/CMakeFiles/amrex_3d.dir/Base/Parser/amrex_parser.tab.cpp.o
[ 63%] Building CUDA object amrex/Src/CMakeFiles/amrex_3d.dir/Base/Parser/AMReX_IParser.cpp.o
[ 63%] Building CUDA object amrex/Src/CMakeFiles/amrex_3d.dir/Base/Parser/AMReX_IParser_Exe.cpp.o
[ 63%] Building CUDA object amrex/Src/CMakeFiles/amrex_3d.dir/Base/Parser/AMReX_IParser_Y.cpp.o
[ 63%] Building CUDA object amrex/Src/CMakeFiles/amrex_3d.dir/Base/Parser/amrex_iparser.lex.cpp.o
[ 63%] Building CUDA object amrex/Src/CMakeFiles/amrex_3d.dir/Base/Parser/amrex_iparser.tab.cpp.o
[ 63%] Building CUDA object amrex/Src/CMakeFiles/amrex_3d.dir/Base/AMReX_BLProfiler.cpp.o
[ 63%] Building CUDA object amrex/Src/CMakeFiles/amrex_3d.dir/Base/AMReX_TinyProfiler.cpp.o
[ 63%] Building CUDA object amrex/Src/CMakeFiles/amrex_3d.dir/Base/AMReX_MPMD.cpp.o
[ 63%] Building CUDA object amrex/Src/CMakeFiles/amrex_3d.dir/Boundary/AMReX_Mask.cpp.o
[ 63%] Building CUDA object amrex/Src/CMakeFiles/amrex_3d.dir/Boundary/AMReX_MultiMask.cpp.o
[ 63%] Building CUDA object amrex/Src/CMakeFiles/amrex_3d.dir/Boundary/AMReX_LO_BCTYPES.cpp.o
[ 63%] Building CUDA object amrex/Src/CMakeFiles/amrex_3d.dir/Boundary/AMReX_EdgeFluxRegister.cpp.o
[ 63%] Building CUDA object amrex/Src/CMakeFiles/amrex_3d.dir/AmrCore/AMReX_AmrCore.cpp.o
[ 72%] Building CUDA object amrex/Src/CMakeFiles/amrex_3d.dir/AmrCore/AMReX_Cluster.cpp.o
[ 72%] Building CUDA object amrex/Src/CMakeFiles/amrex_3d.dir/AmrCore/AMReX_ErrorList.cpp.o
[ 72%] Building CUDA object amrex/Src/CMakeFiles/amrex_3d.dir/AmrCore/AMReX_FillPatchUtil.cpp.o
[ 72%] Building CUDA object amrex/Src/CMakeFiles/amrex_3d.dir/AmrCore/AMReX_FluxRegister.cpp.o
[ 72%] Building CUDA object amrex/Src/CMakeFiles/amrex_3d.dir/AmrCore/AMReX_InterpBase.cpp.o
[ 72%] Building CUDA object amrex/Src/CMakeFiles/amrex_3d.dir/AmrCore/AMReX_MFInterpolater.cpp.o
[ 72%] Building CUDA object amrex/Src/CMakeFiles/amrex_3d.dir/AmrCore/AMReX_Interpolater.cpp.o
[ 72%] Building CUDA object amrex/Src/CMakeFiles/amrex_3d.dir/AmrCore/AMReX_TagBox.cpp.o
[ 72%] Building CUDA object amrex/Src/CMakeFiles/amrex_3d.dir/AmrCore/AMReX_AmrMesh.cpp.o
[ 72%] Building CUDA object amrex/Src/CMakeFiles/amrex_3d.dir/AmrCore/AMReX_InterpFaceRegister.cpp.o
[ 72%] Building CUDA object amrex/Src/CMakeFiles/amrex_3d.dir/LinearSolvers/MLMG/AMReX_MLMG.cpp.o
[ 72%] Building CUDA object amrex/Src/CMakeFiles/amrex_3d.dir/LinearSolvers/MLMG/AMReX_MLNodeLinOp.cpp.o
[ 72%] Building CUDA object amrex/Src/CMakeFiles/amrex_3d.dir/LinearSolvers/AMReX_AlgPartition.cpp.o
[ 72%] Building CUDA object amrex/Src/CMakeFiles/amrex_3d.dir/LinearSolvers/OpenBC/AMReX_OpenBC.cpp.o
[ 72%] Building CUDA object amrex/Src/CMakeFiles/amrex_3d.dir/Particle/AMReX_TracerParticles.cpp.o
[ 81%] Building CUDA object amrex/Src/CMakeFiles/amrex_3d.dir/Particle/AMReX_ParticleMPIUtil.cpp.o
[ 81%] Building CUDA object amrex/Src/CMakeFiles/amrex_3d.dir/Particle/AMReX_ParticleUtil.cpp.o
[ 81%] Building CUDA object amrex/Src/CMakeFiles/amrex_3d.dir/Particle/AMReX_ParticleBufferMap.cpp.o
[ 81%] Building CUDA object amrex/Src/CMakeFiles/amrex_3d.dir/Particle/AMReX_ParticleCommunication.cpp.o
[ 81%] Building CUDA object amrex/Src/CMakeFiles/amrex_3d.dir/Particle/AMReX_ParticleContainerBase.cpp.o
[ 81%] Linking CUDA static library libamrex_3d.a
[ 81%] Built target amrex_3d
[ 81%] Building CUDA object src/problems/DiskGalaxy/CMakeFiles/disk_galaxy.dir/galaxy.cpp.o
[ 81%] Building CUDA object src/problems/DiskGalaxy/CMakeFiles/disk_galaxy.dir/__/__/main.cpp.o
[ 81%] Building CUDA object src/problems/DiskGalaxy/CMakeFiles/disk_galaxy.dir/__/__/io/DiagBase.cpp.o
[ 81%] Building CUDA object src/problems/DiskGalaxy/CMakeFiles/disk_galaxy.dir/__/__/io/DiagFilter.cpp.o
[ 90%] Building CUDA object src/problems/DiskGalaxy/CMakeFiles/disk_galaxy.dir/__/__/io/projection.cpp.o
[ 90%] Building CUDA object src/problems/DiskGalaxy/CMakeFiles/disk_galaxy.dir/__/__/io/DiagPDF.cpp.o
[ 90%] Building CUDA object src/problems/DiskGalaxy/CMakeFiles/disk_galaxy.dir/__/__/cooling/GrackleLikeCooling.cpp.o
[ 90%] Building CUDA object src/problems/DiskGalaxy/CMakeFiles/disk_galaxy.dir/__/__/cooling/GrackleDataReader.cpp.o
[ 90%] Building CUDA object src/problems/DiskGalaxy/CMakeFiles/disk_galaxy.dir/__/__/cooling/TabulatedCooling.cpp.o
[ 90%] Building CUDA object src/problems/DiskGalaxy/CMakeFiles/disk_galaxy.dir/__/__/cooling/CloudyDataReader.cpp.o
[ 90%] Building CUDA object src/problems/DiskGalaxy/CMakeFiles/disk_galaxy.dir/__/__/cooling/ResampledCooling.cpp.o
[ 90%] Building CUDA object src/problems/DiskGalaxy/CMakeFiles/disk_galaxy.dir/__/__/io/DiagFramePlane.cpp.o
[ 90%] Building CUDA object src/problems/DiskGalaxy/CMakeFiles/disk_galaxy.dir/__/__/math/interpolate.cpp.o
[ 90%] Building CUDA object src/problems/DiskGalaxy/CMakeFiles/disk_galaxy.dir/__/__/util/fextract.cpp.o
[ 90%] Building CUDA object src/problems/DiskGalaxy/CMakeFiles/disk_galaxy.dir/__/__/__/extern/Microphysics/interfaces/eos_data.cpp.o
[ 90%] Building CUDA object src/problems/DiskGalaxy/CMakeFiles/disk_galaxy.dir/__/__/__/extern/Microphysics/interfaces/network_initialization.cpp.o
[ 90%] Building CUDA object src/problems/DiskGalaxy/CMakeFiles/disk_galaxy.dir/__/__/extern_parameters.cpp.o
[ 90%] Linking CUDA device code CMakeFiles/disk_galaxy.dir/cmake_device_link.o
[100%] Linking CXX executable disk_galaxy
[100%] Built target disk_galaxy
nvcc warning : Support for offline compilation for architectures prior to '<compute/sm/lto>_75' will be removed in a future release (Use -Wno-deprecated-gpu-targets to suppress warning).
nvcc warning : Support for offline compilation for architectures prior to '<compute/sm/lto>_75' will be removed in a future release (Use -Wno-deprecated-gpu-targets to suppress warning).
nvcc warning : Support for offline compilation for architectures prior to '<compute/sm/lto>_75' will be removed in a future release (Use -Wno-deprecated-gpu-targets to suppress warning).
nvcc warning : Support for offline compilation for architectures prior to '<compute/sm/lto>_75' will be removed in a future release (Use -Wno-deprecated-gpu-targets to suppress warning).
nvcc warning : Support for offline compilation for architectures prior to '<compute/sm/lto>_75' will be removed in a future release (Use -Wno-deprecated-gpu-targets to suppress warning).
nvcc warning : Support for offline compilation for architectures prior to '<compute/sm/lto>_75' will be removed in a future release (Use -Wno-deprecated-gpu-targets to suppress warning).
nvcc warning : Support for offline compilation for architectures prior to '<compute/sm/lto>_75' will be removed in a future release (Use -Wno-deprecated-gpu-targets to suppress warning).
nvcc warning : Support for offline compilation for architectures prior to '<compute/sm/lto>_75' will be removed in a future release (Use -Wno-deprecated-gpu-targets to suppress warning).
nvcc warning : Support for offline compilation for architectures prior to '<compute/sm/lto>_75' will be removed in a future release (Use -Wno-deprecated-gpu-targets to suppress warning).
nvcc warning : Support for offline compilation for architectures prior to '<compute/sm/lto>_75' will be removed in a future release (Use -Wno-deprecated-gpu-targets to suppress warning).
nvcc warning : Support for offline compilation for architectures prior to '<compute/sm/lto>_75' will be removed in a future release (Use -Wno-deprecated-gpu-targets to suppress warning).
nvcc warning : Support for offline compilation for architectures prior to '<compute/sm/lto>_75' will be removed in a future release (Use -Wno-deprecated-gpu-targets to suppress warning).
nvcc warning : Support for offline compilation for architectures prior to '<compute/sm/lto>_75' will be removed in a future release (Use -Wno-deprecated-gpu-targets to suppress warning).
nvcc warning : Support for offline compilation for architectures prior to '<compute/sm/lto>_75' will be removed in a future release (Use -Wno-deprecated-gpu-targets to suppress warning).
nvcc warning : Support for offline compilation for architectures prior to '<compute/sm/lto>_75' will be removed in a future release (Use -Wno-deprecated-gpu-targets to suppress warning).
nvcc warning : Support for offline compilation for architectures prior to '<compute/sm/lto>_75' will be removed in a future release (Use -Wno-deprecated-gpu-targets to suppress warning).
nvcc warning : Support for offline compilation for architectures prior to '<compute/sm/lto>_75' will be removed in a future release (Use -Wno-deprecated-gpu-targets to suppress warning).
nvcc warning : Support for offline compilation for architectures prior to '<compute/sm/lto>_75' will be removed in a future release (Use -Wno-deprecated-gpu-targets to suppress warning).
nvcc warning : Support for offline compilation for architectures prior to '<compute/sm/lto>_75' will be removed in a future release (Use -Wno-deprecated-gpu-targets to suppress warning).
nvcc warning : Support for offline compilation for architectures prior to '<compute/sm/lto>_75' will be removed in a future release (Use -Wno-deprecated-gpu-targets to suppress warning).
nvcc warning : Support for offline compilation for architectures prior to '<compute/sm/lto>_75' will be removed in a future release (Use -Wno-deprecated-gpu-targets to suppress warning).
nvcc warning : Support for offline compilation for architectures prior to '<compute/sm/lto>_75' will be removed in a future release (Use -Wno-deprecated-gpu-targets to suppress warning).
nvcc warning : Support for offline compilation for architectures prior to '<compute/sm/lto>_75' will be removed in a future release (Use -Wno-deprecated-gpu-targets to suppress warning).
nvcc warning : Support for offline compilation for architectures prior to '<compute/sm/lto>_75' will be removed in a future release (Use -Wno-deprecated-gpu-targets to suppress warning).
nvcc warning : Support for offline compilation for architectures prior to '<compute/sm/lto>_75' will be removed in a future release (Use -Wno-deprecated-gpu-targets to suppress warning).
nvcc warning : Support for offline compilation for architectures prior to '<compute/sm/lto>_75' will be removed in a future release (Use -Wno-deprecated-gpu-targets to suppress warning).
nvcc warning : Support for offline compilation for architectures prior to '<compute/sm/lto>_75' will be removed in a future release (Use -Wno-deprecated-gpu-targets to suppress warning).
nvcc warning : Support for offline compilation for architectures prior to '<compute/sm/lto>_75' will be removed in a future release (Use -Wno-deprecated-gpu-targets to suppress warning).
nvcc warning : Support for offline compilation for architectures prior to '<compute/sm/lto>_75' will be removed in a future release (Use -Wno-deprecated-gpu-targets to suppress warning).
nvcc warning : Support for offline compilation for architectures prior to '<compute/sm/lto>_75' will be removed in a future release (Use -Wno-deprecated-gpu-targets to suppress warning).
nvcc warning : Support for offline compilation for architectures prior to '<compute/sm/lto>_75' will be removed in a future release (Use -Wno-deprecated-gpu-targets to suppress warning).
nvcc warning : Support for offline compilation for architectures prior to '<compute/sm/lto>_75' will be removed in a future release (Use -Wno-deprecated-gpu-targets to suppress warning).
nvcc warning : Support for offline compilation for architectures prior to '<compute/sm/lto>_75' will be removed in a future release (Use -Wno-deprecated-gpu-targets to suppress warning).
nvcc warning : Support for offline compilation for architectures prior to '<compute/sm/lto>_75' will be removed in a future release (Use -Wno-deprecated-gpu-targets to suppress warning).
nvcc warning : Support for offline compilation for architectures prior to '<compute/sm/lto>_75' will be removed in a future release (Use -Wno-deprecated-gpu-targets to suppress warning).
nvcc warning : Support for offline compilation for architectures prior to '<compute/sm/lto>_75' will be removed in a future release (Use -Wno-deprecated-gpu-targets to suppress warning).
nvcc warning : Support for offline compilation for architectures prior to '<compute/sm/lto>_75' will be removed in a future release (Use -Wno-deprecated-gpu-targets to suppress warning).
nvcc warning : Support for offline compilation for architectures prior to '<compute/sm/lto>_75' will be removed in a future release (Use -Wno-deprecated-gpu-targets to suppress warning).
nvcc warning : Support for offline compilation for architectures prior to '<compute/sm/lto>_75' will be removed in a future release (Use -Wno-deprecated-gpu-targets to suppress warning).
nvcc warning : Support for offline compilation for architectures prior to '<compute/sm/lto>_75' will be removed in a future release (Use -Wno-deprecated-gpu-targets to suppress warning).
nvcc warning : Support for offline compilation for architectures prior to '<compute/sm/lto>_75' will be removed in a future release (Use -Wno-deprecated-gpu-targets to suppress warning).
nvcc warning : Support for offline compilation for architectures prior to '<compute/sm/lto>_75' will be removed in a future release (Use -Wno-deprecated-gpu-targets to suppress warning).
nvcc warning : Support for offline compilation for architectures prior to '<compute/sm/lto>_75' will be removed in a future release (Use -Wno-deprecated-gpu-targets to suppress warning).
nvcc warning : Support for offline compilation for architectures prior to '<compute/sm/lto>_75' will be removed in a future release (Use -Wno-deprecated-gpu-targets to suppress warning).
nvcc warning : Support for offline compilation for architectures prior to '<compute/sm/lto>_75' will be removed in a future release (Use -Wno-deprecated-gpu-targets to suppress warning).
nvcc warning : Support for offline compilation for architectures prior to '<compute/sm/lto>_75' will be removed in a future release (Use -Wno-deprecated-gpu-targets to suppress warning).
nvcc warning : Support for offline compilation for architectures prior to '<compute/sm/lto>_75' will be removed in a future release (Use -Wno-deprecated-gpu-targets to suppress warning).
nvcc warning : Support for offline compilation for architectures prior to '<compute/sm/lto>_75' will be removed in a future release (Use -Wno-deprecated-gpu-targets to suppress warning).
nvcc warning : Support for offline compilation for architectures prior to '<compute/sm/lto>_75' will be removed in a future release (Use -Wno-deprecated-gpu-targets to suppress warning).
nvcc warning : Support for offline compilation for architectures prior to '<compute/sm/lto>_75' will be removed in a future release (Use -Wno-deprecated-gpu-targets to suppress warning).
nvcc warning : Support for offline compilation for architectures prior to '<compute/sm/lto>_75' will be removed in a future release (Use -Wno-deprecated-gpu-targets to suppress warning).
nvcc warning : Support for offline compilation for architectures prior to '<compute/sm/lto>_75' will be removed in a future release (Use -Wno-deprecated-gpu-targets to suppress warning).
nvcc warning : Support for offline compilation for architectures prior to '<compute/sm/lto>_75' will be removed in a future release (Use -Wno-deprecated-gpu-targets to suppress warning).
nvcc warning : Support for offline compilation for architectures prior to '<compute/sm/lto>_75' will be removed in a future release (Use -Wno-deprecated-gpu-targets to suppress warning).
nvcc warning : Support for offline compilation for architectures prior to '<compute/sm/lto>_75' will be removed in a future release (Use -Wno-deprecated-gpu-targets to suppress warning).
nvcc warning : Support for offline compilation for architectures prior to '<compute/sm/lto>_75' will be removed in a future release (Use -Wno-deprecated-gpu-targets to suppress warning).
nvcc warning : Support for offline compilation for architectures prior to '<compute/sm/lto>_75' will be removed in a future release (Use -Wno-deprecated-gpu-targets to suppress warning).
nvcc warning : Support for offline compilation for architectures prior to '<compute/sm/lto>_75' will be removed in a future release (Use -Wno-deprecated-gpu-targets to suppress warning).
nvcc warning : Support for offline compilation for architectures prior to '<compute/sm/lto>_75' will be removed in a future release (Use -Wno-deprecated-gpu-targets to suppress warning).
nvcc warning : Support for offline compilation for architectures prior to '<compute/sm/lto>_75' will be removed in a future release (Use -Wno-deprecated-gpu-targets to suppress warning).
nvcc warning : Support for offline compilation for architectures prior to '<compute/sm/lto>_75' will be removed in a future release (Use -Wno-deprecated-gpu-targets to suppress warning).
nvcc warning : Support for offline compilation for architectures prior to '<compute/sm/lto>_75' will be removed in a future release (Use -Wno-deprecated-gpu-targets to suppress warning).
nvcc warning : Support for offline compilation for architectures prior to '<compute/sm/lto>_75' will be removed in a future release (Use -Wno-deprecated-gpu-targets to suppress warning).
nvcc warning : Support for offline compilation for architectures prior to '<compute/sm/lto>_75' will be removed in a future release (Use -Wno-deprecated-gpu-targets to suppress warning).
nvcc warning : Support for offline compilation for architectures prior to '<compute/sm/lto>_75' will be removed in a future release (Use -Wno-deprecated-gpu-targets to suppress warning).
nvcc warning : Support for offline compilation for architectures prior to '<compute/sm/lto>_75' will be removed in a future release (Use -Wno-deprecated-gpu-targets to suppress warning).
nvcc warning : Support for offline compilation for architectures prior to '<compute/sm/lto>_75' will be removed in a future release (Use -Wno-deprecated-gpu-targets to suppress warning).
nvcc warning : Support for offline compilation for architectures prior to '<compute/sm/lto>_75' will be removed in a future release (Use -Wno-deprecated-gpu-targets to suppress warning).
nvcc warning : Support for offline compilation for architectures prior to '<compute/sm/lto>_75' will be removed in a future release (Use -Wno-deprecated-gpu-targets to suppress warning).
nvcc warning : Support for offline compilation for architectures prior to '<compute/sm/lto>_75' will be removed in a future release (Use -Wno-deprecated-gpu-targets to suppress warning).
nvcc warning : Support for offline compilation for architectures prior to '<compute/sm/lto>_75' will be removed in a future release (Use -Wno-deprecated-gpu-targets to suppress warning).
nvcc warning : Support for offline compilation for architectures prior to '<compute/sm/lto>_75' will be removed in a future release (Use -Wno-deprecated-gpu-targets to suppress warning).
nvcc warning : Support for offline compilation for architectures prior to '<compute/sm/lto>_75' will be removed in a future release (Use -Wno-deprecated-gpu-targets to suppress warning).
nvcc warning : Support for offline compilation for architectures prior to '<compute/sm/lto>_75' will be removed in a future release (Use -Wno-deprecated-gpu-targets to suppress warning).
nvcc warning : Support for offline compilation for architectures prior to '<compute/sm/lto>_75' will be removed in a future release (Use -Wno-deprecated-gpu-targets to suppress warning).
nvcc warning : Support for offline compilation for architectures prior to '<compute/sm/lto>_75' will be removed in a future release (Use -Wno-deprecated-gpu-targets to suppress warning).
nvcc warning : Support for offline compilation for architectures prior to '<compute/sm/lto>_75' will be removed in a future release (Use -Wno-deprecated-gpu-targets to suppress warning).
nvcc warning : Support for offline compilation for architectures prior to '<compute/sm/lto>_75' will be removed in a future release (Use -Wno-deprecated-gpu-targets to suppress warning).
nvcc warning : Support for offline compilation for architectures prior to '<compute/sm/lto>_75' will be removed in a future release (Use -Wno-deprecated-gpu-targets to suppress warning).
nvcc warning : Support for offline compilation for architectures prior to '<compute/sm/lto>_75' will be removed in a future release (Use -Wno-deprecated-gpu-targets to suppress warning).
nvcc warning : Support for offline compilation for architectures prior to '<compute/sm/lto>_75' will be removed in a future release (Use -Wno-deprecated-gpu-targets to suppress warning).
nvcc warning : Support for offline compilation for architectures prior to '<compute/sm/lto>_75' will be removed in a future release (Use -Wno-deprecated-gpu-targets to suppress warning).
nvcc warning : Support for offline compilation for architectures prior to '<compute/sm/lto>_75' will be removed in a future release (Use -Wno-deprecated-gpu-targets to suppress warning).
nvcc warning : Support for offline compilation for architectures prior to '<compute/sm/lto>_75' will be removed in a future release (Use -Wno-deprecated-gpu-targets to suppress warning).
nvcc warning : Support for offline compilation for architectures prior to '<compute/sm/lto>_75' will be removed in a future release (Use -Wno-deprecated-gpu-targets to suppress warning).
nvcc warning : Support for offline compilation for architectures prior to '<compute/sm/lto>_75' will be removed in a future release (Use -Wno-deprecated-gpu-targets to suppress warning).
nvcc warning : Support for offline compilation for architectures prior to '<compute/sm/lto>_75' will be removed in a future release (Use -Wno-deprecated-gpu-targets to suppress warning).
nvcc warning : Support for offline compilation for architectures prior to '<compute/sm/lto>_75' will be removed in a future release (Use -Wno-deprecated-gpu-targets to suppress warning).
nvcc warning : Support for offline compilation for architectures prior to '<compute/sm/lto>_75' will be removed in a future release (Use -Wno-deprecated-gpu-targets to suppress warning).
nvcc warning : Support for offline compilation for architectures prior to '<compute/sm/lto>_75' will be removed in a future release (Use -Wno-deprecated-gpu-targets to suppress warning).
nvcc warning : Support for offline compilation for architectures prior to '<compute/sm/lto>_75' will be removed in a future release (Use -Wno-deprecated-gpu-targets to suppress warning).
nvcc warning : Support for offline compilation for architectures prior to '<compute/sm/lto>_75' will be removed in a future release (Use -Wno-deprecated-gpu-targets to suppress warning).
nvcc warning : Support for offline compilation for architectures prior to '<compute/sm/lto>_75' will be removed in a future release (Use -Wno-deprecated-gpu-targets to suppress warning).
nvcc warning : Support for offline compilation for architectures prior to '<compute/sm/lto>_75' will be removed in a future release (Use -Wno-deprecated-gpu-targets to suppress warning).
nvcc warning : Support for offline compilation for architectures prior to '<compute/sm/lto>_75' will be removed in a future release (Use -Wno-deprecated-gpu-targets to suppress warning).
nvcc warning : Support for offline compilation for architectures prior to '<compute/sm/lto>_75' will be removed in a future release (Use -Wno-deprecated-gpu-targets to suppress warning).
nvcc warning : Support for offline compilation for architectures prior to '<compute/sm/lto>_75' will be removed in a future release (Use -Wno-deprecated-gpu-targets to suppress warning).
nvcc warning : Support for offline compilation for architectures prior to '<compute/sm/lto>_75' will be removed in a future release (Use -Wno-deprecated-gpu-targets to suppress warning).
nvcc warning : Support for offline compilation for architectures prior to '<compute/sm/lto>_75' will be removed in a future release (Use -Wno-deprecated-gpu-targets to suppress warning).
nvcc warning : Support for offline compilation for architectures prior to '<compute/sm/lto>_75' will be removed in a future release (Use -Wno-deprecated-gpu-targets to suppress warning).
nvcc warning : Support for offline compilation for architectures prior to '<compute/sm/lto>_75' will be removed in a future release (Use -Wno-deprecated-gpu-targets to suppress warning).
nvcc warning : Support for offline compilation for architectures prior to '<compute/sm/lto>_75' will be removed in a future release (Use -Wno-deprecated-gpu-targets to suppress warning).
nvcc warning : Support for offline compilation for architectures prior to '<compute/sm/lto>_75' will be removed in a future release (Use -Wno-deprecated-gpu-targets to suppress warning).
nvcc warning : Support for offline compilation for architectures prior to '<compute/sm/lto>_75' will be removed in a future release (Use -Wno-deprecated-gpu-targets to suppress warning).
nvcc warning : Support for offline compilation for architectures prior to '<compute/sm/lto>_75' will be removed in a future release (Use -Wno-deprecated-gpu-targets to suppress warning).
nvcc warning : Support for offline compilation for architectures prior to '<compute/sm/lto>_75' will be removed in a future release (Use -Wno-deprecated-gpu-targets to suppress warning).
nvcc warning : Support for offline compilation for architectures prior to '<compute/sm/lto>_75' will be removed in a future release (Use -Wno-deprecated-gpu-targets to suppress warning).
nvcc warning : Support for offline compilation for architectures prior to '<compute/sm/lto>_75' will be removed in a future release (Use -Wno-deprecated-gpu-targets to suppress warning).
nvcc warning : Support for offline compilation for architectures prior to '<compute/sm/lto>_75' will be removed in a future release (Use -Wno-deprecated-gpu-targets to suppress warning).
nvcc warning : Support for offline compilation for architectures prior to '<compute/sm/lto>_75' will be removed in a future release (Use -Wno-deprecated-gpu-targets to suppress warning).
nvcc warning : Support for offline compilation for architectures prior to '<compute/sm/lto>_75' will be removed in a future release (Use -Wno-deprecated-gpu-targets to suppress warning).
nvcc warning : Support for offline compilation for architectures prior to '<compute/sm/lto>_75' will be removed in a future release (Use -Wno-deprecated-gpu-targets to suppress warning).
nvcc warning : Support for offline compilation for architectures prior to '<compute/sm/lto>_75' will be removed in a future release (Use -Wno-deprecated-gpu-targets to suppress warning).
nvcc warning : Support for offline compilation for architectures prior to '<compute/sm/lto>_75' will be removed in a future release (Use -Wno-deprecated-gpu-targets to suppress warning).
nvcc warning : Support for offline compilation for architectures prior to '<compute/sm/lto>_75' will be removed in a future release (Use -Wno-deprecated-gpu-targets to suppress warning).
nvcc warning : Support for offline compilation for architectures prior to '<compute/sm/lto>_75' will be removed in a future release (Use -Wno-deprecated-gpu-targets to suppress warning).
nvcc warning : Support for offline compilation for architectures prior to '<compute/sm/lto>_75' will be removed in a future release (Use -Wno-deprecated-gpu-targets to suppress warning).
nvcc warning : Support for offline compilation for architectures prior to '<compute/sm/lto>_75' will be removed in a future release (Use -Wno-deprecated-gpu-targets to suppress warning).
nvcc warning : Support for offline compilation for architectures prior to '<compute/sm/lto>_75' will be removed in a future release (Use -Wno-deprecated-gpu-targets to suppress warning).
nvcc warning : Support for offline compilation for architectures prior to '<compute/sm/lto>_75' will be removed in a future release (Use -Wno-deprecated-gpu-targets to suppress warning).
nvcc warning : Support for offline compilation for architectures prior to '<compute/sm/lto>_75' will be removed in a future release (Use -Wno-deprecated-gpu-targets to suppress warning).
nvcc warning : Support for offline compilation for architectures prior to '<compute/sm/lto>_75' will be removed in a future release (Use -Wno-deprecated-gpu-targets to suppress warning).
nvcc warning : Support for offline compilation for architectures prior to '<compute/sm/lto>_75' will be removed in a future release (Use -Wno-deprecated-gpu-targets to suppress warning).
/home/bwibking/regression-tests/quokka/extern/fmt/include/fmt/base.h(472): warning #128-D: loop is not reachable
    for (; n != 0; ++s1, ++s2, --n) {
    ^
          detected during:
            instantiation of "auto fmt::v11::detail::compare(const Char *, const Char *, size_t)->int [with Char=char]" at line 590
            instantiation of "auto fmt::v11::basic_string_view<Char>::compare(fmt::v11::basic_string_view<Char>) const->int [with Char=char]" at line 597
            instantiation of class "fmt::v11::basic_string_view<Char> [with Char=char]" at line 2643
            instantiation of "auto fmt::v11::basic_format_args<Context>::get_id(fmt::v11::basic_string_view<Char>) const->int [with Context=fmt::v11::context, Char=char]" at line 2686

Remark: The warnings can be suppressed with "-diag-suppress <warning-number>"

/home/bwibking/regression-tests/quokka/extern/fmt/include/fmt/format.h(2638): warning #2417-D: constexpr constructor calls non-constexpr function "fmt::v11::basic_memory_buffer<T, SIZE, Allocator>::basic_memory_buffer(const Allocator &) [with T=fmt::v11::detail::bigint::bigit, SIZE=32UL, Allocator=fmt::v11::detail::allocator<fmt::v11::detail::bigint::bigit>]"
    constexpr bigint() : exp_(0) {}
                                 ^

/home/bwibking/regression-tests/quokka/extern/fmt/include/fmt/base.h(472): warning #128-D: loop is not reachable
    for (; n != 0; ++s1, ++s2, --n) {
    ^
          detected during:
            instantiation of "auto fmt::v11::detail::compare(const Char *, const Char *, size_t)->int [with Char=char]" at line 590
            instantiation of "auto fmt::v11::basic_string_view<Char>::compare(fmt::v11::basic_string_view<Char>) const->int [with Char=char]" at line 597
            instantiation of class "fmt::v11::basic_string_view<Char> [with Char=char]" at line 2643
            instantiation of "auto fmt::v11::basic_format_args<Context>::get_id(fmt::v11::basic_string_view<Char>) const->int [with Context=fmt::v11::context, Char=char]" at line 2686

Remark: The warnings can be suppressed with "-diag-suppress <warning-number>"

/home/bwibking/regression-tests/quokka/extern/fmt/include/fmt/format.h(2638): warning #2417-D: constexpr constructor calls non-constexpr function "fmt::v11::basic_memory_buffer<T, SIZE, Allocator>::basic_memory_buffer(const Allocator &) [with T=fmt::v11::detail::bigint::bigit, SIZE=32UL, Allocator=fmt::v11::detail::allocator<fmt::v11::detail::bigint::bigit>]"
    constexpr bigint() : exp_(0) {}
                                 ^

/home/bwibking/regression-tests/quokka/extern/fmt/include/fmt/base.h(472): warning #128-D: loop is not reachable
    for (; n != 0; ++s1, ++s2, --n) {
    ^
          detected during:
            instantiation of "auto fmt::v11::detail::compare(const Char *, const Char *, size_t)->int [with Char=char]" at line 590
            instantiation of "auto fmt::v11::basic_string_view<Char>::compare(fmt::v11::basic_string_view<Char>) const->int [with Char=char]" at line 597
            instantiation of class "fmt::v11::basic_string_view<Char> [with Char=char]" at line 2643
            instantiation of "auto fmt::v11::basic_format_args<Context>::get_id(fmt::v11::basic_string_view<Char>) const->int [with Context=fmt::v11::context, Char=char]" at line 2686

Remark: The warnings can be suppressed with "-diag-suppress <warning-number>"

/home/bwibking/regression-tests/quokka/extern/fmt/include/fmt/format.h(2638): warning #2417-D: constexpr constructor calls non-constexpr function "fmt::v11::basic_memory_buffer<T, SIZE, Allocator>::basic_memory_buffer(const Allocator &) [with T=fmt::v11::detail::bigint::bigit, SIZE=32UL, Allocator=fmt::v11::detail::allocator<fmt::v11::detail::bigint::bigit>]"
    constexpr bigint() : exp_(0) {}
                                 ^

/home/bwibking/regression-tests/quokka/extern/fmt/include/fmt/base.h(472): warning #128-D: loop is not reachable
    for (; n != 0; ++s1, ++s2, --n) {
    ^
          detected during:
            instantiation of "auto fmt::v11::detail::compare(const Char *, const Char *, size_t)->int [with Char=char]" at line 590
            instantiation of "auto fmt::v11::basic_string_view<Char>::compare(fmt::v11::basic_string_view<Char>) const->int [with Char=char]" at line 597
            instantiation of class "fmt::v11::basic_string_view<Char> [with Char=char]" at line 2643
            instantiation of "auto fmt::v11::basic_format_args<Context>::get_id(fmt::v11::basic_string_view<Char>) const->int [with Context=fmt::v11::context, Char=char]" at line 2686

Remark: The warnings can be suppressed with "-diag-suppress <warning-number>"

/home/bwibking/regression-tests/quokka/extern/fmt/include/fmt/format.h(2638): warning #2417-D: constexpr constructor calls non-constexpr function "fmt::v11::basic_memory_buffer<T, SIZE, Allocator>::basic_memory_buffer(const Allocator &) [with T=fmt::v11::detail::bigint::bigit, SIZE=32UL, Allocator=fmt::v11::detail::allocator<fmt::v11::detail::bigint::bigit>]"
    constexpr bigint() : exp_(0) {}
                                 ^

/home/bwibking/regression-tests/quokka/extern/fmt/include/fmt/base.h(472): warning #128-D: loop is not reachable
    for (; n != 0; ++s1, ++s2, --n) {
    ^
          detected during:
            instantiation of "auto fmt::v11::detail::compare(const Char *, const Char *, size_t)->int [with Char=char]" at line 590
            instantiation of "auto fmt::v11::basic_string_view<Char>::compare(fmt::v11::basic_string_view<Char>) const->int [with Char=char]" at line 597
            instantiation of class "fmt::v11::basic_string_view<Char> [with Char=char]" at line 2643
            instantiation of "auto fmt::v11::basic_format_args<Context>::get_id(fmt::v11::basic_string_view<Char>) const->int [with Context=fmt::v11::context, Char=char]" at line 2686

Remark: The warnings can be suppressed with "-diag-suppress <warning-number>"

/home/bwibking/regression-tests/quokka/extern/fmt/include/fmt/format.h(2638): warning #2417-D: constexpr constructor calls non-constexpr function "fmt::v11::basic_memory_buffer<T, SIZE, Allocator>::basic_memory_buffer(const Allocator &) [with T=fmt::v11::detail::bigint::bigit, SIZE=32UL, Allocator=fmt::v11::detail::allocator<fmt::v11::detail::bigint::bigit>]"
    constexpr bigint() : exp_(0) {}
                                 ^

/home/bwibking/regression-tests/quokka/extern/fmt/include/fmt/base.h(472): warning #128-D: loop is not reachable
    for (; n != 0; ++s1, ++s2, --n) {
    ^
          detected during:
            instantiation of "auto fmt::v11::detail::compare(const Char *, const Char *, size_t)->int [with Char=char]" at line 590
            instantiation of "auto fmt::v11::basic_string_view<Char>::compare(fmt::v11::basic_string_view<Char>) const->int [with Char=char]" at line 597
            instantiation of class "fmt::v11::basic_string_view<Char> [with Char=char]" at line 2643
            instantiation of "auto fmt::v11::basic_format_args<Context>::get_id(fmt::v11::basic_string_view<Char>) const->int [with Context=fmt::v11::context, Char=char]" at line 2686

Remark: The warnings can be suppressed with "-diag-suppress <warning-number>"

/home/bwibking/regression-tests/quokka/extern/fmt/include/fmt/format.h(2638): warning #2417-D: constexpr constructor calls non-constexpr function "fmt::v11::basic_memory_buffer<T, SIZE, Allocator>::basic_memory_buffer(const Allocator &) [with T=fmt::v11::detail::bigint::bigit, SIZE=32UL, Allocator=fmt::v11::detail::allocator<fmt::v11::detail::bigint::bigit>]"
    constexpr bigint() : exp_(0) {}
                                 ^

/home/bwibking/regression-tests/quokka/extern/fmt/include/fmt/base.h(472): warning #128-D: loop is not reachable
    for (; n != 0; ++s1, ++s2, --n) {
    ^
          detected during:
            instantiation of "auto fmt::v11::detail::compare(const Char *, const Char *, size_t)->int [with Char=char]" at line 590
            instantiation of "auto fmt::v11::basic_string_view<Char>::compare(fmt::v11::basic_string_view<Char>) const->int [with Char=char]" at line 597
            instantiation of class "fmt::v11::basic_string_view<Char> [with Char=char]" at line 2643
            instantiation of "auto fmt::v11::basic_format_args<Context>::get_id(fmt::v11::basic_string_view<Char>) const->int [with Context=fmt::v11::context, Char=char]" at line 2686

Remark: The warnings can be suppressed with "-diag-suppress <warning-number>"

/home/bwibking/regression-tests/quokka/extern/fmt/include/fmt/format.h(2638): warning #2417-D: constexpr constructor calls non-constexpr function "fmt::v11::basic_memory_buffer<T, SIZE, Allocator>::basic_memory_buffer(const Allocator &) [with T=fmt::v11::detail::bigint::bigit, SIZE=32UL, Allocator=fmt::v11::detail::allocator<fmt::v11::detail::bigint::bigit>]"
    constexpr bigint() : exp_(0) {}
                                 ^

/home/bwibking/regression-tests/quokka/extern/fmt/include/fmt/base.h(472): warning #128-D: loop is not reachable
    for (; n != 0; ++s1, ++s2, --n) {
    ^
          detected during:
            instantiation of "auto fmt::v11::detail::compare(const Char *, const Char *, size_t)->int [with Char=char]" at line 590
            instantiation of "auto fmt::v11::basic_string_view<Char>::compare(fmt::v11::basic_string_view<Char>) const->int [with Char=char]" at line 597
            instantiation of class "fmt::v11::basic_string_view<Char> [with Char=char]" at line 2643
            instantiation of "auto fmt::v11::basic_format_args<Context>::get_id(fmt::v11::basic_string_view<Char>) const->int [with Context=fmt::v11::context, Char=char]" at line 2686

Remark: The warnings can be suppressed with "-diag-suppress <warning-number>"

/home/bwibking/regression-tests/quokka/extern/fmt/include/fmt/format.h(2638): warning #2417-D: constexpr constructor calls non-constexpr function "fmt::v11::basic_memory_buffer<T, SIZE, Allocator>::basic_memory_buffer(const Allocator &) [with T=fmt::v11::detail::bigint::bigit, SIZE=32UL, Allocator=fmt::v11::detail::allocator<fmt::v11::detail::bigint::bigit>]"
    constexpr bigint() : exp_(0) {}
                                 ^

/home/bwibking/regression-tests/quokka/extern/fmt/include/fmt/base.h(472): warning #128-D: loop is not reachable
    for (; n != 0; ++s1, ++s2, --n) {
    ^
          detected during:
            instantiation of "auto fmt::v11::detail::compare(const Char *, const Char *, size_t)->int [with Char=char]" at line 590
            instantiation of "auto fmt::v11::basic_string_view<Char>::compare(fmt::v11::basic_string_view<Char>) const->int [with Char=char]" at line 597
            instantiation of class "fmt::v11::basic_string_view<Char> [with Char=char]" at line 2643
            instantiation of "auto fmt::v11::basic_format_args<Context>::get_id(fmt::v11::basic_string_view<Char>) const->int [with Context=fmt::v11::context, Char=char]" at line 2686

Remark: The warnings can be suppressed with "-diag-suppress <warning-number>"

/home/bwibking/regression-tests/quokka/extern/fmt/include/fmt/format.h(2638): warning #2417-D: constexpr constructor calls non-constexpr function "fmt::v11::basic_memory_buffer<T, SIZE, Allocator>::basic_memory_buffer(const Allocator &) [with T=fmt::v11::detail::bigint::bigit, SIZE=32UL, Allocator=fmt::v11::detail::allocator<fmt::v11::detail::bigint::bigit>]"
    constexpr bigint() : exp_(0) {}
                                 ^

/home/bwibking/regression-tests/quokka/extern/fmt/include/fmt/base.h(472): warning #128-D: loop is not reachable
    for (; n != 0; ++s1, ++s2, --n) {
    ^
          detected during:
            instantiation of "auto fmt::v11::detail::compare(const Char *, const Char *, size_t)->int [with Char=char]" at line 590
            instantiation of "auto fmt::v11::basic_string_view<Char>::compare(fmt::v11::basic_string_view<Char>) const->int [with Char=char]" at line 597
            instantiation of class "fmt::v11::basic_string_view<Char> [with Char=char]" at line 2643
            instantiation of "auto fmt::v11::basic_format_args<Context>::get_id(fmt::v11::basic_string_view<Char>) const->int [with Context=fmt::v11::context, Char=char]" at line 2686

Remark: The warnings can be suppressed with "-diag-suppress <warning-number>"

/home/bwibking/regression-tests/quokka/extern/fmt/include/fmt/format.h(2638): warning #2417-D: constexpr constructor calls non-constexpr function "fmt::v11::basic_memory_buffer<T, SIZE, Allocator>::basic_memory_buffer(const Allocator &) [with T=fmt::v11::detail::bigint::bigit, SIZE=32UL, Allocator=fmt::v11::detail::allocator<fmt::v11::detail::bigint::bigit>]"
    constexpr bigint() : exp_(0) {}
                                 ^

/home/bwibking/regression-tests/quokka/extern/fmt/include/fmt/base.h(472): warning #128-D: loop is not reachable
    for (; n != 0; ++s1, ++s2, --n) {
    ^
          detected during:
            instantiation of "auto fmt::v11::detail::compare(const Char *, const Char *, size_t)->int [with Char=char]" at line 590
            instantiation of "auto fmt::v11::basic_string_view<Char>::compare(fmt::v11::basic_string_view<Char>) const->int [with Char=char]" at line 597
            instantiation of class "fmt::v11::basic_string_view<Char> [with Char=char]" at line 2643
            instantiation of "auto fmt::v11::basic_format_args<Context>::get_id(fmt::v11::basic_string_view<Char>) const->int [with Context=fmt::v11::context, Char=char]" at line 2686

Remark: The warnings can be suppressed with "-diag-suppress <warning-number>"

/home/bwibking/regression-tests/quokka/extern/fmt/include/fmt/format.h(2638): warning #2417-D: constexpr constructor calls non-constexpr function "fmt::v11::basic_memory_buffer<T, SIZE, Allocator>::basic_memory_buffer(const Allocator &) [with T=fmt::v11::detail::bigint::bigit, SIZE=32UL, Allocator=fmt::v11::detail::allocator<fmt::v11::detail::bigint::bigit>]"
    constexpr bigint() : exp_(0) {}
                                 ^

/home/bwibking/regression-tests/quokka/src/io/DiagPDF.cpp(97): warning #20011-D: calling a __host__ function("std::vector<int, ::std::allocator<int> > ::begin()") from a __host__ __device__ function("DiagPDF::getTotalBinCount") is not allowed

Remark: The warnings can be suppressed with "-diag-suppress <warning-number>"

/home/bwibking/regression-tests/quokka/src/io/DiagPDF.cpp(97): warning #20011-D: calling a __host__ function("std::vector<int, ::std::allocator<int> > ::end()") from a __host__ __device__ function("DiagPDF::getTotalBinCount") is not allowed

/home/bwibking/regression-tests/quokka/src/io/DiagPDF.cpp(97): warning #20011-D: calling a __host__ function("bool __gnu_cxx::operator !=<int *,     ::std::vector<int, ::std::allocator<int> > > (const  ::__gnu_cxx::__normal_iterator<T1, T2>  &, const  ::__gnu_cxx::__normal_iterator<T1, T2>  &)") from a __host__ __device__ function("DiagPDF::getTotalBinCount") is not allowed

/home/bwibking/regression-tests/quokka/src/io/DiagPDF.cpp(97): warning #20011-D: calling a __host__ function("__gnu_cxx::__normal_iterator<int *,     ::std::vector<int, ::std::allocator<int> > > ::operator *() const") from a __host__ __device__ function("DiagPDF::getTotalBinCount") is not allowed

/home/bwibking/regression-tests/quokka/src/io/DiagPDF.cpp(97): warning #20011-D: calling a __host__ function("__gnu_cxx::__normal_iterator<int *,     ::std::vector<int, ::std::allocator<int> > > ::operator ++()") from a __host__ __device__ function("DiagPDF::getTotalBinCount") is not allowed

/home/bwibking/regression-tests/quokka/extern/fmt/include/fmt/base.h(472): warning #128-D: loop is not reachable
    for (; n != 0; ++s1, ++s2, --n) {
    ^
          detected during:
            instantiation of "auto fmt::v11::detail::compare(const Char *, const Char *, size_t)->int [with Char=char]" at line 590
            instantiation of "auto fmt::v11::basic_string_view<Char>::compare(fmt::v11::basic_string_view<Char>) const->int [with Char=char]" at line 597
            instantiation of class "fmt::v11::basic_string_view<Char> [with Char=char]" at line 2643
            instantiation of "auto fmt::v11::basic_format_args<Context>::get_id(fmt::v11::basic_string_view<Char>) const->int [with Context=fmt::v11::context, Char=char]" at line 2686

Remark: The warnings can be suppressed with "-diag-suppress <warning-number>"

/home/bwibking/regression-tests/quokka/extern/fmt/include/fmt/format.h(2638): warning #2417-D: constexpr constructor calls non-constexpr function "fmt::v11::basic_memory_buffer<T, SIZE, Allocator>::basic_memory_buffer(const Allocator &) [with T=fmt::v11::detail::bigint::bigit, SIZE=32UL, Allocator=fmt::v11::detail::allocator<fmt::v11::detail::bigint::bigit>]"
    constexpr bigint() : exp_(0) {}
                                 ^

/home/bwibking/regression-tests/quokka/extern/amrex/Src/Base/AMReX_Scan.H(853): warning #1444-D: class "cub::CUB_200802_SM_700::CountingInputIterator<int, ptrdiff_t>" was declared deprecated ("Use thrust::counting_iterator instead")
              input_begin(cub::CountingInputIterator<N>(0), input_lambda);
              ^
/usr/local/cuda-12.9/include/cub/iterator/counting_input_iterator.cuh(93): note #3287-D: because of a "deprecated" attribute
  class [[deprecated("Use thrust::counting_iterator instead")]] CountingInputIterator
          ^
          detected during:
            instantiation of "T amrex::Scan::PrefixSum<T,N,FIN,FOUT,TYPE,M>(N, const FIN &, const FOUT &, TYPE, amrex::Scan::RetSum) [with T=int, N=int, FIN=lambda [](int)->int, FOUT=lambda [](int, const int &)->void, TYPE=amrex::Scan::Type::Exclusive, M=void]" at line 575 of /home/bwibking/regression-tests/quokka/extern/amrex/Src/Particle/AMReX_ParticleUtil.H
            instantiation of "int amrex::partitionParticles(PTile &, const ParFunc &) [with PTile=amrex::ParticleTile<amrex::Particle<4, 0>, 0, 0, amrex::DefaultAllocator>, ParFunc=lambda [](auto &, int)->__nv_bool]" at line 687 of /home/bwibking/regression-tests/quokka/extern/amrex/Src/Particle/AMReX_ParticleUtil.H
            instantiation of "int amrex::partitionParticlesByDest(PTile &, const PLocator &, const CellAssignor &, const amrex::ParticleBufferMap &, const amrex::GpuArray<amrex::Real, 3U> &, const amrex::GpuArray<amrex::Real, 3U> &, const amrex::GpuArray<amrex::Real, 3U> &, const amrex::GpuArray<amrex::Real, 3U> &, const amrex::GpuArray<int, 3U> &, int, int, int, int, int, int, __nv_bool) [with PTile=amrex::ParticleTile<amrex::Particle<4, 0>, 0, 0, amrex::DefaultAllocator>, PLocator=amrex::AmrAssignGrid<amrex::DenseBinIteratorFactory<amrex::Box>>, CellAssignor=amrex::DefaultAssignor]" at line 1451 of /home/bwibking/regression-tests/quokka/extern/amrex/Src/Particle/AMReX_ParticleContainerI.H
            instantiation of "void amrex::ParticleContainer_impl<T_ParticleType, T_NArrayReal, T_NArrayInt, Allocator, T_CellAssignor>::RedistributeGPU(int, int, int, int, __nv_bool) [with T_ParticleType=amrex::Particle<4, 0>, T_NArrayReal=0, T_NArrayInt=0, Allocator=amrex::DefaultAllocator, T_CellAssignor=amrex::DefaultAssignor]" at line 1203 of /home/bwibking/regression-tests/quokka/extern/amrex/Src/Particle/AMReX_ParticleContainerI.H
            instantiation of "void amrex::ParticleContainer_impl<T_ParticleType, T_NArrayReal, T_NArrayInt, Allocator, T_CellAssignor>::Redistribute(int, int, int, int, __nv_bool) [with T_ParticleType=amrex::Particle<4, 0>, T_NArrayReal=0, T_NArrayInt=0, Allocator=amrex::DefaultAllocator, T_CellAssignor=amrex::DefaultAssignor]" at line 1186 of /home/bwibking/regression-tests/quokka/extern/amrex/Src/Particle/AMReX_ParticleContainerI.H
            [ 6 instantiation contexts not shown ]
            instantiation of "quokka::PhysicsParticleDescriptor<ContainerType, problem_t, particleType>::PhysicsParticleDescriptor(ContainerType *, int, int, int, __nv_bool, __nv_bool) [with ContainerType=quokka::CICParticleContainer, problem_t=AgoraGalaxy, particleType=quokka::ParticleType::Rad]" at line 962 of /usr/include/c++/11/bits/unique_ptr.h
            instantiation of "std::_MakeUniq<_Tp>::__single_object std::make_unique<_Tp,_Args...>(_Args &&...) [with _Tp=quokka::PhysicsParticleDescriptor<quokka::CICParticleContainer, AgoraGalaxy, quokka::ParticleType::Rad>, _Args=<quokka::CICParticleContainer *&, int, quokka::RadParticleDataIdx, quokka::RadParticleDataIdx, __nv_bool, __nv_bool>]" at line 864 of /home/bwibking/regression-tests/quokka/src/particles/PhysicsParticles.hpp
            instantiation of "void quokka::PhysicsParticleRegister<problem_t>::registerParticleType(ContainerType *, quokka::ParticleType) [with problem_t=AgoraGalaxy, ContainerType=quokka::CICParticleContainer]" at line 2323 of /home/bwibking/regression-tests/quokka/src/simulation.hpp
            instantiation of "void AMRSimulation<problem_t>::InitPhyParticles() [with problem_t=AgoraGalaxy]" at line 827 of /home/bwibking/regression-tests/quokka/src/simulation.hpp
            instantiation of "void AMRSimulation<problem_t>::setInitialConditions() [with problem_t=AgoraGalaxy]" at line 397 of /home/bwibking/regression-tests/quokka/src/problems/DiskGalaxy/galaxy.cpp

/home/bwibking/regression-tests/quokka/extern/amrex/Src/Base/AMReX_Scan.H(853): warning #1444-D: class "cub::CUB_200802_SM_700::CountingInputIterator<int, ptrdiff_t>" was declared deprecated ("Use thrust::counting_iterator instead")
              input_begin(cub::CountingInputIterator<N>(0), input_lambda);
              ^
/usr/local/cuda-12.9/include/cub/iterator/counting_input_iterator.cuh(93): note #3287-D: because of a "deprecated" attribute
  class [[deprecated("Use thrust::counting_iterator instead")]] CountingInputIterator
          ^
          detected during:
            instantiation of "T amrex::Scan::PrefixSum<T,N,FIN,FOUT,TYPE,M>(N, const FIN &, const FOUT &, TYPE, amrex::Scan::RetSum) [with T=int, N=int, FIN=lambda [](int)->int, FOUT=lambda [](int, const int &)->void, TYPE=amrex::Scan::Type::Exclusive, M=void]" at line 575 of /home/bwibking/regression-tests/quokka/extern/amrex/Src/Particle/AMReX_ParticleUtil.H
            instantiation of "int amrex::partitionParticles(PTile &, const ParFunc &) [with PTile=amrex::ParticleTile<amrex::Particle<7, 1>, 0, 0, amrex::DefaultAllocator>, ParFunc=lambda [](auto &, int)->__nv_bool]" at line 687 of /home/bwibking/regression-tests/quokka/extern/amrex/Src/Particle/AMReX_ParticleUtil.H
            instantiation of "int amrex::partitionParticlesByDest(PTile &, const PLocator &, const CellAssignor &, const amrex::ParticleBufferMap &, const amrex::GpuArray<amrex::Real, 3U> &, const amrex::GpuArray<amrex::Real, 3U> &, const amrex::GpuArray<amrex::Real, 3U> &, const amrex::GpuArray<amrex::Real, 3U> &, const amrex::GpuArray<int, 3U> &, int, int, int, int, int, int, __nv_bool) [with PTile=amrex::ParticleTile<amrex::Particle<7, 1>, 0, 0, amrex::DefaultAllocator>, PLocator=amrex::AmrAssignGrid<amrex::DenseBinIteratorFactory<amrex::Box>>, CellAssignor=amrex::DefaultAssignor]" at line 1451 of /home/bwibking/regression-tests/quokka/extern/amrex/Src/Particle/AMReX_ParticleContainerI.H
            instantiation of "void amrex::ParticleContainer_impl<T_ParticleType, T_NArrayReal, T_NArrayInt, Allocator, T_CellAssignor>::RedistributeGPU(int, int, int, int, __nv_bool) [with T_ParticleType=amrex::Particle<7, 1>, T_NArrayReal=0, T_NArrayInt=0, Allocator=amrex::DefaultAllocator, T_CellAssignor=amrex::DefaultAssignor]" at line 1203 of /home/bwibking/regression-tests/quokka/extern/amrex/Src/Particle/AMReX_ParticleContainerI.H
            instantiation of "void amrex::ParticleContainer_impl<T_ParticleType, T_NArrayReal, T_NArrayInt, Allocator, T_CellAssignor>::Redistribute(int, int, int, int, __nv_bool) [with T_ParticleType=amrex::Particle<7, 1>, T_NArrayReal=0, T_NArrayInt=0, Allocator=amrex::DefaultAllocator, T_CellAssignor=amrex::DefaultAssignor]" at line 1186 of /home/bwibking/regression-tests/quokka/extern/amrex/Src/Particle/AMReX_ParticleContainerI.H
            [ 7 instantiation contexts not shown ]
            instantiation of "quokka::StarParticleDescriptor<ContainerType, problem_t, particleType>::StarParticleDescriptor(ContainerType *, int, int, int, __nv_bool, __nv_bool, int, __nv_bool) [with ContainerType=amrex::AmrParticleContainer_impl<amrex::Particle<7, 1>, 0, 0, amrex::DefaultAllocator, amrex::DefaultAssignor>, problem_t=AgoraGalaxy, particleType=quokka::ParticleType::StochasticStellarPop]" at line 962 of /usr/include/c++/11/bits/unique_ptr.h
            instantiation of "std::_MakeUniq<_Tp>::__single_object std::make_unique<_Tp,_Args...>(_Args &&...) [with _Tp=quokka::StarParticleDescriptor<amrex::AmrParticleContainer_impl<amrex::Particle<7, 1>, 0, 0, amrex::DefaultAllocator, amrex::DefaultAssignor>, AgoraGalaxy, quokka::ParticleType::StochasticStellarPop>, _Args=<amrex::AmrParticleContainer_impl<amrex::Particle<7, 1>, 0, 0, amrex::DefaultAllocator, amrex::DefaultAssignor> *&, quokka::StochasticStellarPopParticleDataIdx, quokka::StochasticStellarPopParticleDataIdx, quokka::StochasticStellarPopParticleDataIdx, __nv_bool, __nv_bool, const int &, __nv_bool>]" at line 895 of /home/bwibking/regression-tests/quokka/src/particles/PhysicsParticles.hpp
            instantiation of "void quokka::PhysicsParticleRegister<problem_t>::registerStarParticleType(ContainerType *, quokka::ParticleType) [with problem_t=AgoraGalaxy, ContainerType=amrex::AmrParticleContainer_impl<amrex::Particle<7, 1>, 0, 0, amrex::DefaultAllocator, amrex::DefaultAssignor>]" at line 2353 of /home/bwibking/regression-tests/quokka/src/simulation.hpp
            instantiation of "void AMRSimulation<problem_t>::InitPhyParticles() [with problem_t=AgoraGalaxy]" at line 827 of /home/bwibking/regression-tests/quokka/src/simulation.hpp
            instantiation of "void AMRSimulation<problem_t>::setInitialConditions() [with problem_t=AgoraGalaxy]" at line 397 of /home/bwibking/regression-tests/quokka/src/problems/DiskGalaxy/galaxy.cpp

nvlink warning : Stack size for entry function '_ZN5amrex13launch_globalILi256EZNS_11ParallelForILi256EZN16QuokkaSimulationI11AgoraGalaxyE26setInitialConditionsOnGridERKN6quokka4gridEEUliiiE_Li3EEENSt9enable_ifIXsr5amrex19MaybeDeviceRunnableIT0_vEE5valueEvE4typeERKNS_3Gpu10KernelInfoERKNS_5BoxNDIXT1_EEERKSB_EUlvE_EEvSB_' cannot be statically determined
nvlink warning : Stack size for entry function '_ZN5amrex13launch_globalILi256EZNS_11ParallelForILi256EZN16QuokkaSimulationI11AgoraGalaxyE26setInitialConditionsOnGridERKN6quokka4gridEEUliiiE_Li3EEENSt9enable_ifIXsr5amrex19MaybeDeviceRunnableIT0_vEE5valueEvE4typeERKNS_3Gpu10KernelInfoERKNS_5BoxNDIXT1_EEERKSB_EUlvE_EEvSB_' cannot be statically determined
nvlink warning : Stack size for entry function '_ZN5amrex13launch_globalILi256EZNS_11ParallelForILi256EZN16QuokkaSimulationI11AgoraGalaxyE26setInitialConditionsOnGridERKN6quokka4gridEEUliiiE_Li3EEENSt9enable_ifIXsr5amrex19MaybeDeviceRunnableIT0_vEE5valueEvE4typeERKNS_3Gpu10KernelInfoERKNS_5BoxNDIXT1_EEERKSB_EUlvE_EEvSB_' cannot be statically determined
nvlink warning : Stack size for entry function '_ZN5amrex13launch_globalILi256EZNS_11ParallelForILi256EZN16QuokkaSimulationI11AgoraGalaxyE26setInitialConditionsOnGridERKN6quokka4gridEEUliiiE_Li3EEENSt9enable_ifIXsr5amrex19MaybeDeviceRunnableIT0_vEE5valueEvE4typeERKNS_3Gpu10KernelInfoERKNS_5BoxNDIXT1_EEERKSB_EUlvE_EEvSB_' cannot be statically determined
nvlink warning : Stack size for entry function '_ZN5amrex13launch_globalILi256EZNS_11ParallelForILi256EZN16QuokkaSimulationI11AgoraGalaxyE26setInitialConditionsOnGridERKN6quokka4gridEEUliiiE_Li3EEENSt9enable_ifIXsr5amrex19MaybeDeviceRunnableIT0_vEE5valueEvE4typeERKNS_3Gpu10KernelInfoERKNS_5BoxNDIXT1_EEERKSB_EUlvE_EEvSB_' cannot be statically determined
nvlink warning : Stack size for entry function '_ZN5amrex13launch_globalILi256EZNS_11ParallelForILi256EZN16QuokkaSimulationI11AgoraGalaxyE26setInitialConditionsOnGridERKN6quokka4gridEEUliiiE_Li3EEENSt9enable_ifIXsr5amrex19MaybeDeviceRunnableIT0_vEE5valueEvE4typeERKNS_3Gpu10KernelInfoERKNS_5BoxNDIXT1_EEERKSB_EUlvE_EEvSB_' cannot be statically determined
nvlink warning : Stack size for entry function '_ZN5amrex13launch_globalILi256EZNS_11ParallelForILi256EZN16QuokkaSimulationI11AgoraGalaxyE26setInitialConditionsOnGridERKN6quokka4gridEEUliiiE_Li3EEENSt9enable_ifIXsr5amrex19MaybeDeviceRunnableIT0_vEE5valueEvE4typeERKNS_3Gpu10KernelInfoERKNS_5BoxNDIXT1_EEERKSB_EUlvE_EEvSB_' cannot be statically determined
nvlink warning : Stack size for entry function '_ZN5amrex13launch_globalILi256EZNS_11ParallelForILi256EZN16QuokkaSimulationI11AgoraGalaxyE26setInitialConditionsOnGridERKN6quokka4gridEEUliiiE_Li3EEENSt9enable_ifIXsr5amrex19MaybeDeviceRunnableIT0_vEE5valueEvE4typeERKNS_3Gpu10KernelInfoERKNS_5BoxNDIXT1_EEERKSB_EUlvE_EEvSB_' cannot be statically determined
