[  0%] Building CXX object fmt/CMakeFiles/fmt.dir/src/format.cc.o
[  0%] Building CXX object fmt/CMakeFiles/fmt.dir/src/os.cc.o
[  0%] Building CXX object yaml-cpp/CMakeFiles/yaml-cpp.dir/src/contrib/graphbuilder.cpp.o
[  0%] Building CXX object yaml-cpp/CMakeFiles/yaml-cpp.dir/src/contrib/graphbuilderadapter.cpp.o
[  0%] Building CXX object yaml-cpp/CMakeFiles/yaml-cpp.dir/src/binary.cpp.o
[  0%] Building CXX object yaml-cpp/CMakeFiles/yaml-cpp.dir/src/convert.cpp.o
[  0%] Building CXX object yaml-cpp/CMakeFiles/yaml-cpp.dir/src/depthguard.cpp.o
[  0%] Building CXX object yaml-cpp/CMakeFiles/yaml-cpp.dir/src/directives.cpp.o
[  0%] Building CXX object yaml-cpp/CMakeFiles/yaml-cpp.dir/src/emit.cpp.o
[  0%] Building CXX object yaml-cpp/CMakeFiles/yaml-cpp.dir/src/emitfromevents.cpp.o
[  0%] Building CXX object yaml-cpp/CMakeFiles/yaml-cpp.dir/src/emitter.cpp.o
[  9%] Building CXX object yaml-cpp/CMakeFiles/yaml-cpp.dir/src/emitterutils.cpp.o
[  9%] Building CXX object yaml-cpp/CMakeFiles/yaml-cpp.dir/src/emitterstate.cpp.o
[  9%] Building CXX object yaml-cpp/CMakeFiles/yaml-cpp.dir/src/exceptions.cpp.o
[  9%] Building CXX object yaml-cpp/CMakeFiles/yaml-cpp.dir/src/exp.cpp.o
[  9%] Building CUDA object amrex/Src/CMakeFiles/amrex_3d.dir/Base/AMReX_BlockMutex.cpp.o
[  9%] Building CUDA object amrex/Src/CMakeFiles/amrex_3d.dir/Base/AMReX.cpp.o
[  9%] Linking CXX static library libfmt.a
[ 18%] Building CXX object yaml-cpp/CMakeFiles/yaml-cpp.dir/src/fptostring.cpp.o
[ 18%] Building CUDA object amrex/Src/CMakeFiles/amrex_3d.dir/Base/AMReX_error_fi.cpp.o
[ 18%] Building CUDA object amrex/Src/CMakeFiles/amrex_3d.dir/Base/AMReX_Version.cpp.o
[ 18%] Building CUDA object amrex/Src/CMakeFiles/amrex_3d.dir/Base/AMReX_PODVector.cpp.o
[ 18%] Building CXX object yaml-cpp/CMakeFiles/yaml-cpp.dir/src/memory.cpp.o
[ 18%] Building CUDA object amrex/Src/CMakeFiles/amrex_3d.dir/Base/AMReX_ParmParse.cpp.o
[ 18%] Building CUDA object amrex/Src/CMakeFiles/amrex_3d.dir/Base/AMReX_parmparse_fi.cpp.o
[ 18%] Building CXX object yaml-cpp/CMakeFiles/yaml-cpp.dir/src/node.cpp.o
[ 18%] Building CUDA object amrex/Src/CMakeFiles/amrex_3d.dir/Base/AMReX_String.cpp.o
[ 18%] Building CUDA object amrex/Src/CMakeFiles/amrex_3d.dir/Base/AMReX_Utility.cpp.o
[ 18%] Building CXX object yaml-cpp/CMakeFiles/yaml-cpp.dir/src/node_data.cpp.o
[ 18%] Building CXX object yaml-cpp/CMakeFiles/yaml-cpp.dir/src/nodebuilder.cpp.o
[ 18%] Building CUDA object amrex/Src/CMakeFiles/amrex_3d.dir/Base/AMReX_FileSystem.cpp.o
[ 18%] Building CUDA object amrex/Src/CMakeFiles/amrex_3d.dir/Base/AMReX_Random.cpp.o
[ 18%] Building CUDA object amrex/Src/CMakeFiles/amrex_3d.dir/Base/AMReX_DistributionMapping.cpp.o
[ 18%] Building CXX object yaml-cpp/CMakeFiles/yaml-cpp.dir/src/nodeevents.cpp.o
[ 18%] Building CUDA object amrex/Src/CMakeFiles/amrex_3d.dir/Base/AMReX_ParallelDescriptor.cpp.o
[ 18%] Building CXX object yaml-cpp/CMakeFiles/yaml-cpp.dir/src/null.cpp.o
[ 18%] Building CUDA object amrex/Src/CMakeFiles/amrex_3d.dir/Base/AMReX_OpenMP.cpp.o
[ 18%] Building CXX object yaml-cpp/CMakeFiles/yaml-cpp.dir/src/ostream_wrapper.cpp.o
[ 18%] Built target fmt
[ 18%] Building CUDA object amrex/Src/CMakeFiles/amrex_3d.dir/Base/AMReX_ForkJoin.cpp.o
[ 18%] Building CUDA object amrex/Src/CMakeFiles/amrex_3d.dir/Base/AMReX_ParallelContext.cpp.o
[ 27%] Building CUDA object amrex/Src/CMakeFiles/amrex_3d.dir/Base/AMReX_VisMF.cpp.o
[ 27%] Building CXX object yaml-cpp/CMakeFiles/yaml-cpp.dir/src/parser.cpp.o
[ 27%] Building CXX object yaml-cpp/CMakeFiles/yaml-cpp.dir/src/parse.cpp.o
[ 27%] Building CXX object yaml-cpp/CMakeFiles/yaml-cpp.dir/src/regex_yaml.cpp.o
[ 27%] Building CUDA object amrex/Src/CMakeFiles/amrex_3d.dir/Base/AMReX_AsyncOut.cpp.o
[ 36%] Building CXX object yaml-cpp/CMakeFiles/yaml-cpp.dir/src/scanscalar.cpp.o
[ 36%] Building CXX object yaml-cpp/CMakeFiles/yaml-cpp.dir/src/scantag.cpp.o
[ 36%] Building CXX object yaml-cpp/CMakeFiles/yaml-cpp.dir/src/scanner.cpp.o
[ 36%] Building CXX object yaml-cpp/CMakeFiles/yaml-cpp.dir/src/scantoken.cpp.o
[ 36%] Building CUDA object amrex/Src/CMakeFiles/amrex_3d.dir/Base/AMReX_BackgroundThread.cpp.o
[ 36%] Building CXX object yaml-cpp/CMakeFiles/yaml-cpp.dir/src/simplekey.cpp.o
[ 36%] Building CUDA object amrex/Src/CMakeFiles/amrex_3d.dir/Base/AMReX_Arena.cpp.o
[ 36%] Building CXX object yaml-cpp/CMakeFiles/yaml-cpp.dir/src/singledocparser.cpp.o
[ 36%] Building CXX object yaml-cpp/CMakeFiles/yaml-cpp.dir/src/stream.cpp.o
[ 36%] Building CXX object yaml-cpp/CMakeFiles/yaml-cpp.dir/src/tag.cpp.o
[ 36%] Building CUDA object amrex/Src/CMakeFiles/amrex_3d.dir/Base/AMReX_BArena.cpp.o
[ 36%] Building CUDA object amrex/Src/CMakeFiles/amrex_3d.dir/Base/AMReX_CArena.cpp.o
[ 36%] Building CUDA object amrex/Src/CMakeFiles/amrex_3d.dir/Base/AMReX_PArena.cpp.o
[ 36%] Building CUDA object amrex/Src/CMakeFiles/amrex_3d.dir/Base/AMReX_BLBackTrace.cpp.o
[ 36%] Building CUDA object amrex/Src/CMakeFiles/amrex_3d.dir/Base/AMReX_NFiles.cpp.o
[ 36%] Building CUDA object amrex/Src/CMakeFiles/amrex_3d.dir/Base/AMReX_parstream.cpp.o
[ 36%] Building CUDA object amrex/Src/CMakeFiles/amrex_3d.dir/Base/AMReX_FabConv.cpp.o
[ 36%] Building CUDA object amrex/Src/CMakeFiles/amrex_3d.dir/Base/AMReX_FPC.cpp.o
[ 36%] Building CUDA object amrex/Src/CMakeFiles/amrex_3d.dir/Base/AMReX_VectorIO.cpp.o
[ 36%] Building CUDA object amrex/Src/CMakeFiles/amrex_3d.dir/Base/AMReX_IntConv.cpp.o
[ 36%] Building CUDA object amrex/Src/CMakeFiles/amrex_3d.dir/Base/AMReX_Box.cpp.o
[ 45%] Building CUDA object amrex/Src/CMakeFiles/amrex_3d.dir/Base/AMReX_IndexType.cpp.o
[ 45%] Building CUDA object amrex/Src/CMakeFiles/amrex_3d.dir/Base/AMReX_IntVect.cpp.o
[ 45%] Building CUDA object amrex/Src/CMakeFiles/amrex_3d.dir/Base/AMReX_Orientation.cpp.o
[ 45%] Building CUDA object amrex/Src/CMakeFiles/amrex_3d.dir/Base/AMReX_Periodicity.cpp.o
[ 45%] Building CUDA object amrex/Src/CMakeFiles/amrex_3d.dir/Base/AMReX_RealBox.cpp.o
[ 45%] Linking CXX static library libyaml-cpp.a
[ 45%] Building CUDA object amrex/Src/CMakeFiles/amrex_3d.dir/Base/AMReX_RealVect.cpp.o
[ 45%] Building CUDA object amrex/Src/CMakeFiles/amrex_3d.dir/Base/AMReX_BoxList.cpp.o
[ 45%] Building CUDA object amrex/Src/CMakeFiles/amrex_3d.dir/Base/AMReX_BoxArray.cpp.o
[ 45%] Building CUDA object amrex/Src/CMakeFiles/amrex_3d.dir/Base/AMReX_BoxDomain.cpp.o
[ 45%] Building CUDA object amrex/Src/CMakeFiles/amrex_3d.dir/Base/AMReX_FArrayBox.cpp.o
[ 45%] Building CUDA object amrex/Src/CMakeFiles/amrex_3d.dir/Base/AMReX_IArrayBox.cpp.o
[ 45%] Building CUDA object amrex/Src/CMakeFiles/amrex_3d.dir/Base/AMReX_BaseFab.cpp.o
[ 45%] Building CUDA object amrex/Src/CMakeFiles/amrex_3d.dir/Base/AMReX_MultiFab.cpp.o
[ 45%] Building CUDA object amrex/Src/CMakeFiles/amrex_3d.dir/Base/AMReX_MFCopyDescriptor.cpp.o
[ 45%] Building CUDA object amrex/Src/CMakeFiles/amrex_3d.dir/Base/AMReX_iMultiFab.cpp.o
[ 54%] Building CUDA object amrex/Src/CMakeFiles/amrex_3d.dir/Base/AMReX_FabArrayBase.cpp.o
[ 54%] Building CUDA object amrex/Src/CMakeFiles/amrex_3d.dir/Base/AMReX_MFIter.cpp.o
[ 54%] Building CUDA object amrex/Src/CMakeFiles/amrex_3d.dir/Base/AMReX_CoordSys.cpp.o
[ 54%] Building CUDA object amrex/Src/CMakeFiles/amrex_3d.dir/Base/AMReX_Geometry.cpp.o
[ 54%] Building CUDA object amrex/Src/CMakeFiles/amrex_3d.dir/Base/AMReX_MultiFabUtil.cpp.o
[ 54%] Building CUDA object amrex/Src/CMakeFiles/amrex_3d.dir/Base/AMReX_BCRec.cpp.o
[ 54%] Building CUDA object amrex/Src/CMakeFiles/amrex_3d.dir/Base/AMReX_PhysBCFunct.cpp.o
[ 54%] Building CUDA object amrex/Src/CMakeFiles/amrex_3d.dir/Base/AMReX_BCUtil.cpp.o
[ 54%] Building CUDA object amrex/Src/CMakeFiles/amrex_3d.dir/Base/AMReX_FilCC_C.cpp.o
[ 54%] Building CUDA object amrex/Src/CMakeFiles/amrex_3d.dir/Base/AMReX_FilFC_C.cpp.o
[ 54%] Building CUDA object amrex/Src/CMakeFiles/amrex_3d.dir/Base/AMReX_FilND_C.cpp.o
[ 54%] Building CUDA object amrex/Src/CMakeFiles/amrex_3d.dir/Base/AMReX_NonLocalBC.cpp.o
[ 54%] Building CUDA object amrex/Src/CMakeFiles/amrex_3d.dir/Base/AMReX_PlotFileUtil.cpp.o
[ 54%] Building CUDA object amrex/Src/CMakeFiles/amrex_3d.dir/Base/AMReX_PlotFileDataImpl.cpp.o
[ 63%] Building CUDA object amrex/Src/CMakeFiles/amrex_3d.dir/Base/AMReX_GpuDevice.cpp.o
[ 63%] Building CUDA object amrex/Src/CMakeFiles/amrex_3d.dir/Base/AMReX_GpuControl.cpp.o
[ 63%] Built target yaml-cpp
[ 63%] Building CUDA object amrex/Src/CMakeFiles/amrex_3d.dir/Base/AMReX_GpuUtility.cpp.o
[ 63%] Building CUDA object amrex/Src/CMakeFiles/amrex_3d.dir/Base/AMReX_GpuAsyncArray.cpp.o
[ 63%] Building CUDA object amrex/Src/CMakeFiles/amrex_3d.dir/Base/AMReX_GpuElixir.cpp.o
[ 63%] Building CUDA object amrex/Src/CMakeFiles/amrex_3d.dir/Base/AMReX_Machine.cpp.o
[ 63%] Building CUDA object amrex/Src/CMakeFiles/amrex_3d.dir/Base/AMReX_MemPool.cpp.o
[ 63%] Building CUDA object amrex/Src/CMakeFiles/amrex_3d.dir/Base/Parser/AMReX_Parser.cpp.o
[ 63%] Building CUDA object amrex/Src/CMakeFiles/amrex_3d.dir/Base/Parser/AMReX_Parser_Exe.cpp.o
[ 63%] Building CUDA object amrex/Src/CMakeFiles/amrex_3d.dir/Base/Parser/AMReX_Parser_Y.cpp.o
[ 63%] Building CUDA object amrex/Src/CMakeFiles/amrex_3d.dir/Base/Parser/amrex_parser.lex.cpp.o
[ 63%] Building CUDA object amrex/Src/CMakeFiles/amrex_3d.dir/Base/Parser/amrex_parser.tab.cpp.o
[ 63%] Building CUDA object amrex/Src/CMakeFiles/amrex_3d.dir/Base/Parser/AMReX_IParser.cpp.o
[ 63%] Building CUDA object amrex/Src/CMakeFiles/amrex_3d.dir/Base/Parser/AMReX_IParser_Exe.cpp.o
[ 63%] Building CUDA object amrex/Src/CMakeFiles/amrex_3d.dir/Base/Parser/AMReX_IParser_Y.cpp.o
[ 72%] Building CUDA object amrex/Src/CMakeFiles/amrex_3d.dir/Base/Parser/amrex_iparser.tab.cpp.o
[ 72%] Building CUDA object amrex/Src/CMakeFiles/amrex_3d.dir/Base/Parser/amrex_iparser.lex.cpp.o
[ 72%] Building CUDA object amrex/Src/CMakeFiles/amrex_3d.dir/Base/AMReX_BLProfiler.cpp.o
[ 72%] Building CUDA object amrex/Src/CMakeFiles/amrex_3d.dir/Base/AMReX_TinyProfiler.cpp.o
[ 72%] Building CUDA object amrex/Src/CMakeFiles/amrex_3d.dir/Base/AMReX_MPMD.cpp.o
[ 72%] Building CUDA object amrex/Src/CMakeFiles/amrex_3d.dir/Boundary/AMReX_Mask.cpp.o
[ 72%] Building CUDA object amrex/Src/CMakeFiles/amrex_3d.dir/Boundary/AMReX_MultiMask.cpp.o
[ 72%] Building CUDA object amrex/Src/CMakeFiles/amrex_3d.dir/Boundary/AMReX_LO_BCTYPES.cpp.o
[ 72%] Building CUDA object amrex/Src/CMakeFiles/amrex_3d.dir/Boundary/AMReX_EdgeFluxRegister.cpp.o
[ 72%] Building CUDA object amrex/Src/CMakeFiles/amrex_3d.dir/AmrCore/AMReX_AmrCore.cpp.o
[ 72%] Building CUDA object amrex/Src/CMakeFiles/amrex_3d.dir/AmrCore/AMReX_Cluster.cpp.o
[ 72%] Building CUDA object amrex/Src/CMakeFiles/amrex_3d.dir/AmrCore/AMReX_ErrorList.cpp.o
[ 72%] Building CUDA object amrex/Src/CMakeFiles/amrex_3d.dir/AmrCore/AMReX_FillPatchUtil.cpp.o
[ 72%] Building CUDA object amrex/Src/CMakeFiles/amrex_3d.dir/AmrCore/AMReX_FluxRegister.cpp.o
[ 81%] Building CUDA object amrex/Src/CMakeFiles/amrex_3d.dir/AmrCore/AMReX_InterpBase.cpp.o
[ 81%] Building CUDA object amrex/Src/CMakeFiles/amrex_3d.dir/AmrCore/AMReX_Interpolater.cpp.o
[ 81%] Building CUDA object amrex/Src/CMakeFiles/amrex_3d.dir/AmrCore/AMReX_MFInterpolater.cpp.o
[ 81%] Building CUDA object amrex/Src/CMakeFiles/amrex_3d.dir/AmrCore/AMReX_TagBox.cpp.o
[ 81%] Building CUDA object amrex/Src/CMakeFiles/amrex_3d.dir/AmrCore/AMReX_AmrMesh.cpp.o
[ 81%] Building CUDA object amrex/Src/CMakeFiles/amrex_3d.dir/AmrCore/AMReX_InterpFaceRegister.cpp.o
[ 81%] Building CUDA object amrex/Src/CMakeFiles/amrex_3d.dir/LinearSolvers/MLMG/AMReX_MLMG.cpp.o
[ 81%] Building CUDA object amrex/Src/CMakeFiles/amrex_3d.dir/LinearSolvers/MLMG/AMReX_MLNodeLinOp.cpp.o
[ 81%] Building CUDA object amrex/Src/CMakeFiles/amrex_3d.dir/LinearSolvers/AMReX_AlgPartition.cpp.o
[ 81%] Building CUDA object amrex/Src/CMakeFiles/amrex_3d.dir/LinearSolvers/OpenBC/AMReX_OpenBC.cpp.o
[ 81%] Building CUDA object amrex/Src/CMakeFiles/amrex_3d.dir/Particle/AMReX_TracerParticles.cpp.o
[ 81%] Building CUDA object amrex/Src/CMakeFiles/amrex_3d.dir/Particle/AMReX_ParticleMPIUtil.cpp.o
[ 81%] Building CUDA object amrex/Src/CMakeFiles/amrex_3d.dir/Particle/AMReX_ParticleUtil.cpp.o
[ 81%] Building CUDA object amrex/Src/CMakeFiles/amrex_3d.dir/Particle/AMReX_ParticleBufferMap.cpp.o
[ 81%] Building CUDA object amrex/Src/CMakeFiles/amrex_3d.dir/Particle/AMReX_ParticleCommunication.cpp.o
[ 90%] Building CUDA object amrex/Src/CMakeFiles/amrex_3d.dir/Particle/AMReX_ParticleContainerBase.cpp.o
[ 90%] Linking CUDA static library libamrex_3d.a
[ 90%] Built target amrex_3d
[ 90%] Building CUDA object src/problems/SphericalCollapse/CMakeFiles/SphericalCollapse.dir/testSphericalCollapse.cpp.o
[ 90%] Building CUDA object src/problems/SphericalCollapse/CMakeFiles/SphericalCollapse.dir/__/__/main.cpp.o
[ 90%] Building CUDA object src/problems/SphericalCollapse/CMakeFiles/SphericalCollapse.dir/__/__/io/DiagBase.cpp.o
[ 90%] Building CUDA object src/problems/SphericalCollapse/CMakeFiles/SphericalCollapse.dir/__/__/io/DiagFilter.cpp.o
[ 90%] Building CUDA object src/problems/SphericalCollapse/CMakeFiles/SphericalCollapse.dir/__/__/io/DiagFramePlane.cpp.o
[ 90%] Building CUDA object src/problems/SphericalCollapse/CMakeFiles/SphericalCollapse.dir/__/__/io/DiagPDF.cpp.o
[100%] Building CUDA object src/problems/SphericalCollapse/CMakeFiles/SphericalCollapse.dir/__/__/io/DiagProjectionPlot.cpp.o
[100%] Building CUDA object src/problems/SphericalCollapse/CMakeFiles/SphericalCollapse.dir/__/__/cooling/ResampledCooling.cpp.o
[100%] Building CUDA object src/problems/SphericalCollapse/CMakeFiles/SphericalCollapse.dir/__/__/io/projection.cpp.o
[100%] Building CUDA object src/problems/SphericalCollapse/CMakeFiles/SphericalCollapse.dir/__/__/io/DiagPlotfile.cpp.o
[100%] Building CUDA object src/problems/SphericalCollapse/CMakeFiles/SphericalCollapse.dir/__/__/util/fextract.cpp.o
[100%] Building CUDA object src/problems/SphericalCollapse/CMakeFiles/SphericalCollapse.dir/__/__/__/extern/Microphysics/interfaces/eos_data.cpp.o
[100%] Building CUDA object src/problems/SphericalCollapse/CMakeFiles/SphericalCollapse.dir/__/__/__/extern/Microphysics/interfaces/network_initialization.cpp.o
[100%] Building CUDA object src/problems/SphericalCollapse/CMakeFiles/SphericalCollapse.dir/__/__/extern_parameters.cpp.o
[100%] Linking CUDA device code CMakeFiles/SphericalCollapse.dir/cmake_device_link.o
[100%] Linking CXX executable SphericalCollapse
[100%] Built target SphericalCollapse
nvcc warning : Support for offline compilation for architectures prior to '<compute/sm/lto>_75' will be removed in a future release (Use -Wno-deprecated-gpu-targets to suppress warning).
nvcc warning : Support for offline compilation for architectures prior to '<compute/sm/lto>_75' will be removed in a future release (Use -Wno-deprecated-gpu-targets to suppress warning).
nvcc warning : Support for offline compilation for architectures prior to '<compute/sm/lto>_75' will be removed in a future release (Use -Wno-deprecated-gpu-targets to suppress warning).
nvcc warning : Support for offline compilation for architectures prior to '<compute/sm/lto>_75' will be removed in a future release (Use -Wno-deprecated-gpu-targets to suppress warning).
nvcc warning : Support for offline compilation for architectures prior to '<compute/sm/lto>_75' will be removed in a future release (Use -Wno-deprecated-gpu-targets to suppress warning).
nvcc warning : Support for offline compilation for architectures prior to '<compute/sm/lto>_75' will be removed in a future release (Use -Wno-deprecated-gpu-targets to suppress warning).
nvcc warning : Support for offline compilation for architectures prior to '<compute/sm/lto>_75' will be removed in a future release (Use -Wno-deprecated-gpu-targets to suppress warning).
nvcc warning : Support for offline compilation for architectures prior to '<compute/sm/lto>_75' will be removed in a future release (Use -Wno-deprecated-gpu-targets to suppress warning).
nvcc warning : Support for offline compilation for architectures prior to '<compute/sm/lto>_75' will be removed in a future release (Use -Wno-deprecated-gpu-targets to suppress warning).
nvcc warning : Support for offline compilation for architectures prior to '<compute/sm/lto>_75' will be removed in a future release (Use -Wno-deprecated-gpu-targets to suppress warning).
nvcc warning : Support for offline compilation for architectures prior to '<compute/sm/lto>_75' will be removed in a future release (Use -Wno-deprecated-gpu-targets to suppress warning).
nvcc warning : Support for offline compilation for architectures prior to '<compute/sm/lto>_75' will be removed in a future release (Use -Wno-deprecated-gpu-targets to suppress warning).
nvcc warning : Support for offline compilation for architectures prior to '<compute/sm/lto>_75' will be removed in a future release (Use -Wno-deprecated-gpu-targets to suppress warning).
nvcc warning : Support for offline compilation for architectures prior to '<compute/sm/lto>_75' will be removed in a future release (Use -Wno-deprecated-gpu-targets to suppress warning).
nvcc warning : Support for offline compilation for architectures prior to '<compute/sm/lto>_75' will be removed in a future release (Use -Wno-deprecated-gpu-targets to suppress warning).
nvcc warning : Support for offline compilation for architectures prior to '<compute/sm/lto>_75' will be removed in a future release (Use -Wno-deprecated-gpu-targets to suppress warning).
nvcc warning : Support for offline compilation for architectures prior to '<compute/sm/lto>_75' will be removed in a future release (Use -Wno-deprecated-gpu-targets to suppress warning).
nvcc warning : Support for offline compilation for architectures prior to '<compute/sm/lto>_75' will be removed in a future release (Use -Wno-deprecated-gpu-targets to suppress warning).
nvcc warning : Support for offline compilation for architectures prior to '<compute/sm/lto>_75' will be removed in a future release (Use -Wno-deprecated-gpu-targets to suppress warning).
nvcc warning : Support for offline compilation for architectures prior to '<compute/sm/lto>_75' will be removed in a future release (Use -Wno-deprecated-gpu-targets to suppress warning).
nvcc warning : Support for offline compilation for architectures prior to '<compute/sm/lto>_75' will be removed in a future release (Use -Wno-deprecated-gpu-targets to suppress warning).
nvcc warning : Support for offline compilation for architectures prior to '<compute/sm/lto>_75' will be removed in a future release (Use -Wno-deprecated-gpu-targets to suppress warning).
nvcc warning : Support for offline compilation for architectures prior to '<compute/sm/lto>_75' will be removed in a future release (Use -Wno-deprecated-gpu-targets to suppress warning).
nvcc warning : Support for offline compilation for architectures prior to '<compute/sm/lto>_75' will be removed in a future release (Use -Wno-deprecated-gpu-targets to suppress warning).
nvcc warning : Support for offline compilation for architectures prior to '<compute/sm/lto>_75' will be removed in a future release (Use -Wno-deprecated-gpu-targets to suppress warning).
nvcc warning : Support for offline compilation for architectures prior to '<compute/sm/lto>_75' will be removed in a future release (Use -Wno-deprecated-gpu-targets to suppress warning).
nvcc warning : Support for offline compilation for architectures prior to '<compute/sm/lto>_75' will be removed in a future release (Use -Wno-deprecated-gpu-targets to suppress warning).
nvcc warning : Support for offline compilation for architectures prior to '<compute/sm/lto>_75' will be removed in a future release (Use -Wno-deprecated-gpu-targets to suppress warning).
nvcc warning : Support for offline compilation for architectures prior to '<compute/sm/lto>_75' will be removed in a future release (Use -Wno-deprecated-gpu-targets to suppress warning).
nvcc warning : Support for offline compilation for architectures prior to '<compute/sm/lto>_75' will be removed in a future release (Use -Wno-deprecated-gpu-targets to suppress warning).
nvcc warning : Support for offline compilation for architectures prior to '<compute/sm/lto>_75' will be removed in a future release (Use -Wno-deprecated-gpu-targets to suppress warning).
nvcc warning : Support for offline compilation for architectures prior to '<compute/sm/lto>_75' will be removed in a future release (Use -Wno-deprecated-gpu-targets to suppress warning).
nvcc warning : Support for offline compilation for architectures prior to '<compute/sm/lto>_75' will be removed in a future release (Use -Wno-deprecated-gpu-targets to suppress warning).
nvcc warning : Support for offline compilation for architectures prior to '<compute/sm/lto>_75' will be removed in a future release (Use -Wno-deprecated-gpu-targets to suppress warning).
nvcc warning : Support for offline compilation for architectures prior to '<compute/sm/lto>_75' will be removed in a future release (Use -Wno-deprecated-gpu-targets to suppress warning).
nvcc warning : Support for offline compilation for architectures prior to '<compute/sm/lto>_75' will be removed in a future release (Use -Wno-deprecated-gpu-targets to suppress warning).
nvcc warning : Support for offline compilation for architectures prior to '<compute/sm/lto>_75' will be removed in a future release (Use -Wno-deprecated-gpu-targets to suppress warning).
nvcc warning : Support for offline compilation for architectures prior to '<compute/sm/lto>_75' will be removed in a future release (Use -Wno-deprecated-gpu-targets to suppress warning).
nvcc warning : Support for offline compilation for architectures prior to '<compute/sm/lto>_75' will be removed in a future release (Use -Wno-deprecated-gpu-targets to suppress warning).
nvcc warning : Support for offline compilation for architectures prior to '<compute/sm/lto>_75' will be removed in a future release (Use -Wno-deprecated-gpu-targets to suppress warning).
nvcc warning : Support for offline compilation for architectures prior to '<compute/sm/lto>_75' will be removed in a future release (Use -Wno-deprecated-gpu-targets to suppress warning).
nvcc warning : Support for offline compilation for architectures prior to '<compute/sm/lto>_75' will be removed in a future release (Use -Wno-deprecated-gpu-targets to suppress warning).
nvcc warning : Support for offline compilation for architectures prior to '<compute/sm/lto>_75' will be removed in a future release (Use -Wno-deprecated-gpu-targets to suppress warning).
nvcc warning : Support for offline compilation for architectures prior to '<compute/sm/lto>_75' will be removed in a future release (Use -Wno-deprecated-gpu-targets to suppress warning).
nvcc warning : Support for offline compilation for architectures prior to '<compute/sm/lto>_75' will be removed in a future release (Use -Wno-deprecated-gpu-targets to suppress warning).
nvcc warning : Support for offline compilation for architectures prior to '<compute/sm/lto>_75' will be removed in a future release (Use -Wno-deprecated-gpu-targets to suppress warning).
nvcc warning : Support for offline compilation for architectures prior to '<compute/sm/lto>_75' will be removed in a future release (Use -Wno-deprecated-gpu-targets to suppress warning).
nvcc warning : Support for offline compilation for architectures prior to '<compute/sm/lto>_75' will be removed in a future release (Use -Wno-deprecated-gpu-targets to suppress warning).
nvcc warning : Support for offline compilation for architectures prior to '<compute/sm/lto>_75' will be removed in a future release (Use -Wno-deprecated-gpu-targets to suppress warning).
nvcc warning : Support for offline compilation for architectures prior to '<compute/sm/lto>_75' will be removed in a future release (Use -Wno-deprecated-gpu-targets to suppress warning).
nvcc warning : Support for offline compilation for architectures prior to '<compute/sm/lto>_75' will be removed in a future release (Use -Wno-deprecated-gpu-targets to suppress warning).
nvcc warning : Support for offline compilation for architectures prior to '<compute/sm/lto>_75' will be removed in a future release (Use -Wno-deprecated-gpu-targets to suppress warning).
nvcc warning : Support for offline compilation for architectures prior to '<compute/sm/lto>_75' will be removed in a future release (Use -Wno-deprecated-gpu-targets to suppress warning).
nvcc warning : Support for offline compilation for architectures prior to '<compute/sm/lto>_75' will be removed in a future release (Use -Wno-deprecated-gpu-targets to suppress warning).
nvcc warning : Support for offline compilation for architectures prior to '<compute/sm/lto>_75' will be removed in a future release (Use -Wno-deprecated-gpu-targets to suppress warning).
nvcc warning : Support for offline compilation for architectures prior to '<compute/sm/lto>_75' will be removed in a future release (Use -Wno-deprecated-gpu-targets to suppress warning).
nvcc warning : Support for offline compilation for architectures prior to '<compute/sm/lto>_75' will be removed in a future release (Use -Wno-deprecated-gpu-targets to suppress warning).
nvcc warning : Support for offline compilation for architectures prior to '<compute/sm/lto>_75' will be removed in a future release (Use -Wno-deprecated-gpu-targets to suppress warning).
nvcc warning : Support for offline compilation for architectures prior to '<compute/sm/lto>_75' will be removed in a future release (Use -Wno-deprecated-gpu-targets to suppress warning).
nvcc warning : Support for offline compilation for architectures prior to '<compute/sm/lto>_75' will be removed in a future release (Use -Wno-deprecated-gpu-targets to suppress warning).
nvcc warning : Support for offline compilation for architectures prior to '<compute/sm/lto>_75' will be removed in a future release (Use -Wno-deprecated-gpu-targets to suppress warning).
nvcc warning : Support for offline compilation for architectures prior to '<compute/sm/lto>_75' will be removed in a future release (Use -Wno-deprecated-gpu-targets to suppress warning).
nvcc warning : Support for offline compilation for architectures prior to '<compute/sm/lto>_75' will be removed in a future release (Use -Wno-deprecated-gpu-targets to suppress warning).
nvcc warning : Support for offline compilation for architectures prior to '<compute/sm/lto>_75' will be removed in a future release (Use -Wno-deprecated-gpu-targets to suppress warning).
nvcc warning : Support for offline compilation for architectures prior to '<compute/sm/lto>_75' will be removed in a future release (Use -Wno-deprecated-gpu-targets to suppress warning).
nvcc warning : Support for offline compilation for architectures prior to '<compute/sm/lto>_75' will be removed in a future release (Use -Wno-deprecated-gpu-targets to suppress warning).
nvcc warning : Support for offline compilation for architectures prior to '<compute/sm/lto>_75' will be removed in a future release (Use -Wno-deprecated-gpu-targets to suppress warning).
nvcc warning : Support for offline compilation for architectures prior to '<compute/sm/lto>_75' will be removed in a future release (Use -Wno-deprecated-gpu-targets to suppress warning).
nvcc warning : Support for offline compilation for architectures prior to '<compute/sm/lto>_75' will be removed in a future release (Use -Wno-deprecated-gpu-targets to suppress warning).
nvcc warning : Support for offline compilation for architectures prior to '<compute/sm/lto>_75' will be removed in a future release (Use -Wno-deprecated-gpu-targets to suppress warning).
nvcc warning : Support for offline compilation for architectures prior to '<compute/sm/lto>_75' will be removed in a future release (Use -Wno-deprecated-gpu-targets to suppress warning).
nvcc warning : Support for offline compilation for architectures prior to '<compute/sm/lto>_75' will be removed in a future release (Use -Wno-deprecated-gpu-targets to suppress warning).
nvcc warning : Support for offline compilation for architectures prior to '<compute/sm/lto>_75' will be removed in a future release (Use -Wno-deprecated-gpu-targets to suppress warning).
nvcc warning : Support for offline compilation for architectures prior to '<compute/sm/lto>_75' will be removed in a future release (Use -Wno-deprecated-gpu-targets to suppress warning).
nvcc warning : Support for offline compilation for architectures prior to '<compute/sm/lto>_75' will be removed in a future release (Use -Wno-deprecated-gpu-targets to suppress warning).
nvcc warning : Support for offline compilation for architectures prior to '<compute/sm/lto>_75' will be removed in a future release (Use -Wno-deprecated-gpu-targets to suppress warning).
nvcc warning : Support for offline compilation for architectures prior to '<compute/sm/lto>_75' will be removed in a future release (Use -Wno-deprecated-gpu-targets to suppress warning).
nvcc warning : Support for offline compilation for architectures prior to '<compute/sm/lto>_75' will be removed in a future release (Use -Wno-deprecated-gpu-targets to suppress warning).
nvcc warning : Support for offline compilation for architectures prior to '<compute/sm/lto>_75' will be removed in a future release (Use -Wno-deprecated-gpu-targets to suppress warning).
nvcc warning : Support for offline compilation for architectures prior to '<compute/sm/lto>_75' will be removed in a future release (Use -Wno-deprecated-gpu-targets to suppress warning).
nvcc warning : Support for offline compilation for architectures prior to '<compute/sm/lto>_75' will be removed in a future release (Use -Wno-deprecated-gpu-targets to suppress warning).
nvcc warning : Support for offline compilation for architectures prior to '<compute/sm/lto>_75' will be removed in a future release (Use -Wno-deprecated-gpu-targets to suppress warning).
nvcc warning : Support for offline compilation for architectures prior to '<compute/sm/lto>_75' will be removed in a future release (Use -Wno-deprecated-gpu-targets to suppress warning).
nvcc warning : Support for offline compilation for architectures prior to '<compute/sm/lto>_75' will be removed in a future release (Use -Wno-deprecated-gpu-targets to suppress warning).
nvcc warning : Support for offline compilation for architectures prior to '<compute/sm/lto>_75' will be removed in a future release (Use -Wno-deprecated-gpu-targets to suppress warning).
nvcc warning : Support for offline compilation for architectures prior to '<compute/sm/lto>_75' will be removed in a future release (Use -Wno-deprecated-gpu-targets to suppress warning).
nvcc warning : Support for offline compilation for architectures prior to '<compute/sm/lto>_75' will be removed in a future release (Use -Wno-deprecated-gpu-targets to suppress warning).
nvcc warning : Support for offline compilation for architectures prior to '<compute/sm/lto>_75' will be removed in a future release (Use -Wno-deprecated-gpu-targets to suppress warning).
nvcc warning : Support for offline compilation for architectures prior to '<compute/sm/lto>_75' will be removed in a future release (Use -Wno-deprecated-gpu-targets to suppress warning).
nvcc warning : Support for offline compilation for architectures prior to '<compute/sm/lto>_75' will be removed in a future release (Use -Wno-deprecated-gpu-targets to suppress warning).
nvcc warning : Support for offline compilation for architectures prior to '<compute/sm/lto>_75' will be removed in a future release (Use -Wno-deprecated-gpu-targets to suppress warning).
nvcc warning : Support for offline compilation for architectures prior to '<compute/sm/lto>_75' will be removed in a future release (Use -Wno-deprecated-gpu-targets to suppress warning).
nvcc warning : Support for offline compilation for architectures prior to '<compute/sm/lto>_75' will be removed in a future release (Use -Wno-deprecated-gpu-targets to suppress warning).
nvcc warning : Support for offline compilation for architectures prior to '<compute/sm/lto>_75' will be removed in a future release (Use -Wno-deprecated-gpu-targets to suppress warning).
nvcc warning : Support for offline compilation for architectures prior to '<compute/sm/lto>_75' will be removed in a future release (Use -Wno-deprecated-gpu-targets to suppress warning).
nvcc warning : Support for offline compilation for architectures prior to '<compute/sm/lto>_75' will be removed in a future release (Use -Wno-deprecated-gpu-targets to suppress warning).
nvcc warning : Support for offline compilation for architectures prior to '<compute/sm/lto>_75' will be removed in a future release (Use -Wno-deprecated-gpu-targets to suppress warning).
nvcc warning : Support for offline compilation for architectures prior to '<compute/sm/lto>_75' will be removed in a future release (Use -Wno-deprecated-gpu-targets to suppress warning).
nvcc warning : Support for offline compilation for architectures prior to '<compute/sm/lto>_75' will be removed in a future release (Use -Wno-deprecated-gpu-targets to suppress warning).
nvcc warning : Support for offline compilation for architectures prior to '<compute/sm/lto>_75' will be removed in a future release (Use -Wno-deprecated-gpu-targets to suppress warning).
nvcc warning : Support for offline compilation for architectures prior to '<compute/sm/lto>_75' will be removed in a future release (Use -Wno-deprecated-gpu-targets to suppress warning).
nvcc warning : Support for offline compilation for architectures prior to '<compute/sm/lto>_75' will be removed in a future release (Use -Wno-deprecated-gpu-targets to suppress warning).
nvcc warning : Support for offline compilation for architectures prior to '<compute/sm/lto>_75' will be removed in a future release (Use -Wno-deprecated-gpu-targets to suppress warning).
nvcc warning : Support for offline compilation for architectures prior to '<compute/sm/lto>_75' will be removed in a future release (Use -Wno-deprecated-gpu-targets to suppress warning).
nvcc warning : Support for offline compilation for architectures prior to '<compute/sm/lto>_75' will be removed in a future release (Use -Wno-deprecated-gpu-targets to suppress warning).
nvcc warning : Support for offline compilation for architectures prior to '<compute/sm/lto>_75' will be removed in a future release (Use -Wno-deprecated-gpu-targets to suppress warning).
nvcc warning : Support for offline compilation for architectures prior to '<compute/sm/lto>_75' will be removed in a future release (Use -Wno-deprecated-gpu-targets to suppress warning).
nvcc warning : Support for offline compilation for architectures prior to '<compute/sm/lto>_75' will be removed in a future release (Use -Wno-deprecated-gpu-targets to suppress warning).
nvcc warning : Support for offline compilation for architectures prior to '<compute/sm/lto>_75' will be removed in a future release (Use -Wno-deprecated-gpu-targets to suppress warning).
nvcc warning : Support for offline compilation for architectures prior to '<compute/sm/lto>_75' will be removed in a future release (Use -Wno-deprecated-gpu-targets to suppress warning).
nvcc warning : Support for offline compilation for architectures prior to '<compute/sm/lto>_75' will be removed in a future release (Use -Wno-deprecated-gpu-targets to suppress warning).
nvcc warning : Support for offline compilation for architectures prior to '<compute/sm/lto>_75' will be removed in a future release (Use -Wno-deprecated-gpu-targets to suppress warning).
nvcc warning : Support for offline compilation for architectures prior to '<compute/sm/lto>_75' will be removed in a future release (Use -Wno-deprecated-gpu-targets to suppress warning).
nvcc warning : Support for offline compilation for architectures prior to '<compute/sm/lto>_75' will be removed in a future release (Use -Wno-deprecated-gpu-targets to suppress warning).
nvcc warning : Support for offline compilation for architectures prior to '<compute/sm/lto>_75' will be removed in a future release (Use -Wno-deprecated-gpu-targets to suppress warning).
nvcc warning : Support for offline compilation for architectures prior to '<compute/sm/lto>_75' will be removed in a future release (Use -Wno-deprecated-gpu-targets to suppress warning).
nvcc warning : Support for offline compilation for architectures prior to '<compute/sm/lto>_75' will be removed in a future release (Use -Wno-deprecated-gpu-targets to suppress warning).
nvcc warning : Support for offline compilation for architectures prior to '<compute/sm/lto>_75' will be removed in a future release (Use -Wno-deprecated-gpu-targets to suppress warning).
nvcc warning : Support for offline compilation for architectures prior to '<compute/sm/lto>_75' will be removed in a future release (Use -Wno-deprecated-gpu-targets to suppress warning).
