--------------------------------------------------------------------------
WARNING: There was an error initializing an OpenFabrics device.

  Local host:   avatargpu
  Local device: mlx5_0
--------------------------------------------------------------------------
--------------------------------------------------------------------------
Open MPI failed an OFI Libfabric library call (fi_endpoint).  This is highly
unusual; your job may behave unpredictably (and/or abort) after this.

  Local host: avatargpu
  Location: mtl_ofi_component.c:513
  Error: Invalid argument (22)
--------------------------------------------------------------------------
HDF5-DIAG: Error detected in HDF5 (1.14.3) thread 0:
  #000: /tmp/bwibking/spack-stage/spack-stage-hdf5-1.14.3-ippzz4bnd6azzbxlhirmsmyfk4akb6pe/spack-src/src/H5F.c line 836 in H5Fopen(): unable to synchronously open file
    major: File accessibility
    minor: Unable to open file
  #001: /tmp/bwibking/spack-stage/spack-stage-hdf5-1.14.3-ippzz4bnd6azzbxlhirmsmyfk4akb6pe/spack-src/src/H5F.c line 796 in H5F__open_api_common(): unable to open file
    major: File accessibility
    minor: Unable to open file
  #002: /tmp/bwibking/spack-stage/spack-stage-hdf5-1.14.3-ippzz4bnd6azzbxlhirmsmyfk4akb6pe/spack-src/src/H5VLcallback.c line 3863 in H5VL_file_open(): open failed
    major: Virtual Object Layer
    minor: Can't open object
  #003: /tmp/bwibking/spack-stage/spack-stage-hdf5-1.14.3-ippzz4bnd6azzbxlhirmsmyfk4akb6pe/spack-src/src/H5VLcallback.c line 3675 in H5VL__file_open(): open failed
    major: Virtual Object Layer
    minor: Can't open object
  #004: /tmp/bwibking/spack-stage/spack-stage-hdf5-1.14.3-ippzz4bnd6azzbxlhirmsmyfk4akb6pe/spack-src/src/H5VLnative_file.c line 128 in H5VL__native_file_open(): unable to open file
    major: File accessibility
    minor: Unable to open file
  #005: /tmp/bwibking/spack-stage/spack-stage-hdf5-1.14.3-ippzz4bnd6azzbxlhirmsmyfk4akb6pe/spack-src/src/H5Fint.c line 1851 in H5F_open(): unable to open file: name = 'extern/cooling/isrf_1000Go_grains.h5', tent_flags = 0
    major: File accessibility
    minor: Unable to open file
  #006: /tmp/bwibking/spack-stage/spack-stage-hdf5-1.14.3-ippzz4bnd6azzbxlhirmsmyfk4akb6pe/spack-src/src/H5FD.c line 769 in H5FD_open(): open failed
    major: Virtual File Layer
    minor: Unable to initialize object
  #007: /tmp/bwibking/spack-stage/spack-stage-hdf5-1.14.3-ippzz4bnd6azzbxlhirmsmyfk4akb6pe/spack-src/src/H5FDsec2.c line 323 in H5FD__sec2_open(): unable to open file: name = 'extern/cooling/isrf_1000Go_grains.h5', errno = 2, error message = 'No such file or directory', flags = 0, o_flags = 0
    major: File accessibility
    minor: Unable to open file
terminate called after throwing an instance of 'std::runtime_error'
  what():  Assertion `file_id != h5_error' failed, file "/home/bwibking/regression-tests/quokka/src/CloudyDataReader.cpp", line 60, Msg: "Failed to open Grackle data file!"
[avatargpu:591016] *** Process received signal ***
[avatargpu:591016] Signal: Aborted (6)
[avatargpu:591016] Signal code:  (-6)
[avatargpu:591016] [ 0] /lib64/libc.so.6(+0x54db0)[0x7f3a2be54db0]
[avatargpu:591016] [ 1] /lib64/libc.so.6(+0xa154c)[0x7f3a2bea154c]
[avatargpu:591016] [ 2] /lib64/libc.so.6(raise+0x16)[0x7f3a2be54d06]
[avatargpu:591016] [ 3] /lib64/libc.so.6(abort+0xd3)[0x7f3a2be287f3]
[avatargpu:591016] [ 4] /lib64/libstdc++.so.6(+0xa1a01)[0x7f3a2c2a1a01]
[avatargpu:591016] [ 5] /lib64/libstdc++.so.6(+0xad37c)[0x7f3a2c2ad37c]
[avatargpu:591016] [ 6] /lib64/libstdc++.so.6(+0xad3e7)[0x7f3a2c2ad3e7]
[avatargpu:591016] [ 7] /lib64/libstdc++.so.6(+0xad649)[0x7f3a2c2ad649]
[avatargpu:591016] [ 8] ./ShockCloud-GPU.ex[0x412ab8]
[avatargpu:591016] [ 9] ./ShockCloud-GPU.ex[0x598134]
[avatargpu:591016] [10] ./ShockCloud-GPU.ex[0x5951bd]
[avatargpu:591016] [11] ./ShockCloud-GPU.ex[0x4a8523]
[avatargpu:591016] [12] ./ShockCloud-GPU.ex[0x44c59f]
[avatargpu:591016] [13] ./ShockCloud-GPU.ex[0x4303a7]
[avatargpu:591016] [14] /lib64/libc.so.6(+0x3feb0)[0x7f3a2be3feb0]
[avatargpu:591016] [15] /lib64/libc.so.6(__libc_start_main+0x80)[0x7f3a2be3ff60]
[avatargpu:591016] [16] ./ShockCloud-GPU.ex[0x436ea5]
[avatargpu:591016] *** End of error message ***
--------------------------------------------------------------------------
Primary job  terminated normally, but 1 process returned
a non-zero exit code. Per user-direction, the job has been aborted.
--------------------------------------------------------------------------
--------------------------------------------------------------------------
mpirun noticed that process rank 0 with PID 0 on node avatargpu exited on signal 6 (Aborted).
--------------------------------------------------------------------------
