avatargpu.anu.edu.au:rank0.ShockCloud-GPU.ex: Unable to alloc send buffer MR on mlx5_0: Cannot allocate memory
avatargpu.anu.edu.au:rank0.ShockCloud-GPU.ex: Unable to allocate UD send buffer pool
avatargpu.anu.edu.au:rank0.ShockCloud-GPU.ex: Unable to alloc send buffer MR on mlx5_0: Cannot allocate memory
avatargpu.anu.edu.au:rank0.ShockCloud-GPU.ex: Unable to allocate UD send buffer pool
avatargpu.anu.edu.au:rank0.ShockCloud-GPU.ex: Unable to alloc send buffer MR on mlx5_0: Cannot allocate memory
avatargpu.anu.edu.au:rank0.ShockCloud-GPU.ex: Unable to allocate UD send buffer pool
avatargpu.anu.edu.au:rank0.ShockCloud-GPU.ex: Unable to alloc send buffer MR on mlx5_0: Cannot allocate memory
avatargpu.anu.edu.au:rank0.ShockCloud-GPU.ex: Unable to allocate UD send buffer pool
Initializing AMReX (24.05-34-ga65f0a581144)...
MPI initialized with 1 MPI processes
MPI initialized with thread support level 0
Initializing CUDA...
CUDA initialized with 1 device.
AMReX (24.05-34-ga65f0a581144) initialized
Successfully read inputs file ... 
Using derived variables:
	pressure
	entropy
	nH
	temperature
	cooling_length
	cloud_fraction
	lab_velocity_x
	mass
	velocity_mag
	c_s

Reading cloudy-cooling-tools tables...
Initializing Cloudy cooling.
cloudy_table_file: extern/cooling/isrf_1000Go_grains.h5.
