Initializing AMReX (25.11-47-gc4fcda1fb2ea)...
MPI initialized with 1 MPI processes
MPI initialized with thread support level 0
Initializing CUDA...
CUDA initialized with 1 device.
AMReX (25.11-47-gc4fcda1fb2ea) initialized
Writing plotfile SedovAMR-GPU_plt00000

Coarse STEP 1 at t = 0 (0%) starts ...

Coarse STEP 2 at t = 5.229826469e-06 (0.0005229826469%) starts ...

Coarse STEP 3 at t = 1.011367698e-05 (0.001011367698%) starts ...

Coarse STEP 4 at t = 1.484878669e-05 (0.001484878669%) starts ...

Coarse STEP 5 at t = 1.954057206e-05 (0.001954057206%) starts ...

Coarse STEP 6 at t = 2.426444397e-05 (0.002426444397%) starts ...

Coarse STEP 7 at t = 2.906828545e-05 (0.002906828545%) starts ...

Coarse STEP 8 at t = 3.400603973e-05 (0.003400603973%) starts ...

Coarse STEP 9 at t = 3.912878628e-05 (0.003912878628%) starts ...

Coarse STEP 10 at t = 4.447964539e-05 (0.004447964539%) starts ...

Coarse STEP 11 at t = 5.010245536e-05 (0.005010245536%) starts ...

Coarse STEP 12 at t = 5.604250328e-05 (0.005604250328%) starts ...

Coarse STEP 13 at t = 6.234087879e-05 (0.006234087879%) starts ...

Coarse STEP 14 at t = 6.898546572e-05 (0.006898546572%) starts ...

Coarse STEP 15 at t = 7.596184206e-05 (0.007596184206%) starts ...

Coarse STEP 16 at t = 8.321572009e-05 (0.008321572009%) starts ...

Coarse STEP 17 at t = 9.06730774e-05 (0.00906730774%) starts ...

Coarse STEP 18 at t = 9.82774857e-05 (0.00982774857%) starts ...

Coarse STEP 19 at t = 0.0001060023715 (0.01060023715%) starts ...

Coarse STEP 20 at t = 0.0001138422291 (0.01138422291%) starts ...

Coarse STEP 21 at t = 0.0001217896462 (0.01217896462%) starts ...

Coarse STEP 22 at t = 0.0001298376428 (0.01298376428%) starts ...

Coarse STEP 23 at t = 0.0001379928963 (0.01379928963%) starts ...

Coarse STEP 24 at t = 0.0001462571596 (0.01462571596%) starts ...

Coarse STEP 25 at t = 0.0001546323844 (0.01546323844%) starts ...

Coarse STEP 26 at t = 0.0001631328894 (0.01631328894%) starts ...

Coarse STEP 27 at t = 0.0001717648105 (0.01717648105%) starts ...

Coarse STEP 28 at t = 0.0001805286184 (0.01805286184%) starts ...

Coarse STEP 29 at t = 0.0001894174101 (0.01894174101%) starts ...

Coarse STEP 30 at t = 0.0001984233365 (0.01984233365%) starts ...

Coarse STEP 31 at t = 0.0002075426354 (0.02075426354%) starts ...

Coarse STEP 32 at t = 0.0002167762208 (0.02167762208%) starts ...

Coarse STEP 33 at t = 0.0002261276371 (0.02261276371%) starts ...

Coarse STEP 34 at t = 0.0002355979156 (0.02355979156%) starts ...

Coarse STEP 35 at t = 0.0002451823397 (0.02451823397%) starts ...

Coarse STEP 36 at t = 0.0002548730752 (0.02548730752%) starts ...

Coarse STEP 37 at t = 0.0002646561595 (0.02646561595%) starts ...

Coarse STEP 38 at t = 0.000274520729 (0.0274520729%) starts ...

Coarse STEP 39 at t = 0.0002844564808 (0.02844564808%) starts ...

Coarse STEP 40 at t = 0.0002944549071 (0.02944549071%) starts ...

Coarse STEP 41 at t = 0.000304509879 (0.0304509879%) starts ...

Coarse STEP 42 at t = 0.0003146173613 (0.03146173613%) starts ...

Coarse STEP 43 at t = 0.0003247744175 (0.03247744175%) starts ...

Coarse STEP 44 at t = 0.0003349808223 (0.03349808223%) starts ...

Coarse STEP 45 at t = 0.0003452384625 (0.03452384625%) starts ...

Coarse STEP 46 at t = 0.0003555500861 (0.03555500861%) starts ...

Coarse STEP 47 at t = 0.0003659188337 (0.03659188337%) starts ...

Coarse STEP 48 at t = 0.0003763466645 (0.03763466645%) starts ...

Coarse STEP 49 at t = 0.000386835788 (0.0386835788%) starts ...

Coarse STEP 50 at t = 0.0003973876005 (0.03973876005%) starts ...

Coarse STEP 51 at t = 0.0004080028203 (0.04080028203%) starts ...

Coarse STEP 52 at t = 0.0004186822768 (0.04186822768%) starts ...

Coarse STEP 53 at t = 0.0004294234661 (0.04294234661%) starts ...

Coarse STEP 54 at t = 0.0004402256572 (0.04402256572%) starts ...

Coarse STEP 55 at t = 0.0004510886069 (0.04510886069%) starts ...

Coarse STEP 56 at t = 0.0004620105937 (0.04620105937%) starts ...

Coarse STEP 57 at t = 0.0004729888644 (0.04729888644%) starts ...

Coarse STEP 58 at t = 0.0004840211489 (0.04840211489%) starts ...

Coarse STEP 59 at t = 0.0004951050779 (0.04951050779%) starts ...

Coarse STEP 60 at t = 0.0005062382376 (0.05062382376%) starts ...

Coarse STEP 61 at t = 0.0005174174689 (0.05174174689%) starts ...

Coarse STEP 62 at t = 0.0005286404051 (0.05286404051%) starts ...

Coarse STEP 63 at t = 0.0005399054802 (0.05399054802%) starts ...

Coarse STEP 64 at t = 0.000551210773 (0.0551210773%) starts ...

Coarse STEP 65 at t = 0.0005625544654 (0.05625544654%) starts ...

Coarse STEP 66 at t = 0.0005739352718 (0.05739352718%) starts ...

Coarse STEP 67 at t = 0.0005853522835 (0.05853522835%) starts ...

Coarse STEP 68 at t = 0.000596804617 (0.0596804617%) starts ...

Coarse STEP 69 at t = 0.000608291829 (0.0608291829%) starts ...

Coarse STEP 70 at t = 0.0006198139542 (0.06198139542%) starts ...

Coarse STEP 71 at t = 0.0006313716369 (0.06313716369%) starts ...

Coarse STEP 72 at t = 0.0006429658069 (0.06429658069%) starts ...

Coarse STEP 73 at t = 0.0006545973064 (0.06545973064%) starts ...

Coarse STEP 74 at t = 0.0006662666695 (0.06662666695%) starts ...

Coarse STEP 75 at t = 0.0006779745543 (0.06779745543%) starts ...

Coarse STEP 76 at t = 0.000689721296 (0.0689721296%) starts ...

Coarse STEP 77 at t = 0.000701506048 (0.0701506048%) starts ...

Coarse STEP 78 at t = 0.0007133282044 (0.07133282044%) starts ...

Coarse STEP 79 at t = 0.0007251864439 (0.07251864439%) starts ...

Coarse STEP 80 at t = 0.0007370800575 (0.07370800575%) starts ...

Coarse STEP 81 at t = 0.0007490084372 (0.07490084372%) starts ...

Coarse STEP 82 at t = 0.0007609711764 (0.07609711764%) starts ...

Coarse STEP 83 at t = 0.0007729676975 (0.07729676975%) starts ...

Coarse STEP 84 at t = 0.0007849978447 (0.07849978447%) starts ...

Coarse STEP 85 at t = 0.0007970615162 (0.07970615162%) starts ...

Coarse STEP 86 at t = 0.0008091585903 (0.08091585903%) starts ...

Coarse STEP 87 at t = 0.0008212890367 (0.08212890367%) starts ...

Coarse STEP 88 at t = 0.0008334527917 (0.08334527917%) starts ...

Coarse STEP 89 at t = 0.0008456497275 (0.08456497275%) starts ...

Coarse STEP 90 at t = 0.0008578799108 (0.08578799108%) starts ...

Coarse STEP 91 at t = 0.0008701435308 (0.08701435308%) starts ...

Coarse STEP 92 at t = 0.0008824406746 (0.08824406746%) starts ...

Coarse STEP 93 at t = 0.0008947714741 (0.08947714741%) starts ...

Coarse STEP 94 at t = 0.0009071362393 (0.09071362393%) starts ...

Coarse STEP 95 at t = 0.0009195351045 (0.09195351045%) starts ...

Coarse STEP 96 at t = 0.0009319679407 (0.09319679407%) starts ...

Coarse STEP 97 at t = 0.0009444344621 (0.09444344621%) starts ...

Coarse STEP 98 at t = 0.0009569339648 (0.09569339648%) starts ...

Coarse STEP 99 at t = 0.0009694652563 (0.09694652563%) starts ...

Coarse STEP 100 at t = 0.0009820268491 (0.09820268491%) starts ...

Initial energy = 0.01332031034
Final energy = 0.01332031034
	absolute conservation error = 8.67361738e-18
	relative conservation error = 6.511573048e-16
	kinetic energy = 0.001989812883
	relative K.E. error = -0.06934712886

Energy conservation is OK.
Kinetic energy production is incorrect by more than 1 percent!

Initial gasDensity = 1.728
	absolute conservation error = -2.220446049e-16
	relative conservation error = -1.284980353e-16

Initial x-GasMomentum = 0
	absolute conservation error = 0.0002447176975

Initial y-GasMomentum = 0
	absolute conservation error = 0.0002447176975

Initial z-GasMomentum = 0
	absolute conservation error = 0.0002447176975

Initial gasEnergy = 0.01332031034
	absolute conservation error = 8.67361738e-18
	relative conservation error = 6.511573048e-16

Initial gasInternalEnergy = 0
	absolute conservation error = 0.01133049746

Performance figure-of-merit: 0.02318881583 μs/zone-update [43.12423745 Mupdates/s]
Zone-updates on level 0: 209715200
Zone-updates on level 1: 26214400

Writing plotfile SedovAMR-GPU_plt00100
elapsed time: 10.63243224 seconds.


TinyProfiler total time across processes [min...avg...max]: 10.63 ... 10.63 ... 10.63

--------------------------------------------------------------------------------------------------------
Name                                                     NCalls  Excl. Min  Excl. Avg  Excl. Max   Max %
--------------------------------------------------------------------------------------------------------
WriteBinaryParticleData()                                     2      2.599      2.599      2.599  24.44%
VisMF::Write(FabArray)                                        4      2.195      2.195      2.195  20.64%
QuokkaSimulation::computeHydroFluxes()                      400      1.922      1.922      1.922  18.08%
HyperbolicSystem::ReconstructStatesPPM(MultiFabs)          1200     0.7706     0.7706     0.7706   7.25%
QuokkaSimulation::computeFOHydroFluxes()                    200     0.4862     0.4862     0.4862   4.57%
QuokkaSimulation::advanceHydroAtLevel()                     200     0.4228     0.4228     0.4228   3.98%
FabArray::Saxpy()                                          2400     0.3392     0.3392     0.3392   3.19%
FluxRegister::Reflux()                                      600     0.3387     0.3387     0.3387   3.19%
FabArray::setVal()                                         2902      0.213      0.213      0.213   2.00%
ParticleContainer<NSR, NSI, NAR, NAI>::InitOnePerCell()       1     0.1771     0.1771     0.1771   1.67%
PhysBCFunct::()                                             609      0.174      0.174      0.174   1.64%
AmrMesh::MakeNewGrids()                                      51      0.171      0.171      0.171   1.61%
ParticleContainer::WriteParticles()                           4     0.1578     0.1578     0.1578   1.48%
amrex::Copy()                                               628     0.1226     0.1226     0.1226   1.15%
AMRSimulation::incrementFluxRegisters()                     200     0.1174     0.1174     0.1174   1.10%
TracerParticleContainer::AdvectWithUmac()                   200     0.1055     0.1055     0.1055   0.99%
Redistribute_partition                                      151    0.06837    0.06837    0.06837   0.64%
HydroSystem::PredictStep()                                  400    0.04036    0.04036    0.04036   0.38%
ParticleContainer::RedistributeGPU()                        151    0.03337    0.03337    0.03337   0.31%
FabArray::ParallelCopy_nowait()                            1760    0.02729    0.02729    0.02729   0.26%
QuokkaSimulation::advanceSingleTimestepAtLevel()            200    0.02276    0.02276    0.02276   0.21%
QuokkaSimulation::computeMaxSignalLocal()                   200    0.02231    0.02231    0.02231   0.21%
FillPatcher::fillCFB                                        200   0.006101   0.006101   0.006101   0.06%
AMRSimulation::computeTimestepAtLevel()                     200   0.005457   0.005457   0.005457   0.05%
AMRSimulation::evolve()                                       1   0.004444   0.004444   0.004444   0.04%
WriteMultiLevelPlotfile()                                     2   0.004333   0.004333   0.004333   0.04%
AMRSimulation::WritePlotFile()                                2   0.004011   0.004011   0.004011   0.04%
AMRSimulation::timeStepWithSubcycling()                     200   0.001605   0.001605   0.001605   0.02%
REG::HydroSolver                                            200   0.001233   0.001233   0.001233   0.01%
AMRSimulation::FillPatchWithData()                          203  0.0008843  0.0008843  0.0008843   0.01%
FabArray::ParallelCopy()                                   1760  0.0007849  0.0007849  0.0007849   0.01%
AMRSimulation::fillBoundaryConditions()                     406  0.0004735  0.0004735  0.0004735   0.00%
FillPatcher::fill()                                         200  0.0001904  0.0001904  0.0001904   0.00%
FillPatchSingleLevel                                        206   0.000145   0.000145   0.000145   0.00%
AMRSimulation::computeTimestep()                            100  7.339e-05  7.339e-05  7.339e-05   0.00%
AMRSimulation::setInitialConditions()                         1  2.355e-05  2.355e-05  2.355e-05   0.00%
AMRSimulation::InitParticles()                                1  1.588e-05  1.588e-05  1.588e-05   0.00%
Other                                                      8529    0.07646    0.07646    0.07646   0.72%
--------------------------------------------------------------------------------------------------------

--------------------------------------------------------------------------------------------------------
Name                                                     NCalls  Incl. Min  Incl. Avg  Incl. Max   Max %
--------------------------------------------------------------------------------------------------------
AMRSimulation::evolve()                                       1      8.002      8.002      8.002  75.26%
AMRSimulation::timeStepWithSubcycling()                     200      5.424      5.424      5.424  51.02%
AMRSimulation::WritePlotFile()                                2       4.97       4.97       4.97  46.74%
QuokkaSimulation::advanceSingleTimestepAtLevel()            200      4.672      4.672      4.672  43.94%
REG::HydroSolver                                            200      4.649      4.649      4.649  43.73%
QuokkaSimulation::advanceHydroAtLevel()                     200      4.527      4.527      4.527  42.58%
WriteBinaryParticleData()                                     2      2.756      2.756      2.756  25.92%
QuokkaSimulation::computeHydroFluxes()                      400      2.693      2.693      2.693  25.33%
AMRSimulation::setInitialConditions()                         1       2.63       2.63       2.63  24.74%
WriteMultiLevelPlotfile()                                     2      2.206      2.206      2.206  20.75%
VisMF::Write(FabArray)                                        4      2.195      2.195      2.195  20.64%
HyperbolicSystem::ReconstructStatesPPM(MultiFabs)          1200     0.7706     0.7706     0.7706   7.25%
QuokkaSimulation::computeFOHydroFluxes()                    200     0.4862     0.4862     0.4862   4.57%
FluxRegister::Reflux()                                      600     0.4636     0.4636     0.4636   4.36%
FabArray::Saxpy()                                          2400     0.3392     0.3392     0.3392   3.19%
AMRSimulation::fillBoundaryConditions()                     406     0.2153     0.2153     0.2153   2.03%
FabArray::setVal()                                         2902      0.213      0.213      0.213   2.00%
AMRSimulation::InitParticles()                                1     0.1792     0.1792     0.1792   1.69%
ParticleContainer<NSR, NSI, NAR, NAI>::InitOnePerCell()       1     0.1787     0.1787     0.1787   1.68%
AmrMesh::MakeNewGrids()                                      51     0.1777     0.1777     0.1777   1.67%
PhysBCFunct::()                                             609      0.174      0.174      0.174   1.64%
ParticleContainer::WriteParticles()                           4     0.1578     0.1578     0.1578   1.48%
AMRSimulation::incrementFluxRegisters()                     200     0.1321     0.1321     0.1321   1.24%
amrex::Copy()                                               628     0.1226     0.1226     0.1226   1.15%
AMRSimulation::FillPatchWithData()                          203     0.1135     0.1135     0.1135   1.07%
FillPatcher::fill()                                         200     0.1107     0.1107     0.1107   1.04%
ParticleContainer::RedistributeGPU()                        151     0.1105     0.1105     0.1105   1.04%
TracerParticleContainer::AdvectWithUmac()                   200     0.1055     0.1055     0.1055   0.99%
FillPatcher::fillCFB                                        200    0.08079    0.08079    0.08079   0.76%
Redistribute_partition                                      151    0.06837    0.06837    0.06837   0.64%
AMRSimulation::computeTimestep()                            100    0.04249    0.04249    0.04249   0.40%
AMRSimulation::computeTimestepAtLevel()                     200    0.04242    0.04242    0.04242   0.40%
HydroSystem::PredictStep()                                  400    0.04036    0.04036    0.04036   0.38%
FillPatchSingleLevel                                        206     0.0309     0.0309     0.0309   0.29%
FabArray::ParallelCopy()                                   1760    0.02947    0.02947    0.02947   0.28%
FabArray::ParallelCopy_nowait()                            1760    0.02834    0.02834    0.02834   0.27%
QuokkaSimulation::computeMaxSignalLocal()                   200    0.02231    0.02231    0.02231   0.21%
Other                                                      8529    0.09665    0.09665    0.09665   0.91%
--------------------------------------------------------------------------------------------------------



BEGIN REGION HydroSolver

--------------------------------------------------------------------------------------------------
Name                                               NCalls  Excl. Min  Excl. Avg  Excl. Max   Max %
--------------------------------------------------------------------------------------------------
QuokkaSimulation::computeHydroFluxes()                400      1.922      1.922      1.922  18.08%
HyperbolicSystem::ReconstructStatesPPM(MultiFabs)    1200     0.7706     0.7706     0.7706   7.25%
QuokkaSimulation::computeFOHydroFluxes()              200     0.4862     0.4862     0.4862   4.57%
QuokkaSimulation::advanceHydroAtLevel()               200     0.4228     0.4228     0.4228   3.98%
FabArray::Saxpy()                                    2400     0.3392     0.3392     0.3392   3.19%
PhysBCFunct::()                                       600     0.1712     0.1712     0.1712   1.61%
amrex::Copy()                                         600     0.1208     0.1208     0.1208   1.14%
AMRSimulation::incrementFluxRegisters()               200     0.1174     0.1174     0.1174   1.10%
TracerParticleContainer::AdvectWithUmac()             200     0.1055     0.1055     0.1055   0.99%
FabArray::setVal()                                   2100     0.0903     0.0903     0.0903   0.85%
HydroSystem::PredictStep()                            400    0.04036    0.04036    0.04036   0.38%
FillPatcher::fillCFB                                  200   0.006101   0.006101   0.006101   0.06%
REG::HydroSolver                                      200   0.001233   0.001233   0.001233   0.01%
AMRSimulation::FillPatchWithData()                    200  0.0008813  0.0008813  0.0008813   0.01%
AMRSimulation::fillBoundaryConditions()               400  0.0004616  0.0004616  0.0004616   0.00%
FillPatcher::fill()                                   200  0.0001904  0.0001904  0.0001904   0.00%
Other                                                6800    0.05379    0.05379    0.05379   0.51%
--------------------------------------------------------------------------------------------------

--------------------------------------------------------------------------------------------------
Name                                               NCalls  Incl. Min  Incl. Avg  Incl. Max   Max %
--------------------------------------------------------------------------------------------------
REG::HydroSolver                                      200      4.649      4.649      4.649  43.73%
QuokkaSimulation::advanceHydroAtLevel()               200      4.527      4.527      4.527  42.58%
QuokkaSimulation::computeHydroFluxes()                400      2.693      2.693      2.693  25.33%
HyperbolicSystem::ReconstructStatesPPM(MultiFabs)    1200     0.7706     0.7706     0.7706   7.25%
QuokkaSimulation::computeFOHydroFluxes()              200     0.4862     0.4862     0.4862   4.57%
FabArray::Saxpy()                                    2400     0.3392     0.3392     0.3392   3.19%
AMRSimulation::fillBoundaryConditions()               400     0.2117     0.2117     0.2117   1.99%
PhysBCFunct::()                                       600     0.1712     0.1712     0.1712   1.61%
AMRSimulation::incrementFluxRegisters()               200     0.1321     0.1321     0.1321   1.24%
amrex::Copy()                                         600     0.1208     0.1208     0.1208   1.14%
AMRSimulation::FillPatchWithData()                    200     0.1116     0.1116     0.1116   1.05%
FillPatcher::fill()                                   200     0.1107     0.1107     0.1107   1.04%
TracerParticleContainer::AdvectWithUmac()             200     0.1055     0.1055     0.1055   0.99%
FabArray::setVal()                                   2100     0.0903     0.0903     0.0903   0.85%
FillPatcher::fillCFB                                  200    0.08079    0.08079    0.08079   0.76%
HydroSystem::PredictStep()                            400    0.04036    0.04036    0.04036   0.38%
Other                                                6800     0.1053     0.1053     0.1053   0.99%
--------------------------------------------------------------------------------------------------

END REGION HydroSolver
Unused ParmParse Variables:
  [TOP]::amr.checkpoint_files_output(nvals = 1)  :: [0]

Device Memory Usage:
------------------------------------------------------------------------------------------
Name                                                     Nalloc  Nfree    AvgMem    MaxMem
------------------------------------------------------------------------------------------
The_Arena::Initialize()                                       1      1  1926 KiB    23 GiB
QuokkaSimulation::computeHydroFluxes()                    15600  15600   350 MiB  1484 MiB
QuokkaSimulation::computeFOHydroFluxes()                   8000   8000   172 MiB  1426 MiB
QuokkaSimulation::advanceHydroAtLevel()                    4400   4400   175 MiB   573 MiB
AMRSimulation::MakeNewLevelFromScratch()                     12     12   315 MiB   315 MiB
REG::HydroSolver                                            400    400    94 MiB   251 MiB
AMRSimulation::WritePlotFile()                                4      4    68 MiB   145 MiB
ParticleContainer::WriteParticles()                          24     24   349 KiB   118 MiB
AMRSimulation::incrementFluxRegisters()                    1800   1800  1262 KiB   112 MiB
ParticleContainer<NSR, NSI, NAR, NAI>::InitOnePerCell()       1      1   110 MiB   112 MiB
FluxRegister::Reflux()                                      600    600  4312 KiB    96 MiB
WriteMultiLevelPlotfile()                                     4      4    17 MiB    96 MiB
ResizeRandomSeed                                              1      1    30 MiB    30 MiB
AMRSimulation::evolve()                                       1      1   450   B    16 MiB
AMRSimulation::timeStepWithSubcycling()                     100    100   718 KiB    16 MiB
WriteBinaryParticleData()                                    10     10  2127 KiB  8370 KiB
FillPatcher::fillCFB                                       1600   1600   696 KiB  6451 KiB
FillPatchTwoLevels                                           18     18   309   B  4676 KiB
FillPatchInterp(MF)                                        1327   1327  4372   B  2661 KiB
AmrMesh::MakeNewGrids()                                     102    102    39 KiB  2349 KiB
Redistribute_partition                                      609    609    12 KiB  2320 KiB
amrex::unpackBuffer                                           1      1  1789 KiB  1821 KiB
amrex::packBuffer                                             1      1    44   B  1795 KiB
amrex::average_down                                         101    101   814   B  1536 KiB
ParticleContainer::RedistributeGPU()                          5      5   387   B   720 KiB
VisMF::Write(FabArray)                                       24     24    36   B   320 KiB
FabArray::norminf()                                         202    202   315   B   160 KiB
FabArray::sum()                                              15     15    14   B   160 KiB
iMultiFab::sum()                                            400    400   206   B   160 KiB
MultiFab::max()                                             200    200    97   B   160 KiB
ParticleCopyPlan::build                                     907    907     5   B   130 KiB
MultiFab::contains_nan()                                      4      4   256   B    20 KiB
TagBoxArray::mapPRD                                         102    102     0   B  1728   B
DenseBins<T>::buildGPU                                       12     12   157   B   928   B
PhysBCFunct::()                                            2639   2639     8   B   880   B
OwnerMask()                                                  51     51     0   B   864   B
HyperbolicSystem::ReconstructStatesPPM(MultiFabs)          2400   2400   127   B   768   B
FabArray::ParallelCopy_nowait()                             406    406     0   B   544   B
HydroSystem::PredictStep()                                  202    202   220   B   384   B
TagBoxArray::collate()                                      153    153     0   B   128   B
ParticleBufferMap::define                                     3      3    47   B    48   B
AMRSimulation::computeTimestepAtLevel()                     200    200     0   B    16   B
------------------------------------------------------------------------------------------

Managed Memory Usage:
----------------------------------------------------------------
Name                             Nalloc  Nfree  AvgMem    MaxMem
----------------------------------------------------------------
The_Managed_Arena::Initialize()       1      1  36   B  8192 KiB
----------------------------------------------------------------

Pinned Memory Usage:
------------------------------------------------------------------------------------------
Name                                                     Nalloc  Nfree    AvgMem    MaxMem
------------------------------------------------------------------------------------------
ParticleContainer<NSR, NSI, NAR, NAI>::InitOnePerCell()      38     38  2456 KiB   243 MiB
VisMF::Write(FabArray)                                       28     28   748 KiB    96 MiB
The_Pinned_Arena::Initialize()                                1      1  1634   B  8192 KiB
QuokkaSimulation::computeFOHydroFluxes()                   4000   4000   393   B  2560   B
QuokkaSimulation::computeHydroFluxes()                     6400   6400   365   B  2048   B
FillPatchInterp(MF)                                         515    515    92   B  1600   B
FillPatcher::fillCFB                                        400    400   141   B  1376   B
QuokkaSimulation::advanceHydroAtLevel()                    2200   2200    45   B  1024   B
PhysBCFunct::()                                            2639   2639     8   B   880   B
HyperbolicSystem::ReconstructStatesPPM(MultiFabs)          2400   2400   127   B   768   B
FabArray::ParallelCopy_nowait()                             406    406     0   B   544   B
ParticleContainer::RedistributeGPU()                        156    156   126   B   480   B
HydroSystem::PredictStep()                                  202    202   220   B   384   B
MultiFab::contains_nan()                                      4      4   255   B   272   B
FabArray::norminf()                                         202    202   192   B   272   B
TagBoxArray::collate()                                      204    204     0   B   192   B
AMRSimulation::incrementFluxRegisters()                     600    600     0   B   176   B
FabArray::sum()                                              15     15     0   B   144   B
WriteBinaryParticleData()                                     6      6     0   B    16   B
AMRSimulation::computeTimestepAtLevel()                     200    200     0   B    16   B
iMultiFab::sum()                                            400    400     0   B    16   B
Redistribute_partition                                      301    301     0   B    16   B
ParticleCopyPlan::build                                     151    151     0   B    16   B
ParticleContainer::WriteParticles()                           4      4     0   B    16   B
MultiFab::max()                                             200    200     0   B    16   B
------------------------------------------------------------------------------------------

Comms Memory Usage:
--------------------------------------------------------------
Name                           Nalloc  Nfree  AvgMem    MaxMem
--------------------------------------------------------------
The_Comms_Arena::Initialize()       1      1  70   B  8192 KiB
--------------------------------------------------------------

Total GPU global memory (MB) spread across MPI: [32494 ... 32494]
Free  GPU global memory (MB) spread across MPI: [7636 ... 7636]
[The         Arena] max space (MB) allocated spread across MPI: [24370 ... 24370]
[The         Arena] max space (MB) used      spread across MPI: [3035 ... 3035]
[The Managed Arena] max space (MB) allocated spread across MPI: [8 ... 8]
[The Managed Arena] max space (MB) used      spread across MPI: [0 ... 0]
[The  Pinned Arena] max space (MB) allocated spread across MPI: [312 ... 312]
[The  Pinned Arena] max space (MB) used      spread across MPI: [243 ... 243]
[The   Comms Arena] max space (MB) allocated spread across MPI: [8 ... 8]
[The   Comms Arena] max space (MB) used      spread across MPI: [0 ... 0]
AMReX (25.11-47-gc4fcda1fb2ea) finalized
