Already up to date.
Already up to date.
Already up to date.
Already up to date.
Updating 8ae75e14..6ffce885
Fast-forward
 regression/quokka-tests.ini | 2 ++
 1 file changed, 2 insertions(+)
Already up to date.
Updating 6ffce885..f186b378
Fast-forward
 regression/quokka-tests.ini | 6 ++----
 1 file changed, 2 insertions(+), 4 deletions(-)
Already up to date.
Already up to date.
Already up to date.
Already up to date.
Already up to date.
Already up to date.
Already up to date.
Already up to date.
Already up to date.
Already up to date.
Already up to date.
Already up to date.
Already up to date.
Already up to date.
Already up to date.
Already up to date.
Your branch is up to date with 'origin/BenWibking/add-regression-testing'.
Already on 'BenWibking/add-regression-testing'
Already up to date.
Already up to date.
Already up to date.
Your branch is up to date with 'origin/BenWibking/add-regression-testing'.
Already on 'BenWibking/add-regression-testing'
Already up to date.
Already up to date.
Your branch is up to date with 'origin/BenWibking/add-regression-testing'.
Already on 'BenWibking/add-regression-testing'
Updating f186b378..a62125cf
Fast-forward
 extern/regression_testing   | 2 +-
 regression/quokka-tests.ini | 3 ++-
 2 files changed, 3 insertions(+), 2 deletions(-)
Updating a62125cf..3b58d9f5
Fast-forward
 extern/regression_testing | 2 +-
 1 file changed, 1 insertion(+), 1 deletion(-)
Your branch is up to date with 'origin/BenWibking/add-regression-testing'.
Already on 'BenWibking/add-regression-testing'
Updating 3b58d9f5..413cd97f
Fast-forward
 regression/quokka-tests.ini | 21 ++++++++++++++++++---
 tests/blast_unigrid_128.in  |  2 ++
 2 files changed, 20 insertions(+), 3 deletions(-)
Updating 413cd97f..7a38fd10
Fast-forward
 regression/quokka-tests.ini | 4 ++--
 1 file changed, 2 insertions(+), 2 deletions(-)
Updating 7a38fd10..d6ec8ffb
Fast-forward
 regression/quokka-tests.ini | 4 ++--
 1 file changed, 2 insertions(+), 2 deletions(-)
Updating d6ec8ffb..ecf58446
Fast-forward
 regression/quokka-tests.ini    |  2 +-
 tests/blast_32.in              |  4 ++--
 tests/blast_unigrid_128_cpu.in | 38 ++++++++++++++++++++++++++++++++++++++
 3 files changed, 41 insertions(+), 3 deletions(-)
 create mode 100644 tests/blast_unigrid_128_cpu.in
Your branch is up to date with 'origin/BenWibking/add-regression-testing'.
Already on 'BenWibking/add-regression-testing'
Already up to date.
Your branch is up to date with 'origin/BenWibking/add-regression-testing'.
Already on 'BenWibking/add-regression-testing'
Already up to date.
Your branch is up to date with 'origin/BenWibking/add-regression-testing'.
Already on 'BenWibking/add-regression-testing'
Updating ecf58446..010bcbf3
Fast-forward
 regression/quokka-tests.ini           | 33 ++++++++++++++++++---------------
 tests/blast_unigrid_128.in            |  2 --
 tests/blast_unigrid_128_regression.in | 29 +++++++++++++++++++++++++++++
 3 files changed, 47 insertions(+), 17 deletions(-)
 create mode 100644 tests/blast_unigrid_128_regression.in
Your branch is up to date with 'origin/BenWibking/add-regression-testing'.
Already on 'BenWibking/add-regression-testing'
Updating 010bcbf3..e5b529d5
Fast-forward
 extern/regression_testing   | 2 +-
 regression/quokka-tests.ini | 3 ---
 2 files changed, 1 insertion(+), 4 deletions(-)
Your branch is up to date with 'origin/BenWibking/add-regression-testing'.
Already on 'BenWibking/add-regression-testing'
Updating e5b529d5..749cf4c3
Fast-forward
 .ci/azure-pipelines-regression.yml | 19 +++++++++++++++++++
 1 file changed, 19 insertions(+)
 create mode 100644 .ci/azure-pipelines-regression.yml
Your branch is up to date with 'origin/BenWibking/add-regression-testing'.
Already on 'BenWibking/add-regression-testing'
Updating 749cf4c3..570b95d1
Fast-forward
 regression/quokka-tests.ini | 12 ++++++++++++
 1 file changed, 12 insertions(+)
Your branch is up to date with 'origin/BenWibking/add-regression-testing'.
Already on 'BenWibking/add-regression-testing'
Already up to date.
Your branch is behind 'origin/BenWibking/add-regression-testing' by 1 commit, and can be fast-forwarded.
  (use "git pull" to update your local branch)
Switched to branch 'BenWibking/add-regression-testing'
Already up to date.
Your branch is behind 'origin/BenWibking/add-regression-testing' by 2 commits, and can be fast-forwarded.
  (use "git pull" to update your local branch)
Switched to branch 'BenWibking/add-regression-testing'
Already up to date.
Your branch is behind 'origin/BenWibking/add-regression-testing' by 2 commits, and can be fast-forwarded.
  (use "git pull" to update your local branch)
Switched to branch 'BenWibking/add-regression-testing'
Already up to date.
Your branch is behind 'origin/BenWibking/add-regression-testing' by 2 commits, and can be fast-forwarded.
  (use "git pull" to update your local branch)
Switched to branch 'BenWibking/add-regression-testing'
Updating 79d63288..7333fa5f
Fast-forward
 .ci/azure-pipelines-regression.yml    | 19 ++++++++
 .gitmodules                           |  3 ++
 extern/regression_testing             |  1 +
 regression/quokka-tests.ini           | 90 +++++++++++++++++++++++++++++++++++
 src/simulation.hpp                    |  6 +++
 tests/blast_32.in                     |  6 ++-
 tests/blast_unigrid_128_cpu.in        | 38 +++++++++++++++
 tests/blast_unigrid_128_regression.in | 29 +++++++++++
 8 files changed, 190 insertions(+), 2 deletions(-)
 create mode 100644 .ci/azure-pipelines-regression.yml
 create mode 160000 extern/regression_testing
 create mode 100644 regression/quokka-tests.ini
 create mode 100644 tests/blast_unigrid_128_cpu.in
 create mode 100644 tests/blast_unigrid_128_regression.in
Your branch is behind 'origin/BenWibking/add-regression-testing' by 2 commits, and can be fast-forwarded.
  (use "git pull" to update your local branch)
Switched to branch 'BenWibking/add-regression-testing'
Already up to date.
Your branch is behind 'origin/BenWibking/add-regression-testing' by 2 commits, and can be fast-forwarded.
  (use "git pull" to update your local branch)
Switched to branch 'BenWibking/add-regression-testing'
Already up to date.
Your branch is behind 'origin/BenWibking/add-regression-testing' by 2 commits, and can be fast-forwarded.
  (use "git pull" to update your local branch)
Switched to branch 'BenWibking/add-regression-testing'
Already up to date.
Your branch is behind 'origin/BenWibking/add-regression-testing' by 2 commits, and can be fast-forwarded.
  (use "git pull" to update your local branch)
Switched to branch 'BenWibking/add-regression-testing'
Already up to date.
Your branch is behind 'origin/BenWibking/add-regression-testing' by 2 commits, and can be fast-forwarded.
  (use "git pull" to update your local branch)
Switched to branch 'BenWibking/add-regression-testing'
Already up to date.
Your branch is behind 'origin/BenWibking/add-regression-testing' by 2 commits, and can be fast-forwarded.
  (use "git pull" to update your local branch)
Switched to branch 'BenWibking/add-regression-testing'
Already up to date.
Your branch is behind 'origin/BenWibking/add-regression-testing' by 2 commits, and can be fast-forwarded.
  (use "git pull" to update your local branch)
Switched to branch 'BenWibking/add-regression-testing'
Already up to date.
Your branch is behind 'origin/BenWibking/add-regression-testing' by 2 commits, and can be fast-forwarded.
  (use "git pull" to update your local branch)
Switched to branch 'BenWibking/add-regression-testing'
Already up to date.
Your branch is behind 'origin/BenWibking/add-regression-testing' by 2 commits, and can be fast-forwarded.
  (use "git pull" to update your local branch)
Switched to branch 'BenWibking/add-regression-testing'
Already up to date.
Your branch is behind 'origin/BenWibking/add-regression-testing' by 2 commits, and can be fast-forwarded.
  (use "git pull" to update your local branch)
Switched to branch 'BenWibking/add-regression-testing'
Already up to date.
Your branch is behind 'origin/BenWibking/add-regression-testing' by 2 commits, and can be fast-forwarded.
  (use "git pull" to update your local branch)
Switched to branch 'BenWibking/add-regression-testing'
Already up to date.
Your branch is behind 'origin/BenWibking/add-regression-testing' by 2 commits, and can be fast-forwarded.
  (use "git pull" to update your local branch)
Switched to branch 'BenWibking/add-regression-testing'
Already up to date.
Your branch is behind 'origin/BenWibking/add-regression-testing' by 2 commits, and can be fast-forwarded.
  (use "git pull" to update your local branch)
Switched to branch 'BenWibking/add-regression-testing'
Already up to date.
Your branch is behind 'origin/BenWibking/add-regression-testing' by 2 commits, and can be fast-forwarded.
  (use "git pull" to update your local branch)
Switched to branch 'BenWibking/add-regression-testing'
Already up to date.
Your branch is behind 'origin/BenWibking/add-regression-testing' by 2 commits, and can be fast-forwarded.
  (use "git pull" to update your local branch)
Switched to branch 'BenWibking/add-regression-testing'
Already up to date.
Your branch is behind 'origin/BenWibking/add-regression-testing' by 2 commits, and can be fast-forwarded.
  (use "git pull" to update your local branch)
Switched to branch 'BenWibking/add-regression-testing'
Updating 7333fa5f..8191640a
Fast-forward
 .ci/azure-pipelines-regression.yml                 |     13 +-
 docs/installation.rst                              |     11 +-
 perfdata/gpu_performance.txt                       |     44 -
 perfdata/gpu_profiling.txt                         |    155 -
 perfdata/gpu_profiling_unigrid.txt                 |    107 -
 .../unigrid_cpu/bw0729.1629090348.145871.ipm.xml   |   1756 -
 .../unigrid_cpu/bw0729.1629091661.837884.ipm.xml   |  13516 ---
 .../unigrid_cpu/bw0729.1629092733.31126.ipm.xml    | 107596 ------------------
 perfdata/unigrid_cpu/sedov_1node.log               |    261 -
 perfdata/unigrid_cpu/sedov_64nodes.log             |    261 -
 perfdata/unigrid_cpu/sedov_8nodes.log              |    261 -
 regression/quokka-tests.ini                        |      2 +
 src/perturbation.py                                |      4 +-
 13 files changed, 20 insertions(+), 123967 deletions(-)
 delete mode 100644 perfdata/gpu_performance.txt
 delete mode 100644 perfdata/gpu_profiling.txt
 delete mode 100644 perfdata/gpu_profiling_unigrid.txt
 delete mode 100644 perfdata/unigrid_cpu/bw0729.1629090348.145871.ipm.xml
 delete mode 100644 perfdata/unigrid_cpu/bw0729.1629091661.837884.ipm.xml
 delete mode 100644 perfdata/unigrid_cpu/bw0729.1629092733.31126.ipm.xml
 delete mode 100644 perfdata/unigrid_cpu/sedov_1node.log
 delete mode 100644 perfdata/unigrid_cpu/sedov_64nodes.log
 delete mode 100644 perfdata/unigrid_cpu/sedov_8nodes.log
Your branch is behind 'origin/BenWibking/add-regression-testing' by 2 commits, and can be fast-forwarded.
  (use "git pull" to update your local branch)
Switched to branch 'BenWibking/add-regression-testing'
Updating 8191640a..899592ed
Fast-forward
 .pre-commit-config.yaml | 2 +-
 src/DiagPDF.cpp         | 8 +++-----
 2 files changed, 4 insertions(+), 6 deletions(-)
Your branch is behind 'origin/BenWibking/add-regression-testing' by 2 commits, and can be fast-forwarded.
  (use "git pull" to update your local branch)
Switched to branch 'BenWibking/add-regression-testing'
Already up to date.
Your branch is behind 'origin/BenWibking/add-regression-testing' by 2 commits, and can be fast-forwarded.
  (use "git pull" to update your local branch)
Switched to branch 'BenWibking/add-regression-testing'
Updating 3224c604..5dc7488c
Fast-forward
 tests/ShockCloud_128.in           | 57 ---------------------------------------
 tests/ShockCloud_512.in           | 55 -------------------------------------
 tests/ShockCloud_64_regression.in |  2 +-
 3 files changed, 1 insertion(+), 113 deletions(-)
 delete mode 100644 tests/ShockCloud_128.in
 delete mode 100644 tests/ShockCloud_512.in
Your branch is behind 'origin/BenWibking/add-regression-testing' by 2 commits, and can be fast-forwarded.
  (use "git pull" to update your local branch)
Switched to branch 'BenWibking/add-regression-testing'
Updating 5dc7488c..f8b02989
Fast-forward
 tests/ShockCloud_64_regression.in | 2 +-
 1 file changed, 1 insertion(+), 1 deletion(-)
Your branch is behind 'origin/BenWibking/add-regression-testing' by 2 commits, and can be fast-forwarded.
  (use "git pull" to update your local branch)
Switched to branch 'BenWibking/add-regression-testing'
Already up to date.
Your branch is behind 'origin/BenWibking/add-regression-testing' by 2 commits, and can be fast-forwarded.
  (use "git pull" to update your local branch)
Switched to branch 'BenWibking/add-regression-testing'
Updating 899592ed..f3955190
Fast-forward
 .../workflows/dependencies/dependencies_dpcpp.sh   |   7 +-
 .github/workflows/sonarcloud.yml                   |   2 +-
 .pre-commit-config.yaml                            |   2 +-
 extern/amrex                                       |   2 +-
 extern/cooling/isrf_1000Go_grains.h5               | Bin 0 -> 106280 bytes
 extern/fmt                                         |   2 +-
 extern/openPMD-api                                 |   2 +-
 regression/quokka-tests.ini                        |  17 +
 src/NSCBC_inflow.hpp                               |   2 -
 src/NSCBC_outflow.hpp                              |   1 -
 src/ShockCloud/CMakeLists.txt                      |   2 -
 src/ShockCloud/boundary_conditions.ipynb           | 812 +++++++++++++++++++
 src/ShockCloud/cloud.cpp                           | 893 ++++++++++++++++-----
 src/ShockCloud/test_grackle_cooling.cpp            | 109 ---
 tests/ShockCloud_128.in                            |  57 --
 tests/ShockCloud_32.in                             | 143 ++++
 tests/ShockCloud_512.in                            |  55 --
 tests/ShockCloud_64.in                             | 131 +++
 tests/ShockCloud_64_regression.in                  |  49 ++
 tests/ascent_actions.yaml                          |  30 -
 20 files changed, 1864 insertions(+), 454 deletions(-)
 create mode 100644 extern/cooling/isrf_1000Go_grains.h5
 create mode 100644 src/ShockCloud/boundary_conditions.ipynb
 delete mode 100644 src/ShockCloud/test_grackle_cooling.cpp
 delete mode 100644 tests/ShockCloud_128.in
 create mode 100644 tests/ShockCloud_32.in
 delete mode 100644 tests/ShockCloud_512.in
 create mode 100644 tests/ShockCloud_64.in
 create mode 100644 tests/ShockCloud_64_regression.in
 delete mode 100644 tests/ascent_actions.yaml
Already up to date.
M	extern/amrex
M	extern/fmt
M	extern/openPMD-api
Your branch is up to date with 'origin/development'.
Already on 'development'
Updating f3955190..080145d3
Fast-forward
 src/RadhydroSimulation.hpp | 2 +-
 1 file changed, 1 insertion(+), 1 deletion(-)
M	extern/amrex
M	extern/fmt
M	extern/openPMD-api
Your branch is up to date with 'origin/development'.
Already on 'development'
Updating 080145d3..d616a63e
Fast-forward
 src/RadhydroSimulation.hpp | 9 ++++-----
 1 file changed, 4 insertions(+), 5 deletions(-)
M	extern/amrex
M	extern/fmt
M	extern/openPMD-api
Your branch is up to date with 'origin/development'.
Already on 'development'
Updating d616a63e..3a2f8934
Fast-forward
 extern/Microphysics | 2 +-
 1 file changed, 1 insertion(+), 1 deletion(-)
M	extern/Microphysics
M	extern/amrex
M	extern/fmt
M	extern/openPMD-api
Your branch is up to date with 'origin/development'.
Already on 'development'
Already up to date.
