/priv/avatar/cche/azp-agent-in-docker-cuda/azp-agent-avatargpu/regression-tests/amrex/Tools/Plotfile//fcompare.gnu.ex --abort_if_not_all_found -n 0 /priv/avatar/cche/azp-agent-in-docker-cuda/azp-agent-avatargpu/regression-tests/quokka-benchmarks/DiskGalaxy-GPU_plt0000300 DiskGalaxy-GPU_plt0000300

            variable name            absolute error            relative error
                                        (||A - B||)         (||A - B||/||A||)
 ----------------------------------------------------------------------------
 level = 0
 gasDensity                         1.415129384e-31           1.337725855e-06
 x-GasMomentum                      1.811465986e-24            1.33468787e-06
 y-GasMomentum                      1.633205258e-24           1.061985741e-06
 z-GasMomentum                      1.522592058e-25           1.199858708e-06
 gasEnergy                          3.160145249e-17           1.320170783e-06
 gasInternalEnergy                  1.076330961e-17           1.944352785e-06
 scalar_0                           9.275533909e-41           5.000444214e-06
 x-BField                           2.779814901e-15           1.614855096e-06
 y-BField                           1.147761157e-15           6.163147059e-07
 z-BField                            1.53984011e-15           5.391371493e-06
 temperature                            3.334391985           3.056702872e-06
 pressure                            0.001715964041           1.564853177e-06
 entropy                              0.00219035188           2.362977645e-06
 gpot                                      22098900           1.472309925e-08
 radius_sph                                       0                         0
 bfield_strength                    7.498886378e-09            1.03884925e-06
 radial_velocity                    0.0008570462516           5.086689508e-06
 circular_velocity                  0.0008022695814           4.219876067e-06
 particle.CIC.mass_density           1.234503238e-30           8.836770346e-07
 particle.StochasticStellarPop.birth_mass_density                         0                         0
 level = 1
 gasDensity                         5.458061052e-31            9.67573155e-07
 x-GasMomentum                      9.210151417e-24           1.271515602e-06
 y-GasMomentum                      1.186148936e-23           1.822366641e-06
 z-GasMomentum                       1.87408169e-24           2.603396866e-06
 gasEnergy                           1.52093502e-16           1.412215442e-06
 gasInternalEnergy                  2.842147398e-17           1.203352371e-06
 scalar_0                           7.621631647e-40           2.755083809e-05
 x-BField                           1.098283973e-14           1.700457857e-06
 y-BField                           1.261943021e-14           2.030540734e-06
 z-BField                           8.219094405e-15           1.095205239e-05
 temperature                            21.38348775           1.950235401e-05
 pressure                            0.008592149341           1.467091075e-06
 entropy                             0.002102542528           2.811094241e-06
 gpot                                      70336476           3.811304773e-08
 radius_sph                                       0                         0
 bfield_strength                    2.511254072e-08           7.181580069e-07
 radial_velocity                      0.00596100067           2.459727939e-05
 circular_velocity                   0.004282399121           2.216578311e-05
 particle.CIC.mass_density           9.061789136e-30           1.576134251e-06
 particle.StochasticStellarPop.birth_mass_density                         0                         0
 level = 2
 gasDensity                         2.909440161e-30           1.506354899e-06
 x-GasMomentum                      3.814164766e-23            1.77345952e-06
 y-GasMomentum                        6.8191104e-23           3.101644696e-06
 z-GasMomentum                      7.957051606e-24           2.260772837e-06
 gasEnergy                          8.646554015e-16           3.281904745e-06
 gasInternalEnergy                  6.314812415e-17           9.185044639e-07
 scalar_0                           4.719432821e-39           6.814751741e-05
 x-BField                           5.760234297e-14           3.238446925e-06
 y-BField                           3.772198137e-14            2.13990246e-06
 z-BField                           1.981146421e-14           1.255765181e-05
 temperature                            176.7274775           0.0001612893385
 pressure                             0.07796962236             3.7707058e-06
 entropy                              0.01327355266            2.03803455e-05
 gpot                                   155458187.8           7.260617357e-08
 radius_sph                                       0                         0
 bfield_strength                    1.664904744e-07           1.839846149e-06
 radial_velocity                      0.04310315449           0.0001388882789
 circular_velocity                    0.03720673063           0.0001706697519
 particle.CIC.mass_density            5.42952544e-29           2.829376826e-06
 particle.StochasticStellarPop.birth_mass_density                         0                         0
 level = 3
 gasDensity                         1.652046143e-29           2.821221692e-06
 x-GasMomentum                      1.851257562e-22           3.268998628e-06
 y-GasMomentum                      2.411756826e-22           4.302944536e-06
 z-GasMomentum                      9.622967844e-23           5.122865108e-06
 gasEnergy                          3.063023506e-15           5.417752072e-06
 gasInternalEnergy                  3.640443257e-16           2.249432192e-06
 scalar_0                           2.905077523e-38           0.0001788959535
 x-BField                           3.172882408e-13           6.425980079e-06
 y-BField                           2.875801569e-13           4.936873574e-06
 z-BField                           6.224126765e-14           2.161456883e-05
 temperature                            646.6207134           0.0006328064649
 pressure                               0.318849732           5.237120103e-06
 entropy                               0.0950900819           0.0001504811411
 gpot                                   273286609.5           1.152894648e-07
 radius_sph                                       0                         0
 bfield_strength                    8.618391058e-07           3.826868772e-06
 radial_velocity                       0.1892569578            0.000512573934
 circular_velocity                     0.2139281037           0.0009164996315
 particle.CIC.mass_density           4.303703984e-28           7.135263979e-06
 particle.StochasticStellarPop.birth_mass_density                         0                         0
 level = 4
 gasDensity                         1.603958699e-28           5.875428568e-06
 x-GasMomentum                      7.175184874e-22           3.368249321e-06
 y-GasMomentum                      1.311182087e-21           5.723327424e-06
 z-GasMomentum                      7.312260175e-22            6.54800932e-06
 gasEnergy                          9.049811312e-15           5.918825672e-06
 gasInternalEnergy                   2.95499217e-15           7.429846763e-06
 scalar_0                           1.411372982e-37           0.0002304652198
 x-BField                           1.108915628e-12           9.962275082e-06
 y-BField                           2.101913444e-12            1.48768069e-05
 z-BField                           7.897494829e-13           0.0002186322274
 temperature                            3000.650085            0.001513369547
 pressure                               2.719868553           9.926984676e-06
 entropy                               0.9824900713             0.00375941004
 gpot                                     647691076           2.538787429e-07
 radius_sph                                       0                         0
 bfield_strength                    5.938663282e-06           1.137343081e-05
 radial_velocity                        1.599056514            0.004223380618
 circular_velocity                     0.7489706835            0.003022874708
 particle.CIC.mass_density           1.946717258e-27           1.045404144e-05
 particle.StochasticStellarPop.birth_mass_density                         0                         0
 level = 5
 gasDensity                          7.45559793e-28            7.12624861e-06
 x-GasMomentum                        4.2440104e-21           7.043707766e-06
 y-GasMomentum                      3.908733402e-21           5.907694823e-06
 z-GasMomentum                      4.950051722e-21           1.104963695e-05
 gasEnergy                          2.899820224e-14           1.071823252e-05
 gasInternalEnergy                  4.121971368e-15           1.895465319e-05
 scalar_0                           2.150122592e-37           9.710123574e-05
 x-BField                           5.402900485e-12           2.366300298e-05
 y-BField                           7.706009361e-12           3.090729217e-05
 z-BField                           2.363345065e-12           0.0003042466176
 temperature                            11591.57734            0.004592988098
 pressure                               19.90354761           1.895465319e-05
 entropy                               0.5680957524             0.01162857738
 gpot                                    2411383600           9.002633218e-07
 radius_sph                                       0                         0
 bfield_strength                    1.905844266e-05           2.144389224e-05
 radial_velocity                        4.996788713              0.0126897322
 circular_velocity                      3.679832972             0.01482225381
 particle.CIC.mass_density           1.137862723e-26           2.497073915e-05
 particle.StochasticStellarPop.birth_mass_density                         0                         0
/priv/avatar/cche/azp-agent-in-docker-cuda/azp-agent-avatargpu/regression-tests/amrex/Tools/Postprocessing/C_Src//particle_compare.exe /priv/avatar/cche/azp-agent-in-docker-cuda/azp-agent-avatargpu/regression-tests/quokka-benchmarks/DiskGalaxy-GPU_plt0000300 DiskGalaxy-GPU_plt0000300 CIC_particles

-----------------------------------------------------------------------
CIC_particles
CIC_particles_position_x            1.62209721e+17        8.92512481e-04        
CIC_particles_position_y            1.86105424e+17        4.91848592e-04        
CIC_particles_position_z            1.72301663e+17        1.69035195e-04        
CIC_particles_mass                  0.00000000e+00        0.00000000e+00        
CIC_particles_vx                    4.23147468e+02        2.52934808e-05        
CIC_particles_vy                    4.21559978e+02        9.24546760e-05        
CIC_particles_vz                    5.16045321e+02        1.29916815e-03        
CIC_particles_id                    0.00000000e+00        0.00000000e+00        
CIC_particles_cpu                   0.00000000e+00        0.00000000e+00        

 PARTICLES DISAGREE to relative tolerance 0
/priv/avatar/cche/azp-agent-in-docker-cuda/azp-agent-avatargpu/regression-tests/amrex/Tools/Postprocessing/C_Src//particle_compare.exe /priv/avatar/cche/azp-agent-in-docker-cuda/azp-agent-avatargpu/regression-tests/quokka-benchmarks/DiskGalaxy-GPU_plt0000300 DiskGalaxy-GPU_plt0000300 StochasticStellarPop_particles

-----------------------------------------------------------------------
StochasticStellarPop_particles
StochasticStellarPop_particles_position_x0.00000000e+00        0.00000000e+00        
StochasticStellarPop_particles_position_y0.00000000e+00        0.00000000e+00        
StochasticStellarPop_particles_position_z0.00000000e+00        0.00000000e+00        
StochasticStellarPop_particles_mass 0.00000000e+00        0.00000000e+00        
StochasticStellarPop_particles_vx   0.00000000e+00        0.00000000e+00        
StochasticStellarPop_particles_vy   0.00000000e+00        0.00000000e+00        
StochasticStellarPop_particles_vz   0.00000000e+00        0.00000000e+00        
StochasticStellarPop_particles_birth_time0.00000000e+00        0.00000000e+00        
StochasticStellarPop_particles_death_time0.00000000e+00        0.00000000e+00        
StochasticStellarPop_particles_birth_x0.00000000e+00        0.00000000e+00        
StochasticStellarPop_particles_birth_y0.00000000e+00        0.00000000e+00        
StochasticStellarPop_particles_birth_z0.00000000e+00        0.00000000e+00        
StochasticStellarPop_particles_death_x0.00000000e+00        0.00000000e+00        
StochasticStellarPop_particles_death_y0.00000000e+00        0.00000000e+00        
StochasticStellarPop_particles_death_z0.00000000e+00        0.00000000e+00        
StochasticStellarPop_particles_death_density0.00000000e+00        0.00000000e+00        
StochasticStellarPop_particles_mass_at_birth0.00000000e+00        0.00000000e+00        
StochasticStellarPop_particles_luminosity_00.00000000e+00        0.00000000e+00        
StochasticStellarPop_particles_id   0.00000000e+00        0.00000000e+00        
StochasticStellarPop_particles_cpu  0.00000000e+00        0.00000000e+00        
StochasticStellarPop_particles_evolution_stage0.00000000e+00        0.00000000e+00        

 PARTICLES AGREE to relative tolerance 0
