[ 12%] Built target yaml-cpp
[ 75%] Built target amrex_3d
[ 87%] Built target amrex_hydro
[ 87%] Built target amrex_hydro_api
[ 87%] Building CUDA object src/problems/AlfvenWaveLinearConvergence/CMakeFiles/AlfvenWaveLinearConvergence.dir/testAlfvenWaveLinearConvergence.cpp.o
[ 87%] Building CUDA object src/problems/AlfvenWaveLinearConvergence/CMakeFiles/AlfvenWaveLinearConvergence.dir/__/__/main.cpp.o
[ 87%] Building CUDA object src/problems/AlfvenWaveLinearConvergence/CMakeFiles/AlfvenWaveLinearConvergence.dir/__/__/io/DiagBase.cpp.o
[ 87%] Building CUDA object src/problems/AlfvenWaveLinearConvergence/CMakeFiles/AlfvenWaveLinearConvergence.dir/__/__/io/DerivedFieldBase.cpp.o
[ 87%] Building CUDA object src/problems/AlfvenWaveLinearConvergence/CMakeFiles/AlfvenWaveLinearConvergence.dir/__/__/io/DerivedParticleDeposition.cpp.o
[ 87%] Building CUDA object src/problems/AlfvenWaveLinearConvergence/CMakeFiles/AlfvenWaveLinearConvergence.dir/__/__/io/DiagFilter.cpp.o
[100%] Building CUDA object src/problems/AlfvenWaveLinearConvergence/CMakeFiles/AlfvenWaveLinearConvergence.dir/__/__/io/DiagPDF.cpp.o
[100%] Building CUDA object src/problems/AlfvenWaveLinearConvergence/CMakeFiles/AlfvenWaveLinearConvergence.dir/__/__/io/DiagPlotfile.cpp.o
[100%] Building CUDA object src/problems/AlfvenWaveLinearConvergence/CMakeFiles/AlfvenWaveLinearConvergence.dir/__/__/io/DiagParticleTxt.cpp.o
[100%] Building CUDA object src/problems/AlfvenWaveLinearConvergence/CMakeFiles/AlfvenWaveLinearConvergence.dir/__/__/io/DiagFramePlane.cpp.o
[100%] Building CUDA object src/problems/AlfvenWaveLinearConvergence/CMakeFiles/AlfvenWaveLinearConvergence.dir/__/__/cooling/ResampledCooling.cpp.o
[100%] Building CUDA object src/problems/AlfvenWaveLinearConvergence/CMakeFiles/AlfvenWaveLinearConvergence.dir/__/__/util/fextract.cpp.o
[100%] Building CUDA object src/problems/AlfvenWaveLinearConvergence/CMakeFiles/AlfvenWaveLinearConvergence.dir/__/__/io/projection.cpp.o
[100%] Building CUDA object src/problems/AlfvenWaveLinearConvergence/CMakeFiles/AlfvenWaveLinearConvergence.dir/__/__/io/DiagProjectionPlot.cpp.o
[100%] Building CUDA object src/problems/AlfvenWaveLinearConvergence/CMakeFiles/AlfvenWaveLinearConvergence.dir/__/__/__/extern/Microphysics/interfaces/eos_data.cpp.o
[100%] Building CUDA object src/problems/AlfvenWaveLinearConvergence/CMakeFiles/AlfvenWaveLinearConvergence.dir/__/__/__/extern/Microphysics/interfaces/network_initialization.cpp.o
[100%] Building CUDA object src/problems/AlfvenWaveLinearConvergence/CMakeFiles/AlfvenWaveLinearConvergence.dir/__/__/extern_parameters.cpp.o
[100%] Linking CUDA device code CMakeFiles/AlfvenWaveLinearConvergence.dir/cmake_device_link.o
[100%] Linking CXX executable AlfvenWaveLinearConvergence
[100%] Built target AlfvenWaveLinearConvergence
nvcc warning : Support for offline compilation for architectures prior to '<compute/sm/lto>_75' will be removed in a future release (Use -Wno-deprecated-gpu-targets to suppress warning).
nvcc warning : Support for offline compilation for architectures prior to '<compute/sm/lto>_75' will be removed in a future release (Use -Wno-deprecated-gpu-targets to suppress warning).
nvcc warning : Support for offline compilation for architectures prior to '<compute/sm/lto>_75' will be removed in a future release (Use -Wno-deprecated-gpu-targets to suppress warning).
nvcc warning : Support for offline compilation for architectures prior to '<compute/sm/lto>_75' will be removed in a future release (Use -Wno-deprecated-gpu-targets to suppress warning).
nvcc warning : Support for offline compilation for architectures prior to '<compute/sm/lto>_75' will be removed in a future release (Use -Wno-deprecated-gpu-targets to suppress warning).
nvcc warning : Support for offline compilation for architectures prior to '<compute/sm/lto>_75' will be removed in a future release (Use -Wno-deprecated-gpu-targets to suppress warning).
nvcc warning : Support for offline compilation for architectures prior to '<compute/sm/lto>_75' will be removed in a future release (Use -Wno-deprecated-gpu-targets to suppress warning).
nvcc warning : Support for offline compilation for architectures prior to '<compute/sm/lto>_75' will be removed in a future release (Use -Wno-deprecated-gpu-targets to suppress warning).
nvcc warning : Support for offline compilation for architectures prior to '<compute/sm/lto>_75' will be removed in a future release (Use -Wno-deprecated-gpu-targets to suppress warning).
nvcc warning : Support for offline compilation for architectures prior to '<compute/sm/lto>_75' will be removed in a future release (Use -Wno-deprecated-gpu-targets to suppress warning).
nvcc warning : Support for offline compilation for architectures prior to '<compute/sm/lto>_75' will be removed in a future release (Use -Wno-deprecated-gpu-targets to suppress warning).
nvcc warning : Support for offline compilation for architectures prior to '<compute/sm/lto>_75' will be removed in a future release (Use -Wno-deprecated-gpu-targets to suppress warning).
nvcc warning : Support for offline compilation for architectures prior to '<compute/sm/lto>_75' will be removed in a future release (Use -Wno-deprecated-gpu-targets to suppress warning).
nvcc warning : Support for offline compilation for architectures prior to '<compute/sm/lto>_75' will be removed in a future release (Use -Wno-deprecated-gpu-targets to suppress warning).
nvcc warning : Support for offline compilation for architectures prior to '<compute/sm/lto>_75' will be removed in a future release (Use -Wno-deprecated-gpu-targets to suppress warning).
nvcc warning : Support for offline compilation for architectures prior to '<compute/sm/lto>_75' will be removed in a future release (Use -Wno-deprecated-gpu-targets to suppress warning).
nvcc warning : Support for offline compilation for architectures prior to '<compute/sm/lto>_75' will be removed in a future release (Use -Wno-deprecated-gpu-targets to suppress warning).
