Already up to date.
Your branch is up to date with 'origin/development'.
Already on 'development'
Updating 0108935f6..449ff2f7a
Fast-forward
 Docs/sphinx_documentation/source/Basics.rst  | 11 ++--
 Docs/sphinx_documentation/source/FFT.rst     |  9 ++--
 Src/Base/AMReX_RandomEngine.H                |  9 ++++
 Src/FFT/AMReX_FFT_Poisson.H                  | 76 +++++++++++++++-------------
 Src/Particle/AMReX_WriteBinaryParticleData.H |  6 +--
 Tests/FFT/Poisson/main.cpp                   |  8 +--
 6 files changed, 65 insertions(+), 54 deletions(-)
Your branch is up to date with 'origin/development'.
Already on 'development'
Already up to date.
Your branch is up to date with 'origin/development'.
Already on 'development'
Already up to date.
Your branch is up to date with 'origin/development'.
Already on 'development'
Already up to date.
Your branch is up to date with 'origin/development'.
Already on 'development'
Updating 449ff2f7a..52e465901
Fast-forward
 Src/AmrCore/AMReX_ErrorList.H                     | 19 +++--
 Src/AmrCore/AMReX_ErrorList.cpp                   | 39 ++++++++++-
 Tests/Amr/Advection_AmrCore/Exec/inputs-errorfn   | 85 +++++++++++++++++++++++
 Tests/Amr/Advection_AmrCore/Source/AmrCoreAdv.H   |  4 ++
 Tests/Amr/Advection_AmrCore/Source/AmrCoreAdv.cpp | 25 +++++--
 5 files changed, 157 insertions(+), 15 deletions(-)
 create mode 100644 Tests/Amr/Advection_AmrCore/Exec/inputs-errorfn
