/data/mash/cche/azp-agent-in-docker-cuda/azp-agent-avatargpu/regression-tests/amrex/Tools/Plotfile//fcompare.gnu.ex --abort_if_not_all_found -n 0 /data/mash/cche/azp-agent-in-docker-cuda/azp-agent-avatargpu/regression-tests/quokka-benchmarks/Sedov-GPU_plt10978 Sedov-GPU_plt10978

            variable name            absolute error            relative error
                                        (||A - B||)         (||A - B||/||A||)
 ----------------------------------------------------------------------------
 level = 0
 gasDensity                                       0                         0
 x-GasMomentum                                    0                         0
 y-GasMomentum                                    0                         0
 z-GasMomentum                                    0                         0
 gasEnergy                                        0                         0
 gasInternalEnergy                                0                         0
 PLOTFILE AGREE
/data/mash/cche/azp-agent-in-docker-cuda/azp-agent-avatargpu/regression-tests/amrex/Tools/Postprocessing/C_Src//particle_compare.exe /data/mash/cche/azp-agent-in-docker-cuda/azp-agent-avatargpu/regression-tests/quokka-benchmarks/Sedov-GPU_plt10978 Sedov-GPU_plt10978 tracer_particles

-----------------------------------------------------------------------
tracer_particles
tracer_particles_position_x         2.38930975e-09        1.99889966e-09        
tracer_particles_position_y         2.38931319e-09        1.99890254e-09        
tracer_particles_position_z         2.38931064e-09        1.99890040e-09        
tracer_particles_real_comp0         1.09400464e-09        1.09400464e-09        
tracer_particles_real_comp1         1.09400619e-09        1.09400619e-09        
tracer_particles_real_comp2         1.09400505e-09        1.09400505e-09        
tracer_particles_id                 0.00000000e+00        0.00000000e+00        
tracer_particles_cpu                0.00000000e+00        0.00000000e+00        

 PARTICLES DISAGREE to relative tolerance 0
