Initializing AMReX (25.12-26-g53dc0a470c5d)...
MPI initialized with 1 MPI processes
MPI initialized with thread support level 0
Initializing CUDA...
CUDA initialized with 1 device.
AMReX (25.12-26-g53dc0a470c5d) initialized
Writing plotfile SedovAMR-GPU_plt0000000

Coarse STEP 1 at t = 0 (0%) starts ...

Coarse STEP 2 at t = 5.229826469e-06 (0.0005229826469%) starts ...

Coarse STEP 3 at t = 1.011367698e-05 (0.001011367698%) starts ...

Coarse STEP 4 at t = 1.484878669e-05 (0.001484878669%) starts ...

Coarse STEP 5 at t = 1.954057206e-05 (0.001954057206%) starts ...

Coarse STEP 6 at t = 2.426444397e-05 (0.002426444397%) starts ...

Coarse STEP 7 at t = 2.906828545e-05 (0.002906828545%) starts ...

Coarse STEP 8 at t = 3.400603973e-05 (0.003400603973%) starts ...

Coarse STEP 9 at t = 3.912878628e-05 (0.003912878628%) starts ...

Coarse STEP 10 at t = 4.447964539e-05 (0.004447964539%) starts ...

Coarse STEP 11 at t = 5.010245536e-05 (0.005010245536%) starts ...

Coarse STEP 12 at t = 5.604250328e-05 (0.005604250328%) starts ...

Coarse STEP 13 at t = 6.234087879e-05 (0.006234087879%) starts ...

Coarse STEP 14 at t = 6.898546572e-05 (0.006898546572%) starts ...

Coarse STEP 15 at t = 7.596184206e-05 (0.007596184206%) starts ...

Coarse STEP 16 at t = 8.321572009e-05 (0.008321572009%) starts ...

Coarse STEP 17 at t = 9.06730774e-05 (0.00906730774%) starts ...

Coarse STEP 18 at t = 9.82774857e-05 (0.00982774857%) starts ...

Coarse STEP 19 at t = 0.0001060023715 (0.01060023715%) starts ...

Coarse STEP 20 at t = 0.0001138422291 (0.01138422291%) starts ...

Coarse STEP 21 at t = 0.0001217896462 (0.01217896462%) starts ...

Coarse STEP 22 at t = 0.0001298376428 (0.01298376428%) starts ...

Coarse STEP 23 at t = 0.0001379928963 (0.01379928963%) starts ...

Coarse STEP 24 at t = 0.0001462571596 (0.01462571596%) starts ...

Coarse STEP 25 at t = 0.0001546323844 (0.01546323844%) starts ...

Coarse STEP 26 at t = 0.0001631328894 (0.01631328894%) starts ...

Coarse STEP 27 at t = 0.0001717648105 (0.01717648105%) starts ...

Coarse STEP 28 at t = 0.0001805286184 (0.01805286184%) starts ...

Coarse STEP 29 at t = 0.0001894174101 (0.01894174101%) starts ...

Coarse STEP 30 at t = 0.0001984233365 (0.01984233365%) starts ...

Coarse STEP 31 at t = 0.0002075426354 (0.02075426354%) starts ...

Coarse STEP 32 at t = 0.0002167762208 (0.02167762208%) starts ...

Coarse STEP 33 at t = 0.0002261276371 (0.02261276371%) starts ...

Coarse STEP 34 at t = 0.0002355979156 (0.02355979156%) starts ...

Coarse STEP 35 at t = 0.0002451823397 (0.02451823397%) starts ...

Coarse STEP 36 at t = 0.0002548730752 (0.02548730752%) starts ...

Coarse STEP 37 at t = 0.0002646561595 (0.02646561595%) starts ...

Coarse STEP 38 at t = 0.000274520729 (0.0274520729%) starts ...

Coarse STEP 39 at t = 0.0002844564808 (0.02844564808%) starts ...

Coarse STEP 40 at t = 0.0002944549071 (0.02944549071%) starts ...

Coarse STEP 41 at t = 0.000304509879 (0.0304509879%) starts ...

Coarse STEP 42 at t = 0.0003146173613 (0.03146173613%) starts ...

Coarse STEP 43 at t = 0.0003247744175 (0.03247744175%) starts ...

Coarse STEP 44 at t = 0.0003349808223 (0.03349808223%) starts ...

Coarse STEP 45 at t = 0.0003452384625 (0.03452384625%) starts ...

Coarse STEP 46 at t = 0.0003555500861 (0.03555500861%) starts ...

Coarse STEP 47 at t = 0.0003659188337 (0.03659188337%) starts ...

Coarse STEP 48 at t = 0.0003763466645 (0.03763466645%) starts ...

Coarse STEP 49 at t = 0.000386835788 (0.0386835788%) starts ...

Coarse STEP 50 at t = 0.0003973876005 (0.03973876005%) starts ...

Coarse STEP 51 at t = 0.0004080028203 (0.04080028203%) starts ...

Coarse STEP 52 at t = 0.0004186822768 (0.04186822768%) starts ...

Coarse STEP 53 at t = 0.0004294234661 (0.04294234661%) starts ...

Coarse STEP 54 at t = 0.0004402256572 (0.04402256572%) starts ...

Coarse STEP 55 at t = 0.0004510886069 (0.04510886069%) starts ...

Coarse STEP 56 at t = 0.0004620105937 (0.04620105937%) starts ...

Coarse STEP 57 at t = 0.0004729888644 (0.04729888644%) starts ...

Coarse STEP 58 at t = 0.0004840211489 (0.04840211489%) starts ...

Coarse STEP 59 at t = 0.0004951050779 (0.04951050779%) starts ...

Coarse STEP 60 at t = 0.0005062382376 (0.05062382376%) starts ...

Coarse STEP 61 at t = 0.0005174174689 (0.05174174689%) starts ...

Coarse STEP 62 at t = 0.0005286404051 (0.05286404051%) starts ...

Coarse STEP 63 at t = 0.0005399054802 (0.05399054802%) starts ...

Coarse STEP 64 at t = 0.000551210773 (0.0551210773%) starts ...

Coarse STEP 65 at t = 0.0005625544654 (0.05625544654%) starts ...

Coarse STEP 66 at t = 0.0005739352718 (0.05739352718%) starts ...

Coarse STEP 67 at t = 0.0005853522835 (0.05853522835%) starts ...

Coarse STEP 68 at t = 0.000596804617 (0.0596804617%) starts ...

Coarse STEP 69 at t = 0.000608291829 (0.0608291829%) starts ...

Coarse STEP 70 at t = 0.0006198139542 (0.06198139542%) starts ...

Coarse STEP 71 at t = 0.0006313716369 (0.06313716369%) starts ...

Coarse STEP 72 at t = 0.0006429658069 (0.06429658069%) starts ...

Coarse STEP 73 at t = 0.0006545973064 (0.06545973064%) starts ...

Coarse STEP 74 at t = 0.0006662666695 (0.06662666695%) starts ...

Coarse STEP 75 at t = 0.0006779745543 (0.06779745543%) starts ...

Coarse STEP 76 at t = 0.000689721296 (0.0689721296%) starts ...

Coarse STEP 77 at t = 0.000701506048 (0.0701506048%) starts ...

Coarse STEP 78 at t = 0.0007133282044 (0.07133282044%) starts ...

Coarse STEP 79 at t = 0.0007251864439 (0.07251864439%) starts ...

Coarse STEP 80 at t = 0.0007370800575 (0.07370800575%) starts ...

Coarse STEP 81 at t = 0.0007490084372 (0.07490084372%) starts ...

Coarse STEP 82 at t = 0.0007609711764 (0.07609711764%) starts ...

Coarse STEP 83 at t = 0.0007729676975 (0.07729676975%) starts ...

Coarse STEP 84 at t = 0.0007849978447 (0.07849978447%) starts ...

Coarse STEP 85 at t = 0.0007970615162 (0.07970615162%) starts ...

Coarse STEP 86 at t = 0.0008091585903 (0.08091585903%) starts ...

Coarse STEP 87 at t = 0.0008212890367 (0.08212890367%) starts ...

Coarse STEP 88 at t = 0.0008334527917 (0.08334527917%) starts ...

Coarse STEP 89 at t = 0.0008456497275 (0.08456497275%) starts ...

Coarse STEP 90 at t = 0.0008578799108 (0.08578799108%) starts ...

Coarse STEP 91 at t = 0.0008701435308 (0.08701435308%) starts ...

Coarse STEP 92 at t = 0.0008824406746 (0.08824406746%) starts ...

Coarse STEP 93 at t = 0.0008947714741 (0.08947714741%) starts ...

Coarse STEP 94 at t = 0.0009071362393 (0.09071362393%) starts ...

Coarse STEP 95 at t = 0.0009195351045 (0.09195351045%) starts ...

Coarse STEP 96 at t = 0.0009319679407 (0.09319679407%) starts ...

Coarse STEP 97 at t = 0.0009444344621 (0.09444344621%) starts ...

Coarse STEP 98 at t = 0.0009569339648 (0.09569339648%) starts ...

Coarse STEP 99 at t = 0.0009694652563 (0.09694652563%) starts ...

Coarse STEP 100 at t = 0.0009820268491 (0.09820268491%) starts ...

Initial energy = 0.01332031034
Final energy = 0.01332031034
	absolute conservation error = 8.67361738e-18
	relative conservation error = 6.511573048e-16
	kinetic energy = 0.001989812883
	relative K.E. error = -0.06934712886

Energy conservation is OK.
Kinetic energy production is incorrect by more than 1 percent!

Initial gasDensity = 1.728
	absolute conservation error = -2.220446049e-16
	relative conservation error = -1.284980353e-16

Initial x-GasMomentum = 0
	absolute conservation error = 0.0002447176975

Initial y-GasMomentum = 0
	absolute conservation error = 0.0002447176975

Initial z-GasMomentum = 0
	absolute conservation error = 0.0002447176975

Initial gasEnergy = 0.01332031034
	absolute conservation error = 8.67361738e-18
	relative conservation error = 6.511573048e-16

Initial gasInternalEnergy = 0
	absolute conservation error = 0.01133049746

Performance figure-of-merit: 0.02320195172 μs/zone-update [43.09982247 Mupdates/s]
Zone-updates on level 0: 209715200
Zone-updates on level 1: 26214400

Writing plotfile SedovAMR-GPU_plt0000100
elapsed time: 10.11323975 seconds.


TinyProfiler total time across processes [min...avg...max]: 10.11 ... 10.11 ... 10.11

--------------------------------------------------------------------------------------------------------
Name                                                     NCalls  Excl. Min  Excl. Avg  Excl. Max   Max %
--------------------------------------------------------------------------------------------------------
VisMF::Write(FabArray)                                        4      2.148      2.148      2.148  21.24%
WriteBinaryParticleData()                                     2      2.124      2.124      2.124  21.00%
QuokkaSimulation::computeHydroFluxes()                      400      1.922      1.922      1.922  19.00%
HyperbolicSystem::ReconstructStatesPPM(MultiFabs)          1200     0.7696     0.7696     0.7696   7.61%
QuokkaSimulation::computeFOHydroFluxes()                    200     0.4853     0.4853     0.4853   4.80%
QuokkaSimulation::advanceHydroAtLevel()                     200      0.421      0.421      0.421   4.16%
FabArray::Saxpy()                                          2400     0.3395     0.3395     0.3395   3.36%
FluxRegister::Reflux()                                      600     0.3389     0.3389     0.3389   3.35%
FabArray::setVal()                                         2902     0.2151     0.2151     0.2151   2.13%
PhysBCFunct::()                                             609     0.1797     0.1797     0.1797   1.78%
ParticleContainer<NSR, NSI, NAR, NAI>::InitOnePerCell()       1     0.1768     0.1768     0.1768   1.75%
AmrMesh::MakeNewGrids()                                      51     0.1711     0.1711     0.1711   1.69%
ParticleContainer::WriteParticles()                           4     0.1559     0.1559     0.1559   1.54%
amrex::Copy()                                               628     0.1227     0.1227     0.1227   1.21%
AMRSimulation::incrementFluxRegisters()                     200     0.1175     0.1175     0.1175   1.16%
TracerParticleContainer::AdvectWithUmac()                   200     0.1055     0.1055     0.1055   1.04%
Redistribute_partition                                      151    0.06838    0.06838    0.06838   0.68%
HydroSystem::PredictStep()                                  400    0.04039    0.04039    0.04039   0.40%
ParticleContainer::RedistributeGPU()                        151    0.03224    0.03224    0.03224   0.32%
FabArray::ParallelCopy_nowait()                            1760    0.02747    0.02747    0.02747   0.27%
QuokkaSimulation::computeMaxSignalLocal()                   200    0.02236    0.02236    0.02236   0.22%
QuokkaSimulation::advanceSingleTimestepAtLevel()            200    0.02214    0.02214    0.02214   0.22%
FillPatcher::fillCFB                                        200   0.006171   0.006171   0.006171   0.06%
AMRSimulation::computeTimestepAtLevel()                     200   0.005435   0.005435   0.005435   0.05%
AMRSimulation::WritePlotFile()                                2   0.004309   0.004309   0.004309   0.04%
WriteMultiLevelPlotfile()                                     2   0.004286   0.004286   0.004286   0.04%
AMRSimulation::evolve()                                       1   0.003121   0.003121   0.003121   0.03%
AMRSimulation::timeStepWithSubcycling()                     200   0.001668   0.001668   0.001668   0.02%
REG::HydroSolver                                            200   0.001249   0.001249   0.001249   0.01%
AMRSimulation::FillPatchWithData()                          203  0.0008775  0.0008775  0.0008775   0.01%
FabArray::ParallelCopy()                                   1760  0.0008539  0.0008539  0.0008539   0.01%
AMRSimulation::fillBoundaryConditions()                     406  0.0004605  0.0004605  0.0004605   0.00%
FillPatcher::fill()                                         200  0.0001941  0.0001941  0.0001941   0.00%
FillPatchSingleLevel                                        206  0.0001485  0.0001485  0.0001485   0.00%
AMRSimulation::computeTimestep()                            100  7.564e-05  7.564e-05  7.564e-05   0.00%
AMRSimulation::setInitialConditions()                         1  2.108e-05  2.108e-05  2.108e-05   0.00%
AMRSimulation::InitParticles()                                1  1.726e-05  1.726e-05  1.726e-05   0.00%
Other                                                      8531    0.07853    0.07853    0.07853   0.78%
--------------------------------------------------------------------------------------------------------

--------------------------------------------------------------------------------------------------------
Name                                                     NCalls  Incl. Min  Incl. Avg  Incl. Max   Max %
--------------------------------------------------------------------------------------------------------
AMRSimulation::evolve()                                       1       7.69       7.69       7.69  76.04%
AMRSimulation::timeStepWithSubcycling()                     200      5.429      5.429      5.429  53.68%
QuokkaSimulation::advanceSingleTimestepAtLevel()            200      4.675      4.675      4.675  46.22%
REG::HydroSolver                                            200      4.653      4.653      4.653  46.00%
QuokkaSimulation::advanceHydroAtLevel()                     200       4.53       4.53       4.53  44.80%
AMRSimulation::WritePlotFile()                                2      4.447      4.447      4.447  43.98%
QuokkaSimulation::computeHydroFluxes()                      400      2.692      2.692      2.692  26.61%
AMRSimulation::setInitialConditions()                         1      2.422      2.422      2.422  23.95%
WriteBinaryParticleData()                                     2       2.28       2.28       2.28  22.54%
WriteMultiLevelPlotfile()                                     2       2.16       2.16       2.16  21.36%
VisMF::Write(FabArray)                                        4      2.148      2.148      2.148  21.24%
HyperbolicSystem::ReconstructStatesPPM(MultiFabs)          1200     0.7696     0.7696     0.7696   7.61%
QuokkaSimulation::computeFOHydroFluxes()                    200     0.4853     0.4853     0.4853   4.80%
FluxRegister::Reflux()                                      600     0.4657     0.4657     0.4657   4.60%
FabArray::Saxpy()                                          2400     0.3395     0.3395     0.3395   3.36%
AMRSimulation::fillBoundaryConditions()                     406     0.2214     0.2214     0.2214   2.19%
FabArray::setVal()                                         2902     0.2151     0.2151     0.2151   2.13%
PhysBCFunct::()                                             609     0.1797     0.1797     0.1797   1.78%
AMRSimulation::InitParticles()                                1     0.1789     0.1789     0.1789   1.77%
ParticleContainer<NSR, NSI, NAR, NAI>::InitOnePerCell()       1     0.1784     0.1784     0.1784   1.76%
AmrMesh::MakeNewGrids()                                      51     0.1778     0.1778     0.1778   1.76%
ParticleContainer::WriteParticles()                           4     0.1559     0.1559     0.1559   1.54%
AMRSimulation::incrementFluxRegisters()                     200     0.1324     0.1324     0.1324   1.31%
amrex::Copy()                                               628     0.1227     0.1227     0.1227   1.21%
AMRSimulation::FillPatchWithData()                          203     0.1144     0.1144     0.1144   1.13%
FillPatcher::fill()                                         200     0.1117     0.1117     0.1117   1.10%
ParticleContainer::RedistributeGPU()                        151     0.1096     0.1096     0.1096   1.08%
TracerParticleContainer::AdvectWithUmac()                   200     0.1055     0.1055     0.1055   1.04%
FillPatcher::fillCFB                                        200    0.08167    0.08167    0.08167   0.81%
Redistribute_partition                                      151    0.06838    0.06838    0.06838   0.68%
AMRSimulation::computeTimestep()                            100    0.04265    0.04265    0.04265   0.42%
AMRSimulation::computeTimestepAtLevel()                     200    0.04258    0.04258    0.04258   0.42%
HydroSystem::PredictStep()                                  400    0.04039    0.04039    0.04039   0.40%
FillPatchSingleLevel                                        206    0.03094    0.03094    0.03094   0.31%
FabArray::ParallelCopy()                                   1760    0.02975    0.02975    0.02975   0.29%
FabArray::ParallelCopy_nowait()                            1760    0.02855    0.02855    0.02855   0.28%
QuokkaSimulation::computeMaxSignalLocal()                   200    0.02236    0.02236    0.02236   0.22%
Other                                                      8531    0.09891    0.09891    0.09891   0.98%
--------------------------------------------------------------------------------------------------------



BEGIN REGION HydroSolver

--------------------------------------------------------------------------------------------------
Name                                               NCalls  Excl. Min  Excl. Avg  Excl. Max   Max %
--------------------------------------------------------------------------------------------------
QuokkaSimulation::computeHydroFluxes()                400      1.922      1.922      1.922  19.00%
HyperbolicSystem::ReconstructStatesPPM(MultiFabs)    1200     0.7696     0.7696     0.7696   7.61%
QuokkaSimulation::computeFOHydroFluxes()              200     0.4853     0.4853     0.4853   4.80%
QuokkaSimulation::advanceHydroAtLevel()               200      0.421      0.421      0.421   4.16%
FabArray::Saxpy()                                    2400     0.3395     0.3395     0.3395   3.36%
PhysBCFunct::()                                       600     0.1771     0.1771     0.1771   1.75%
amrex::Copy()                                         600     0.1209     0.1209     0.1209   1.20%
AMRSimulation::incrementFluxRegisters()               200     0.1175     0.1175     0.1175   1.16%
TracerParticleContainer::AdvectWithUmac()             200     0.1055     0.1055     0.1055   1.04%
FabArray::setVal()                                   2100     0.0906     0.0906     0.0906   0.90%
HydroSystem::PredictStep()                            400    0.04039    0.04039    0.04039   0.40%
FillPatcher::fillCFB                                  200   0.006171   0.006171   0.006171   0.06%
REG::HydroSolver                                      200   0.001249   0.001249   0.001249   0.01%
AMRSimulation::FillPatchWithData()                    200  0.0008745  0.0008745  0.0008745   0.01%
AMRSimulation::fillBoundaryConditions()               400  0.0004487  0.0004487  0.0004487   0.00%
FillPatcher::fill()                                   200  0.0001941  0.0001941  0.0001941   0.00%
FillPatchSingleLevel                                  200  0.0001439  0.0001439  0.0001439   0.00%
Other                                                6600    0.05408    0.05408    0.05408   0.53%
--------------------------------------------------------------------------------------------------

--------------------------------------------------------------------------------------------------
Name                                               NCalls  Incl. Min  Incl. Avg  Incl. Max   Max %
--------------------------------------------------------------------------------------------------
REG::HydroSolver                                      200      4.653      4.653      4.653  46.00%
QuokkaSimulation::advanceHydroAtLevel()               200       4.53       4.53       4.53  44.80%
QuokkaSimulation::computeHydroFluxes()                400      2.692      2.692      2.692  26.61%
HyperbolicSystem::ReconstructStatesPPM(MultiFabs)    1200     0.7696     0.7696     0.7696   7.61%
QuokkaSimulation::computeFOHydroFluxes()              200     0.4853     0.4853     0.4853   4.80%
FabArray::Saxpy()                                    2400     0.3395     0.3395     0.3395   3.36%
AMRSimulation::fillBoundaryConditions()               400     0.2178     0.2178     0.2178   2.15%
PhysBCFunct::()                                       600     0.1771     0.1771     0.1771   1.75%
AMRSimulation::incrementFluxRegisters()               200     0.1324     0.1324     0.1324   1.31%
amrex::Copy()                                         600     0.1209     0.1209     0.1209   1.20%
AMRSimulation::FillPatchWithData()                    200     0.1126     0.1126     0.1126   1.11%
FillPatcher::fill()                                   200     0.1117     0.1117     0.1117   1.10%
TracerParticleContainer::AdvectWithUmac()             200     0.1055     0.1055     0.1055   1.04%
FabArray::setVal()                                   2100     0.0906     0.0906     0.0906   0.90%
FillPatcher::fillCFB                                  200    0.08167    0.08167    0.08167   0.81%
HydroSystem::PredictStep()                            400    0.04039    0.04039    0.04039   0.40%
FillPatchSingleLevel                                  200    0.02981    0.02981    0.02981   0.29%
Other                                                6600    0.07613    0.07613    0.07613   0.75%
--------------------------------------------------------------------------------------------------

END REGION HydroSolver
Unused ParmParse Variables:
  [TOP]::amr.checkpoint_files_output(nvals = 1)  :: [0]

Device Memory Usage:
-----------------------------------------------------------------------------------
Name                                                     Nalloc    AvgMem    MaxMem
-----------------------------------------------------------------------------------
The_Arena::Initialize()                                       1  4532   B    23 GiB
QuokkaSimulation::computeHydroFluxes()                    15600   367 MiB  1484 MiB
QuokkaSimulation::computeFOHydroFluxes()                   8000   181 MiB  1426 MiB
QuokkaSimulation::advanceHydroAtLevel()                    4400   183 MiB   573 MiB
AMRSimulation::MakeNewLevelFromScratch()                     12   315 MiB   315 MiB
REG::HydroSolver                                            400    99 MiB   251 MiB
AMRSimulation::WritePlotFile()                                4    63 MiB   145 MiB
ParticleContainer::WriteParticles()                          24   360 KiB   118 MiB
AMRSimulation::incrementFluxRegisters()                    1800  1328 KiB   112 MiB
ParticleContainer<NSR, NSI, NAR, NAI>::InitOnePerCell()       1   110 MiB   112 MiB
FluxRegister::Reflux()                                      600  4549 KiB    96 MiB
WriteMultiLevelPlotfile()                                     4    18 MiB    96 MiB
ResizeRandomSeed                                              1    29 MiB    30 MiB
AMRSimulation::evolve()                                       1   539   B    16 MiB
AMRSimulation::timeStepWithSubcycling()                     100   758 KiB    16 MiB
WriteBinaryParticleData()                                    10  1847 KiB  8370 KiB
FillPatcher::fillCFB                                       1600   733 KiB  6451 KiB
FillPatchTwoLevels                                           18   340   B  4676 KiB
FillPatchInterp(MF)                                        1327  4626   B  2661 KiB
AmrMesh::MakeNewGrids()                                     102    41 KiB  2349 KiB
Redistribute_partition                                      609    13 KiB  2320 KiB
amrex::unpackBuffer                                           1  1785 KiB  1821 KiB
amrex::packBuffer                                             1    48   B  1795 KiB
amrex::average_down                                         101   861   B  1536 KiB
ParticleContainer::RedistributeGPU()                          5   390   B   720 KiB
VisMF::Write(FabArray)                                       24    45   B   320 KiB
FabArray::norminf()                                         202   324   B   160 KiB
FabArray::sum()                                              15    17   B   160 KiB
iMultiFab::sum()                                            400   218   B   160 KiB
MultiFab::max()                                             200   102   B   160 KiB
ParticleCopyPlan::build                                     907     6   B   130 KiB
MultiFab::contains_nan()                                      4   256   B    20 KiB
TagBoxArray::mapPRD                                         102     0   B  1728   B
DenseBins<T>::buildGPU                                       12   156   B   928   B
PhysBCFunct::()                                            2639     9   B   880   B
OwnerMask()                                                  51     0   B   864   B
HyperbolicSystem::ReconstructStatesPPM(MultiFabs)          2400   133   B   768   B
FabArray::ParallelCopy_nowait()                             406     0   B   544   B
HydroSystem::PredictStep()                                  202   224   B   384   B
TagBoxArray::collate()                                      153     0   B   128   B
ParticleBufferMap::define                                     3    47   B    48   B
AMRSimulation::computeTimestepAtLevel()                     200     0   B    16   B
-----------------------------------------------------------------------------------

Managed Memory Usage:
---------------------------------------------------------
Name                             Nalloc  AvgMem    MaxMem
---------------------------------------------------------
The_Managed_Arena::Initialize()       1   0   B  8192 KiB
---------------------------------------------------------

Pinned Memory Usage:
-----------------------------------------------------------------------------------
Name                                                     Nalloc    AvgMem    MaxMem
-----------------------------------------------------------------------------------
ParticleContainer<NSR, NSI, NAR, NAI>::InitOnePerCell()      38  1587 KiB   243 MiB
VisMF::Write(FabArray)                                       28   796 KiB    96 MiB
The_Pinned_Arena::Initialize()                                1     0   B  8192 KiB
QuokkaSimulation::computeFOHydroFluxes()                   4000   413   B  2560   B
QuokkaSimulation::computeHydroFluxes()                     6400   383   B  2048   B
FillPatchInterp(MF)                                         515    97   B  1600   B
FillPatcher::fillCFB                                        400   148   B  1376   B
QuokkaSimulation::advanceHydroAtLevel()                    2200    47   B  1024   B
PhysBCFunct::()                                            2639     9   B   880   B
HyperbolicSystem::ReconstructStatesPPM(MultiFabs)          2400   133   B   768   B
FabArray::ParallelCopy_nowait()                             406     0   B   544   B
ParticleContainer::RedistributeGPU()                        156   126   B   480   B
HydroSystem::PredictStep()                                  202   224   B   384   B
MultiFab::contains_nan()                                      4   255   B   272   B
FabArray::norminf()                                         202   194   B   272   B
TagBoxArray::collate()                                      204     0   B   192   B
AMRSimulation::incrementFluxRegisters()                     600     0   B   176   B
FabArray::sum()                                              15     0   B   144   B
WriteBinaryParticleData()                                     6     0   B    16   B
AMRSimulation::computeTimestepAtLevel()                     200     0   B    16   B
iMultiFab::sum()                                            400     0   B    16   B
Redistribute_partition                                      301     0   B    16   B
ParticleCopyPlan::build                                     151     0   B    16   B
ParticleContainer::WriteParticles()                           4     0   B    16   B
MultiFab::max()                                             200     0   B    16   B
-----------------------------------------------------------------------------------

Comms Memory Usage:
-------------------------------------------------------
Name                           Nalloc  AvgMem    MaxMem
-------------------------------------------------------
The_Comms_Arena::Initialize()       1   0   B  8192 KiB
-------------------------------------------------------

Total GPU global memory (MB) spread across MPI: [32494 ... 32494]
Free  GPU global memory (MB) spread across MPI: [7636 ... 7636]
[The         Arena] max space (MB) allocated spread across MPI: [24370 ... 24370]
[The         Arena] max space (MB) used      spread across MPI: [3035 ... 3035]
[The Managed Arena] max space (MB) allocated spread across MPI: [8 ... 8]
[The Managed Arena] max space (MB) used      spread across MPI: [0 ... 0]
[The  Pinned Arena] max space (MB) allocated spread across MPI: [312 ... 312]
[The  Pinned Arena] max space (MB) used      spread across MPI: [243 ... 243]
[The   Comms Arena] max space (MB) allocated spread across MPI: [8 ... 8]
[The   Comms Arena] max space (MB) used      spread across MPI: [0 ... 0]
AMReX (25.12-26-g53dc0a470c5d) finalized
