Initializing AMReX (26.01-24-gfde4d987226e)...
MPI initialized with 1 MPI processes
MPI initialized with thread support level 0
Initializing CUDA...
CUDA initialized with 1 device.
AMReX (26.01-24-gfde4d987226e) initialized
Writing plotfile SedovAMR-GPU_plt0000000

Coarse STEP 1 at t = 0 (0%) starts ...

Coarse STEP 2 at t = 5.229826469e-06 (0.5346606611%) starts ...

Coarse STEP 3 at t = 1.011367698e-05 (1.033951174%) starts ...

Coarse STEP 4 at t = 1.484902193e-05 (1.518059525%) starts ...

Coarse STEP 5 at t = 1.954131239e-05 (1.997766286%) starts ...

Coarse STEP 6 at t = 2.42658471e-05 (2.480769473%) starts ...

Coarse STEP 7 at t = 2.906920832e-05 (2.971831328%) starts ...

Coarse STEP 8 at t = 3.400352203e-05 (3.476280844%) starts ...

Coarse STEP 9 at t = 3.911908517e-05 (3.999260026%) starts ...

Coarse STEP 10 at t = 4.445853502e-05 (4.545127811%) starts ...

Coarse STEP 11 at t = 5.006496846e-05 (5.118290119%) starts ...

Coarse STEP 12 at t = 5.598285634e-05 (5.723293337%) starts ...

Coarse STEP 13 at t = 6.225311957e-05 (6.364320933%) starts ...

Coarse STEP 14 at t = 6.887162359e-05 (7.040950215%) starts ...

Coarse STEP 15 at t = 7.58231761e-05 (7.751628033%) starts ...

Coarse STEP 16 at t = 8.305561188e-05 (8.49102138%) starts ...

Coarse STEP 17 at t = 9.049828029e-05 (9.251907432%) starts ...

Coarse STEP 18 at t = 9.809023478e-05 (10.02805544%) starts ...

Coarse STEP 19 at t = 0.0001058027384 (10.81652755%) starts ...

Coarse STEP 20 at t = 0.0001136285074 (11.6165791%) starts ...

Coarse STEP 21 at t = 0.00012156522 (12.42797276%) starts ...

Coarse STEP 22 at t = 0.0001295990893 (13.24929903%) starts ...

Coarse STEP 23 at t = 0.0001377361635 (14.08117624%) starts ...

Coarse STEP 24 at t = 0.0001459810708 (14.92407755%) starts ...

Coarse STEP 25 at t = 0.0001543318688 (15.77780439%) starts ...

Coarse STEP 26 at t = 0.0001628003045 (16.64355767%) starts ...

Coarse STEP 27 at t = 0.000171396038 (17.52232498%) starts ...

Coarse STEP 28 at t = 0.0001801204122 (18.41424361%) starts ...

Coarse STEP 29 at t = 0.0001889676506 (19.31872302%) starts ...

Coarse STEP 30 at t = 0.0001979302877 (20.23499997%) starts ...

Coarse STEP 31 at t = 0.0002070040704 (21.16263968%) starts ...

Coarse STEP 32 at t = 0.0002161908424 (22.10183061%) starts ...

Coarse STEP 33 at t = 0.000225492042 (23.05271981%) starts ...

Coarse STEP 34 at t = 0.0002349099773 (24.01554325%) starts ...

Coarse STEP 35 at t = 0.0002444416623 (24.98999566%) starts ...

Coarse STEP 36 at t = 0.0002540806751 (25.97542051%) starts ...

Coarse STEP 37 at t = 0.0002638153513 (26.97062531%) starts ...

Coarse STEP 38 at t = 0.0002736335123 (27.97436501%) starts ...

Coarse STEP 39 at t = 0.0002835244655 (28.98554648%) starts ...

Coarse STEP 40 at t = 0.0002934797673 (30.00330648%) starts ...

Coarse STEP 41 at t = 0.0003034921496 (31.026902%) starts ...

Coarse STEP 42 at t = 0.0003135565747 (32.05581801%) starts ...

Coarse STEP 43 at t = 0.0003236696211 (33.08970472%) starts ...

Coarse STEP 44 at t = 0.0003338312754 (34.12856076%) starts ...

Coarse STEP 45 at t = 0.0003440420805 (35.17244163%) starts ...

Coarse STEP 46 at t = 0.0003543044648 (36.22159559%) starts ...

Coarse STEP 47 at t = 0.0003646217674 (37.27636402%) starts ...

Coarse STEP 48 at t = 0.0003749972484 (38.3370802%) starts ...

Coarse STEP 49 at t = 0.0003854330313 (39.40396121%) starts ...

Coarse STEP 50 at t = 0.0003959300359 (40.47710111%) starts ...

Coarse STEP 51 at t = 0.0004064887876 (41.55655359%) starts ...

Coarse STEP 52 at t = 0.0004171101202 (42.6424039%) starts ...

Coarse STEP 53 at t = 0.0004277951039 (43.73476146%) starts ...

Coarse STEP 54 at t = 0.0004385394081 (44.83318353%) starts ...

Coarse STEP 55 at t = 0.0004493426298 (45.9376289%) starts ...

Coarse STEP 56 at t = 0.0004602066939 (47.04829437%) starts ...

Coarse STEP 57 at t = 0.0004711290247 (48.16491663%) starts ...

Coarse STEP 58 at t = 0.0004821069211 (49.28721951%) starts ...

Coarse STEP 59 at t = 0.0004931378766 (50.41494679%) starts ...

Coarse STEP 60 at t = 0.0005042193673 (51.54784042%) starts ...

Coarse STEP 61 at t = 0.0005153488489 (52.68564032%) starts ...

Coarse STEP 62 at t = 0.0005265232135 (53.82802874%) starts ...

Coarse STEP 63 at t = 0.0005377402227 (54.97477683%) starts ...

Coarse STEP 64 at t = 0.0005489984436 (56.12573812%) starts ...

Coarse STEP 65 at t = 0.0005602962322 (57.28074454%) starts ...

Coarse STEP 66 at t = 0.0005716320576 (58.43963956%) starts ...

Coarse STEP 67 at t = 0.0005830046377 (59.60229214%) starts ...

Coarse STEP 68 at t = 0.0005944131443 (60.76861759%) starts ...

Coarse STEP 69 at t = 0.0006058567334 (61.93852962%) starts ...

Coarse STEP 70 at t = 0.0006173348737 (63.11197392%) starts ...

Coarse STEP 71 at t = 0.0006288478084 (64.28897536%) starts ...

Coarse STEP 72 at t = 0.0006403960812 (65.46958952%) starts ...

Coarse STEP 73 at t = 0.0006519803421 (66.65388284%) starts ...

Coarse STEP 74 at t = 0.0006636010606 (67.84190334%) starts ...

Coarse STEP 75 at t = 0.0006752590383 (69.03373296%) starts ...

Coarse STEP 76 at t = 0.0006869546754 (70.22941261%) starts ...

Coarse STEP 77 at t = 0.0006986881753 (71.42896308%) starts ...

Coarse STEP 78 at t = 0.0007104594253 (72.63237286%) starts ...

Coarse STEP 79 at t = 0.0007222677137 (73.83956918%) starts ...

Coarse STEP 80 at t = 0.0007341123078 (75.05047714%) starts ...

Coarse STEP 81 at t = 0.0007459925429 (76.26502878%) starts ...

Coarse STEP 82 at t = 0.0007579079336 (77.4831745%) starts ...

Coarse STEP 83 at t = 0.00076985806 (78.70487134%) starts ...

Coarse STEP 84 at t = 0.0007818427296 (79.93009963%) starts ...

Coarse STEP 85 at t = 0.0007938618674 (81.15885172%) starts ...

Coarse STEP 86 at t = 0.0008059150687 (82.39108621%) starts ...

Coarse STEP 87 at t = 0.0008180018808 (83.62675684%) starts ...

Coarse STEP 88 at t = 0.0008301220518 (84.86583784%) starts ...

Coarse STEP 89 at t = 0.0008422754869 (86.10831954%) starts ...

Coarse STEP 90 at t = 0.0008544621479 (87.35419801%) starts ...

Coarse STEP 91 at t = 0.0008666819815 (88.60346782%) starts ...

Coarse STEP 92 at t = 0.00087893501 (89.85613125%) starts ...

Coarse STEP 93 at t = 0.0008912213888 (91.11220416%) starts ...

Coarse STEP 94 at t = 0.0009035414153 (92.37171699%) starts ...

Coarse STEP 95 at t = 0.0009158950895 (93.63466971%) starts ...

Coarse STEP 96 at t = 0.0009282826905 (94.90109088%) starts ...

Coarse STEP 97 at t = 0.0009407036931 (96.1709268%) starts ...

Coarse STEP 98 at t = 0.0009531571786 (97.44408354%) starts ...

Coarse STEP 99 at t = 0.0009656421054 (98.7204546%) starts ...

Initial energy = 0.01332031034
Final energy = 0.01332031034
	absolute conservation error = 1.214306433e-17
	relative conservation error = 9.116202267e-16
	kinetic energy = 0.001984429036
	relative K.E. error = -0.06975131212

Energy conservation is OK.
Kinetic energy production is incorrect by more than 1 percent!

Initial gasDensity = 1.728
	absolute conservation error = 0
	relative conservation error = 0

Initial x-GasMomentum = 0
	absolute conservation error = 0.0002424757014

Initial y-GasMomentum = 0
	absolute conservation error = 0.0002424757014

Initial z-GasMomentum = 0
	absolute conservation error = 0.0002424757014

Initial gasEnergy = 0.01332031034
	absolute conservation error = 1.214306433e-17
	relative conservation error = 9.116202267e-16

Initial gasInternalEnergy = 0
	absolute conservation error = 0.0113358813

Performance figure-of-merit: 0.02314904483 μs/zone-update [43.19832664 Mupdates/s]
Zone-updates on level 0: 207618048
Zone-updates on level 1: 25952256

Writing plotfile SedovAMR-GPU_plt0000099
elapsed time: 10.09833014 seconds.


TinyProfiler total time across processes [min...avg...max]: 10.1 ... 10.1 ... 10.1

--------------------------------------------------------------------------------------------------------
Name                                                     NCalls  Excl. Min  Excl. Avg  Excl. Max   Max %
--------------------------------------------------------------------------------------------------------
VisMF::Write(FabArray)                                        4      2.157      2.157      2.157  21.36%
WriteBinaryParticleData()                                     2      2.145      2.145      2.145  21.24%
QuokkaSimulation::computeHydroFluxes()                      396      1.905      1.905      1.905  18.87%
HyperbolicSystem::ReconstructStatesPPM(MultiFabs)          1188     0.7674     0.7674     0.7674   7.60%
QuokkaSimulation::computeFOHydroFluxes()                    198     0.4818     0.4818     0.4818   4.77%
QuokkaSimulation::advanceHydroAtLevel()                     198     0.4167     0.4167     0.4167   4.13%
FabArray::Saxpy()                                          2376     0.3364     0.3364     0.3364   3.33%
FluxRegister::Reflux()                                      594     0.3356     0.3356     0.3356   3.32%
FabArray::setVal()                                         2874     0.2115     0.2115     0.2115   2.09%
ParticleContainer<NSR, NSI, NAR, NAI>::InitOnePerCell()       1     0.1777     0.1777     0.1777   1.76%
AmrMesh::MakeNewGrids()                                      51     0.1724     0.1724     0.1724   1.71%
ParticleContainer::WriteParticles()                           4     0.1593     0.1593     0.1593   1.58%
PhysBCFunct::()                                             603     0.1541     0.1541     0.1541   1.53%
amrex::Copy()                                               622     0.1216     0.1216     0.1216   1.20%
AMRSimulation::incrementFluxRegisters()                     198     0.1166     0.1166     0.1166   1.15%
TracerParticleContainer::AdvectWithUmac()                   198     0.1045     0.1045     0.1045   1.04%
Redistribute_partition                                      150    0.06794    0.06794    0.06794   0.67%
HydroSystem::PredictStep()                                  396    0.03994    0.03994    0.03994   0.40%
ParticleContainer::RedistributeGPU()                        150    0.03288    0.03288    0.03288   0.33%
FabArray::ParallelCopy_nowait()                            1743     0.0274     0.0274     0.0274   0.27%
QuokkaSimulation::computeMaxSignalLocal()                   198    0.02208    0.02208    0.02208   0.22%
QuokkaSimulation::advanceSingleTimestepAtLevel()            198    0.02202    0.02202    0.02202   0.22%
FillPatchInterp(MF)                                         201    0.01913    0.01913    0.01913   0.19%
AMRSimulation::WritePlotFile()                                2   0.007014   0.007014   0.007014   0.07%
WriteMultiLevelPlotfile()                                     2   0.006325   0.006325   0.006325   0.06%
FillPatcher::fillCFB                                        198   0.006186   0.006186   0.006186   0.06%
AMRSimulation::computeTimestepAtLevel()                     198   0.005391   0.005391   0.005391   0.05%
AMRSimulation::evolve()                                       1   0.003025   0.003025   0.003025   0.03%
AMRSimulation::setInitialConditions()                         1   0.001916   0.001916   0.001916   0.02%
AMRSimulation::timeStepWithSubcycling()                     198    0.00161    0.00161    0.00161   0.02%
REG::HydroSolver                                            198   0.001304   0.001304   0.001304   0.01%
AMRSimulation::fillBoundaryConditions()                     402   0.001187   0.001187   0.001187   0.01%
FabArray::ParallelCopy()                                   1743   0.000995   0.000995   0.000995   0.01%
AMRSimulation::FillPatchWithData()                          201   0.000868   0.000868   0.000868   0.01%
FillPatcher::fill()                                         198  0.0002053  0.0002053  0.0002053   0.00%
FillPatchSingleLevel                                        204  0.0001488  0.0001488  0.0001488   0.00%
AMRSimulation::computeTimestep()                             99  7.632e-05  7.632e-05  7.632e-05   0.00%
AMRSimulation::InitParticles()                                1  1.577e-05  1.577e-05  1.577e-05   0.00%
Other                                                      8274    0.06792    0.06792    0.06792   0.67%
--------------------------------------------------------------------------------------------------------

--------------------------------------------------------------------------------------------------------
Name                                                     NCalls  Incl. Min  Incl. Avg  Incl. Max   Max %
--------------------------------------------------------------------------------------------------------
AMRSimulation::evolve()                                       1      7.648      7.648      7.648  75.73%
AMRSimulation::timeStepWithSubcycling()                     198      5.362      5.362      5.362  53.10%
QuokkaSimulation::advanceSingleTimestepAtLevel()            198      4.616      4.616      4.616  45.71%
REG::HydroSolver                                            198      4.594      4.594      4.594  45.49%
AMRSimulation::WritePlotFile()                                2      4.485      4.485      4.485  44.41%
QuokkaSimulation::advanceHydroAtLevel()                     198      4.473      4.473      4.473  44.29%
QuokkaSimulation::computeHydroFluxes()                      396      2.673      2.673      2.673  26.47%
AMRSimulation::setInitialConditions()                         1      2.443      2.443      2.443  24.20%
WriteBinaryParticleData()                                     2      2.304      2.304      2.304  22.82%
WriteMultiLevelPlotfile()                                     2      2.171      2.171      2.171  21.50%
VisMF::Write(FabArray)                                        4      2.157      2.157      2.157  21.36%
HyperbolicSystem::ReconstructStatesPPM(MultiFabs)          1188     0.7674     0.7674     0.7674   7.60%
QuokkaSimulation::computeFOHydroFluxes()                    198     0.4818     0.4818     0.4818   4.77%
FluxRegister::Reflux()                                      594     0.4594     0.4594     0.4594   4.55%
FabArray::Saxpy()                                          2376     0.3364     0.3364     0.3364   3.33%
FabArray::setVal()                                         2874     0.2115     0.2115     0.2115   2.09%
AMRSimulation::fillBoundaryConditions()                     402     0.1984     0.1984     0.1984   1.96%
AMRSimulation::InitParticles()                                1     0.1807     0.1807     0.1807   1.79%
ParticleContainer<NSR, NSI, NAR, NAI>::InitOnePerCell()       1     0.1801     0.1801     0.1801   1.78%
AmrMesh::MakeNewGrids()                                      51     0.1792     0.1792     0.1792   1.77%
ParticleContainer::WriteParticles()                           4     0.1593     0.1593     0.1593   1.58%
PhysBCFunct::()                                             603     0.1541     0.1541     0.1541   1.53%
AMRSimulation::incrementFluxRegisters()                     198     0.1316     0.1316     0.1316   1.30%
amrex::Copy()                                               622     0.1216     0.1216     0.1216   1.20%
ParticleContainer::RedistributeGPU()                        150     0.1098     0.1098     0.1098   1.09%
TracerParticleContainer::AdvectWithUmac()                   198     0.1045     0.1045     0.1045   1.04%
AMRSimulation::FillPatchWithData()                          201    0.09683    0.09683    0.09683   0.96%
FillPatcher::fill()                                         198    0.09409    0.09409    0.09409   0.93%
Redistribute_partition                                      150    0.06794    0.06794    0.06794   0.67%
FillPatcher::fillCFB                                        198    0.06414    0.06414    0.06414   0.64%
AMRSimulation::computeTimestep()                             99    0.04164    0.04164    0.04164   0.41%
AMRSimulation::computeTimestepAtLevel()                     198    0.04156    0.04156    0.04156   0.41%
HydroSystem::PredictStep()                                  396    0.03994    0.03994    0.03994   0.40%
FillPatchSingleLevel                                        204    0.03083    0.03083    0.03083   0.31%
FabArray::ParallelCopy()                                   1743    0.02992    0.02992    0.02992   0.30%
FabArray::ParallelCopy_nowait()                            1743    0.02849    0.02849    0.02849   0.28%
QuokkaSimulation::computeMaxSignalLocal()                   198    0.02208    0.02208    0.02208   0.22%
FillPatchInterp(MF)                                         201    0.01913    0.01913    0.01913   0.19%
Other                                                      8274    0.09036    0.09036    0.09036   0.89%
--------------------------------------------------------------------------------------------------------



BEGIN REGION HydroSolver

--------------------------------------------------------------------------------------------------
Name                                               NCalls  Excl. Min  Excl. Avg  Excl. Max   Max %
--------------------------------------------------------------------------------------------------
QuokkaSimulation::computeHydroFluxes()                396      1.905      1.905      1.905  18.87%
HyperbolicSystem::ReconstructStatesPPM(MultiFabs)    1188     0.7674     0.7674     0.7674   7.60%
QuokkaSimulation::computeFOHydroFluxes()              198     0.4818     0.4818     0.4818   4.77%
QuokkaSimulation::advanceHydroAtLevel()               198     0.4167     0.4167     0.4167   4.13%
FabArray::Saxpy()                                    2376     0.3364     0.3364     0.3364   3.33%
PhysBCFunct::()                                       594     0.1515     0.1515     0.1515   1.50%
amrex::Copy()                                         594     0.1198     0.1198     0.1198   1.19%
AMRSimulation::incrementFluxRegisters()               198     0.1166     0.1166     0.1166   1.15%
TracerParticleContainer::AdvectWithUmac()             198     0.1045     0.1045     0.1045   1.04%
FabArray::setVal()                                   2079    0.08993    0.08993    0.08993   0.89%
HydroSystem::PredictStep()                            396    0.03994    0.03994    0.03994   0.40%
FillPatcher::fillCFB                                  198   0.006186   0.006186   0.006186   0.06%
REG::HydroSolver                                      198   0.001304   0.001304   0.001304   0.01%
AMRSimulation::FillPatchWithData()                    198  0.0008652  0.0008652  0.0008652   0.01%
AMRSimulation::fillBoundaryConditions()               396   0.000518   0.000518   0.000518   0.01%
FillPatcher::fill()                                   198  0.0002053  0.0002053  0.0002053   0.00%
FillPatchSingleLevel                                  198  0.0001436  0.0001436  0.0001436   0.00%
Other                                                6534    0.05479    0.05479    0.05479   0.54%
--------------------------------------------------------------------------------------------------

--------------------------------------------------------------------------------------------------
Name                                               NCalls  Incl. Min  Incl. Avg  Incl. Max   Max %
--------------------------------------------------------------------------------------------------
REG::HydroSolver                                      198      4.594      4.594      4.594  45.49%
QuokkaSimulation::advanceHydroAtLevel()               198      4.473      4.473      4.473  44.29%
QuokkaSimulation::computeHydroFluxes()                396      2.673      2.673      2.673  26.47%
HyperbolicSystem::ReconstructStatesPPM(MultiFabs)    1188     0.7674     0.7674     0.7674   7.60%
QuokkaSimulation::computeFOHydroFluxes()              198     0.4818     0.4818     0.4818   4.77%
FabArray::Saxpy()                                    2376     0.3364     0.3364     0.3364   3.33%
AMRSimulation::fillBoundaryConditions()               396     0.1939     0.1939     0.1939   1.92%
PhysBCFunct::()                                       594     0.1515     0.1515     0.1515   1.50%
AMRSimulation::incrementFluxRegisters()               198     0.1316     0.1316     0.1316   1.30%
amrex::Copy()                                         594     0.1198     0.1198     0.1198   1.19%
TracerParticleContainer::AdvectWithUmac()             198     0.1045     0.1045     0.1045   1.04%
AMRSimulation::FillPatchWithData()                    198    0.09496    0.09496    0.09496   0.94%
FillPatcher::fill()                                   198    0.09409    0.09409    0.09409   0.93%
FabArray::setVal()                                   2079    0.08993    0.08993    0.08993   0.89%
FillPatcher::fillCFB                                  198    0.06414    0.06414    0.06414   0.64%
HydroSystem::PredictStep()                            396    0.03994    0.03994    0.03994   0.40%
FillPatchSingleLevel                                  198    0.02975    0.02975    0.02975   0.29%
Other                                                6534    0.07691    0.07691    0.07691   0.76%
--------------------------------------------------------------------------------------------------

END REGION HydroSolver
Unused ParmParse Variables:
  [TOP]::amr.checkpoint_files_output(nvals = 1)  :: [0]

Device Memory Usage:
-----------------------------------------------------------------------------------
Name                                                     Nalloc    AvgMem    MaxMem
-----------------------------------------------------------------------------------
The_Arena::Initialize()                                       1  3606   B    23 GiB
QuokkaSimulation::computeHydroFluxes()                    15444   365 MiB  1484 MiB
QuokkaSimulation::computeFOHydroFluxes()                   7920   179 MiB  1426 MiB
QuokkaSimulation::advanceHydroAtLevel()                    4356   182 MiB   573 MiB
AMRSimulation::MakeNewLevelFromScratch()                     12   315 MiB   315 MiB
REG::HydroSolver                                            396    98 MiB   251 MiB
AMRSimulation::WritePlotFile()                                4    64 MiB   145 MiB
ParticleContainer::WriteParticles()                          24   362 KiB   118 MiB
AMRSimulation::incrementFluxRegisters()                    1782  1320 KiB   112 MiB
ParticleContainer<NSR, NSI, NAR, NAI>::InitOnePerCell()       1   110 MiB   112 MiB
FluxRegister::Reflux()                                      594  4494 KiB    96 MiB
WriteMultiLevelPlotfile()                                     4    18 MiB    96 MiB
ResizeRandomSeed                                              1    29 MiB    30 MiB
AMRSimulation::evolve()                                       1   474   B    16 MiB
AMRSimulation::timeStepWithSubcycling()                      99   749 KiB    16 MiB
WriteBinaryParticleData()                                    10  1869 KiB  8370 KiB
FillPatcher::fillCFB                                       1584   717 KiB  6451 KiB
FillPatchTwoLevels                                           18   358   B  4676 KiB
FillPatchInterp(MF)                                        1314  4992   B  2661 KiB
AmrMesh::MakeNewGrids()                                     102    41 KiB  2349 KiB
Redistribute_partition                                      605    13 KiB  2320 KiB
amrex::unpackBuffer                                           1  1782 KiB  1821 KiB
amrex::packBuffer                                             1   207   B  1795 KiB
amrex::average_down                                         100   859   B  1536 KiB
ParticleContainer::RedistributeGPU()                          5   390   B   720 KiB
VisMF::Write(FabArray)                                       24    43   B   320 KiB
FabArray::norminf()                                         200   317   B   160 KiB
FabArray::sum()                                              15    15   B   160 KiB
iMultiFab::sum()                                            396   203   B   160 KiB
MultiFab::max()                                             198    98   B   160 KiB
ParticleCopyPlan::build                                     901    17   B   130 KiB
MultiFab::contains_nan()                                      4   256   B    20 KiB
TagBoxArray::mapPRD                                         102     0   B  1728   B
DenseBins<T>::buildGPU                                       12   156   B   928   B
PhysBCFunct::()                                            2613     9   B   880   B
OwnerMask()                                                  51     0   B   864   B
HyperbolicSystem::ReconstructStatesPPM(MultiFabs)          2376   132   B   768   B
FabArray::ParallelCopy_nowait()                             402     0   B   544   B
HydroSystem::PredictStep()                                  200   222   B   384   B
TagBoxArray::collate()                                      153     0   B   128   B
ParticleBufferMap::define                                     3    46   B    48   B
AMRSimulation::computeTimestepAtLevel()                     198     0   B    16   B
-----------------------------------------------------------------------------------

Managed Memory Usage:
---------------------------------------------------------
Name                             Nalloc  AvgMem    MaxMem
---------------------------------------------------------
The_Managed_Arena::Initialize()       1   0   B  8192 KiB
---------------------------------------------------------

Pinned Memory Usage:
-----------------------------------------------------------------------------------
Name                                                     Nalloc    AvgMem    MaxMem
-----------------------------------------------------------------------------------
ParticleContainer<NSR, NSI, NAR, NAI>::InitOnePerCell()      38  1581 KiB   243 MiB
VisMF::Write(FabArray)                                       28   800 KiB    96 MiB
The_Pinned_Arena::Initialize()                                1     0   B  8192 KiB
QuokkaSimulation::computeFOHydroFluxes()                   3960   409   B  2560   B
QuokkaSimulation::computeHydroFluxes()                     6336   381   B  2048   B
FillPatchInterp(MF)                                         510    95   B  1600   B
FillPatcher::fillCFB                                        396   145   B  1376   B
QuokkaSimulation::advanceHydroAtLevel()                    2178    47   B  1024   B
PhysBCFunct::()                                            2613     9   B   880   B
HyperbolicSystem::ReconstructStatesPPM(MultiFabs)          2376   132   B   768   B
FabArray::ParallelCopy_nowait()                             402     0   B   544   B
ParticleContainer::RedistributeGPU()                        155   126   B   480   B
HydroSystem::PredictStep()                                  200   222   B   384   B
MultiFab::contains_nan()                                      4   255   B   272   B
FabArray::norminf()                                         200   193   B   272   B
TagBoxArray::collate()                                      204     0   B   192   B
AMRSimulation::incrementFluxRegisters()                     594     0   B   176   B
FabArray::sum()                                              15     0   B   144   B
WriteBinaryParticleData()                                     6     0   B    16   B
AMRSimulation::computeTimestepAtLevel()                     198     0   B    16   B
iMultiFab::sum()                                            396     0   B    16   B
Redistribute_partition                                      299     0   B    16   B
ParticleCopyPlan::build                                     150     0   B    16   B
ParticleContainer::WriteParticles()                           4     0   B    16   B
MultiFab::max()                                             198     0   B    16   B
-----------------------------------------------------------------------------------

Comms Memory Usage:
-------------------------------------------------------
Name                           Nalloc  AvgMem    MaxMem
-------------------------------------------------------
The_Comms_Arena::Initialize()       1   0   B  8192 KiB
-------------------------------------------------------

Total GPU global memory (MB) spread across MPI: [32494 ... 32494]
Free  GPU global memory (MB) spread across MPI: [7636 ... 7636]
[The         Arena] max space (MB) allocated spread across MPI: [24370 ... 24370]
[The         Arena] max space (MB) used      spread across MPI: [3035 ... 3035]
[The Managed Arena] max space (MB) allocated spread across MPI: [8 ... 8]
[The Managed Arena] max space (MB) used      spread across MPI: [0 ... 0]
[The  Pinned Arena] max space (MB) allocated spread across MPI: [312 ... 312]
[The  Pinned Arena] max space (MB) used      spread across MPI: [243 ... 243]
[The   Comms Arena] max space (MB) allocated spread across MPI: [8 ... 8]
[The   Comms Arena] max space (MB) used      spread across MPI: [0 ... 0]
AMReX (26.01-24-gfde4d987226e) finalized
