/data/mash/cche/azp-agent-in-docker-cuda/azp-agent-avatargpu/regression-tests/amrex/Tools/Plotfile//fcompare.gnu.ex --abort_if_not_all_found -n 0 /data/mash/cche/azp-agent-in-docker-cuda/azp-agent-avatargpu/regression-tests/quokka-benchmarks/DiskGalaxy-GPU_plt02000 DiskGalaxy-GPU_plt02000

            variable name            absolute error            relative error
                                        (||A - B||)         (||A - B||/||A||)
 ----------------------------------------------------------------------------
 level = 0
 gasDensity                         2.115607154e-27               0.019182937
 x-GasMomentum                      3.426583698e-20             0.02586348008
 y-GasMomentum                      3.219157549e-20              0.0199383938
 z-GasMomentum                      6.169843384e-21             0.05485977902
 gasEnergy                          5.158491393e-13             0.02044046291
 gasInternalEnergy                  1.928639887e-13              0.0353752196
 temperature                            114393.5058             0.07424802974
 gpot                               3.058067879e+11           0.0001781632218
 level = 1
 gasDensity                         1.250560327e-26             0.02352762559
 x-GasMomentum                      1.631309614e-19             0.02396910929
 y-GasMomentum                      2.283445745e-19             0.03131610443
 z-GasMomentum                      4.545407044e-20              0.0785087588
 gasEnergy                          3.260862183e-12             0.03047340247
 gasInternalEnergy                  9.247835987e-13             0.03922940475
 temperature                            1016436.159              0.1536935635
 gpot                               9.118285675e+11           0.0004421588171
 level = 2
 gasDensity                         5.206864612e-26             0.02646554607
 x-GasMomentum                      7.253119949e-19             0.03408793258
 y-GasMomentum                      1.041394873e-18             0.04647890743
 z-GasMomentum                      2.601760663e-19              0.1158397324
 gasEnergy                          1.049071499e-11             0.03943395524
 gasInternalEnergy                  2.431058663e-12             0.04018027413
 temperature                            45858725.17              0.4753569648
 gpot                               1.480330211e+12           0.0006271965062
 level = 3
 gasDensity                          2.61318901e-25              0.0398427902
 x-GasMomentum                      3.590580466e-18             0.05340886861
 y-GasMomentum                      3.751188231e-18             0.05963282755
 z-GasMomentum                      1.570547802e-18              0.1400899076
 gasEnergy                          5.452592448e-11             0.08381600518
 gasInternalEnergy                  1.167997889e-11             0.06662833592
 temperature                            324408662.8              0.7231546393
 gpot                               4.183897062e+12            0.001610322259
 level = 4
 gasDensity                         1.232243743e-24             0.04605302452
 x-GasMomentum                      1.069124516e-17              0.0428607206
 y-GasMomentum                      1.198262267e-17             0.06674332262
 z-GasMomentum                      1.242152129e-17              0.1768327742
 gasEnergy                          1.718725189e-10             0.09822722226
 gasInternalEnergy                   5.06236649e-11              0.1203839636
 temperature                            552051243.5               1.067714341
 gpot                               8.770224697e+12            0.003150112041
 level = 5
 gasDensity                         7.023232861e-24             0.05802314311
 x-GasMomentum                      5.850084881e-17             0.06532798039
 y-GasMomentum                      4.685580919e-17             0.07730051351
 z-GasMomentum                      7.147902865e-17              0.1919089784
 gasEnergy                          4.073069564e-10                0.10984639
 gasInternalEnergy                  2.271619806e-11              0.8385319154
 temperature                            694031011.1               1.049070529
 gpot                               1.495096368e+13            0.005112983721
/data/mash/cche/azp-agent-in-docker-cuda/azp-agent-avatargpu/regression-tests/amrex/Tools/Postprocessing/C_Src//particle_compare.exe /data/mash/cche/azp-agent-in-docker-cuda/azp-agent-avatargpu/regression-tests/quokka-benchmarks/DiskGalaxy-GPU_plt02000 DiskGalaxy-GPU_plt02000 tracer_particles

-----------------------------------------------------------------------
tracer_particles
tracer_particles_position_x         1.64850950e+21        4.27026690e-02        
tracer_particles_position_y         1.75428876e+21        4.54190474e-02        
tracer_particles_position_z         1.20571692e+21        9.36999603e-02        
tracer_particles_real_comp0         1.70782131e+07        2.44596161e+00        
tracer_particles_real_comp1         6.47270699e+06        9.11911453e-01        
tracer_particles_real_comp2         9.19724061e+06        2.85437573e+00        
tracer_particles_id                 0.00000000e+00        0.00000000e+00        
tracer_particles_cpu                0.00000000e+00        0.00000000e+00        

 PARTICLES DISAGREE to relative tolerance 0
/data/mash/cche/azp-agent-in-docker-cuda/azp-agent-avatargpu/regression-tests/amrex/Tools/Postprocessing/C_Src//particle_compare.exe /data/mash/cche/azp-agent-in-docker-cuda/azp-agent-avatargpu/regression-tests/quokka-benchmarks/DiskGalaxy-GPU_plt02000 DiskGalaxy-GPU_plt02000 CIC_particles
FAIL - Particle data headers do not agree. 
/data/mash/cche/azp-agent-in-docker-cuda/azp-agent-avatargpu/regression-tests/amrex/Tools/Postprocessing/C_Src//particle_compare.exe /data/mash/cche/azp-agent-in-docker-cuda/azp-agent-avatargpu/regression-tests/quokka-benchmarks/DiskGalaxy-GPU_plt02000 DiskGalaxy-GPU_plt02000 StochasticStellarPop_particles
FAIL - Particle data headers do not agree. 
