/priv/avatar/cche/azp-agent-in-docker-cuda/azp-agent-avatargpu/regression-tests/amrex/Tools/Plotfile//fcompare.gnu.ex --abort_if_not_all_found -n 0 --rel_tol 0.002 /priv/avatar/cche/azp-agent-in-docker-cuda/azp-agent-avatargpu/regression-tests/quokka-benchmarks/DiskGalaxy-GPU_plt0000300 DiskGalaxy-GPU_plt0000300

            variable name            absolute error            relative error
                                        (||A - B||)         (||A - B||/||A||)
 ----------------------------------------------------------------------------
 level = 0
 gasDensity                         1.719644013e-31            1.62567077e-06
 x-GasMomentum                      2.109788793e-24           1.555829194e-06
 y-GasMomentum                      3.758373276e-24           2.444661331e-06
 z-GasMomentum                      1.716444744e-24           1.347189033e-05
 gasEnergy                          2.683958069e-17           1.121630741e-06
 gasInternalEnergy                  3.979081575e-17           7.175337663e-06
 scalar_0                           8.220681078e-41           4.431897309e-06
 x-BField                           1.681731922e-15            9.77403489e-07
 y-BField                           1.708866949e-15           9.178080324e-07
 z-BField                           1.705960559e-15           5.952170387e-06
 particle.CIC.mass_density           3.804333877e-31            2.72402159e-07
 particle.StochasticStellarPop.birth_mass_density                         0                         0
 level = 1
 gasDensity                         1.226190034e-30           2.177027007e-06
 x-GasMomentum                      1.566245119e-23           2.164614952e-06
 y-GasMomentum                       2.93702629e-23           4.518068305e-06
 z-GasMomentum                      1.366161437e-23            1.88711241e-05
 gasEnergy                          1.992272111e-16            1.85180956e-06
 gasInternalEnergy                  2.936489653e-16           1.245758798e-05
 scalar_0                           6.356721207e-40           2.300351387e-05
 x-BField                           8.146901898e-15           1.261741207e-06
 y-BField                           7.080690515e-15           1.139611396e-06
 z-BField                           6.801933139e-15           9.018408913e-06
 particle.CIC.mass_density            2.64151905e-30           4.597289973e-07
 particle.StochasticStellarPop.birth_mass_density                         0                         0
 level = 2
 gasDensity                         6.789113849e-30           3.530699257e-06
 x-GasMomentum                       1.38486443e-22           6.452096103e-06
 y-GasMomentum                      2.329896007e-22           1.060025406e-05
 z-GasMomentum                      1.114759548e-22           3.140272187e-05
 gasEnergy                          1.382941434e-15           5.266918998e-06
 gasInternalEnergy                  1.501470376e-15           2.203653917e-05
 scalar_0                           4.120921762e-39           5.971106372e-05
 x-BField                           3.141395866e-14           1.766863322e-06
 y-BField                           4.039644539e-14           2.292161054e-06
 z-BField                           2.248332381e-14           1.417229017e-05
 particle.CIC.mass_density           2.537546117e-29           1.325877978e-06
 particle.StochasticStellarPop.birth_mass_density                         0                         0
 level = 3
 gasDensity                         4.747835461e-29           8.114561409e-06
 x-GasMomentum                      1.486463533e-21           2.635818806e-05
 y-GasMomentum                      1.711101265e-21           3.060056318e-05
 z-GasMomentum                        8.4277789e-22           4.435600695e-05
 gasEnergy                          1.351313745e-14           2.389816903e-05
 gasInternalEnergy                  3.924269066e-15           2.431700399e-05
 scalar_0                           2.357012197e-38           0.0001463513248
 x-BField                           3.366087144e-13           6.816329042e-06
 y-BField                           2.135717154e-13           3.667355313e-06
 z-BField                           5.811072796e-14           2.013545194e-05
 particle.CIC.mass_density           3.430443133e-28           5.698184187e-06
 particle.StochasticStellarPop.birth_mass_density                         0                         0
 level = 4
 gasDensity                         3.915314093e-28           1.425417491e-05
 x-GasMomentum                      1.682483242e-20           7.931171683e-05
 y-GasMomentum                      1.157854221e-20           5.055155675e-05
 z-GasMomentum                      5.420560583e-21           4.796995836e-05
 gasEnergy                          7.399783798e-14           4.845638653e-05
 gasInternalEnergy                  8.371778573e-15           2.086516374e-05
 scalar_0                           1.628430801e-37           0.0002645284981
 x-BField                           9.790778859e-13           8.805110653e-06
 y-BField                           1.063334697e-12           7.533563053e-06
 z-BField                           4.825607901e-13           0.0001330631141
 particle.CIC.mass_density           2.634991246e-27           1.414010128e-05
 particle.StochasticStellarPop.birth_mass_density                         0                         0
 level = 5
 gasDensity                         2.567045168e-27           2.440368886e-05
 x-GasMomentum                      1.122054137e-19           0.0001876506912
 y-GasMomentum                      3.687554449e-20           5.610578457e-05
 z-GasMomentum                      1.749484001e-20            3.86642179e-05
 gasEnergy                          2.515968531e-13           9.278661182e-05
 gasInternalEnergy                  5.335693812e-15           2.440311514e-05
 scalar_0                           3.430051527e-37           0.0001541697749
 x-BField                           2.007101183e-12           8.793596108e-06
 y-BField                           4.684806395e-12            1.87780262e-05
 z-BField                           2.104177471e-12            0.000270764717
 particle.CIC.mass_density           7.749273143e-27           1.705793023e-05
 particle.StochasticStellarPop.birth_mass_density                         0                         0
 PLOTFILE AGREE to specified tolerances: absolute = 0 relative = 0.002
/priv/avatar/cche/azp-agent-in-docker-cuda/azp-agent-avatargpu/regression-tests/amrex/Tools/Postprocessing/C_Src//particle_compare.exe --rel_tol 0.02 /priv/avatar/cche/azp-agent-in-docker-cuda/azp-agent-avatargpu/regression-tests/quokka-benchmarks/DiskGalaxy-GPU_plt0000300 DiskGalaxy-GPU_plt0000300 CIC_particles

-----------------------------------------------------------------------
CIC_particles
CIC_particles_position_x            1.96021580e+17        1.34754799e-03        
CIC_particles_position_y            1.68369050e+17        4.66123281e-04        
CIC_particles_position_z            2.38523435e+17        2.33649516e-04        
CIC_particles_mass                  0.00000000e+00        0.00000000e+00        
CIC_particles_vx                    1.66134447e+03        9.89680247e-05        
CIC_particles_vy                    1.41427660e+03        3.04145722e-04        
CIC_particles_vz                    1.78109316e+03        6.92288706e-03        
CIC_particles_id                    0.00000000e+00        0.00000000e+00        
CIC_particles_cpu                   0.00000000e+00        0.00000000e+00        

 PARTICLES AGREE to relative tolerance 0.02
/priv/avatar/cche/azp-agent-in-docker-cuda/azp-agent-avatargpu/regression-tests/amrex/Tools/Postprocessing/C_Src//particle_compare.exe --rel_tol 0.02 /priv/avatar/cche/azp-agent-in-docker-cuda/azp-agent-avatargpu/regression-tests/quokka-benchmarks/DiskGalaxy-GPU_plt0000300 DiskGalaxy-GPU_plt0000300 StochasticStellarPop_particles

-----------------------------------------------------------------------
StochasticStellarPop_particles
StochasticStellarPop_particles_position_x0.00000000e+00        0.00000000e+00        
StochasticStellarPop_particles_position_y0.00000000e+00        0.00000000e+00        
StochasticStellarPop_particles_position_z0.00000000e+00        0.00000000e+00        
StochasticStellarPop_particles_mass 0.00000000e+00        0.00000000e+00        
StochasticStellarPop_particles_vx   0.00000000e+00        0.00000000e+00        
StochasticStellarPop_particles_vy   0.00000000e+00        0.00000000e+00        
StochasticStellarPop_particles_vz   0.00000000e+00        0.00000000e+00        
StochasticStellarPop_particles_birth_time0.00000000e+00        0.00000000e+00        
StochasticStellarPop_particles_death_time0.00000000e+00        0.00000000e+00        
StochasticStellarPop_particles_birth_x0.00000000e+00        0.00000000e+00        
StochasticStellarPop_particles_birth_y0.00000000e+00        0.00000000e+00        
StochasticStellarPop_particles_birth_z0.00000000e+00        0.00000000e+00        
StochasticStellarPop_particles_death_x0.00000000e+00        0.00000000e+00        
StochasticStellarPop_particles_death_y0.00000000e+00        0.00000000e+00        
StochasticStellarPop_particles_death_z0.00000000e+00        0.00000000e+00        
StochasticStellarPop_particles_death_density0.00000000e+00        0.00000000e+00        
StochasticStellarPop_particles_mass_at_birth0.00000000e+00        0.00000000e+00        
StochasticStellarPop_particles_luminosity_00.00000000e+00        0.00000000e+00        
StochasticStellarPop_particles_id   0.00000000e+00        0.00000000e+00        
StochasticStellarPop_particles_cpu  0.00000000e+00        0.00000000e+00        
StochasticStellarPop_particles_evolution_stage0.00000000e+00        0.00000000e+00        

 PARTICLES AGREE to relative tolerance 0.02
