/home/bwibking/regression-tests/amrex/Tools/Plotfile//fcompare.gnu.ex --abort_if_not_all_found -n 0 /home/bwibking/regression-tests/quokka-benchmarks/DiskGalaxy-GPU_plt00200 DiskGalaxy-GPU_plt00200

            variable name            absolute error            relative error
                                        (||A - B||)         (||A - B||/||A||)
 ----------------------------------------------------------------------------
 level = 0
 gasDensity                         8.692020556e-29            0.001015355076
 x-GasMomentum                      1.090092912e-21           0.0009546168458
 y-GasMomentum                      1.021588296e-21           0.0008726730752
 z-GasMomentum                      1.850812764e-22             0.00115908359
 gasEnergy                          1.587292234e-14           0.0008364023315
 gasInternalEnergy                  4.731794654e-15            0.001185227238
 temperature                            108.7596171           0.0001011521411
 gpot                               5.008274197e+10            2.92186543e-05
 level = 1
 gasDensity                         6.840989954e-28            0.001687197788
 x-GasMomentum                       8.58646112e-21            0.001658557214
 y-GasMomentum                       9.14288947e-21            0.001662313768
 z-GasMomentum                      1.178355317e-21            0.001295524834
 gasEnergy                          1.349883662e-13            0.001692447874
 gasInternalEnergy                  3.123998905e-14            0.001794536729
 temperature                            525.3327499           0.0004280333614
 gpot                               8.736412923e+10           4.254113689e-05
 level = 2
 gasDensity                         4.906042896e-27            0.003170969328
 x-GasMomentum                      5.738857214e-20            0.003522371713
 y-GasMomentum                      6.309109928e-20            0.003970737128
 z-GasMomentum                      8.990572223e-21            0.002211641752
 gasEnergy                          8.356664807e-13            0.004092414311
 gasInternalEnergy                  1.729139339e-13            0.003036223048
 temperature                            138925.5183            0.007191202771
 gpot                               2.832380271e+11           0.0001207530666
 level = 3
 gasDensity                         1.562897632e-26            0.003177333961
 x-GasMomentum                      1.819700249e-19             0.00406314722
 y-GasMomentum                      2.698023982e-19            0.005880891855
 z-GasMomentum                      5.457670558e-20            0.003152408975
 gasEnergy                          2.928390885e-12            0.006666501738
 gasInternalEnergy                  4.962215509e-13            0.003455982955
 temperature                            293306.6761            0.009203846517
 gpot                               2.750979417e+11           0.0001065467523
 level = 4
 gasDensity                         4.537622448e-26            0.002214723778
 x-GasMomentum                       5.40323615e-19            0.004243618765
 y-GasMomentum                      7.118394208e-19            0.006485685973
 z-GasMomentum                      4.201556177e-19             0.00493735483
 gasEnergy                          8.368332682e-12             0.00850074387
 gasInternalEnergy                  4.686560715e-13            0.001257502009
 temperature                            1802342.068             0.05042316878
 gpot                               1.153994883e+12           0.0004164012089
 level = 5
 gasDensity                         1.825604128e-25            0.002276774093
 x-GasMomentum                      1.934243569e-18            0.005929395438
 y-GasMomentum                      1.867329373e-18            0.004968286912
 z-GasMomentum                      1.808454422e-18            0.005159899737
 gasEnergy                          1.975642355e-11            0.009822478856
 gasInternalEnergy                  1.089293198e-12             0.01967203047
 temperature                            4722536.648              0.1141922464
 gpot                               3.240379113e+12            0.001122854849
/home/bwibking/regression-tests/amrex/Tools/Postprocessing/C_Src//particle_compare.exe /home/bwibking/regression-tests/quokka-benchmarks/DiskGalaxy-GPU_plt00200 DiskGalaxy-GPU_plt00200 tracer_particles

-----------------------------------------------------------------------
tracer_particles
tracer_particles_position_x         9.62185587e+18        2.32058665e-04        
tracer_particles_position_y         9.63428843e+18        2.32574675e-04        
tracer_particles_position_z         1.40233208e+19        1.01430923e-03        
tracer_particles_real_comp0         4.38187455e+05        9.93820150e-02        
tracer_particles_real_comp1         7.30972033e+05        1.69624258e-01        
tracer_particles_real_comp2         1.01508502e+06        1.06175516e+00        
tracer_particles_id                 0.00000000e+00        0.00000000e+00        
tracer_particles_cpu                0.00000000e+00        0.00000000e+00        

 PARTICLES DISAGREE to relative tolerance 0
/home/bwibking/regression-tests/amrex/Tools/Postprocessing/C_Src//particle_compare.exe /home/bwibking/regression-tests/quokka-benchmarks/DiskGalaxy-GPU_plt00200 DiskGalaxy-GPU_plt00200 CIC_particles
FAIL - Particle data headers do not agree. 
/home/bwibking/regression-tests/amrex/Tools/Postprocessing/C_Src//particle_compare.exe /home/bwibking/regression-tests/quokka-benchmarks/DiskGalaxy-GPU_plt00200 DiskGalaxy-GPU_plt00200 StochasticStellarPop_particles
FAIL - Particle data headers do not agree. 
