Initializing AMReX (25.11-47-gc4fcda1fb2ea)...
MPI initialized with 1 MPI processes
MPI initialized with thread support level 0
Initializing CUDA...
CUDA initialized with 1 device.
AMReX (25.11-47-gc4fcda1fb2ea) initialized
Writing plotfile SedovAMR-GPU_plt00000

Coarse STEP 1 at t = 0 (0%) starts ...

Coarse STEP 2 at t = 5.229826469e-06 (0.0005229826469%) starts ...

Coarse STEP 3 at t = 1.011367698e-05 (0.001011367698%) starts ...

Coarse STEP 4 at t = 1.484878669e-05 (0.001484878669%) starts ...

Coarse STEP 5 at t = 1.954057206e-05 (0.001954057206%) starts ...

Coarse STEP 6 at t = 2.426444397e-05 (0.002426444397%) starts ...

Coarse STEP 7 at t = 2.906828545e-05 (0.002906828545%) starts ...

Coarse STEP 8 at t = 3.400603973e-05 (0.003400603973%) starts ...

Coarse STEP 9 at t = 3.912878628e-05 (0.003912878628%) starts ...

Coarse STEP 10 at t = 4.447964539e-05 (0.004447964539%) starts ...

Coarse STEP 11 at t = 5.010245536e-05 (0.005010245536%) starts ...

Coarse STEP 12 at t = 5.604250328e-05 (0.005604250328%) starts ...

Coarse STEP 13 at t = 6.234087879e-05 (0.006234087879%) starts ...

Coarse STEP 14 at t = 6.898546572e-05 (0.006898546572%) starts ...

Coarse STEP 15 at t = 7.596184206e-05 (0.007596184206%) starts ...

Coarse STEP 16 at t = 8.321572009e-05 (0.008321572009%) starts ...

Coarse STEP 17 at t = 9.06730774e-05 (0.00906730774%) starts ...

Coarse STEP 18 at t = 9.82774857e-05 (0.00982774857%) starts ...

Coarse STEP 19 at t = 0.0001060023715 (0.01060023715%) starts ...

Coarse STEP 20 at t = 0.0001138422291 (0.01138422291%) starts ...

Coarse STEP 21 at t = 0.0001217896462 (0.01217896462%) starts ...

Coarse STEP 22 at t = 0.0001298376428 (0.01298376428%) starts ...

Coarse STEP 23 at t = 0.0001379928963 (0.01379928963%) starts ...

Coarse STEP 24 at t = 0.0001462571596 (0.01462571596%) starts ...

Coarse STEP 25 at t = 0.0001546323844 (0.01546323844%) starts ...

Coarse STEP 26 at t = 0.0001631328894 (0.01631328894%) starts ...

Coarse STEP 27 at t = 0.0001717648105 (0.01717648105%) starts ...

Coarse STEP 28 at t = 0.0001805286184 (0.01805286184%) starts ...

Coarse STEP 29 at t = 0.0001894174101 (0.01894174101%) starts ...

Coarse STEP 30 at t = 0.0001984233365 (0.01984233365%) starts ...

Coarse STEP 31 at t = 0.0002075426354 (0.02075426354%) starts ...

Coarse STEP 32 at t = 0.0002167762208 (0.02167762208%) starts ...

Coarse STEP 33 at t = 0.0002261276371 (0.02261276371%) starts ...

Coarse STEP 34 at t = 0.0002355979156 (0.02355979156%) starts ...

Coarse STEP 35 at t = 0.0002451823397 (0.02451823397%) starts ...

Coarse STEP 36 at t = 0.0002548730752 (0.02548730752%) starts ...

Coarse STEP 37 at t = 0.0002646561595 (0.02646561595%) starts ...

Coarse STEP 38 at t = 0.000274520729 (0.0274520729%) starts ...

Coarse STEP 39 at t = 0.0002844564808 (0.02844564808%) starts ...

Coarse STEP 40 at t = 0.0002944549071 (0.02944549071%) starts ...

Coarse STEP 41 at t = 0.000304509879 (0.0304509879%) starts ...

Coarse STEP 42 at t = 0.0003146173613 (0.03146173613%) starts ...

Coarse STEP 43 at t = 0.0003247744175 (0.03247744175%) starts ...

Coarse STEP 44 at t = 0.0003349808223 (0.03349808223%) starts ...

Coarse STEP 45 at t = 0.0003452384625 (0.03452384625%) starts ...

Coarse STEP 46 at t = 0.0003555500861 (0.03555500861%) starts ...

Coarse STEP 47 at t = 0.0003659188337 (0.03659188337%) starts ...

Coarse STEP 48 at t = 0.0003763466645 (0.03763466645%) starts ...

Coarse STEP 49 at t = 0.000386835788 (0.0386835788%) starts ...

Coarse STEP 50 at t = 0.0003973876005 (0.03973876005%) starts ...

Coarse STEP 51 at t = 0.0004080028203 (0.04080028203%) starts ...

Coarse STEP 52 at t = 0.0004186822768 (0.04186822768%) starts ...

Coarse STEP 53 at t = 0.0004294234661 (0.04294234661%) starts ...

Coarse STEP 54 at t = 0.0004402256572 (0.04402256572%) starts ...

Coarse STEP 55 at t = 0.0004510886069 (0.04510886069%) starts ...

Coarse STEP 56 at t = 0.0004620105937 (0.04620105937%) starts ...

Coarse STEP 57 at t = 0.0004729888644 (0.04729888644%) starts ...

Coarse STEP 58 at t = 0.0004840211489 (0.04840211489%) starts ...

Coarse STEP 59 at t = 0.0004951050779 (0.04951050779%) starts ...

Coarse STEP 60 at t = 0.0005062382376 (0.05062382376%) starts ...

Coarse STEP 61 at t = 0.0005174174689 (0.05174174689%) starts ...

Coarse STEP 62 at t = 0.0005286404051 (0.05286404051%) starts ...

Coarse STEP 63 at t = 0.0005399054802 (0.05399054802%) starts ...

Coarse STEP 64 at t = 0.000551210773 (0.0551210773%) starts ...

Coarse STEP 65 at t = 0.0005625544654 (0.05625544654%) starts ...

Coarse STEP 66 at t = 0.0005739352718 (0.05739352718%) starts ...

Coarse STEP 67 at t = 0.0005853522835 (0.05853522835%) starts ...

Coarse STEP 68 at t = 0.000596804617 (0.0596804617%) starts ...

Coarse STEP 69 at t = 0.000608291829 (0.0608291829%) starts ...

Coarse STEP 70 at t = 0.0006198139542 (0.06198139542%) starts ...

Coarse STEP 71 at t = 0.0006313716369 (0.06313716369%) starts ...

Coarse STEP 72 at t = 0.0006429658069 (0.06429658069%) starts ...

Coarse STEP 73 at t = 0.0006545973064 (0.06545973064%) starts ...

Coarse STEP 74 at t = 0.0006662666695 (0.06662666695%) starts ...

Coarse STEP 75 at t = 0.0006779745543 (0.06779745543%) starts ...

Coarse STEP 76 at t = 0.000689721296 (0.0689721296%) starts ...

Coarse STEP 77 at t = 0.000701506048 (0.0701506048%) starts ...

Coarse STEP 78 at t = 0.0007133282044 (0.07133282044%) starts ...

Coarse STEP 79 at t = 0.0007251864439 (0.07251864439%) starts ...

Coarse STEP 80 at t = 0.0007370800575 (0.07370800575%) starts ...

Coarse STEP 81 at t = 0.0007490084372 (0.07490084372%) starts ...

Coarse STEP 82 at t = 0.0007609711764 (0.07609711764%) starts ...

Coarse STEP 83 at t = 0.0007729676975 (0.07729676975%) starts ...

Coarse STEP 84 at t = 0.0007849978447 (0.07849978447%) starts ...

Coarse STEP 85 at t = 0.0007970615162 (0.07970615162%) starts ...

Coarse STEP 86 at t = 0.0008091585903 (0.08091585903%) starts ...

Coarse STEP 87 at t = 0.0008212890367 (0.08212890367%) starts ...

Coarse STEP 88 at t = 0.0008334527917 (0.08334527917%) starts ...

Coarse STEP 89 at t = 0.0008456497275 (0.08456497275%) starts ...

Coarse STEP 90 at t = 0.0008578799108 (0.08578799108%) starts ...

Coarse STEP 91 at t = 0.0008701435308 (0.08701435308%) starts ...

Coarse STEP 92 at t = 0.0008824406746 (0.08824406746%) starts ...

Coarse STEP 93 at t = 0.0008947714741 (0.08947714741%) starts ...

Coarse STEP 94 at t = 0.0009071362393 (0.09071362393%) starts ...

Coarse STEP 95 at t = 0.0009195351045 (0.09195351045%) starts ...

Coarse STEP 96 at t = 0.0009319679407 (0.09319679407%) starts ...

Coarse STEP 97 at t = 0.0009444344621 (0.09444344621%) starts ...

Coarse STEP 98 at t = 0.0009569339648 (0.09569339648%) starts ...

Coarse STEP 99 at t = 0.0009694652563 (0.09694652563%) starts ...

Coarse STEP 100 at t = 0.0009820268491 (0.09820268491%) starts ...

Initial energy = 0.01332031034
Final energy = 0.01332031034
	absolute conservation error = 8.67361738e-18
	relative conservation error = 6.511573048e-16
	kinetic energy = 0.001989812883
	relative K.E. error = -0.06934712886

Energy conservation is OK.
Kinetic energy production is incorrect by more than 1 percent!

Initial gasDensity = 1.728
	absolute conservation error = -2.220446049e-16
	relative conservation error = -1.284980353e-16

Initial x-GasMomentum = 0
	absolute conservation error = 0.0002447176975

Initial y-GasMomentum = 0
	absolute conservation error = 0.0002447176975

Initial z-GasMomentum = 0
	absolute conservation error = 0.0002447176975

Initial gasEnergy = 0.01332031034
	absolute conservation error = 8.67361738e-18
	relative conservation error = 6.511573048e-16

Initial gasInternalEnergy = 0
	absolute conservation error = 0.01133049746

Performance figure-of-merit: 0.02319083875 μs/zone-update [43.12047576 Mupdates/s]
Zone-updates on level 0: 209715200
Zone-updates on level 1: 26214400

Writing plotfile SedovAMR-GPU_plt00100
elapsed time: 10.4755665 seconds.


TinyProfiler total time across processes [min...avg...max]: 10.48 ... 10.48 ... 10.48

--------------------------------------------------------------------------------------------------------
Name                                                     NCalls  Excl. Min  Excl. Avg  Excl. Max   Max %
--------------------------------------------------------------------------------------------------------
WriteBinaryParticleData()                                     2       2.39       2.39       2.39  22.82%
VisMF::Write(FabArray)                                        4       2.23       2.23       2.23  21.29%
QuokkaSimulation::computeHydroFluxes()                      400      1.921      1.921      1.921  18.34%
HyperbolicSystem::ReconstructStatesPPM(MultiFabs)          1200     0.7692     0.7692     0.7692   7.34%
QuokkaSimulation::computeFOHydroFluxes()                    200     0.4853     0.4853     0.4853   4.63%
QuokkaSimulation::advanceHydroAtLevel()                     200     0.4231     0.4231     0.4231   4.04%
FabArray::Saxpy()                                          2400     0.3394     0.3394     0.3394   3.24%
FluxRegister::Reflux()                                      600      0.339      0.339      0.339   3.24%
FabArray::setVal()                                         2902     0.2132     0.2132     0.2132   2.04%
PhysBCFunct::()                                             609     0.1773     0.1773     0.1773   1.69%
ParticleContainer<NSR, NSI, NAR, NAI>::InitOnePerCell()       1     0.1759     0.1759     0.1759   1.68%
AmrMesh::MakeNewGrids()                                      51      0.171      0.171      0.171   1.63%
ParticleContainer::WriteParticles()                           4     0.1621     0.1621     0.1621   1.55%
amrex::Copy()                                               628     0.1227     0.1227     0.1227   1.17%
AMRSimulation::incrementFluxRegisters()                     200     0.1175     0.1175     0.1175   1.12%
TracerParticleContainer::AdvectWithUmac()                   200     0.1055     0.1055     0.1055   1.01%
Redistribute_partition                                      151    0.06842    0.06842    0.06842   0.65%
HydroSystem::PredictStep()                                  400    0.04056    0.04056    0.04056   0.39%
ParticleContainer::RedistributeGPU()                        151    0.03328    0.03328    0.03328   0.32%
FabArray::ParallelCopy_nowait()                            1760    0.02731    0.02731    0.02731   0.26%
QuokkaSimulation::advanceSingleTimestepAtLevel()            200    0.02285    0.02285    0.02285   0.22%
QuokkaSimulation::computeMaxSignalLocal()                   200    0.02229    0.02229    0.02229   0.21%
FillPatchInterp(MF)                                         203    0.01761    0.01761    0.01761   0.17%
WriteMultiLevelPlotfile()                                     2   0.006642   0.006642   0.006642   0.06%
FillPatcher::fillCFB                                        200   0.006212   0.006212   0.006212   0.06%
AMRSimulation::computeTimestepAtLevel()                     200   0.005374   0.005374   0.005374   0.05%
AMRSimulation::WritePlotFile()                                2    0.00523    0.00523    0.00523   0.05%
AMRSimulation::evolve()                                       1   0.003091   0.003091   0.003091   0.03%
AMRSimulation::timeStepWithSubcycling()                     200   0.001615   0.001615   0.001615   0.02%
REG::HydroSolver                                            200   0.001252   0.001252   0.001252   0.01%
AMRSimulation::FillPatchWithData()                          203  0.0008695  0.0008695  0.0008695   0.01%
FabArray::ParallelCopy()                                   1760  0.0008124  0.0008124  0.0008124   0.01%
AMRSimulation::fillBoundaryConditions()                     406  0.0004627  0.0004627  0.0004627   0.00%
FillPatcher::fill()                                         200  0.0001928  0.0001928  0.0001928   0.00%
FillPatchSingleLevel                                        206  0.0001467  0.0001467  0.0001467   0.00%
AMRSimulation::computeTimestep()                            100  7.543e-05  7.543e-05  7.543e-05   0.00%
AMRSimulation::setInitialConditions()                         1  2.576e-05  2.576e-05  2.576e-05   0.00%
AMRSimulation::InitParticles()                                1  1.685e-05  1.685e-05  1.685e-05   0.00%
Other                                                      8326    0.06818    0.06818    0.06818   0.65%
--------------------------------------------------------------------------------------------------------

--------------------------------------------------------------------------------------------------------
Name                                                     NCalls  Incl. Min  Incl. Avg  Incl. Max   Max %
--------------------------------------------------------------------------------------------------------
AMRSimulation::evolve()                                       1      7.994      7.994      7.994  76.31%
AMRSimulation::timeStepWithSubcycling()                     200      5.426      5.426      5.426  51.80%
AMRSimulation::WritePlotFile()                                2      4.813      4.813      4.813  45.95%
QuokkaSimulation::advanceSingleTimestepAtLevel()            200      4.673      4.673      4.673  44.61%
REG::HydroSolver                                            200       4.65       4.65       4.65  44.39%
QuokkaSimulation::advanceHydroAtLevel()                     200      4.528      4.528      4.528  43.23%
QuokkaSimulation::computeHydroFluxes()                      400       2.69       2.69       2.69  25.68%
WriteBinaryParticleData()                                     2      2.552      2.552      2.552  24.37%
AMRSimulation::setInitialConditions()                         1      2.481      2.481      2.481  23.69%
WriteMultiLevelPlotfile()                                     2      2.253      2.253      2.253  21.50%
VisMF::Write(FabArray)                                        4       2.23       2.23       2.23  21.29%
HyperbolicSystem::ReconstructStatesPPM(MultiFabs)          1200     0.7692     0.7692     0.7692   7.34%
QuokkaSimulation::computeFOHydroFluxes()                    200     0.4853     0.4853     0.4853   4.63%
FluxRegister::Reflux()                                      600     0.4639     0.4639     0.4639   4.43%
FabArray::Saxpy()                                          2400     0.3394     0.3394     0.3394   3.24%
AMRSimulation::fillBoundaryConditions()                     406     0.2187     0.2187     0.2187   2.09%
FabArray::setVal()                                         2902     0.2132     0.2132     0.2132   2.04%
AMRSimulation::InitParticles()                                1      0.178      0.178      0.178   1.70%
AmrMesh::MakeNewGrids()                                      51     0.1776     0.1776     0.1776   1.70%
ParticleContainer<NSR, NSI, NAR, NAI>::InitOnePerCell()       1     0.1775     0.1775     0.1775   1.69%
PhysBCFunct::()                                             609     0.1773     0.1773     0.1773   1.69%
ParticleContainer::WriteParticles()                           4     0.1621     0.1621     0.1621   1.55%
AMRSimulation::incrementFluxRegisters()                     200     0.1324     0.1324     0.1324   1.26%
amrex::Copy()                                               628     0.1227     0.1227     0.1227   1.17%
AMRSimulation::FillPatchWithData()                          203     0.1158     0.1158     0.1158   1.11%
FillPatcher::fill()                                         200      0.113      0.113      0.113   1.08%
ParticleContainer::RedistributeGPU()                        151     0.1105     0.1105     0.1105   1.06%
TracerParticleContainer::AdvectWithUmac()                   200     0.1055     0.1055     0.1055   1.01%
FillPatcher::fillCFB                                        200    0.08177    0.08177    0.08177   0.78%
Redistribute_partition                                      151    0.06842    0.06842    0.06842   0.65%
AMRSimulation::computeTimestep()                            100     0.0425     0.0425     0.0425   0.41%
AMRSimulation::computeTimestepAtLevel()                     200    0.04243    0.04243    0.04243   0.41%
HydroSystem::PredictStep()                                  400    0.04056    0.04056    0.04056   0.39%
FillPatchSingleLevel                                        206    0.03227    0.03227    0.03227   0.31%
FabArray::ParallelCopy()                                   1760    0.02952    0.02952    0.02952   0.28%
FabArray::ParallelCopy_nowait()                            1760    0.02837    0.02837    0.02837   0.27%
QuokkaSimulation::computeMaxSignalLocal()                   200    0.02229    0.02229    0.02229   0.21%
FillPatchInterp(MF)                                         203    0.01761    0.01761    0.01761   0.17%
Other                                                      8326    0.08846    0.08846    0.08846   0.84%
--------------------------------------------------------------------------------------------------------



BEGIN REGION HydroSolver

--------------------------------------------------------------------------------------------------
Name                                               NCalls  Excl. Min  Excl. Avg  Excl. Max   Max %
--------------------------------------------------------------------------------------------------
QuokkaSimulation::computeHydroFluxes()                400      1.921      1.921      1.921  18.34%
HyperbolicSystem::ReconstructStatesPPM(MultiFabs)    1200     0.7692     0.7692     0.7692   7.34%
QuokkaSimulation::computeFOHydroFluxes()              200     0.4853     0.4853     0.4853   4.63%
QuokkaSimulation::advanceHydroAtLevel()               200     0.4231     0.4231     0.4231   4.04%
FabArray::Saxpy()                                    2400     0.3394     0.3394     0.3394   3.24%
PhysBCFunct::()                                       600     0.1745     0.1745     0.1745   1.67%
amrex::Copy()                                         600     0.1209     0.1209     0.1209   1.15%
AMRSimulation::incrementFluxRegisters()               200     0.1175     0.1175     0.1175   1.12%
TracerParticleContainer::AdvectWithUmac()             200     0.1055     0.1055     0.1055   1.01%
FabArray::setVal()                                   2100    0.09048    0.09048    0.09048   0.86%
HydroSystem::PredictStep()                            400    0.04056    0.04056    0.04056   0.39%
FillPatcher::fillCFB                                  200   0.006212   0.006212   0.006212   0.06%
REG::HydroSolver                                      200   0.001252   0.001252   0.001252   0.01%
AMRSimulation::FillPatchWithData()                    200  0.0008665  0.0008665  0.0008665   0.01%
AMRSimulation::fillBoundaryConditions()               400  0.0004512  0.0004512  0.0004512   0.00%
FillPatcher::fill()                                   200  0.0001928  0.0001928  0.0001928   0.00%
FillPatchSingleLevel                                  200  0.0001415  0.0001415  0.0001415   0.00%
Other                                                6600    0.05388    0.05388    0.05388   0.51%
--------------------------------------------------------------------------------------------------

--------------------------------------------------------------------------------------------------
Name                                               NCalls  Incl. Min  Incl. Avg  Incl. Max   Max %
--------------------------------------------------------------------------------------------------
REG::HydroSolver                                      200       4.65       4.65       4.65  44.39%
QuokkaSimulation::advanceHydroAtLevel()               200      4.528      4.528      4.528  43.23%
QuokkaSimulation::computeHydroFluxes()                400       2.69       2.69       2.69  25.68%
HyperbolicSystem::ReconstructStatesPPM(MultiFabs)    1200     0.7692     0.7692     0.7692   7.34%
QuokkaSimulation::computeFOHydroFluxes()              200     0.4853     0.4853     0.4853   4.63%
FabArray::Saxpy()                                    2400     0.3394     0.3394     0.3394   3.24%
AMRSimulation::fillBoundaryConditions()               400     0.2151     0.2151     0.2151   2.05%
PhysBCFunct::()                                       600     0.1745     0.1745     0.1745   1.67%
AMRSimulation::incrementFluxRegisters()               200     0.1324     0.1324     0.1324   1.26%
amrex::Copy()                                         600     0.1209     0.1209     0.1209   1.15%
AMRSimulation::FillPatchWithData()                    200     0.1139     0.1139     0.1139   1.09%
FillPatcher::fill()                                   200      0.113      0.113      0.113   1.08%
TracerParticleContainer::AdvectWithUmac()             200     0.1055     0.1055     0.1055   1.01%
FabArray::setVal()                                   2100    0.09048    0.09048    0.09048   0.86%
FillPatcher::fillCFB                                  200    0.08177    0.08177    0.08177   0.78%
HydroSystem::PredictStep()                            400    0.04056    0.04056    0.04056   0.39%
FillPatchSingleLevel                                  200    0.03109    0.03109    0.03109   0.30%
Other                                                6600    0.07577    0.07577    0.07577   0.72%
--------------------------------------------------------------------------------------------------

END REGION HydroSolver
Unused ParmParse Variables:
  [TOP]::amr.checkpoint_files_output(nvals = 1)  :: [0]

Device Memory Usage:
------------------------------------------------------------------------------------------
Name                                                     Nalloc  Nfree    AvgMem    MaxMem
------------------------------------------------------------------------------------------
The_Arena::Initialize()                                       1      1  1951 KiB    23 GiB
QuokkaSimulation::computeHydroFluxes()                    15600  15600   355 MiB  1484 MiB
QuokkaSimulation::computeFOHydroFluxes()                   8000   8000   174 MiB  1426 MiB
QuokkaSimulation::advanceHydroAtLevel()                    4400   4400   177 MiB   573 MiB
AMRSimulation::MakeNewLevelFromScratch()                     12     12   315 MiB   315 MiB
REG::HydroSolver                                            400    400    95 MiB   251 MiB
AMRSimulation::WritePlotFile()                                4      4    66 MiB   145 MiB
ParticleContainer::WriteParticles()                          24     24   370 KiB   118 MiB
AMRSimulation::incrementFluxRegisters()                    1800   1800  1283 KiB   112 MiB
ParticleContainer<NSR, NSI, NAR, NAI>::InitOnePerCell()       1      1   110 MiB   112 MiB
FluxRegister::Reflux()                                      600    600  4380 KiB    96 MiB
WriteMultiLevelPlotfile()                                     4      4    17 MiB    96 MiB
ResizeRandomSeed                                              1      1    30 MiB    30 MiB
AMRSimulation::evolve()                                       1      1   434   B    16 MiB
AMRSimulation::timeStepWithSubcycling()                     100    100   729 KiB    16 MiB
WriteBinaryParticleData()                                    10     10  1998 KiB  8370 KiB
FillPatcher::fillCFB                                       1600   1600   708 KiB  6451 KiB
FillPatchTwoLevels                                           18     18   317   B  4676 KiB
FillPatchInterp(MF)                                        1327   1327  4448   B  2661 KiB
AmrMesh::MakeNewGrids()                                     102    102    39 KiB  2349 KiB
Redistribute_partition                                      609    609    13 KiB  2320 KiB
amrex::unpackBuffer                                           1      1  1788 KiB  1821 KiB
amrex::packBuffer                                             1      1    45   B  1795 KiB
amrex::average_down                                         101    101   829   B  1536 KiB
ParticleContainer::RedistributeGPU()                          5      5   386   B   720 KiB
VisMF::Write(FabArray)                                       24     24    45   B   320 KiB
FabArray::norminf()                                         202    202   320   B   160 KiB
FabArray::sum()                                              15     15    17   B   160 KiB
iMultiFab::sum()                                            400    400   211   B   160 KiB
MultiFab::max()                                             200    200    99   B   160 KiB
ParticleCopyPlan::build                                     907    907     5   B   130 KiB
MultiFab::contains_nan()                                      4      4   256   B    20 KiB
TagBoxArray::mapPRD                                         102    102     0   B  1728   B
DenseBins<T>::buildGPU                                       12     12   157   B   928   B
PhysBCFunct::()                                            2639   2639     9   B   880   B
OwnerMask()                                                  51     51     0   B   864   B
HyperbolicSystem::ReconstructStatesPPM(MultiFabs)          2400   2400   129   B   768   B
FabArray::ParallelCopy_nowait()                             406    406     0   B   544   B
HydroSystem::PredictStep()                                  202    202   223   B   384   B
TagBoxArray::collate()                                      153    153     0   B   128   B
ParticleBufferMap::define                                     3      3    47   B    48   B
AMRSimulation::computeTimestepAtLevel()                     200    200     0   B    16   B
------------------------------------------------------------------------------------------

Managed Memory Usage:
----------------------------------------------------------------
Name                             Nalloc  Nfree  AvgMem    MaxMem
----------------------------------------------------------------
The_Managed_Arena::Initialize()       1      1  37   B  8192 KiB
----------------------------------------------------------------

Pinned Memory Usage:
------------------------------------------------------------------------------------------
Name                                                     Nalloc  Nfree    AvgMem    MaxMem
------------------------------------------------------------------------------------------
ParticleContainer<NSR, NSI, NAR, NAI>::InitOnePerCell()      38     38  2478 KiB   243 MiB
VisMF::Write(FabArray)                                       28     28   759 KiB    96 MiB
The_Pinned_Arena::Initialize()                                1      1  1630   B  8192 KiB
QuokkaSimulation::computeFOHydroFluxes()                   4000   4000   399   B  2560   B
QuokkaSimulation::computeHydroFluxes()                     6400   6400   370   B  2048   B
FillPatchInterp(MF)                                         515    515    93   B  1600   B
FillPatcher::fillCFB                                        400    400   143   B  1376   B
QuokkaSimulation::advanceHydroAtLevel()                    2200   2200    45   B  1024   B
PhysBCFunct::()                                            2639   2639     9   B   880   B
HyperbolicSystem::ReconstructStatesPPM(MultiFabs)          2400   2400   129   B   768   B
FabArray::ParallelCopy_nowait()                             406    406     0   B   544   B
ParticleContainer::RedistributeGPU()                        156    156   126   B   480   B
HydroSystem::PredictStep()                                  202    202   223   B   384   B
MultiFab::contains_nan()                                      4      4   255   B   272   B
FabArray::norminf()                                         202    202   195   B   272   B
TagBoxArray::collate()                                      204    204     0   B   192   B
AMRSimulation::incrementFluxRegisters()                     600    600     0   B   176   B
FabArray::sum()                                              15     15     0   B   144   B
WriteBinaryParticleData()                                     6      6     0   B    16   B
AMRSimulation::computeTimestepAtLevel()                     200    200     0   B    16   B
iMultiFab::sum()                                            400    400     0   B    16   B
Redistribute_partition                                      301    301     0   B    16   B
ParticleCopyPlan::build                                     151    151     0   B    16   B
ParticleContainer::WriteParticles()                           4      4     0   B    16   B
MultiFab::max()                                             200    200     0   B    16   B
------------------------------------------------------------------------------------------

Comms Memory Usage:
--------------------------------------------------------------
Name                           Nalloc  Nfree  AvgMem    MaxMem
--------------------------------------------------------------
The_Comms_Arena::Initialize()       1      1  70   B  8192 KiB
--------------------------------------------------------------

Total GPU global memory (MB) spread across MPI: [32494 ... 32494]
Free  GPU global memory (MB) spread across MPI: [7636 ... 7636]
[The         Arena] max space (MB) allocated spread across MPI: [24370 ... 24370]
[The         Arena] max space (MB) used      spread across MPI: [3035 ... 3035]
[The Managed Arena] max space (MB) allocated spread across MPI: [8 ... 8]
[The Managed Arena] max space (MB) used      spread across MPI: [0 ... 0]
[The  Pinned Arena] max space (MB) allocated spread across MPI: [312 ... 312]
[The  Pinned Arena] max space (MB) used      spread across MPI: [243 ... 243]
[The   Comms Arena] max space (MB) allocated spread across MPI: [8 ... 8]
[The   Comms Arena] max space (MB) used      spread across MPI: [0 ... 0]
AMReX (25.11-47-gc4fcda1fb2ea) finalized
