--------------------------------------------------------------------------
WARNING: There was an error initializing an OpenFabrics device.

  Local host:   avatargpu
  Local device: mlx5_0
--------------------------------------------------------------------------
--------------------------------------------------------------------------
Open MPI failed an OFI Libfabric library call (fi_endpoint).  This is highly
unusual; your job may behave unpredictably (and/or abort) after this.

  Local host: avatargpu
  Location: mtl_ofi_component.c:513
  Error: Invalid argument (22)
--------------------------------------------------------------------------
amrex::Abort::0::CUDA error 2 in file /home/bwibking/regression-tests/quokka/extern/amrex/Src/Base/AMReX_PArena.cpp line 63: out of memory !!!
SIGABRT
See Backtrace.0 file for details
--------------------------------------------------------------------------
MPI_ABORT was invoked on rank 0 in communicator MPI_COMM_WORLD
with errorcode 6.

NOTE: invoking MPI_ABORT causes Open MPI to kill all MPI processes.
You may or may not see output from other processes, depending on
exactly when Open MPI kills them.
--------------------------------------------------------------------------
