/home/bwibking/regression-tests/amrex/Tools/Plotfile//fcompare.gnu.ex --abort_if_not_all_found -n 0 /home/bwibking/regression-tests/quokka-benchmarks/RandomBlast-GPU_plt40000 RandomBlast-GPU_plt40000
 WARNING: variable x-velocity not found in plotfile 2
 WARNING: variable y-velocity not found in plotfile 2
 WARNING: variable z-velocity not found in plotfile 2
 WARNING: variable x-RiemannSolverVelocity not found in plotfile 1
 WARNING: variable y-RiemannSolverVelocity not found in plotfile 1
 WARNING: variable z-RiemannSolverVelocity not found in plotfile 1

            variable name            absolute error            relative error
                                        (||A - B||)         (||A - B||/||A||)
 ----------------------------------------------------------------------------
 level = 0
 gasDensity                                       0                         0
 x-GasMomentum                                    0                         0
 y-GasMomentum                                    0                         0
 z-GasMomentum                                    0                         0
 gasEnergy                                        0                         0
 gasInternalEnergy                                0                         0
 scalar_0                                         0                         0
 x-velocity                < variable not present in both files >            
 y-velocity                < variable not present in both files >            
 z-velocity                < variable not present in both files >            
 temperature                                      0                         0
 WARNING: not all variables present in both files
