/home/bwibking/regression-tests/amrex/Tools/Plotfile//fcompare.gnu.ex --abort_if_not_all_found -n 0 /home/bwibking/regression-tests/quokka-benchmarks/Sedov-GPU_plt10000 Sedov-GPU_plt10000
 WARNING: variable x-velocity not found in plotfile 2
 WARNING: variable y-velocity not found in plotfile 2
 WARNING: variable z-velocity not found in plotfile 2
 WARNING: variable x-RiemannSolverVelocity not found in plotfile 1
 WARNING: variable y-RiemannSolverVelocity not found in plotfile 1
 WARNING: variable z-RiemannSolverVelocity not found in plotfile 1

            variable name            absolute error            relative error
                                        (||A - B||)         (||A - B||/||A||)
 ----------------------------------------------------------------------------
 level = 0
 gasDensity                                       0                         0
 x-GasMomentum                                    0                         0
 y-GasMomentum                                    0                         0
 z-GasMomentum                                    0                         0
 gasEnergy                                        0                         0
 gasInternalEnergy                                0                         0
 x-velocity                < variable not present in both files >            
 y-velocity                < variable not present in both files >            
 z-velocity                < variable not present in both files >            
 WARNING: not all variables present in both files
/home/bwibking/regression-tests/amrex/Tools/Postprocessing/C_Src//particle_compare.exe /home/bwibking/regression-tests/quokka-benchmarks/Sedov-GPU_plt10000 Sedov-GPU_plt10000 tracer_particles

-----------------------------------------------------------------------
tracer_particles
tracer_particles_position_x         0.00000000e+00        0.00000000e+00        
tracer_particles_position_y         0.00000000e+00        0.00000000e+00        
tracer_particles_position_z         0.00000000e+00        0.00000000e+00        
tracer_particles_real_comp0         0.00000000e+00        0.00000000e+00        
tracer_particles_real_comp1         0.00000000e+00        0.00000000e+00        
tracer_particles_real_comp2         0.00000000e+00        0.00000000e+00        
tracer_particles_id                 0.00000000e+00        0.00000000e+00        
tracer_particles_cpu                0.00000000e+00        0.00000000e+00        

 PARTICLES AGREE to relative tolerance 0
