/priv/avatar/cche/azp-agent-in-docker-cuda/azp-agent-avatargpu/regression-tests/amrex/Tools/Plotfile//fcompare.gnu.ex --abort_if_not_all_found -n 0 --rel_tol 0.002 /priv/avatar/cche/azp-agent-in-docker-cuda/azp-agent-avatargpu/regression-tests/quokka-benchmarks/DiskGalaxy-GPU_plt0000300 DiskGalaxy-GPU_plt0000300

            variable name            absolute error            relative error
                                        (||A - B||)         (||A - B||/||A||)
 ----------------------------------------------------------------------------
 level = 0
 gasDensity                          2.04012689e-31           1.928640245e-06
 x-GasMomentum                      6.031503157e-24           4.447833225e-06
 y-GasMomentum                      6.581995993e-24           4.281307338e-06
 z-GasMomentum                      4.713171181e-24           3.699235031e-05
 gasEnergy                          8.043059274e-17           3.361208446e-06
 gasInternalEnergy                  4.928378638e-17           8.887171622e-06
 scalar_0                           9.389153121e-41           5.061838801e-06
 x-BField                           6.784798921e-11              0.0394324806
 y-BField                           7.885419769e-11             0.04235146339
 z-BField                           1.497930931e-11             0.05226345991
 particle.CIC.mass_density            1.89122225e-30           1.354174057e-06
 particle.StochasticStellarPop.birth_mass_density                         0                         0
 level = 1
 gasDensity                         1.764461481e-30           3.132695741e-06
 x-GasMomentum                      4.859214509e-23           6.715633619e-06
 y-GasMomentum                      4.658644609e-23           7.166457658e-06
 z-GasMomentum                      3.830259726e-23           5.290832012e-05
 gasEnergy                          6.700258204e-16           6.227865224e-06
 gasInternalEnergy                  3.837749852e-16           1.628104031e-05
 scalar_0                           7.239397357e-40           2.619771609e-05
 x-BField                            2.95214036e-10             0.04572090334
 y-BField                           2.795818789e-10             0.04499768698
 z-BField                           3.085052144e-11             0.04090346256
 particle.CIC.mass_density           1.287948997e-29           2.241541664e-06
 particle.StochasticStellarPop.birth_mass_density                         0                         0
 level = 2
 gasDensity                         1.476603395e-29           7.679120761e-06
 x-GasMomentum                      2.187091495e-22           1.018967937e-05
 y-GasMomentum                      3.988050932e-22             1.8144309e-05
 z-GasMomentum                      2.086687641e-22           5.878188863e-05
 gasEnergy                          3.243612642e-15           1.235326719e-05
 gasInternalEnergy                  1.607622224e-15           2.359449155e-05
 scalar_0                           5.024926407e-39           7.280985134e-05
 x-BField                           8.147614231e-10             0.04582587285
 y-BField                            8.36866804e-10             0.04748520511
 z-BField                           8.456040664e-11             0.05330237779
 particle.CIC.mass_density            1.28499075e-28           6.714127977e-06
 particle.StochasticStellarPop.birth_mass_density                         0                         0
 level = 3
 gasDensity                         1.018272337e-28           1.740336934e-05
 x-GasMomentum                       1.79016673e-21           3.174349742e-05
 y-GasMomentum                      2.473375141e-21           4.423272534e-05
 z-GasMomentum                       9.38757739e-22           4.940749548e-05
 gasEnergy                          1.520366914e-14           2.688789752e-05
 gasInternalEnergy                  4.102421169e-15           2.542093579e-05
 scalar_0                           2.550182816e-38           0.0001583456522
 x-BField                           2.323227061e-09             0.04704536577
 y-BField                           2.874340616e-09             0.04935685564
 z-BField                           3.468279294e-10               0.120176383
 particle.CIC.mass_density           6.958180435e-28           1.155798018e-05
 particle.StochasticStellarPop.birth_mass_density                         0                         0
 level = 4
 gasDensity                         5.090790579e-28           1.853363935e-05
 x-GasMomentum                      1.842562808e-20            8.68578159e-05
 y-GasMomentum                       1.48606457e-20           6.488111894e-05
 z-GasMomentum                      5.625411897e-21            4.97828168e-05
 gasEnergy                          8.259948429e-14           5.408904702e-05
 gasInternalEnergy                  1.166186651e-14           2.906512065e-05
 scalar_0                           1.674565991e-37            0.000272022874
 x-BField                           5.493585057e-09             0.04940528737
 y-BField                           7.917665309e-09             0.05609544296
 z-BField                           5.397777282e-10              0.1488403263
 particle.CIC.mass_density           3.161564852e-27           1.696584278e-05
 particle.StochasticStellarPop.birth_mass_density                         0                         0
 level = 5
 gasDensity                         2.875034204e-27           2.733159551e-05
 x-GasMomentum                      1.197598795e-19           0.0002002846692
 y-GasMomentum                      4.909112063e-20            7.46916656e-05
 z-GasMomentum                       1.98004597e-20           4.375971931e-05
 gasEnergy                          2.886592278e-13           0.0001064548757
 gasInternalEnergy                  1.549094498e-14            7.08487644e-05
 scalar_0                           3.906182041e-37           0.0001755703089
 x-BField                           1.831603352e-08              0.0802469763
 y-BField                           2.219761358e-08             0.08897429997
 z-BField                           1.271918684e-09              0.1636699885
 particle.CIC.mass_density           1.133759922e-26           2.495666018e-05
 particle.StochasticStellarPop.birth_mass_density                         0                         0
/priv/avatar/cche/azp-agent-in-docker-cuda/azp-agent-avatargpu/regression-tests/amrex/Tools/Postprocessing/C_Src//particle_compare.exe --rel_tol 0.02 /priv/avatar/cche/azp-agent-in-docker-cuda/azp-agent-avatargpu/regression-tests/quokka-benchmarks/DiskGalaxy-GPU_plt0000300 DiskGalaxy-GPU_plt0000300 CIC_particles

-----------------------------------------------------------------------
CIC_particles
CIC_particles_position_x            2.58260952e+17        1.77541181e-03        
CIC_particles_position_y            1.38711141e+17        3.84016493e-04        
CIC_particles_position_z            3.35182454e+17        3.28333433e-04        
CIC_particles_mass                  0.00000000e+00        0.00000000e+00        
CIC_particles_vx                    1.61904229e+03        9.64480395e-05        
CIC_particles_vy                    1.45206082e+03        3.12271368e-04        
CIC_particles_vz                    2.50551039e+03        9.73860652e-03        
CIC_particles_id                    0.00000000e+00        0.00000000e+00        
CIC_particles_cpu                   0.00000000e+00        0.00000000e+00        

 PARTICLES AGREE to relative tolerance 0.02
/priv/avatar/cche/azp-agent-in-docker-cuda/azp-agent-avatargpu/regression-tests/amrex/Tools/Postprocessing/C_Src//particle_compare.exe --rel_tol 0.02 /priv/avatar/cche/azp-agent-in-docker-cuda/azp-agent-avatargpu/regression-tests/quokka-benchmarks/DiskGalaxy-GPU_plt0000300 DiskGalaxy-GPU_plt0000300 StochasticStellarPop_particles

-----------------------------------------------------------------------
StochasticStellarPop_particles
StochasticStellarPop_particles_position_x0.00000000e+00        0.00000000e+00        
StochasticStellarPop_particles_position_y0.00000000e+00        0.00000000e+00        
StochasticStellarPop_particles_position_z0.00000000e+00        0.00000000e+00        
StochasticStellarPop_particles_mass 0.00000000e+00        0.00000000e+00        
StochasticStellarPop_particles_vx   0.00000000e+00        0.00000000e+00        
StochasticStellarPop_particles_vy   0.00000000e+00        0.00000000e+00        
StochasticStellarPop_particles_vz   0.00000000e+00        0.00000000e+00        
StochasticStellarPop_particles_birth_time0.00000000e+00        0.00000000e+00        
StochasticStellarPop_particles_death_time0.00000000e+00        0.00000000e+00        
StochasticStellarPop_particles_birth_x0.00000000e+00        0.00000000e+00        
StochasticStellarPop_particles_birth_y0.00000000e+00        0.00000000e+00        
StochasticStellarPop_particles_birth_z0.00000000e+00        0.00000000e+00        
StochasticStellarPop_particles_death_x0.00000000e+00        0.00000000e+00        
StochasticStellarPop_particles_death_y0.00000000e+00        0.00000000e+00        
StochasticStellarPop_particles_death_z0.00000000e+00        0.00000000e+00        
StochasticStellarPop_particles_death_density0.00000000e+00        0.00000000e+00        
StochasticStellarPop_particles_mass_at_birth0.00000000e+00        0.00000000e+00        
StochasticStellarPop_particles_luminosity_00.00000000e+00        0.00000000e+00        
StochasticStellarPop_particles_id   0.00000000e+00        0.00000000e+00        
StochasticStellarPop_particles_cpu  0.00000000e+00        0.00000000e+00        
StochasticStellarPop_particles_evolution_stage0.00000000e+00        0.00000000e+00        

 PARTICLES AGREE to relative tolerance 0.02
