/priv/avatar/cche/azp-agent-in-docker-cuda/azp-agent-avatargpu/regression-tests/amrex/Tools/Plotfile//fcompare.gnu.ex --abort_if_not_all_found -n 0 --rel_tol 0.002 /priv/avatar/cche/azp-agent-in-docker-cuda/azp-agent-avatargpu/regression-tests/quokka-benchmarks/DiskGalaxy-GPU_plt0000300 DiskGalaxy-GPU_plt0000300

            variable name            absolute error            relative error
                                        (||A - B||)         (||A - B||/||A||)
 ----------------------------------------------------------------------------
 level = 0
 gasDensity                         3.705272167e-31           3.502785548e-06
 x-GasMomentum                      3.226478829e-24           2.379319401e-06
 y-GasMomentum                      2.574860727e-24           1.674838299e-06
 z-GasMomentum                      9.810806644e-25           7.700095806e-06
 gasEnergy                          3.514037527e-17           1.468524379e-06
 gasInternalEnergy                  4.176513214e-17           7.531308009e-06
 scalar_0                           8.452365821e-41           4.556802387e-06
 x-BField                           1.793210275e-15            1.04219759e-06
 y-BField                           2.754685159e-15           1.479503547e-06
 z-BField                           3.228260553e-15           1.126351737e-05
 particle.CIC.mass_density           2.262736093e-30           1.620190279e-06
 particle.StochasticStellarPop.birth_mass_density                         0                         0
 level = 1
 gasDensity                         3.108898402e-30            5.51967917e-06
 x-GasMomentum                      2.690851712e-23           3.718878804e-06
 y-GasMomentum                      1.854697424e-23           2.853122029e-06
 z-GasMomentum                      7.855669523e-24           1.085097442e-05
 gasEnergy                          2.947649661e-16           2.739839392e-06
 gasInternalEnergy                  3.139579252e-16           1.331913311e-05
 scalar_0                           1.156682977e-39           4.185777994e-05
 x-BField                           8.305999258e-15           1.286386779e-06
 y-BField                            1.06680035e-14           1.716977917e-06
 z-BField                           1.065705098e-14           1.412970307e-05
 particle.CIC.mass_density           1.992057344e-29           3.466972347e-06
 particle.StochasticStellarPop.birth_mass_density                         0                         0
 level = 2
 gasDensity                         2.823695864e-29           1.468502597e-05
 x-GasMomentum                      2.025080584e-22           9.434923972e-06
 y-GasMomentum                      9.321993866e-23            4.24120384e-06
 z-GasMomentum                      6.503697014e-23           1.832019357e-05
 gasEnergy                          2.272327561e-15           8.654281909e-06
 gasInternalEnergy                  1.718252778e-15           2.521932438e-05
 scalar_0                           5.673073615e-39           8.220266365e-05
 x-BField                           8.085140661e-14           4.547461167e-06
 y-BField                           7.979140641e-14           4.527505653e-06
 z-BField                           3.163044013e-14           1.993808361e-05
 particle.CIC.mass_density           1.747475764e-28           9.130768422e-06
 particle.StochasticStellarPop.birth_mass_density                         0                         0
 level = 3
 gasDensity                         1.889014971e-28           3.228535531e-05
 x-GasMomentum                      7.583422656e-22           1.344726989e-05
 y-GasMomentum                      7.703866818e-22           1.377742148e-05
 z-GasMomentum                      4.259933659e-22           2.241915989e-05
 gasEnergy                          1.058535878e-14           1.872039256e-05
 gasInternalEnergy                  6.210161535e-15           3.848244652e-05
 scalar_0                           2.954342326e-38            0.000183448786
 x-BField                           6.981220497e-13           1.413702401e-05
 y-BField                           4.196926064e-13           7.206787083e-06
 z-BField                            1.09239031e-13           3.785145002e-05
 particle.CIC.mass_density           8.187388461e-28           1.359977303e-05
 particle.StochasticStellarPop.birth_mass_density                         0                         0
 level = 4
 gasDensity                         8.752965253e-28           3.186544187e-05
 x-GasMomentum                      3.756331231e-21           1.770703557e-05
 y-GasMomentum                      3.951992695e-21           1.725461475e-05
 z-GasMomentum                       2.66128254e-21           2.355002844e-05
 gasEnergy                          4.439167839e-14           2.907064303e-05
 gasInternalEnergy                  1.179009543e-14            2.93835969e-05
 scalar_0                           1.279568011e-37           0.0002078531238
 x-BField                           1.943814815e-12           1.748125077e-05
 y-BField                           2.411571513e-12           1.708554793e-05
 z-BField                             6.6214945e-13            0.000182584498
 particle.CIC.mass_density            4.61372876e-27           2.475848253e-05
 particle.StochasticStellarPop.birth_mass_density                         0                         0
 level = 5
 gasDensity                          2.71981789e-27           2.585539123e-05
 x-GasMomentum                      1.393686728e-20           2.330809492e-05
 y-GasMomentum                      1.215210357e-20           1.849021988e-05
 z-GasMomentum                      8.945194127e-21           1.976810264e-05
 gasEnergy                          1.021255467e-13           3.766447073e-05
 gasInternalEnergy                  5.653409894e-15           2.585557645e-05
 scalar_0                           2.216137308e-37           9.960586936e-05
 x-BField                           8.490151695e-12           3.719727675e-05
 y-BField                           1.090298498e-11            4.37021579e-05
 z-BField                           2.330213488e-12           0.0002998521876
 particle.CIC.mass_density           1.229388063e-26            2.70619098e-05
 particle.StochasticStellarPop.birth_mass_density                         0                         0
 PLOTFILE AGREE to specified tolerances: absolute = 0 relative = 0.002
/priv/avatar/cche/azp-agent-in-docker-cuda/azp-agent-avatargpu/regression-tests/amrex/Tools/Postprocessing/C_Src//particle_compare.exe --rel_tol 0.02 /priv/avatar/cche/azp-agent-in-docker-cuda/azp-agent-avatargpu/regression-tests/quokka-benchmarks/DiskGalaxy-GPU_plt0000300 DiskGalaxy-GPU_plt0000300 CIC_particles

-----------------------------------------------------------------------
CIC_particles
CIC_particles_position_x            3.91343017e+17        2.69140342e-03        
CIC_particles_position_y            5.11090007e+17        1.41488464e-03        
CIC_particles_position_z            5.70075956e+17        5.58428647e-04        
CIC_particles_mass                  0.00000000e+00        0.00000000e+00        
CIC_particles_vx                    9.04398618e+02        5.38757016e-05        
CIC_particles_vy                    9.00896855e+02        1.93759614e-04        
CIC_particles_vz                    2.50275257e+03        9.74434671e-03        
CIC_particles_id                    0.00000000e+00        0.00000000e+00        
CIC_particles_cpu                   0.00000000e+00        0.00000000e+00        

 PARTICLES AGREE to relative tolerance 0.02
/priv/avatar/cche/azp-agent-in-docker-cuda/azp-agent-avatargpu/regression-tests/amrex/Tools/Postprocessing/C_Src//particle_compare.exe --rel_tol 0.02 /priv/avatar/cche/azp-agent-in-docker-cuda/azp-agent-avatargpu/regression-tests/quokka-benchmarks/DiskGalaxy-GPU_plt0000300 DiskGalaxy-GPU_plt0000300 StochasticStellarPop_particles

-----------------------------------------------------------------------
StochasticStellarPop_particles
StochasticStellarPop_particles_position_x0.00000000e+00        0.00000000e+00        
StochasticStellarPop_particles_position_y0.00000000e+00        0.00000000e+00        
StochasticStellarPop_particles_position_z0.00000000e+00        0.00000000e+00        
StochasticStellarPop_particles_mass 0.00000000e+00        0.00000000e+00        
StochasticStellarPop_particles_vx   0.00000000e+00        0.00000000e+00        
StochasticStellarPop_particles_vy   0.00000000e+00        0.00000000e+00        
StochasticStellarPop_particles_vz   0.00000000e+00        0.00000000e+00        
StochasticStellarPop_particles_birth_time0.00000000e+00        0.00000000e+00        
StochasticStellarPop_particles_death_time0.00000000e+00        0.00000000e+00        
StochasticStellarPop_particles_birth_x0.00000000e+00        0.00000000e+00        
StochasticStellarPop_particles_birth_y0.00000000e+00        0.00000000e+00        
StochasticStellarPop_particles_birth_z0.00000000e+00        0.00000000e+00        
StochasticStellarPop_particles_death_x0.00000000e+00        0.00000000e+00        
StochasticStellarPop_particles_death_y0.00000000e+00        0.00000000e+00        
StochasticStellarPop_particles_death_z0.00000000e+00        0.00000000e+00        
StochasticStellarPop_particles_death_density0.00000000e+00        0.00000000e+00        
StochasticStellarPop_particles_mass_at_birth0.00000000e+00        0.00000000e+00        
StochasticStellarPop_particles_luminosity_00.00000000e+00        0.00000000e+00        
StochasticStellarPop_particles_id   0.00000000e+00        0.00000000e+00        
StochasticStellarPop_particles_cpu  0.00000000e+00        0.00000000e+00        
StochasticStellarPop_particles_evolution_stage0.00000000e+00        0.00000000e+00        

 PARTICLES AGREE to relative tolerance 0.02
