Already up to date.
Already up to date.
Your branch is up to date with 'origin/development'.
Already on 'development'
Updating 2c7f17d..bea14af
Fast-forward
 .ci/azure-pipelines-regression.yml                |   2 +
 regression/quokka-tests.ini                       |  16 -
 scripts/setonix-gpu.profile                       |   5 +-
 src/problems/CMakeLists.txt                       |   2 -
 src/problems/MetalAdvectionProblem/CMakeLists.txt |   7 -
 src/problems/MetalAdvectionProblem/data_sets.dat  | 206 --------
 src/problems/MetalAdvectionProblem/test_sne.cpp   | 550 ----------------------
 src/problems/MetalAdvectionProblem/test_sne.hpp   |  34 --
 tests/metal_problem_regression.in                 |  38 --
 9 files changed, 6 insertions(+), 854 deletions(-)
 delete mode 100644 src/problems/MetalAdvectionProblem/CMakeLists.txt
 delete mode 100644 src/problems/MetalAdvectionProblem/data_sets.dat
 delete mode 100644 src/problems/MetalAdvectionProblem/test_sne.cpp
 delete mode 100644 src/problems/MetalAdvectionProblem/test_sne.hpp
 delete mode 100644 tests/metal_problem_regression.in
Your branch is up to date with 'origin/development'.
Already on 'development'
Updating bea14af..9d76997
Fast-forward
 src/radiation/radiation_system.hpp | 471 ++++++++++++++++---------------------
 1 file changed, 204 insertions(+), 267 deletions(-)
Your branch is up to date with 'origin/development'.
Already on 'development'
Updating 9d76997..21ba4c2
Fast-forward
 .gitignore                                         |    1 +
 extern/data/dust/rad_dust_exact.csv                | 1026 ++++++++++++++++++++
 src/QuokkaSimulation.hpp                           |    6 +-
 src/problems/CMakeLists.txt                        |    2 +
 src/problems/RadBeam/test_radiation_beam.cpp       |    1 +
 src/problems/RadDust/CMakeLists.txt                |    7 +
 src/problems/RadDust/test_rad_dust.cpp             |  259 +++++
 src/problems/RadDust/test_rad_dust.hpp             |   21 +
 src/problems/RadDustMG/CMakeLists.txt              |    7 +
 src/problems/RadDustMG/test_rad_dust_MG.cpp        |  271 ++++++
 src/problems/RadDustMG/test_rad_dust_MG.hpp        |   21 +
 src/problems/RadForce/test_radiation_force.cpp     |    1 +
 src/problems/RadMarshak/test_radiation_marshak.cpp |    1 +
 .../test_radiation_marshak_asymptotic.cpp          |    1 +
 .../RadMarshakCGS/test_radiation_marshak_cgs.cpp   |    1 +
 .../test_radiation_marshak_Vaytet.cpp              |    1 +
 .../test_radiation_matter_coupling.cpp             |    1 +
 .../test_radiation_matter_coupling_rsla.cpp        |    1 +
 src/problems/RadPulse/test_radiation_pulse.cpp     |    1 +
 src/problems/RadShadow/test_radiation_shadow.cpp   |    1 +
 .../RadStreaming/test_radiation_streaming.cpp      |    1 +
 .../RadStreamingY/test_radiation_streaming_y.cpp   |    1 +
 src/problems/RadSuOlson/test_radiation_SuOlson.cpp |    1 +
 src/problems/RadTophat/test_radiation_tophat.cpp   |    1 +
 src/problems/RadTube/test_radiation_tube.cpp       |    1 +
 src/problems/RadhydroBB/test_radhydro_bb.cpp       |    1 +
 src/problems/RadhydroPulse/test_radhydro_pulse.cpp |    2 +
 .../RadhydroPulseDyn/test_radhydro_pulse_dyn.cpp   |    2 +
 .../RadhydroPulseGrey/test_radhydro_pulse_grey.cpp |    2 +
 .../test_radhydro_pulse_MG_const_kappa.cpp         |    2 +
 .../test_radhydro_pulse_MG_int.cpp                 |    2 +
 src/problems/RadhydroShell/test_radhydro_shell.cpp |    1 +
 src/problems/RadhydroShock/test_radhydro_shock.cpp |    1 +
 .../RadhydroShockCGS/test_radhydro_shock_cgs.cpp   |    1 +
 .../test_radhydro_shock_multigroup.cpp             |    1 +
 .../test_radhydro_uniform_advecting.cpp            |    1 +
 src/radiation/radiation_system.hpp                 |  258 +++--
 tests/RadDust.in                                   |   29 +
 38 files changed, 1864 insertions(+), 75 deletions(-)
 create mode 100644 extern/data/dust/rad_dust_exact.csv
 create mode 100644 src/problems/RadDust/CMakeLists.txt
 create mode 100644 src/problems/RadDust/test_rad_dust.cpp
 create mode 100644 src/problems/RadDust/test_rad_dust.hpp
 create mode 100644 src/problems/RadDustMG/CMakeLists.txt
 create mode 100644 src/problems/RadDustMG/test_rad_dust_MG.cpp
 create mode 100644 src/problems/RadDustMG/test_rad_dust_MG.hpp
 create mode 100644 tests/RadDust.in
