/priv/avatar/cche/azp-agent-in-docker-cuda/azp-agent-avatargpu/regression-tests/amrex/Tools/Plotfile//fcompare.gnu.ex --abort_if_not_all_found -n 0 --rel_tol 0.002 /priv/avatar/cche/azp-agent-in-docker-cuda/azp-agent-avatargpu/regression-tests/quokka-benchmarks/DiskGalaxy-GPU_plt0000300 DiskGalaxy-GPU_plt0000300

            variable name            absolute error            relative error
                                        (||A - B||)         (||A - B||/||A||)
 ----------------------------------------------------------------------------
 level = 0
 gasDensity                         7.403387426e-31           6.998815129e-06
 x-GasMomentum                      4.694248499e-24           3.461696678e-06
 y-GasMomentum                      6.539531386e-24           4.253685925e-06
 z-GasMomentum                      2.278365663e-24           1.788224902e-05
 gasEnergy                          7.861684349e-17            3.28541155e-06
 gasInternalEnergy                  6.881372085e-17           1.240893592e-05
 scalar_0                           8.628521789e-41           4.651770593e-06
 x-BField                           8.125697144e-15           4.722562875e-06
 y-BField                           9.699742883e-15           5.209593371e-06
 z-BField                           7.606317677e-15           2.653877229e-05
 particle.CIC.mass_density           4.515542737e-30           3.233269294e-06
 particle.StochasticStellarPop.birth_mass_density                         0                         0
 level = 1
 gasDensity                         5.773172591e-30           1.024992236e-05
 x-GasMomentum                      3.304282039e-23           4.566653213e-06
 y-GasMomentum                       4.94773165e-23           7.611164265e-06
 z-GasMomentum                      1.850302378e-23           2.555868205e-05
 gasEnergy                          5.680533492e-16           5.280034875e-06
 gasInternalEnergy                   4.62006978e-16           1.959990756e-05
 scalar_0                           6.679556904e-40            2.41717821e-05
 x-BField                           3.318793883e-14           5.139940375e-06
 y-BField                           3.915831086e-14           6.302387772e-06
 z-BField                           3.210749505e-14            4.25700332e-05
 particle.CIC.mass_density            3.44983922e-29           6.004087403e-06
 particle.StochasticStellarPop.birth_mass_density                         0                         0
 level = 2
 gasDensity                         3.972377653e-29           2.065847052e-05
 x-GasMomentum                      1.976640857e-22           9.209187918e-06
 y-GasMomentum                      2.909541519e-22           1.323744889e-05
 z-GasMomentum                      1.437479267e-22           4.049372055e-05
 gasEnergy                          3.003848238e-15           1.144012679e-05
 gasInternalEnergy                   2.48080784e-15            3.64099219e-05
 scalar_0                           4.936584171e-39           7.152979577e-05
 x-BField                           9.259724246e-14           5.208088329e-06
 y-BField                           2.070963424e-13           1.175098863e-05
 z-BField                           1.054978877e-13           6.650025102e-05
 particle.CIC.mass_density           2.485176487e-28           1.298514638e-05
 particle.StochasticStellarPop.birth_mass_density                         0                         0
 level = 3
 gasDensity                         2.683720399e-28           4.586766782e-05
 x-GasMomentum                      1.141633816e-21           2.024361725e-05
 y-GasMomentum                       1.40244152e-21           2.508063154e-05
 z-GasMomentum                      1.162404199e-21           6.117816963e-05
 gasEnergy                          1.218718641e-14           2.155320641e-05
 gasInternalEnergy                   1.13557419e-14           7.036663809e-05
 scalar_0                           2.584274254e-38           0.0001604624538
 x-BField                           5.085764983e-13           1.029867798e-05
 y-BField                           5.175842707e-13           8.887719149e-06
 z-BField                           2.764456873e-13           9.578883359e-05
 particle.CIC.mass_density            1.57450591e-27            2.61535444e-05
 particle.StochasticStellarPop.birth_mass_density                         0                         0
 level = 4
 gasDensity                         1.384347372e-27           5.039884185e-05
 x-GasMomentum                      7.113655882e-21           3.353354417e-05
 y-GasMomentum                      1.312685735e-20           5.731145271e-05
 z-GasMomentum                      8.674818783e-21           7.676894105e-05
 gasEnergy                          6.505210281e-14           4.259840455e-05
 gasInternalEnergy                  3.170658797e-14           7.902301095e-05
 scalar_0                           1.755662994e-37           0.0002851965799
 x-BField                           1.772048811e-12           1.593651138e-05
 y-BField                           2.621116069e-12           1.857020488e-05
 z-BField                           5.776349694e-13           0.0001592792233
 particle.CIC.mass_density           8.597637073e-27           4.613732934e-05
 particle.StochasticStellarPop.birth_mass_density                         0                         0
 level = 5
 gasDensity                         3.824854384e-27           3.636108842e-05
 x-GasMomentum                      2.621081701e-20           4.383458667e-05
 y-GasMomentum                      6.630513539e-20           0.0001008826227
 z-GasMomentum                      3.739099036e-20           8.263541695e-05
 gasEnergy                          2.488156528e-13           9.176093067e-05
 gasInternalEnergy                  7.950634497e-15           3.636270293e-05
 scalar_0                           4.170165553e-37            0.000187435518
 x-BField                           1.463315578e-11           6.411139745e-05
 y-BField                           2.198080343e-11           8.810526369e-05
 z-BField                           1.845070793e-12           0.0002374229732
 particle.CIC.mass_density           1.992324851e-26           4.385564644e-05
 particle.StochasticStellarPop.birth_mass_density                         0                         0
 PLOTFILE AGREE to specified tolerances: absolute = 0 relative = 0.002
/priv/avatar/cche/azp-agent-in-docker-cuda/azp-agent-avatargpu/regression-tests/amrex/Tools/Postprocessing/C_Src//particle_compare.exe --rel_tol 0.02 /priv/avatar/cche/azp-agent-in-docker-cuda/azp-agent-avatargpu/regression-tests/quokka-benchmarks/DiskGalaxy-GPU_plt0000300 DiskGalaxy-GPU_plt0000300 CIC_particles

-----------------------------------------------------------------------
CIC_particles
CIC_particles_position_x            6.93140607e+17        4.76498677e-03        
CIC_particles_position_y            9.76169888e+17        2.70248904e-03        
CIC_particles_position_z            7.58045392e+17        7.42555713e-04        
CIC_particles_mass                  0.00000000e+00        0.00000000e+00        
CIC_particles_vx                    3.55044229e+03        2.11503554e-04        
CIC_particles_vy                    3.83818564e+03        8.25416858e-04        
CIC_particles_vz                    3.57820735e+03        1.39080459e-02        
CIC_particles_id                    0.00000000e+00        0.00000000e+00        
CIC_particles_cpu                   0.00000000e+00        0.00000000e+00        

 PARTICLES AGREE to relative tolerance 0.02
/priv/avatar/cche/azp-agent-in-docker-cuda/azp-agent-avatargpu/regression-tests/amrex/Tools/Postprocessing/C_Src//particle_compare.exe --rel_tol 0.02 /priv/avatar/cche/azp-agent-in-docker-cuda/azp-agent-avatargpu/regression-tests/quokka-benchmarks/DiskGalaxy-GPU_plt0000300 DiskGalaxy-GPU_plt0000300 StochasticStellarPop_particles

-----------------------------------------------------------------------
StochasticStellarPop_particles
StochasticStellarPop_particles_position_x0.00000000e+00        0.00000000e+00        
StochasticStellarPop_particles_position_y0.00000000e+00        0.00000000e+00        
StochasticStellarPop_particles_position_z0.00000000e+00        0.00000000e+00        
StochasticStellarPop_particles_mass 0.00000000e+00        0.00000000e+00        
StochasticStellarPop_particles_vx   0.00000000e+00        0.00000000e+00        
StochasticStellarPop_particles_vy   0.00000000e+00        0.00000000e+00        
StochasticStellarPop_particles_vz   0.00000000e+00        0.00000000e+00        
StochasticStellarPop_particles_birth_time0.00000000e+00        0.00000000e+00        
StochasticStellarPop_particles_death_time0.00000000e+00        0.00000000e+00        
StochasticStellarPop_particles_birth_x0.00000000e+00        0.00000000e+00        
StochasticStellarPop_particles_birth_y0.00000000e+00        0.00000000e+00        
StochasticStellarPop_particles_birth_z0.00000000e+00        0.00000000e+00        
StochasticStellarPop_particles_death_x0.00000000e+00        0.00000000e+00        
StochasticStellarPop_particles_death_y0.00000000e+00        0.00000000e+00        
StochasticStellarPop_particles_death_z0.00000000e+00        0.00000000e+00        
StochasticStellarPop_particles_death_density0.00000000e+00        0.00000000e+00        
StochasticStellarPop_particles_mass_at_birth0.00000000e+00        0.00000000e+00        
StochasticStellarPop_particles_luminosity_00.00000000e+00        0.00000000e+00        
StochasticStellarPop_particles_id   0.00000000e+00        0.00000000e+00        
StochasticStellarPop_particles_cpu  0.00000000e+00        0.00000000e+00        
StochasticStellarPop_particles_evolution_stage0.00000000e+00        0.00000000e+00        

 PARTICLES AGREE to relative tolerance 0.02
