Initializing AMReX (26.05-63-gc2eb6db7ee79)...
MPI initialized with 1 MPI processes
MPI initialized with thread support level 0
Initializing CUDA...
CUDA initialized with 1 device.
AMReX (26.05-63-gc2eb6db7ee79) initialized
Writing plotfile SedovAMR-GPU_plt0000000

Coarse STEP 1 at t = 0 (0%) starts ...

Coarse STEP 2 at t = 5.229826469e-06 (0.5346606611%) starts ...

Coarse STEP 3 at t = 1.016210046e-05 (1.038901651%) starts ...

Coarse STEP 4 at t = 1.493638083e-05 (1.526990484%) starts ...

Coarse STEP 5 at t = 1.96614131e-05 (2.010044538%) starts ...

Coarse STEP 6 at t = 2.441442332e-05 (2.49595886%) starts ...

Coarse STEP 7 at t = 2.924366364e-05 (2.989666413%) starts ...

Coarse STEP 8 at t = 3.420281357e-05 (3.496655008%) starts ...

Coarse STEP 9 at t = 3.934208182e-05 (4.022057634%) starts ...

Coarse STEP 10 at t = 4.470412531e-05 (4.570235233%) starts ...

Coarse STEP 11 at t = 5.033201534e-05 (5.145591112%) starts ...

Coarse STEP 12 at t = 5.626968024e-05 (5.752616195%) starts ...

Coarse STEP 13 at t = 6.255699751e-05 (6.395387274%) starts ...

Coarse STEP 14 at t = 6.918916207e-05 (7.073413115%) starts ...

Coarse STEP 15 at t = 7.615102065e-05 (7.785144553%) starts ...

Coarse STEP 16 at t = 8.338950801e-05 (8.525156571%) starts ...

Coarse STEP 17 at t = 9.08346646e-05 (9.286296996%) starts ...

Coarse STEP 18 at t = 9.842728036e-05 (10.06251261%) starts ...

Coarse STEP 19 at t = 0.0001061389579 (10.85090026%) starts ...

Coarse STEP 20 at t = 0.0001139636293 (11.65083961%) starts ...

Coarse STEP 21 at t = 0.0001218964594 (12.46183635%) starts ...

Coarse STEP 22 at t = 0.0001299253668 (13.28265535%) starts ...

Coarse STEP 23 at t = 0.0001380568244 (14.11395836%) starts ...

Coarse STEP 24 at t = 0.0001462961346 (14.95628746%) starts ...

Coarse STEP 25 at t = 0.0001546422505 (15.80953563%) starts ...

Coarse STEP 26 at t = 0.0001631072314 (16.67493572%) starts ...

Coarse STEP 27 at t = 0.0001717015234 (17.55355566%) starts ...

Coarse STEP 28 at t = 0.0001804263406 (18.44551958%) starts ...

Coarse STEP 29 at t = 0.0001892752074 (19.35016546%) starts ...

Coarse STEP 30 at t = 0.000198240127 (20.26667577%) starts ...

Coarse STEP 31 at t = 0.0002073164119 (21.19457128%) starts ...

Coarse STEP 32 at t = 0.0002165061012 (22.13406045%) starts ...

Coarse STEP 33 at t = 0.0002258100211 (23.08522776%) starts ...

Coarse STEP 34 at t = 0.0002352300517 (24.04826541%) starts ...

Coarse STEP 35 at t = 0.0002447629618 (25.02284307%) starts ...

Coarse STEP 36 at t = 0.0002544022789 (26.00829902%) starts ...

Coarse STEP 37 at t = 0.0002641367824 (27.00348617%) starts ...

Coarse STEP 38 at t = 0.0002739544191 (28.00717227%) starts ...

Coarse STEP 39 at t = 0.0002838446299 (29.01827784%) starts ...

Coarse STEP 40 at t = 0.0002937992556 (30.03596872%) starts ...

Coarse STEP 41 at t = 0.0003038113642 (31.05953626%) starts ...

Coarse STEP 42 at t = 0.0003138761423 (32.08848836%) starts ...

Coarse STEP 43 at t = 0.0003239902583 (33.12248442%) starts ...

Coarse STEP 44 at t = 0.0003341537066 (34.16152386%) starts ...

Coarse STEP 45 at t = 0.000344367027 (35.20566188%) starts ...

Coarse STEP 46 at t = 0.0003546325667 (36.25513842%) starts ...

Coarse STEP 47 at t = 0.0003649532872 (37.31025627%) starts ...

Coarse STEP 48 at t = 0.0003753317643 (38.37127875%) starts ...

Coarse STEP 49 at t = 0.0003857704665 (39.43845822%) starts ...

Coarse STEP 50 at t = 0.000396270876 (40.5119462%) starts ...

Coarse STEP 51 at t = 0.0004068334613 (41.5917906%) starts ...

Coarse STEP 52 at t = 0.000417458729 (42.67804321%) starts ...

Coarse STEP 53 at t = 0.0004281471527 (43.77075245%) starts ...

Coarse STEP 54 at t = 0.0004388958791 (44.86962661%) starts ...

Coarse STEP 55 at t = 0.0004497028764 (45.97445798%) starts ...

Coarse STEP 56 at t = 0.000460570066 (47.08544298%) starts ...

Coarse STEP 57 at t = 0.0004714950536 (48.20233684%) starts ...

Coarse STEP 58 at t = 0.0004824753101 (49.32488101%) starts ...

Coarse STEP 59 at t = 0.0004935081951 (50.45280555%) starts ...

Coarse STEP 60 at t = 0.000504591117 (51.5858455%) starts ...

Coarse STEP 61 at t = 0.0005157215377 (52.7237414%) starts ...

Coarse STEP 62 at t = 0.0005268965793 (53.86619903%) starts ...

Coarse STEP 63 at t = 0.0005381141787 (55.01300746%) starts ...

Coarse STEP 64 at t = 0.0005493730084 (56.164031%) starts ...

Coarse STEP 65 at t = 0.000560671616 (57.31912114%) starts ...

Coarse STEP 66 at t = 0.000572008618 (58.47813646%) starts ...

Coarse STEP 67 at t = 0.0005833827071 (59.64094329%) starts ...

Coarse STEP 68 at t = 0.0005947928592 (60.80743697%) starts ...

Coarse STEP 69 at t = 0.0006062381977 (61.97752784%) starts ...

Coarse STEP 70 at t = 0.0006177180247 (63.15114459%) starts ...

Coarse STEP 71 at t = 0.0006292324068 (64.32829399%) starts ...

Coarse STEP 72 at t = 0.0006407818489 (65.50902769%) starts ...

Coarse STEP 73 at t = 0.0006523670531 (66.69341746%) starts ...

Coarse STEP 74 at t = 0.0006639884325 (67.88150552%) starts ...

Coarse STEP 75 at t = 0.0006756465166 (69.07334602%) starts ...

Coarse STEP 76 at t = 0.0006873418523 (70.26899485%) starts ...

Coarse STEP 77 at t = 0.0006990740113 (71.46840824%) starts ...

Coarse STEP 78 at t = 0.0007108427704 (72.67156336%) starts ...

Coarse STEP 79 at t = 0.0007226477673 (73.87842318%) starts ...

Coarse STEP 80 at t = 0.0007344885076 (75.08893716%) starts ...

Coarse STEP 81 at t = 0.0007463644418 (76.30304912%) starts ...

Coarse STEP 82 at t = 0.0007582752065 (77.52072189%) starts ...

Coarse STEP 83 at t = 0.0007702207139 (78.74194652%) starts ...

Coarse STEP 84 at t = 0.0007822009512 (79.96672169%) starts ...

Coarse STEP 85 at t = 0.0007942159111 (81.19504666%) starts ...

Coarse STEP 86 at t = 0.0008062653157 (82.426893%) starts ...

Coarse STEP 87 at t = 0.0008183487778 (83.66222115%) starts ...

Coarse STEP 88 at t = 0.0008304660421 (84.90100499%) starts ...

Coarse STEP 89 at t = 0.000842616941 (86.1432274%) starts ...

Coarse STEP 90 at t = 0.0008548012793 (87.38886842%) starts ...

Coarse STEP 91 at t = 0.0008670189384 (88.63791592%) starts ...

Coarse STEP 92 at t = 0.0008792702814 (89.89040703%) starts ...

Coarse STEP 93 at t = 0.0008915549144 (91.14630148%) starts ...

Coarse STEP 94 at t = 0.0009038731704 (92.4056333%) starts ...

Coarse STEP 95 at t = 0.0009162251254 (93.66841026%) starts ...

Coarse STEP 96 at t = 0.0009286109058 (94.93464531%) starts ...

Coarse STEP 97 at t = 0.00094102976 (96.20426158%) starts ...

Coarse STEP 98 at t = 0.0009534807314 (97.47716129%) starts ...

Coarse STEP 99 at t = 0.0009659633614 (98.75329756%) starts ...

Simulation ended at t = 0.0009781580821 (100%)

Initial energy = 0.01332031034
Final energy = 0.01332031034
	absolute conservation error = 1.214306433e-17
	relative conservation error = 9.116202267e-16
	kinetic energy = 0.001984754692
	relative K.E. error = -0.06972686405

Energy conservation is OK.
Kinetic energy production is incorrect by more than 1 percent!

Initial gasDensity = 1.728
	absolute conservation error = 0
	relative conservation error = 0

Initial x-GasMomentum = 0
	absolute conservation error = 0.0002423967083

Initial y-GasMomentum = 0
	absolute conservation error = 0.0002423967083

Initial z-GasMomentum = 0
	absolute conservation error = 0.0002423967083

Initial gasEnergy = 0.01332031034
	absolute conservation error = 1.214306433e-17
	relative conservation error = 9.116202267e-16

Initial gasInternalEnergy = 0
	absolute conservation error = 0.01133555565

Performance figure-of-merit: 0.02358621652 μs/zone-update [42.39764352 Mupdates/s]
Zone-updates on level 0: 207618048
Zone-updates on level 1: 25952256

Writing plotfile SedovAMR-GPU_plt0000099
elapsed time: 10.36965777 seconds.


TinyProfiler total time across processes [min...avg...max]: 10.37 ... 10.37 ... 10.37

--------------------------------------------------------------------------------------------------------
Name                                                     NCalls  Excl. Min  Excl. Avg  Excl. Max   Max %
--------------------------------------------------------------------------------------------------------
WriteBinaryParticleData()                                     2       2.22       2.22       2.22  21.40%
VisMF::Write(FabArray)                                        4      2.177      2.177      2.177  20.99%
QuokkaSimulation::computeHydroFluxes()                      396      1.893      1.893      1.893  18.26%
HyperbolicSystem::ReconstructStatesPPM(MultiFabs)          1188     0.7729     0.7729     0.7729   7.45%
QuokkaSimulation::computeFOHydroFluxes()                    198     0.4918     0.4918     0.4918   4.74%
QuokkaSimulation::advanceHydroAtLevel()                     198     0.4577     0.4577     0.4577   4.41%
FabArray::Saxpy()                                          2376     0.3371     0.3371     0.3371   3.25%
FluxRegister::Reflux()                                      594     0.3313     0.3313     0.3313   3.19%
ParticleContainer<NSR, NSI, NAR, NAI>::InitOnePerCell()       1     0.2101     0.2101     0.2101   2.03%
FabArray::setVal()                                         2874     0.2092     0.2092     0.2092   2.02%
AmrMesh::MakeNewGrids()                                      51     0.1806     0.1806     0.1806   1.74%
PhysBCFunct::()                                             603     0.1759     0.1759     0.1759   1.70%
ParticleContainer::WriteParticles()                           4     0.1678     0.1678     0.1678   1.62%
amrex::Copy()                                               626     0.1245     0.1245     0.1245   1.20%
AMRSimulation::incrementFluxRegisters()                     198       0.12       0.12       0.12   1.16%
TracerParticleContainer::AdvectWithUmac()                   198     0.1057     0.1057     0.1057   1.02%
Redistribute_partition                                      150    0.06967    0.06967    0.06967   0.67%
HydroSystem::PredictStep()                                  396    0.03956    0.03956    0.03956   0.38%
FabArray::ParallelCopy_nowait()                            1743    0.03344    0.03344    0.03344   0.32%
ParticleContainer::Redistribute_impl()                      150    0.03242    0.03242    0.03242   0.31%
QuokkaSimulation::computeMaxSignalLocal()                   198    0.02434    0.02434    0.02434   0.23%
QuokkaSimulation::advanceSingleTimestepAtLevel()            198    0.02387    0.02387    0.02387   0.23%
FillPatchInterp(MF)                                         201     0.0207     0.0207     0.0207   0.20%
UtilCreateCleanDirectory()                                    6    0.01735    0.01735    0.01735   0.17%
iMultiFab::sum()                                            396    0.01689    0.01689    0.01689   0.16%
AMRSimulation::WritePlotFile()                                2    0.01085    0.01085    0.01085   0.10%
WriteMultiLevelPlotfile()                                     2   0.009992   0.009992   0.009992   0.10%
FillPatcher::fillCFB                                        198   0.007355   0.007355   0.007355   0.07%
AMRSimulation::evolve()                                       1   0.006007   0.006007   0.006007   0.06%
AMRSimulation::computeTimestepAtLevel()                     198   0.005919   0.005919   0.005919   0.06%
AMRSimulation::setInitialConditions()                         1   0.002856   0.002856   0.002856   0.03%
AMRSimulation::fillBoundaryConditions()                     400   0.002496   0.002496   0.002496   0.02%
AMRSimulation::timeStepWithSubcycling()                     198   0.002149   0.002149   0.002149   0.02%
REG::HydroSolver                                            198   0.001549   0.001549   0.001549   0.01%
AMRSimulation::FillPatchWithData()                          201     0.0012     0.0012     0.0012   0.01%
FabArray::ParallelCopy()                                   1743  0.0009158  0.0009158  0.0009158   0.01%
FillPatcher::fill()                                         198  0.0002337  0.0002337  0.0002337   0.00%
FillPatchSingleLevel                                        204  0.0001755  0.0001755  0.0001755   0.00%
AMRSimulation::computeTimestep()                             99  9.914e-05  9.914e-05  9.914e-05   0.00%
AMRSimulation::InitParticles()                                1  1.872e-05  1.872e-05  1.872e-05   0.00%
Other                                                      8170    0.06464    0.06464    0.06464   0.62%
--------------------------------------------------------------------------------------------------------

--------------------------------------------------------------------------------------------------------
Name                                                     NCalls  Incl. Min  Incl. Avg  Incl. Max   Max %
--------------------------------------------------------------------------------------------------------
AMRSimulation::evolve()                                       1       7.84       7.84       7.84  75.61%
AMRSimulation::timeStepWithSubcycling()                     198      5.458      5.458      5.458  52.63%
QuokkaSimulation::advanceSingleTimestepAtLevel()            198       4.74       4.74       4.74  45.71%
REG::HydroSolver                                            198      4.716      4.716      4.716  45.48%
AMRSimulation::WritePlotFile()                                2      4.607      4.607      4.607  44.42%
QuokkaSimulation::advanceHydroAtLevel()                     198      4.593      4.593      4.593  44.29%
QuokkaSimulation::computeHydroFluxes()                      396      2.666      2.666      2.666  25.71%
AMRSimulation::setInitialConditions()                         1       2.52       2.52       2.52  24.30%
WriteBinaryParticleData()                                     2      2.387      2.387      2.387  23.02%
WriteMultiLevelPlotfile()                                     2      2.205      2.205      2.205  21.26%
VisMF::Write(FabArray)                                        4      2.177      2.177      2.177  20.99%
HyperbolicSystem::ReconstructStatesPPM(MultiFabs)          1188     0.7729     0.7729     0.7729   7.45%
QuokkaSimulation::computeFOHydroFluxes()                    198     0.4918     0.4918     0.4918   4.74%
FluxRegister::Reflux()                                      594     0.4167     0.4167     0.4167   4.02%
FabArray::Saxpy()                                          2376     0.3371     0.3371     0.3371   3.25%
AMRSimulation::fillBoundaryConditions()                     400     0.2273     0.2273     0.2273   2.19%
AMRSimulation::InitParticles()                                1     0.2126     0.2126     0.2126   2.05%
ParticleContainer<NSR, NSI, NAR, NAI>::InitOnePerCell()       1      0.212      0.212      0.212   2.04%
FabArray::setVal()                                         2874     0.2092     0.2092     0.2092   2.02%
AmrMesh::MakeNewGrids()                                      51     0.1904     0.1904     0.1904   1.84%
PhysBCFunct::()                                             603     0.1759     0.1759     0.1759   1.70%
ParticleContainer::WriteParticles()                           4     0.1678     0.1678     0.1678   1.62%
AMRSimulation::incrementFluxRegisters()                     198     0.1363     0.1363     0.1363   1.31%
amrex::Copy()                                               626     0.1245     0.1245     0.1245   1.20%
AMRSimulation::FillPatchWithData()                          201     0.1175     0.1175     0.1175   1.13%
ParticleContainer::Redistribute_impl()                      150     0.1143     0.1143     0.1143   1.10%
FillPatcher::fill()                                         198     0.1136     0.1136     0.1136   1.10%
TracerParticleContainer::AdvectWithUmac()                   198     0.1057     0.1057     0.1057   1.02%
FillPatcher::fillCFB                                        198    0.07663    0.07663    0.07663   0.74%
Redistribute_partition                                      150    0.06967    0.06967    0.06967   0.67%
AMRSimulation::computeTimestep()                             99    0.04547    0.04547    0.04547   0.44%
AMRSimulation::computeTimestepAtLevel()                     198    0.04538    0.04538    0.04538   0.44%
HydroSystem::PredictStep()                                  396    0.03956    0.03956    0.03956   0.38%
FillPatchSingleLevel                                        204    0.03791    0.03791    0.03791   0.37%
FabArray::ParallelCopy()                                   1743     0.0362     0.0362     0.0362   0.35%
FabArray::ParallelCopy_nowait()                            1743     0.0349     0.0349     0.0349   0.34%
QuokkaSimulation::computeMaxSignalLocal()                   198    0.02434    0.02434    0.02434   0.23%
FillPatchInterp(MF)                                         201     0.0207     0.0207     0.0207   0.20%
UtilCreateCleanDirectory()                                    6    0.01735    0.01735    0.01735   0.17%
iMultiFab::sum()                                            396    0.01689    0.01689    0.01689   0.16%
Other                                                      8170    0.09452    0.09452    0.09452   0.91%
--------------------------------------------------------------------------------------------------------



BEGIN REGION HydroSolver

--------------------------------------------------------------------------------------------------
Name                                               NCalls  Excl. Min  Excl. Avg  Excl. Max   Max %
--------------------------------------------------------------------------------------------------
QuokkaSimulation::computeHydroFluxes()                396      1.893      1.893      1.893  18.26%
HyperbolicSystem::ReconstructStatesPPM(MultiFabs)    1188     0.7729     0.7729     0.7729   7.45%
QuokkaSimulation::computeFOHydroFluxes()              198     0.4918     0.4918     0.4918   4.74%
QuokkaSimulation::advanceHydroAtLevel()               198     0.4577     0.4577     0.4577   4.41%
FabArray::Saxpy()                                    2376     0.3371     0.3371     0.3371   3.25%
PhysBCFunct::()                                       594      0.173      0.173      0.173   1.67%
FabArray::setVal()                                   2079      0.128      0.128      0.128   1.23%
amrex::Copy()                                         594      0.122      0.122      0.122   1.18%
AMRSimulation::incrementFluxRegisters()               198       0.12       0.12       0.12   1.16%
TracerParticleContainer::AdvectWithUmac()             198     0.1057     0.1057     0.1057   1.02%
HydroSystem::PredictStep()                            396    0.03956    0.03956    0.03956   0.38%
FillPatcher::fillCFB                                  198   0.007355   0.007355   0.007355   0.07%
REG::HydroSolver                                      198   0.001549   0.001549   0.001549   0.01%
AMRSimulation::FillPatchWithData()                    198   0.001196   0.001196   0.001196   0.01%
AMRSimulation::fillBoundaryConditions()               396  0.0005782  0.0005782  0.0005782   0.01%
FillPatcher::fill()                                   198  0.0002337  0.0002337  0.0002337   0.00%
FillPatchSingleLevel                                  198  0.0001694  0.0001694  0.0001694   0.00%
Other                                                6534    0.06378    0.06378    0.06378   0.62%
--------------------------------------------------------------------------------------------------

--------------------------------------------------------------------------------------------------
Name                                               NCalls  Incl. Min  Incl. Avg  Incl. Max   Max %
--------------------------------------------------------------------------------------------------
REG::HydroSolver                                      198      4.716      4.716      4.716  45.48%
QuokkaSimulation::advanceHydroAtLevel()               198      4.593      4.593      4.593  44.29%
QuokkaSimulation::computeHydroFluxes()                396      2.666      2.666      2.666  25.71%
HyperbolicSystem::ReconstructStatesPPM(MultiFabs)    1188     0.7729     0.7729     0.7729   7.45%
QuokkaSimulation::computeFOHydroFluxes()              198     0.4918     0.4918     0.4918   4.74%
FabArray::Saxpy()                                    2376     0.3371     0.3371     0.3371   3.25%
AMRSimulation::fillBoundaryConditions()               396     0.2215     0.2215     0.2215   2.14%
PhysBCFunct::()                                       594      0.173      0.173      0.173   1.67%
AMRSimulation::incrementFluxRegisters()               198     0.1363     0.1363     0.1363   1.31%
FabArray::setVal()                                   2079      0.128      0.128      0.128   1.23%
amrex::Copy()                                         594      0.122      0.122      0.122   1.18%
AMRSimulation::FillPatchWithData()                    198     0.1148     0.1148     0.1148   1.11%
FillPatcher::fill()                                   198     0.1136     0.1136     0.1136   1.10%
TracerParticleContainer::AdvectWithUmac()             198     0.1057     0.1057     0.1057   1.02%
FillPatcher::fillCFB                                  198    0.07663    0.07663    0.07663   0.74%
HydroSystem::PredictStep()                            396    0.03956    0.03956    0.03956   0.38%
FillPatchSingleLevel                                  198    0.03674    0.03674    0.03674   0.35%
Other                                                6534     0.0899     0.0899     0.0899   0.87%
--------------------------------------------------------------------------------------------------

END REGION HydroSolver
Unused ParmParse Variables:
  [TOP]::amr.checkpoint_files_output(nvals = 1)  :: [0]

Device Memory Usage:
-----------------------------------------------------------------------------------
Name                                                     Nalloc    AvgMem    MaxMem
-----------------------------------------------------------------------------------
The_Arena::Initialize()                                       1  3825   B    23 GiB
QuokkaSimulation::computeHydroFluxes()                    15444   353 MiB  1484 MiB
QuokkaSimulation::computeFOHydroFluxes()                   7722   176 MiB  1426 MiB
QuokkaSimulation::advanceHydroAtLevel()                    4554   179 MiB   573 MiB
AMRSimulation::MakeNewLevelFromScratch()                     12   315 MiB   315 MiB
AMRSimulation::WritePlotFile()                                8    64 MiB   291 MiB
REG::HydroSolver                                            396    97 MiB   251 MiB
FluxRegister::Reflux()                                      594  4627 KiB   193 MiB
AMRSimulation::incrementFluxRegisters()                    1782  1939 KiB   129 MiB
ParticleContainer::WriteParticles()                          24   345 KiB   118 MiB
ParticleContainer<NSR, NSI, NAR, NAI>::InitOnePerCell()       1   109 MiB   112 MiB
WriteMultiLevelPlotfile()                                     4    17 MiB    96 MiB
ResizeRandomSeed                                              1    29 MiB    30 MiB
AMRSimulation::timeStepWithSubcycling()                      99   670 KiB    16 MiB
AMRSimulation::evolve()                                       1   637   B    16 MiB
WriteBinaryParticleData()                                    10  1882 KiB  8371 KiB
FillPatcher::fillCFB                                       1584   706 KiB  6453 KiB
FillPatchTwoLevels                                           18   417   B  4677 KiB
FillPatchInterp(MF)                                        1314  8153   B  2662 KiB
AmrMesh::MakeNewGrids()                                     102    41 KiB  2350 KiB
Redistribute_partition                                      606    13 KiB  2321 KiB
ParticleContainer::ReserveForRedistribute()                   1  1775 KiB  1821 KiB
amrex::packBuffer                                             1    50   B  1796 KiB
amrex::average_down                                         100   954   B  1536 KiB
ParticleContainer::Redistribute_impl()                        5  1035   B   721 KiB
VisMF::Write(FabArray)                                       24    50   B   320 KiB
FabArray::norminf()                                         200   515   B   160 KiB
FabArray::sum()                                              15    15   B   160 KiB
iMultiFab::sum()                                            396   252   B   160 KiB
MultiFab::max()                                             198   101   B   160 KiB
ParticleCopyPlan::buildCopiesAtomicScatter                    1     5   B   130 KiB
MultiFab::contains_nan()                                      4   510   B    20 KiB
DenseBins<T>::buildGPU                                       12  2495   B  3328   B
TagBoxArray::mapPRD                                         102     0   B  2048   B
HyperbolicSystem::ReconstructStatesPPM(MultiFabs)          2376   257   B  1536   B
PhysBCFunct::()                                            2613    16   B  1536   B
ParticleCopyPlan::build                                     900     1   B  1280   B
OwnerMask()                                                  51     0   B  1024   B
ParticleBufferMap::define                                     4   998   B  1024   B
FabArray::ParallelCopy_nowait()                             402     1   B  1024   B
HydroSystem::PredictStep()                                  200   444   B   768   B
TagBoxArray::collate()                                      153     0   B   768   B
AMRSimulation::computeTimestepAtLevel()                     198     0   B   256   B
-----------------------------------------------------------------------------------

Async Memory Usage:
-------------------------------------------------------------------
Name                                     Nalloc    AvgMem    MaxMem
-------------------------------------------------------------------
AMRSimulation::incrementFluxRegisters()     594  1321 KiB   112 MiB
FluxRegister::Reflux()                      594  3966 KiB    96 MiB
AMRSimulation::timeStepWithSubcycling()      99   662 KiB    16 MiB
FillPatchInterp(MF)                         804  5139   B  2660 KiB
-------------------------------------------------------------------

Managed Memory Usage:
---------------------------------------------------------
Name                             Nalloc  AvgMem    MaxMem
---------------------------------------------------------
The_Managed_Arena::Initialize()       1   0   B  8192 KiB
---------------------------------------------------------

Pinned Memory Usage:
-----------------------------------------------------------------------------------
Name                                                     Nalloc    AvgMem    MaxMem
-----------------------------------------------------------------------------------
ParticleContainer<NSR, NSI, NAR, NAI>::InitOnePerCell()      34  1752 KiB   243 MiB
VisMF::Write(FabArray)                                       28   827 KiB    96 MiB
The_Pinned_Arena::Initialize()                                1     0   B  8192 KiB
QuokkaSimulation::computeFOHydroFluxes()                   3762   702   B  4864   B
QuokkaSimulation::computeHydroFluxes()                     6336   741   B  4096   B
QuokkaSimulation::advanceHydroAtLevel()                    2376   213   B  2304   B
FillPatchInterp(MF)                                         510   116   B  2048   B
FillPatcher::fillCFB                                        396   185   B  1792   B
PhysBCFunct::()                                            2613    16   B  1536   B
HyperbolicSystem::ReconstructStatesPPM(MultiFabs)          2376   257   B  1536   B
ParticleContainer::Redistribute_impl()                      155   500   B  1280   B
FabArray::ParallelCopy_nowait()                             402     1   B  1024   B
MultiFab::contains_nan()                                      4   510   B   768   B
TagBoxArray::collate()                                      204     0   B   768   B
HydroSystem::PredictStep()                                  200   444   B   768   B
FabArray::norminf()                                         200   386   B   768   B
FabArray::sum()                                              15     0   B   512   B
AMRSimulation::incrementFluxRegisters()                     594     0   B   512   B
WriteBinaryParticleData()                                     6     0   B   256   B
iMultiFab::sum()                                            396     0   B   256   B
AMRSimulation::computeTimestepAtLevel()                     198     0   B   256   B
Redistribute_partition                                      299     1   B   256   B
ParticleCopyPlan::build                                     150     0   B   256   B
ParticleContainer::WriteParticles()                           4     0   B   256   B
MultiFab::max()                                             198     0   B   256   B
AMRSimulation::readParameters()                               2     0   B   256   B
-----------------------------------------------------------------------------------

Comms Memory Usage:
-------------------------------------------------------
Name                           Nalloc  AvgMem    MaxMem
-------------------------------------------------------
The_Comms_Arena::Initialize()       1   0   B  8192 KiB
-------------------------------------------------------

Total GPU global memory (MB) spread across MPI: [32494 ... 32494]
Free  GPU global memory (MB) spread across MPI: [7636 ... 7636]
[The         Arena] max space (MB) allocated spread across MPI: [24370 ... 24370]
[The         Arena] max space (MB) used      spread across MPI: [3035 ... 3035]
[The Managed Arena] max space (MB) allocated spread across MPI: [8 ... 8]
[The Managed Arena] max space (MB) used      spread across MPI: [0 ... 0]
[The  Pinned Arena] max space (MB) allocated spread across MPI: [312 ... 312]
[The  Pinned Arena] max space (MB) used      spread across MPI: [243 ... 243]
[The   Comms Arena] max space (MB) allocated spread across MPI: [8 ... 8]
[The   Comms Arena] max space (MB) used      spread across MPI: [0 ... 0]
AMReX (26.05-63-gc2eb6db7ee79) finalized
