amrex::Abort::0::Arena out of memory!!!
Bytes to allocate: 25554419712 (24370 MiB)
Memory type: GPU device memory
MPI rank: 0
Error: cudaMalloc returned 2: out of memory


TinyProfiler call stack:

===== TinyProfilers ======


TinyProfiler memory usage so far:


AMReX Arena usage so far:

Total GPU global memory (MB): 32494
Free  GPU global memory (MB): 6116
[The         Arena] space allocated (MB): 0
[The         Arena] space used      (MB): 0
[The         Arena]: 0 allocs, 0 busy blocks, 0 free blocks


Out of memory, see message above !!!
SIGABRT
See Backtrace.0 file for details
--------------------------------------------------------------------------
MPI_ABORT was invoked on rank 0 in communicator MPI_COMM_WORLD
with errorcode 6.

NOTE: invoking MPI_ABORT causes Open MPI to kill all MPI processes.
You may or may not see output from other processes, depending on
exactly when Open MPI kills them.
--------------------------------------------------------------------------
