[  0%] Building CXX object fmt/CMakeFiles/fmt.dir/src/os.cc.o
[  0%] Building CXX object fmt/CMakeFiles/fmt.dir/src/format.cc.o
[  0%] Building CXX object yaml-cpp/CMakeFiles/yaml-cpp.dir/src/contrib/graphbuilder.cpp.o
[  0%] Building CXX object yaml-cpp/CMakeFiles/yaml-cpp.dir/src/contrib/graphbuilderadapter.cpp.o
[  0%] Building CXX object yaml-cpp/CMakeFiles/yaml-cpp.dir/src/binary.cpp.o
[  0%] Building CXX object yaml-cpp/CMakeFiles/yaml-cpp.dir/src/convert.cpp.o
[  0%] Building CXX object yaml-cpp/CMakeFiles/yaml-cpp.dir/src/depthguard.cpp.o
[  0%] Building CXX object yaml-cpp/CMakeFiles/yaml-cpp.dir/src/directives.cpp.o
[  0%] Building CXX object yaml-cpp/CMakeFiles/yaml-cpp.dir/src/emitfromevents.cpp.o
[  7%] Building CXX object yaml-cpp/CMakeFiles/yaml-cpp.dir/src/emitterutils.cpp.o
[  7%] Building CXX object yaml-cpp/CMakeFiles/yaml-cpp.dir/src/emitter.cpp.o
[  7%] Building CXX object yaml-cpp/CMakeFiles/yaml-cpp.dir/src/exceptions.cpp.o
[  7%] Building CXX object yaml-cpp/CMakeFiles/yaml-cpp.dir/src/emitterstate.cpp.o
[  7%] Building CXX object yaml-cpp/CMakeFiles/yaml-cpp.dir/src/exp.cpp.o
[  7%] Building CXX object yaml-cpp/CMakeFiles/yaml-cpp.dir/src/emit.cpp.o
[  7%] Building CUDA object amrex/Src/CMakeFiles/amrex_3d.dir/Base/AMReX_BlockMutex.cpp.o
[  7%] Building CXX object yaml-cpp/CMakeFiles/yaml-cpp.dir/src/memory.cpp.o
[  7%] Building CXX object yaml-cpp/CMakeFiles/yaml-cpp.dir/src/node.cpp.o
[  7%] Building CXX object yaml-cpp/CMakeFiles/yaml-cpp.dir/src/node_data.cpp.o
[ 14%] Building CXX object yaml-cpp/CMakeFiles/yaml-cpp.dir/src/nodebuilder.cpp.o
[ 14%] Building CXX object yaml-cpp/CMakeFiles/yaml-cpp.dir/src/nodeevents.cpp.o
[ 14%] Building CUDA object amrex/Src/CMakeFiles/amrex_3d.dir/Base/AMReX.cpp.o
[ 14%] Building CUDA object amrex/Src/CMakeFiles/amrex_3d.dir/Base/AMReX_error_fi.cpp.o
[ 14%] Building CXX object yaml-cpp/CMakeFiles/yaml-cpp.dir/src/null.cpp.o
[ 14%] Building CUDA object amrex/Src/CMakeFiles/amrex_3d.dir/Base/AMReX_Version.cpp.o
[ 14%] Building CXX object yaml-cpp/CMakeFiles/yaml-cpp.dir/src/ostream_wrapper.cpp.o
[ 14%] Building CUDA object amrex/Src/CMakeFiles/amrex_3d.dir/Base/AMReX_PODVector.cpp.o
[ 14%] Building CUDA object amrex/Src/CMakeFiles/amrex_3d.dir/Base/AMReX_ParmParse.cpp.o
[ 14%] Building CXX object yaml-cpp/CMakeFiles/yaml-cpp.dir/src/parse.cpp.o
[ 14%] Building CXX object yaml-cpp/CMakeFiles/yaml-cpp.dir/src/parser.cpp.o
[ 14%] Building CXX object yaml-cpp/CMakeFiles/yaml-cpp.dir/src/regex_yaml.cpp.o
[ 14%] Building CUDA object amrex/Src/CMakeFiles/amrex_3d.dir/Base/AMReX_parmparse_fi.cpp.o
[ 14%] Building CXX object yaml-cpp/CMakeFiles/yaml-cpp.dir/src/scanner.cpp.o
[ 14%] Building CUDA object amrex/Src/CMakeFiles/amrex_3d.dir/Base/AMReX_Utility.cpp.o
[ 14%] Building CUDA object amrex/Src/CMakeFiles/amrex_3d.dir/Base/AMReX_FileSystem.cpp.o
[ 14%] Building CUDA object amrex/Src/CMakeFiles/amrex_3d.dir/Base/AMReX_Random.cpp.o
[ 14%] Building CXX object yaml-cpp/CMakeFiles/yaml-cpp.dir/src/scanscalar.cpp.o
[ 21%] Building CUDA object amrex/Src/CMakeFiles/amrex_3d.dir/Base/AMReX_ParallelDescriptor.cpp.o
[ 21%] Building CUDA object amrex/Src/CMakeFiles/amrex_3d.dir/Base/AMReX_DistributionMapping.cpp.o
[ 21%] Building CUDA object amrex/Src/CMakeFiles/amrex_3d.dir/Base/AMReX_OpenMP.cpp.o
[ 21%] Building CXX object yaml-cpp/CMakeFiles/yaml-cpp.dir/src/scantag.cpp.o
[ 21%] Building CUDA object amrex/Src/CMakeFiles/amrex_3d.dir/Base/AMReX_ForkJoin.cpp.o
[ 21%] Building CXX object yaml-cpp/CMakeFiles/yaml-cpp.dir/src/scantoken.cpp.o
[ 21%] Building CUDA object amrex/Src/CMakeFiles/amrex_3d.dir/Base/AMReX_ParallelContext.cpp.o
[ 21%] Building CUDA object amrex/Src/CMakeFiles/amrex_3d.dir/Base/AMReX_VisMF.cpp.o
[ 21%] Linking CXX static library libfmt.a
[ 21%] Built target fmt
[ 28%] Building CXX object yaml-cpp/CMakeFiles/yaml-cpp.dir/src/simplekey.cpp.o
[ 28%] Building CUDA object amrex/Src/CMakeFiles/amrex_3d.dir/Base/AMReX_AsyncOut.cpp.o
[ 28%] Building CUDA object amrex/Src/CMakeFiles/amrex_3d.dir/Base/AMReX_BackgroundThread.cpp.o
[ 28%] Building CXX object yaml-cpp/CMakeFiles/yaml-cpp.dir/src/singledocparser.cpp.o
[ 28%] Building CXX object yaml-cpp/CMakeFiles/yaml-cpp.dir/src/stream.cpp.o
[ 28%] Building CXX object yaml-cpp/CMakeFiles/yaml-cpp.dir/src/tag.cpp.o
[ 28%] Building CUDA object amrex/Src/CMakeFiles/amrex_3d.dir/Base/AMReX_Arena.cpp.o
[ 28%] Linking CXX static library libyaml-cpp.a
[ 28%] Building CUDA object amrex/Src/CMakeFiles/amrex_3d.dir/Base/AMReX_BArena.cpp.o
[ 28%] Built target yaml-cpp
[ 28%] Building CUDA object amrex/Src/CMakeFiles/amrex_3d.dir/Base/AMReX_CArena.cpp.o
[ 35%] Building CUDA object amrex/Src/CMakeFiles/amrex_3d.dir/Base/AMReX_PArena.cpp.o
[ 35%] Building CUDA object amrex/Src/CMakeFiles/amrex_3d.dir/Base/AMReX_BLBackTrace.cpp.o
[ 35%] Building CUDA object amrex/Src/CMakeFiles/amrex_3d.dir/Base/AMReX_NFiles.cpp.o
[ 35%] Building CUDA object amrex/Src/CMakeFiles/amrex_3d.dir/Base/AMReX_parstream.cpp.o
[ 35%] Building CUDA object amrex/Src/CMakeFiles/amrex_3d.dir/Base/AMReX_FabConv.cpp.o
[ 35%] Building CUDA object amrex/Src/CMakeFiles/amrex_3d.dir/Base/AMReX_FPC.cpp.o
[ 35%] Building CUDA object amrex/Src/CMakeFiles/amrex_3d.dir/Base/AMReX_VectorIO.cpp.o
[ 35%] Building CUDA object amrex/Src/CMakeFiles/amrex_3d.dir/Base/AMReX_IntConv.cpp.o
[ 35%] Building CUDA object amrex/Src/CMakeFiles/amrex_3d.dir/Base/AMReX_Box.cpp.o
[ 35%] Building CUDA object amrex/Src/CMakeFiles/amrex_3d.dir/Base/AMReX_BoxIterator.cpp.o
[ 42%] Building CUDA object amrex/Src/CMakeFiles/amrex_3d.dir/Base/AMReX_IntVect.cpp.o
[ 42%] Building CUDA object amrex/Src/CMakeFiles/amrex_3d.dir/Base/AMReX_IndexType.cpp.o
[ 42%] Building CUDA object amrex/Src/CMakeFiles/amrex_3d.dir/Base/AMReX_Orientation.cpp.o
[ 42%] Building CUDA object amrex/Src/CMakeFiles/amrex_3d.dir/Base/AMReX_Periodicity.cpp.o
[ 42%] Building CUDA object amrex/Src/CMakeFiles/amrex_3d.dir/Base/AMReX_RealBox.cpp.o
[ 42%] Building CUDA object amrex/Src/CMakeFiles/amrex_3d.dir/Base/AMReX_RealVect.cpp.o
[ 42%] Building CUDA object amrex/Src/CMakeFiles/amrex_3d.dir/Base/AMReX_BoxList.cpp.o
[ 42%] Building CUDA object amrex/Src/CMakeFiles/amrex_3d.dir/Base/AMReX_BoxArray.cpp.o
[ 42%] Building CUDA object amrex/Src/CMakeFiles/amrex_3d.dir/Base/AMReX_BoxDomain.cpp.o
[ 42%] Building CUDA object amrex/Src/CMakeFiles/amrex_3d.dir/Base/AMReX_FArrayBox.cpp.o
[ 42%] Building CUDA object amrex/Src/CMakeFiles/amrex_3d.dir/Base/AMReX_IArrayBox.cpp.o
[ 50%] Building CUDA object amrex/Src/CMakeFiles/amrex_3d.dir/Base/AMReX_BaseFab.cpp.o
[ 50%] Building CUDA object amrex/Src/CMakeFiles/amrex_3d.dir/Base/AMReX_MultiFab.cpp.o
[ 50%] Building CUDA object amrex/Src/CMakeFiles/amrex_3d.dir/Base/AMReX_MFCopyDescriptor.cpp.o
[ 50%] Building CUDA object amrex/Src/CMakeFiles/amrex_3d.dir/Base/AMReX_iMultiFab.cpp.o
[ 50%] Building CUDA object amrex/Src/CMakeFiles/amrex_3d.dir/Base/AMReX_FabArrayBase.cpp.o
[ 50%] Building CUDA object amrex/Src/CMakeFiles/amrex_3d.dir/Base/AMReX_MFIter.cpp.o
[ 50%] Building CUDA object amrex/Src/CMakeFiles/amrex_3d.dir/Base/AMReX_CoordSys.cpp.o
[ 50%] Building CUDA object amrex/Src/CMakeFiles/amrex_3d.dir/Base/AMReX_Geometry.cpp.o
[ 50%] Building CUDA object amrex/Src/CMakeFiles/amrex_3d.dir/Base/AMReX_MultiFabUtil.cpp.o
[ 50%] Building CUDA object amrex/Src/CMakeFiles/amrex_3d.dir/Base/AMReX_BCRec.cpp.o
[ 57%] Building CUDA object amrex/Src/CMakeFiles/amrex_3d.dir/Base/AMReX_PhysBCFunct.cpp.o
[ 57%] Building CUDA object amrex/Src/CMakeFiles/amrex_3d.dir/Base/AMReX_BCUtil.cpp.o
[ 57%] Building CUDA object amrex/Src/CMakeFiles/amrex_3d.dir/Base/AMReX_FilCC_C.cpp.o
[ 57%] Building CUDA object amrex/Src/CMakeFiles/amrex_3d.dir/Base/AMReX_FilFC_C.cpp.o
[ 57%] Building CUDA object amrex/Src/CMakeFiles/amrex_3d.dir/Base/AMReX_FilND_C.cpp.o
[ 57%] Building CUDA object amrex/Src/CMakeFiles/amrex_3d.dir/Base/AMReX_NonLocalBC.cpp.o
[ 57%] Building CUDA object amrex/Src/CMakeFiles/amrex_3d.dir/Base/AMReX_PlotFileUtil.cpp.o
[ 57%] Building CUDA object amrex/Src/CMakeFiles/amrex_3d.dir/Base/AMReX_PlotFileDataImpl.cpp.o
[ 57%] Building CUDA object amrex/Src/CMakeFiles/amrex_3d.dir/Base/AMReX_GpuControl.cpp.o
[ 57%] Building CUDA object amrex/Src/CMakeFiles/amrex_3d.dir/Base/AMReX_GpuDevice.cpp.o
[ 57%] Building CUDA object amrex/Src/CMakeFiles/amrex_3d.dir/Base/AMReX_GpuUtility.cpp.o
[ 64%] Building CUDA object amrex/Src/CMakeFiles/amrex_3d.dir/Base/AMReX_GpuAsyncArray.cpp.o
[ 64%] Building CUDA object amrex/Src/CMakeFiles/amrex_3d.dir/Base/AMReX_GpuElixir.cpp.o
[ 64%] Building CUDA object amrex/Src/CMakeFiles/amrex_3d.dir/Base/AMReX_Machine.cpp.o
[ 64%] Building CUDA object amrex/Src/CMakeFiles/amrex_3d.dir/Base/AMReX_MemPool.cpp.o
[ 64%] Building CUDA object amrex/Src/CMakeFiles/amrex_3d.dir/Base/Parser/AMReX_Parser.cpp.o
[ 64%] Building CUDA object amrex/Src/CMakeFiles/amrex_3d.dir/Base/Parser/AMReX_Parser_Exe.cpp.o
[ 64%] Building CUDA object amrex/Src/CMakeFiles/amrex_3d.dir/Base/Parser/AMReX_Parser_Y.cpp.o
[ 64%] Building CUDA object amrex/Src/CMakeFiles/amrex_3d.dir/Base/Parser/amrex_parser.lex.cpp.o
[ 64%] Building CUDA object amrex/Src/CMakeFiles/amrex_3d.dir/Base/Parser/amrex_parser.tab.cpp.o
[ 64%] Building CUDA object amrex/Src/CMakeFiles/amrex_3d.dir/Base/Parser/AMReX_IParser.cpp.o
[ 71%] Building CUDA object amrex/Src/CMakeFiles/amrex_3d.dir/Base/Parser/AMReX_IParser_Exe.cpp.o
[ 71%] Building CUDA object amrex/Src/CMakeFiles/amrex_3d.dir/Base/Parser/AMReX_IParser_Y.cpp.o
[ 71%] Building CUDA object amrex/Src/CMakeFiles/amrex_3d.dir/Base/Parser/amrex_iparser.lex.cpp.o
[ 71%] Building CUDA object amrex/Src/CMakeFiles/amrex_3d.dir/Base/Parser/amrex_iparser.tab.cpp.o
[ 71%] Building CUDA object amrex/Src/CMakeFiles/amrex_3d.dir/Base/AMReX_BLProfiler.cpp.o
[ 71%] Building CUDA object amrex/Src/CMakeFiles/amrex_3d.dir/Base/AMReX_TinyProfiler.cpp.o
[ 71%] Building CUDA object amrex/Src/CMakeFiles/amrex_3d.dir/Base/AMReX_MPMD.cpp.o
[ 71%] Building CUDA object amrex/Src/CMakeFiles/amrex_3d.dir/Boundary/AMReX_Mask.cpp.o
[ 71%] Building CUDA object amrex/Src/CMakeFiles/amrex_3d.dir/Boundary/AMReX_MultiMask.cpp.o
[ 71%] Building CUDA object amrex/Src/CMakeFiles/amrex_3d.dir/Boundary/AMReX_LO_BCTYPES.cpp.o
[ 71%] Building CUDA object amrex/Src/CMakeFiles/amrex_3d.dir/Boundary/AMReX_EdgeFluxRegister.cpp.o
[ 78%] Building CUDA object amrex/Src/CMakeFiles/amrex_3d.dir/AmrCore/AMReX_AmrCore.cpp.o
[ 78%] Building CUDA object amrex/Src/CMakeFiles/amrex_3d.dir/AmrCore/AMReX_Cluster.cpp.o
[ 78%] Building CUDA object amrex/Src/CMakeFiles/amrex_3d.dir/AmrCore/AMReX_ErrorList.cpp.o
[ 78%] Building CUDA object amrex/Src/CMakeFiles/amrex_3d.dir/AmrCore/AMReX_FillPatchUtil.cpp.o
[ 78%] Building CUDA object amrex/Src/CMakeFiles/amrex_3d.dir/AmrCore/AMReX_FluxRegister.cpp.o
[ 78%] Building CUDA object amrex/Src/CMakeFiles/amrex_3d.dir/AmrCore/AMReX_InterpBase.cpp.o
[ 78%] Building CUDA object amrex/Src/CMakeFiles/amrex_3d.dir/AmrCore/AMReX_MFInterpolater.cpp.o
[ 78%] Building CUDA object amrex/Src/CMakeFiles/amrex_3d.dir/AmrCore/AMReX_Interpolater.cpp.o
[ 78%] Building CUDA object amrex/Src/CMakeFiles/amrex_3d.dir/AmrCore/AMReX_TagBox.cpp.o
[ 78%] Building CUDA object amrex/Src/CMakeFiles/amrex_3d.dir/AmrCore/AMReX_AmrMesh.cpp.o
[ 85%] Building CUDA object amrex/Src/CMakeFiles/amrex_3d.dir/AmrCore/AMReX_InterpFaceRegister.cpp.o
[ 85%] Building CUDA object amrex/Src/CMakeFiles/amrex_3d.dir/LinearSolvers/MLMG/AMReX_MLMG.cpp.o
[ 85%] Building CUDA object amrex/Src/CMakeFiles/amrex_3d.dir/LinearSolvers/MLMG/AMReX_MLNodeLinOp.cpp.o
[ 85%] Building CUDA object amrex/Src/CMakeFiles/amrex_3d.dir/LinearSolvers/MLMG/AMReX_MLNodeLaplacian.cpp.o
[ 85%] Building CUDA object amrex/Src/CMakeFiles/amrex_3d.dir/LinearSolvers/MLMG/AMReX_MLNodeLaplacian_sync.cpp.o
[ 85%] Building CUDA object amrex/Src/CMakeFiles/amrex_3d.dir/LinearSolvers/MLMG/AMReX_MLNodeLaplacian_sten.cpp.o
[ 85%] Building CUDA object amrex/Src/CMakeFiles/amrex_3d.dir/LinearSolvers/MLMG/AMReX_MLNodeLaplacian_misc.cpp.o
[ 85%] Building CUDA object amrex/Src/CMakeFiles/amrex_3d.dir/LinearSolvers/MLMG/AMReX_MLNodeTensorLaplacian.cpp.o
[ 85%] Building CUDA object amrex/Src/CMakeFiles/amrex_3d.dir/LinearSolvers/MLMG/AMReX_MLTensorOp.cpp.o
[ 85%] Building CUDA object amrex/Src/CMakeFiles/amrex_3d.dir/LinearSolvers/MLMG/AMReX_MLTensorOp_grad.cpp.o
[ 85%] Building CUDA object amrex/Src/CMakeFiles/amrex_3d.dir/LinearSolvers/MLMG/AMReX_MLEBNodeFDLaplacian.cpp.o
[ 92%] Building CUDA object amrex/Src/CMakeFiles/amrex_3d.dir/LinearSolvers/MLMG/AMReX_MLNodeABecLaplacian.cpp.o
[ 92%] Building CUDA object amrex/Src/CMakeFiles/amrex_3d.dir/LinearSolvers/MLMG/AMReX_MLCurlCurl.cpp.o
[ 92%] Building CUDA object amrex/Src/CMakeFiles/amrex_3d.dir/LinearSolvers/OpenBC/AMReX_OpenBC.cpp.o
[ 92%] Building CUDA object amrex/Src/CMakeFiles/amrex_3d.dir/Particle/AMReX_TracerParticles.cpp.o
[ 92%] Building CUDA object amrex/Src/CMakeFiles/amrex_3d.dir/Particle/AMReX_ParticleMPIUtil.cpp.o
[ 92%] Building CUDA object amrex/Src/CMakeFiles/amrex_3d.dir/Particle/AMReX_ParticleUtil.cpp.o
[ 92%] Building CUDA object amrex/Src/CMakeFiles/amrex_3d.dir/Particle/AMReX_ParticleBufferMap.cpp.o
[ 92%] Building CUDA object amrex/Src/CMakeFiles/amrex_3d.dir/Particle/AMReX_ParticleCommunication.cpp.o
[ 92%] Building CUDA object amrex/Src/CMakeFiles/amrex_3d.dir/Particle/AMReX_ParticleContainerBase.cpp.o
[ 92%] Linking CUDA static library libamrex_3d.a
[ 92%] Built target amrex_3d
[ 92%] Building CUDA object src/problems/RandomBlast/CMakeFiles/random_blast.dir/blast.cpp.o
[ 92%] Building CUDA object src/problems/RandomBlast/CMakeFiles/random_blast.dir/__/__/main.cpp.o
[ 92%] Building CUDA object src/problems/RandomBlast/CMakeFiles/random_blast.dir/__/__/io/DiagBase.cpp.o
[ 92%] Building CUDA object src/problems/RandomBlast/CMakeFiles/random_blast.dir/__/__/io/DiagFilter.cpp.o
[ 92%] Building CUDA object src/problems/RandomBlast/CMakeFiles/random_blast.dir/__/__/io/DiagFramePlane.cpp.o
[ 92%] Building CUDA object src/problems/RandomBlast/CMakeFiles/random_blast.dir/__/__/io/DiagPDF.cpp.o
[ 92%] Building CUDA object src/problems/RandomBlast/CMakeFiles/random_blast.dir/__/__/cooling/GrackleLikeCooling.cpp.o
[100%] Building CUDA object src/problems/RandomBlast/CMakeFiles/random_blast.dir/__/__/cooling/TabulatedCooling.cpp.o
[100%] Building CUDA object src/problems/RandomBlast/CMakeFiles/random_blast.dir/__/__/__/extern/Microphysics/interfaces/network_initialization.cpp.o
[100%] Building CUDA object src/problems/RandomBlast/CMakeFiles/random_blast.dir/__/__/extern_parameters.cpp.o
[100%] Building CUDA object src/problems/RandomBlast/CMakeFiles/random_blast.dir/__/__/__/extern/Microphysics/interfaces/eos_data.cpp.o
[100%] Building CUDA object src/problems/RandomBlast/CMakeFiles/random_blast.dir/__/__/cooling/CloudyDataReader.cpp.o
[100%] Building CUDA object src/problems/RandomBlast/CMakeFiles/random_blast.dir/__/__/cooling/GrackleDataReader.cpp.o
[100%] Linking CUDA device code CMakeFiles/random_blast.dir/cmake_device_link.o
[100%] Linking CXX executable random_blast
[100%] Built target random_blast
/home/bwibking/regression-tests/quokka/extern/fmt/include/fmt/base.h(471): warning #128-D: loop is not reachable
    for (; n != 0; ++s1, ++s2, --n) {
    ^
          detected during:
            instantiation of "auto fmt::v11::detail::compare(const Char *, const Char *, std::size_t)->int [with Char=char]" at line 583
            instantiation of "auto fmt::v11::basic_string_view<Char>::compare(fmt::v11::basic_string_view<Char>) const->int [with Char=char]" at line 591
            instantiation of class "fmt::v11::basic_string_view<Char> [with Char=char]" at line 1914
            instantiation of "auto fmt::v11::basic_format_args<Context>::get_id(fmt::v11::basic_string_view<Char>) const->int [with Context=fmt::v11::context, Char=char]" at line 1954

Remark: The warnings can be suppressed with "-diag-suppress <warning-number>"

/home/bwibking/regression-tests/quokka/extern/fmt/include/fmt/base.h(471): warning #128-D: loop is not reachable
    for (; n != 0; ++s1, ++s2, --n) {
    ^
          detected during:
            instantiation of "auto fmt::v11::detail::compare(const Char *, const Char *, std::size_t)->int [with Char=char]" at line 583
            instantiation of "auto fmt::v11::basic_string_view<Char>::compare(fmt::v11::basic_string_view<Char>) const->int [with Char=char]" at line 591
            instantiation of class "fmt::v11::basic_string_view<Char> [with Char=char]" at line 1914
            instantiation of "auto fmt::v11::basic_format_args<Context>::get_id(fmt::v11::basic_string_view<Char>) const->int [with Context=fmt::v11::context, Char=char]" at line 1954

Remark: The warnings can be suppressed with "-diag-suppress <warning-number>"

/home/bwibking/regression-tests/quokka/extern/fmt/include/fmt/base.h(471): warning #128-D: loop is not reachable
    for (; n != 0; ++s1, ++s2, --n) {
    ^
          detected during:
            instantiation of "auto fmt::v11::detail::compare(const Char *, const Char *, std::size_t)->int [with Char=char]" at line 583
            instantiation of "auto fmt::v11::basic_string_view<Char>::compare(fmt::v11::basic_string_view<Char>) const->int [with Char=char]" at line 591
            instantiation of class "fmt::v11::basic_string_view<Char> [with Char=char]" at line 1914
            instantiation of "auto fmt::v11::basic_format_args<Context>::get_id(fmt::v11::basic_string_view<Char>) const->int [with Context=fmt::v11::context, Char=char]" at line 1954

Remark: The warnings can be suppressed with "-diag-suppress <warning-number>"

/home/bwibking/regression-tests/quokka/extern/fmt/include/fmt/base.h(471): warning #128-D: loop is not reachable
    for (; n != 0; ++s1, ++s2, --n) {
    ^
          detected during:
            instantiation of "auto fmt::v11::detail::compare(const Char *, const Char *, std::size_t)->int [with Char=char]" at line 583
            instantiation of "auto fmt::v11::basic_string_view<Char>::compare(fmt::v11::basic_string_view<Char>) const->int [with Char=char]" at line 591
            instantiation of class "fmt::v11::basic_string_view<Char> [with Char=char]" at line 1914
            instantiation of "auto fmt::v11::basic_format_args<Context>::get_id(fmt::v11::basic_string_view<Char>) const->int [with Context=fmt::v11::context, Char=char]" at line 1954

Remark: The warnings can be suppressed with "-diag-suppress <warning-number>"

/home/bwibking/regression-tests/quokka/extern/fmt/include/fmt/base.h(471): warning #128-D: loop is not reachable
    for (; n != 0; ++s1, ++s2, --n) {
    ^
          detected during:
            instantiation of "auto fmt::v11::detail::compare(const Char *, const Char *, std::size_t)->int [with Char=char]" at line 583
            instantiation of "auto fmt::v11::basic_string_view<Char>::compare(fmt::v11::basic_string_view<Char>) const->int [with Char=char]" at line 591
            instantiation of class "fmt::v11::basic_string_view<Char> [with Char=char]" at line 1914
            instantiation of "auto fmt::v11::basic_format_args<Context>::get_id(fmt::v11::basic_string_view<Char>) const->int [with Context=fmt::v11::context, Char=char]" at line 1954

Remark: The warnings can be suppressed with "-diag-suppress <warning-number>"

/home/bwibking/regression-tests/quokka/extern/fmt/include/fmt/base.h(471): warning #128-D: loop is not reachable
    for (; n != 0; ++s1, ++s2, --n) {
    ^
          detected during:
            instantiation of "auto fmt::v11::detail::compare(const Char *, const Char *, std::size_t)->int [with Char=char]" at line 583
            instantiation of "auto fmt::v11::basic_string_view<Char>::compare(fmt::v11::basic_string_view<Char>) const->int [with Char=char]" at line 591
            instantiation of class "fmt::v11::basic_string_view<Char> [with Char=char]" at line 1914
            instantiation of "auto fmt::v11::basic_format_args<Context>::get_id(fmt::v11::basic_string_view<Char>) const->int [with Context=fmt::v11::context, Char=char]" at line 1954

Remark: The warnings can be suppressed with "-diag-suppress <warning-number>"

/home/bwibking/regression-tests/quokka/extern/fmt/include/fmt/base.h(471): warning #128-D: loop is not reachable
    for (; n != 0; ++s1, ++s2, --n) {
    ^
          detected during:
            instantiation of "auto fmt::v11::detail::compare(const Char *, const Char *, std::size_t)->int [with Char=char]" at line 583
            instantiation of "auto fmt::v11::basic_string_view<Char>::compare(fmt::v11::basic_string_view<Char>) const->int [with Char=char]" at line 591
            instantiation of class "fmt::v11::basic_string_view<Char> [with Char=char]" at line 1914
            instantiation of "auto fmt::v11::basic_format_args<Context>::get_id(fmt::v11::basic_string_view<Char>) const->int [with Context=fmt::v11::context, Char=char]" at line 1954

Remark: The warnings can be suppressed with "-diag-suppress <warning-number>"

/home/bwibking/regression-tests/quokka/extern/fmt/include/fmt/base.h(471): warning #128-D: loop is not reachable
    for (; n != 0; ++s1, ++s2, --n) {
    ^
          detected during:
            instantiation of "auto fmt::v11::detail::compare(const Char *, const Char *, std::size_t)->int [with Char=char]" at line 583
            instantiation of "auto fmt::v11::basic_string_view<Char>::compare(fmt::v11::basic_string_view<Char>) const->int [with Char=char]" at line 591
            instantiation of class "fmt::v11::basic_string_view<Char> [with Char=char]" at line 1914
            instantiation of "auto fmt::v11::basic_format_args<Context>::get_id(fmt::v11::basic_string_view<Char>) const->int [with Context=fmt::v11::context, Char=char]" at line 1954

Remark: The warnings can be suppressed with "-diag-suppress <warning-number>"

/home/bwibking/regression-tests/quokka/extern/fmt/include/fmt/base.h(471): warning #128-D: loop is not reachable
    for (; n != 0; ++s1, ++s2, --n) {
    ^
          detected during:
            instantiation of "auto fmt::v11::detail::compare(const Char *, const Char *, std::size_t)->int [with Char=char]" at line 583
            instantiation of "auto fmt::v11::basic_string_view<Char>::compare(fmt::v11::basic_string_view<Char>) const->int [with Char=char]" at line 591
            instantiation of class "fmt::v11::basic_string_view<Char> [with Char=char]" at line 1914
            instantiation of "auto fmt::v11::basic_format_args<Context>::get_id(fmt::v11::basic_string_view<Char>) const->int [with Context=fmt::v11::context, Char=char]" at line 1954

Remark: The warnings can be suppressed with "-diag-suppress <warning-number>"

/home/bwibking/regression-tests/quokka/extern/fmt/include/fmt/base.h(471): warning #128-D: loop is not reachable
    for (; n != 0; ++s1, ++s2, --n) {
    ^
          detected during:
            instantiation of "auto fmt::v11::detail::compare(const Char *, const Char *, std::size_t)->int [with Char=char]" at line 583
            instantiation of "auto fmt::v11::basic_string_view<Char>::compare(fmt::v11::basic_string_view<Char>) const->int [with Char=char]" at line 591
            instantiation of class "fmt::v11::basic_string_view<Char> [with Char=char]" at line 1914
            instantiation of "auto fmt::v11::basic_format_args<Context>::get_id(fmt::v11::basic_string_view<Char>) const->int [with Context=fmt::v11::context, Char=char]" at line 1954

Remark: The warnings can be suppressed with "-diag-suppress <warning-number>"

/home/bwibking/regression-tests/quokka/extern/fmt/include/fmt/base.h(471): warning #128-D: loop is not reachable
    for (; n != 0; ++s1, ++s2, --n) {
    ^
          detected during:
            instantiation of "auto fmt::v11::detail::compare(const Char *, const Char *, std::size_t)->int [with Char=char]" at line 583
            instantiation of "auto fmt::v11::basic_string_view<Char>::compare(fmt::v11::basic_string_view<Char>) const->int [with Char=char]" at line 591
            instantiation of class "fmt::v11::basic_string_view<Char> [with Char=char]" at line 1914
            instantiation of "auto fmt::v11::basic_format_args<Context>::get_id(fmt::v11::basic_string_view<Char>) const->int [with Context=fmt::v11::context, Char=char]" at line 1954

Remark: The warnings can be suppressed with "-diag-suppress <warning-number>"

/home/bwibking/regression-tests/quokka/src/io/DiagPDF.cpp(97): warning #20011-D: calling a __host__ function("std::vector<int, ::std::allocator<int> > ::begin()") from a __host__ __device__ function("DiagPDF::getTotalBinCount") is not allowed

Remark: The warnings can be suppressed with "-diag-suppress <warning-number>"

/home/bwibking/regression-tests/quokka/src/io/DiagPDF.cpp(97): warning #20011-D: calling a __host__ function("std::vector<int, ::std::allocator<int> > ::end()") from a __host__ __device__ function("DiagPDF::getTotalBinCount") is not allowed

/home/bwibking/regression-tests/quokka/src/io/DiagPDF.cpp(97): warning #20011-D: calling a __host__ function("bool __gnu_cxx::operator !=<int *,     ::std::vector<int, ::std::allocator<int> > > (const  ::__gnu_cxx::__normal_iterator<T1, T2>  &, const  ::__gnu_cxx::__normal_iterator<T1, T2>  &)") from a __host__ __device__ function("DiagPDF::getTotalBinCount") is not allowed

/home/bwibking/regression-tests/quokka/src/io/DiagPDF.cpp(97): warning #20011-D: calling a __host__ function("__gnu_cxx::__normal_iterator<int *,     ::std::vector<int, ::std::allocator<int> > > ::operator *() const") from a __host__ __device__ function("DiagPDF::getTotalBinCount") is not allowed

/home/bwibking/regression-tests/quokka/src/io/DiagPDF.cpp(97): warning #20011-D: calling a __host__ function("__gnu_cxx::__normal_iterator<int *,     ::std::vector<int, ::std::allocator<int> > > ::operator ++()") from a __host__ __device__ function("DiagPDF::getTotalBinCount") is not allowed

/home/bwibking/regression-tests/quokka/extern/fmt/include/fmt/base.h(471): warning #128-D: loop is not reachable
    for (; n != 0; ++s1, ++s2, --n) {
    ^
          detected during:
            instantiation of "auto fmt::v11::detail::compare(const Char *, const Char *, std::size_t)->int [with Char=char]" at line 583
            instantiation of "auto fmt::v11::basic_string_view<Char>::compare(fmt::v11::basic_string_view<Char>) const->int [with Char=char]" at line 591
            instantiation of class "fmt::v11::basic_string_view<Char> [with Char=char]" at line 1914
            instantiation of "auto fmt::v11::basic_format_args<Context>::get_id(fmt::v11::basic_string_view<Char>) const->int [with Context=fmt::v11::context, Char=char]" at line 1954

Remark: The warnings can be suppressed with "-diag-suppress <warning-number>"

/home/bwibking/regression-tests/quokka/extern/fmt/include/fmt/base.h(471): warning #128-D: loop is not reachable
    for (; n != 0; ++s1, ++s2, --n) {
    ^
          detected during:
            instantiation of "auto fmt::v11::detail::compare(const Char *, const Char *, std::size_t)->int [with Char=char]" at line 583
            instantiation of "auto fmt::v11::basic_string_view<Char>::compare(fmt::v11::basic_string_view<Char>) const->int [with Char=char]" at line 591
            instantiation of class "fmt::v11::basic_string_view<Char> [with Char=char]" at line 1914
            instantiation of "auto fmt::v11::basic_format_args<Context>::get_id(fmt::v11::basic_string_view<Char>) const->int [with Context=fmt::v11::context, Char=char]" at line 1954

Remark: The warnings can be suppressed with "-diag-suppress <warning-number>"

/home/bwibking/regression-tests/quokka/src/io/DiagPDF.cpp(97): warning #20011-D: calling a __host__ function("std::vector<int, ::std::allocator<int> > ::begin()") from a __host__ __device__ function("DiagPDF::getTotalBinCount") is not allowed

Remark: The warnings can be suppressed with "-diag-suppress <warning-number>"

/home/bwibking/regression-tests/quokka/src/io/DiagPDF.cpp(97): warning #20011-D: calling a __host__ function("std::vector<int, ::std::allocator<int> > ::end()") from a __host__ __device__ function("DiagPDF::getTotalBinCount") is not allowed

/home/bwibking/regression-tests/quokka/src/io/DiagPDF.cpp(97): warning #20011-D: calling a __host__ function("bool __gnu_cxx::operator !=<int *,     ::std::vector<int, ::std::allocator<int> > > (const  ::__gnu_cxx::__normal_iterator<T1, T2>  &, const  ::__gnu_cxx::__normal_iterator<T1, T2>  &)") from a __host__ __device__ function("DiagPDF::getTotalBinCount") is not allowed

/home/bwibking/regression-tests/quokka/src/io/DiagPDF.cpp(97): warning #20011-D: calling a __host__ function("__gnu_cxx::__normal_iterator<int *,     ::std::vector<int, ::std::allocator<int> > > ::operator *() const") from a __host__ __device__ function("DiagPDF::getTotalBinCount") is not allowed

/home/bwibking/regression-tests/quokka/src/io/DiagPDF.cpp(97): warning #20011-D: calling a __host__ function("__gnu_cxx::__normal_iterator<int *,     ::std::vector<int, ::std::allocator<int> > > ::operator ++()") from a __host__ __device__ function("DiagPDF::getTotalBinCount") is not allowed

/home/bwibking/regression-tests/quokka/extern/fmt/include/fmt/base.h(471): warning #128-D: loop is not reachable
    for (; n != 0; ++s1, ++s2, --n) {
    ^
          detected during:
            instantiation of "auto fmt::v11::detail::compare(const Char *, const Char *, std::size_t)->int [with Char=char]" at line 583
            instantiation of "auto fmt::v11::basic_string_view<Char>::compare(fmt::v11::basic_string_view<Char>) const->int [with Char=char]" at line 591
            instantiation of class "fmt::v11::basic_string_view<Char> [with Char=char]" at line 1914
            instantiation of "auto fmt::v11::basic_format_args<Context>::get_id(fmt::v11::basic_string_view<Char>) const->int [with Context=fmt::v11::context, Char=char]" at line 1954

Remark: The warnings can be suppressed with "-diag-suppress <warning-number>"

/home/bwibking/regression-tests/quokka/src/problems/RandomBlast/blast.cpp(39): warning #177-D: variable "solarmass_in_g" was declared but never referenced
  constexpr double solarmass_in_g = 1.99e33;
                   ^

/home/bwibking/regression-tests/quokka/src/problems/RandomBlast/blast.cpp(40): warning #177-D: variable "keV_in_ergs" was declared but never referenced
  constexpr double keV_in_ergs = 1.60218e-9;
                   ^

/home/bwibking/regression-tests/quokka/extern/fmt/include/fmt/base.h(471): warning #128-D: loop is not reachable
    for (; n != 0; ++s1, ++s2, --n) {
    ^
          detected during:
            instantiation of "auto fmt::v11::detail::compare(const Char *, const Char *, std::size_t)->int [with Char=char]" at line 583
            instantiation of "auto fmt::v11::basic_string_view<Char>::compare(fmt::v11::basic_string_view<Char>) const->int [with Char=char]" at line 591
            instantiation of class "fmt::v11::basic_string_view<Char> [with Char=char]" at line 1914
            instantiation of "auto fmt::v11::basic_format_args<Context>::get_id(fmt::v11::basic_string_view<Char>) const->int [with Context=fmt::v11::context, Char=char]" at line 1954

Remark: The warnings can be suppressed with "-diag-suppress <warning-number>"

/home/bwibking/regression-tests/quokka/src/problems/RandomBlast/blast.cpp(39): warning #177-D: variable "solarmass_in_g" was declared but never referenced
  constexpr double solarmass_in_g = 1.99e33;
                   ^

/home/bwibking/regression-tests/quokka/src/problems/RandomBlast/blast.cpp(40): warning #177-D: variable "keV_in_ergs" was declared but never referenced
  constexpr double keV_in_ergs = 1.60218e-9;
                   ^

nvlink warning : Stack size for entry function '_ZN5amrex13launch_globalILi256EZNS_11ParallelForILi256EZ12injectEnergyRNS_8MultiFabERKNS_8GpuArrayIdLj3EEES7_S7_RK14SimulationDataI11RandomBlastEEUliiiE_EENSt9enable_ifIXsr5amrex19MaybeDeviceRunnableIT0_vEE5valueEvE4typeERKNS_3Gpu10KernelInfoERKNS_5BoxNDILi3EEERKSF_EUlvE_EEvSF_' cannot be statically determined (target: sm_70)
nvlink warning : Stack size for entry function '_ZN5amrex13launch_globalILi256EZNS_11ParallelForILi256EZ12injectEnergyRNS_8MultiFabERKNS_8GpuArrayIdLj3EEES7_S7_RK14SimulationDataI11RandomBlastEEUliiiE_EENSt9enable_ifIXsr5amrex19MaybeDeviceRunnableIT0_vEE5valueEvE4typeERKNS_3Gpu10KernelInfoERKNS_5BoxNDILi3EEERKSF_EUlvE_EEvSF_' cannot be statically determined (target: sm_70)
nvlink warning : Stack size for entry function '_ZN5amrex13launch_globalILi256EZNS_11ParallelForILi256EZ12injectEnergyRNS_8MultiFabERKNS_8GpuArrayIdLj3EEES7_S7_RK14SimulationDataI11RandomBlastEEUliiiE_EENSt9enable_ifIXsr5amrex19MaybeDeviceRunnableIT0_vEE5valueEvE4typeERKNS_3Gpu10KernelInfoERKNS_5BoxNDILi3EEERKSF_EUlvE_EEvSF_' cannot be statically determined (target: sm_70)
nvlink warning : Stack size for entry function '_ZN5amrex13launch_globalILi256EZNS_11ParallelForILi256EZ12injectEnergyRNS_8MultiFabERKNS_8GpuArrayIdLj3EEES7_S7_RK14SimulationDataI11RandomBlastEEUliiiE_EENSt9enable_ifIXsr5amrex19MaybeDeviceRunnableIT0_vEE5valueEvE4typeERKNS_3Gpu10KernelInfoERKNS_5BoxNDILi3EEERKSF_EUlvE_EEvSF_' cannot be statically determined (target: sm_80)
nvlink warning : Stack size for entry function '_ZN5amrex13launch_globalILi256EZNS_11ParallelForILi256EZ12injectEnergyRNS_8MultiFabERKNS_8GpuArrayIdLj3EEES7_S7_RK14SimulationDataI11RandomBlastEEUliiiE_EENSt9enable_ifIXsr5amrex19MaybeDeviceRunnableIT0_vEE5valueEvE4typeERKNS_3Gpu10KernelInfoERKNS_5BoxNDILi3EEERKSF_EUlvE_EEvSF_' cannot be statically determined (target: sm_80)
nvlink warning : Stack size for entry function '_ZN5amrex13launch_globalILi256EZNS_11ParallelForILi256EZ12injectEnergyRNS_8MultiFabERKNS_8GpuArrayIdLj3EEES7_S7_RK14SimulationDataI11RandomBlastEEUliiiE_EENSt9enable_ifIXsr5amrex19MaybeDeviceRunnableIT0_vEE5valueEvE4typeERKNS_3Gpu10KernelInfoERKNS_5BoxNDILi3EEERKSF_EUlvE_EEvSF_' cannot be statically determined (target: sm_80)
