/data/mash/cche/azp-agent-in-docker-cuda/azp-agent-avatargpu/regression-tests/amrex/Tools/Plotfile//fcompare.gnu.ex --abort_if_not_all_found -n 0 /data/mash/cche/azp-agent-in-docker-cuda/azp-agent-avatargpu/regression-tests/quokka-benchmarks/RandomBlastAMR-GPU_plt01000 RandomBlastAMR-GPU_plt01000

            variable name            absolute error            relative error
                                        (||A - B||)         (||A - B||/||A||)
 ----------------------------------------------------------------------------
 level = 0
 gasDensity                          6.52812078e-33           5.567033343e-09
 x-GasMomentum                      1.857684386e-26           7.064490351e-10
 y-GasMomentum                      1.775152125e-26           6.439454194e-10
 z-GasMomentum                      5.615263841e-26           2.040864154e-09
 gasEnergy                          2.740138763e-18           1.003407414e-09
 gasInternalEnergy                  2.275389197e-18           9.392766023e-10
 scalar_0                                         0                         0
 temperature                           0.1848961894           3.875510959e-10
 level = 1
 gasDensity                         8.546441458e-33           6.188985101e-09
 x-GasMomentum                      6.439643362e-26           2.376641222e-09
 y-GasMomentum                      6.368343279e-26           1.898460893e-09
 z-GasMomentum                      1.430910451e-25           4.260455762e-09
 gasEnergy                          8.191968307e-18           2.645486684e-09
 gasInternalEnergy                  3.930177971e-18           1.450833984e-09
 scalar_0                                         0                         0
 temperature                           0.1718755792           3.596556167e-10
