Already up to date.
Already up to date.
Already up to date.
Already up to date.
Already up to date.
Already up to date.
Updating fae1dc8fb..5bdac9102
Fast-forward
 Tools/GNUMake/sites/Make.unknown | 8 ++++++--
 1 file changed, 6 insertions(+), 2 deletions(-)
Already up to date.
Already up to date.
Already up to date.
Already up to date.
Already up to date.
Already up to date.
Already up to date.
Already up to date.
Already up to date.
Updating 5bdac9102..1f038e767
Fast-forward
 Src/Base/AMReX_BaseFwd.H                           |    4 +-
 Src/Base/AMReX_FabArray.H                          |    9 +
 Src/Base/AMReX_GpuDevice.H                         |    4 +
 Src/Base/AMReX_GpuDevice.cpp                       |   13 +
 Src/Base/AMReX_IntVect.H                           | 1032 +++++++++-----
 Src/Base/AMReX_IntVect.cpp                         |   37 +-
 Src/Base/AMReX_ParmParse.H                         |    4 +-
 Src/Base/AMReX_TableData.H                         |  254 ++--
 Src/Base/AMReX_TypeTraits.H                        |   23 +
 Src/Extern/HYPRE/AMReX_HypreMLABecLap.H            |  134 ++
 Src/Extern/HYPRE/AMReX_HypreMLABecLap.cpp          | 1464 ++++++++++++++++++++
 Src/Extern/HYPRE/AMReX_HypreMLABecLap_2D_K.H       |  308 ++++
 Src/Extern/HYPRE/AMReX_HypreMLABecLap_3D_K.H       |  649 +++++++++
 Src/Extern/HYPRE/AMReX_HypreMLABecLap_K.H          |  298 ++++
 Src/Extern/HYPRE/CMakeLists.txt                    |    4 +
 Src/Extern/HYPRE/Make.package                      |    6 +-
 Tests/LinearSolvers/ABecLaplacian_C/GNUmakefile    |    5 +
 Tests/LinearSolvers/ABecLaplacian_C/MyTest.H       |    7 +
 Tests/LinearSolvers/ABecLaplacian_C/MyTest.cpp     |  131 ++
 Tests/LinearSolvers/ABecLaplacian_C/inputs-mlhypre |   22 +
 20 files changed, 3971 insertions(+), 437 deletions(-)
 create mode 100644 Src/Extern/HYPRE/AMReX_HypreMLABecLap.H
 create mode 100644 Src/Extern/HYPRE/AMReX_HypreMLABecLap.cpp
 create mode 100644 Src/Extern/HYPRE/AMReX_HypreMLABecLap_2D_K.H
 create mode 100644 Src/Extern/HYPRE/AMReX_HypreMLABecLap_3D_K.H
 create mode 100644 Src/Extern/HYPRE/AMReX_HypreMLABecLap_K.H
 create mode 100644 Tests/LinearSolvers/ABecLaplacian_C/inputs-mlhypre
Already up to date.
Already up to date.
Already up to date.
Already up to date.
Already up to date.
Already up to date.
Already up to date.
Already up to date.
Already up to date.
Already up to date.
Your branch is up to date with 'origin/development'.
Already on 'development'
Already up to date.
Already up to date.
Already up to date.
Your branch is up to date with 'origin/development'.
Already on 'development'
Already up to date.
Already up to date.
Your branch is up to date with 'origin/development'.
Already on 'development'
Already up to date.
Already up to date.
Your branch is up to date with 'origin/development'.
Already on 'development'
Already up to date.
Already up to date.
Already up to date.
Already up to date.
Your branch is up to date with 'origin/development'.
Already on 'development'
Already up to date.
Your branch is up to date with 'origin/development'.
Already on 'development'
Already up to date.
Your branch is up to date with 'origin/development'.
Already on 'development'
Already up to date.
Your branch is up to date with 'origin/development'.
Already on 'development'
Already up to date.
Your branch is up to date with 'origin/development'.
Already on 'development'
Already up to date.
Your branch is up to date with 'origin/development'.
Already on 'development'
Already up to date.
Your branch is up to date with 'origin/development'.
Already on 'development'
Already up to date.
Your branch is up to date with 'origin/development'.
Already on 'development'
Already up to date.
Your branch is up to date with 'origin/development'.
Already on 'development'
Already up to date.
Your branch is up to date with 'origin/development'.
Already on 'development'
Already up to date.
Your branch is up to date with 'origin/development'.
Already on 'development'
Updating 1f038e767..36f111b2c
Fast-forward
 Src/Extern/HYPRE/AMReX_HypreMLABecLap.cpp | 10 ++++++++++
 1 file changed, 10 insertions(+)
Your branch is up to date with 'origin/development'.
Already on 'development'
Updating 36f111b2c..259db7cfb
Fast-forward
 Src/Amr/AMReX_AmrLevel.cpp                     |    9 +
 Src/Amr/AMReX_Derive.H                         |   36 +
 Src/Amr/AMReX_Derive.cpp                       |   62 ++
 Src/Base/AMReX_FEIntegrator.H                  |   70 +-
 Src/Base/AMReX_IntegratorBase.H                |  238 ++++--
 Src/Base/AMReX_RKIntegrator.H                  |  116 ++-
 Src/Base/AMReX_TimeIntegrator.H                |  140 ++--
 Src/Extern/SUNDIALS/AMReX_SundialsIntegrator.H | 1066 ++++++++++--------------
 Src/LinearSolvers/MLMG/AMReX_MLCGSolver.H      |    1 +
 Src/LinearSolvers/MLMG/AMReX_MLMG.H            |    2 +-
 Tools/GNUMake/Make.defs                        |    5 +-
 Tools/GNUMake/comps/nvcc.mak                   |   16 +-
 12 files changed, 963 insertions(+), 798 deletions(-)
Your branch is up to date with 'origin/development'.
Already on 'development'
Already up to date.
Your branch is up to date with 'origin/development'.
Already on 'development'
Already up to date.
Your branch is up to date with 'origin/development'.
Already on 'development'
Already up to date.
Your branch is up to date with 'origin/development'.
Already on 'development'
Already up to date.
Your branch is up to date with 'origin/development'.
Already on 'development'
Already up to date.
Your branch is up to date with 'origin/development'.
Already on 'development'
Already up to date.
Your branch is up to date with 'origin/development'.
Already on 'development'
Already up to date.
Your branch is up to date with 'origin/development'.
Already on 'development'
Already up to date.
Your branch is up to date with 'origin/development'.
Already on 'development'
Already up to date.
Your branch is up to date with 'origin/development'.
Already on 'development'
Already up to date.
Your branch is up to date with 'origin/development'.
Already on 'development'
Already up to date.
Your branch is up to date with 'origin/development'.
Already on 'development'
Already up to date.
Your branch is up to date with 'origin/development'.
Already on 'development'
Already up to date.
Your branch is up to date with 'origin/development'.
Already on 'development'
Already up to date.
Your branch is up to date with 'origin/development'.
Already on 'development'
Already up to date.
Your branch is up to date with 'origin/development'.
Already on 'development'
Updating 259db7cfb..2f9352563
Fast-forward
 Src/Base/AMReX_GpuLaunchFunctsG.H                  | 32 +++++++++++-----------
 Src/Base/AMReX_GpuLaunchMacrosG.nolint.H           |  4 +--
 Src/Base/AMReX_TagParallelFor.H                    |  2 +-
 Tools/C_util/Convergence/DiffSameDomainRefined.cpp |  2 +-
 .../Convergence/DiffSameDomainRefinedComposite.cpp |  2 +-
 .../C_util/Convergence/DiffSameDomainRefinedFD.cpp |  2 +-
 .../Convergence/DiffSameDomainRefinedStag.cpp      |  2 +-
 Tools/C_util/Convergence/DiffSameGridRefined.cpp   |  2 +-
 Tools/C_util/Convergence/PltFileNormB.cpp          |  2 +-
 .../Convergence/RichardsonConvergenceTest.cpp      |  2 +-
 Tools/GNUMake/sites/Make.unknown                   |  7 ++++-
 11 files changed, 32 insertions(+), 27 deletions(-)
Your branch is up to date with 'origin/development'.
Already on 'development'
Updating 2f9352563..741855677
Fast-forward
 Src/Extern/HDF5/AMReX_ParticleHDF5.H               | 17 +++++++++--
 Src/Extern/HDF5/AMReX_PlotFileUtilHDF5.cpp         | 35 +++++++++++++++++-----
 .../HDF5/AMReX_WriteBinaryParticleDataHDF5.H       | 11 +++++--
 3 files changed, 51 insertions(+), 12 deletions(-)
Your branch is up to date with 'origin/development'.
Already on 'development'
Already up to date.
Your branch is up to date with 'origin/development'.
Already on 'development'
Already up to date.
Your branch is up to date with 'origin/development'.
Already on 'development'
Already up to date.
Your branch is up to date with 'origin/development'.
Already on 'development'
Updating 741855677..39f46ae30
Fast-forward
 .github/workflows/macos.yml | 12 +++++++---
 CHANGES                     | 53 +++++++++++++++++++++++++++++++++++++++++++++
 Src/Base/AMReX_Tuple.H      |  8 +++----
 3 files changed, 66 insertions(+), 7 deletions(-)
Already up to date.
Your branch is up to date with 'origin/development'.
Already on 'development'
Updating 39f46ae30..85ae84ea8
Fast-forward
 .github/workflows/clang.yml                  |  47 ++++
 .github/workflows/windows.yml                |   7 +-
 Src/AmrCore/AMReX_AmrMesh.H                  |   6 +-
 Src/AmrCore/AMReX_AmrMesh.cpp                |  10 +-
 Src/AmrCore/AMReX_ErrorList.cpp              |   8 +-
 Src/Base/AMReX_BaseFwd.H                     |   5 +-
 Src/Base/AMReX_GpuRange.H                    |   2 +-
 Src/Base/AMReX_IndexType.H                   | 351 ++++++++++++++++++++++-----
 Src/Base/AMReX_IndexType.cpp                 |  35 ++-
 Src/Base/AMReX_IntVect.H                     |   2 +-
 Src/Base/AMReX_MultiFabUtil.H                |  14 ++
 Src/Base/AMReX_MultiFabUtil.cpp              |  53 ++++
 Src/Base/AMReX_PODVector.H                   |   2 +-
 Src/Base/AMReX_PlotFileDataImpl.cpp          |   2 +-
 Src/Base/AMReX_Random.cpp                    |   5 +-
 Src/EB/AMReX_EB2_GeometryShop.H              |  30 +--
 Src/EB/AMReX_EBDataCollection.cpp            |   4 +-
 Src/EB/AMReX_distFcnElement.H                |  10 +-
 Src/EB/AMReX_distFcnElement.cpp              |  10 +-
 Src/Extern/HYPRE/AMReX_HypreABecLap.cpp      |   6 +-
 Src/Extern/HYPRE/AMReX_HypreABecLap2.cpp     |   6 +-
 Src/Extern/HYPRE/AMReX_HypreABecLap3.cpp     |   8 +-
 Src/Extern/HYPRE/AMReX_HypreNodeLap.cpp      |  12 +-
 Src/Extern/HYPRE/AMReX_HypreSolver.H         |   6 +-
 Src/LinearSolvers/MLMG/AMReX_MLCGSolver.H    |   1 +
 Src/LinearSolvers/MLMG/AMReX_MLCellABecLap.H |   4 +-
 Src/LinearSolvers/MLMG/AMReX_MLMG.H          |  37 +--
 Src/Particle/AMReX_ParticleContainerI.H      |   6 +-
 Src/Particle/AMReX_ParticleUtil.H            |   6 +-
 29 files changed, 517 insertions(+), 178 deletions(-)
Your branch is up to date with 'origin/development'.
Already on 'development'
Updating 85ae84ea8..8d9ff9aeb
Fast-forward
 Docs/sphinx_documentation/source/IO.rst    |  13 ++-
 Src/Extern/HDF5/AMReX_ParticleHDF5.H       |  81 ++++++++--------
 Src/Extern/HDF5/AMReX_PlotFileUtilHDF5.cpp | 146 ++++++++++++++++-------------
 3 files changed, 136 insertions(+), 104 deletions(-)
Your branch is up to date with 'origin/development'.
Already on 'development'
Updating 8d9ff9aeb..c09c45c31
Fast-forward
 Src/Base/AMReX.H       | 61 ++++++++++++++++++++++++++++++++++++++
 Src/Base/AMReX.cpp     | 80 +++++++++++++++++++++++++++++++++++++++++++++-----
 Src/Base/AMReX_Array.H |  9 ++++++
 3 files changed, 143 insertions(+), 7 deletions(-)
Your branch is up to date with 'origin/development'.
Already on 'development'
Already up to date.
Your branch is up to date with 'origin/development'.
Already on 'development'
Updating c09c45c31..cca5aade6
Fast-forward
 Src/AmrCore/AMReX_AmrMesh.H | 4 ++++
 1 file changed, 4 insertions(+)
Your branch is up to date with 'origin/development'.
Already on 'development'
Updating cca5aade6..dcb9cc038
Fast-forward
 .github/workflows/gcc.yml    |  2 +-
 Src/Base/AMReX.H             |  5 +++++
 Src/Base/AMReX.cpp           | 10 +++++++++
 Src/Base/AMReX_BaseFab.H     | 32 +++++++++++++++++++++++++++++
 Src/Base/AMReX_FArrayBox.cpp |  3 +++
 Src/Base/AMReX_MemPool.H     | 40 ++++++++++++++++++++++++++++++++++++
 Src/Base/AMReX_MemPool.cpp   | 23 ++-------------------
 Src/Base/AMReX_PODVector.H   | 48 ++++++++++++++++++++++++++++++++++++++++----
 8 files changed, 137 insertions(+), 26 deletions(-)
Your branch is up to date with 'origin/development'.
Already on 'development'
Already up to date.
Your branch is up to date with 'origin/development'.
Already on 'development'
Already up to date.
Your branch is up to date with 'origin/development'.
Already on 'development'
Updating dcb9cc038..d9dec56e2
Fast-forward
 README.md                                          |   1 +
 Src/AmrCore/AMReX_FillPatchUtil_I.H                |   4 +-
 Src/Base/AMReX_CArena.cpp                          |  13 +-
 Src/Base/AMReX_Geometry.H                          |   2 +
 Src/Base/AMReX_Geometry.cpp                        |   8 +-
 Src/Base/AMReX_MFIter.H                            |   2 +
 Src/Base/AMReX_MFIter.cpp                          |  25 +-
 Src/Base/AMReX_ParmParse.H                         | 421 ++++------
 Src/Base/AMReX_ParmParse.cpp                       | 912 +++++++--------------
 Src/Base/Parser/amrex_iparser.l                    |   2 +-
 Src/Base/Parser/amrex_iparser.lex.nolint.H         |  61 +-
 Src/Base/Parser/amrex_parser.l                     |   2 +-
 Src/Base/Parser/amrex_parser.lex.nolint.H          |   2 +-
 Src/Boundary/Make.package                          |   3 +
 Src/Extern/HDF5/AMReX_ParticleHDF5.H               |  16 +-
 Src/Extern/HDF5/AMReX_PlotFileUtilHDF5.cpp         |  36 +-
 Src/LinearSolvers/MLMG/AMReX_MLEBNodeFDLap_1D_K.H  |  15 +
 Src/LinearSolvers/MLMG/AMReX_MLEBNodeFDLap_2D_K.H  | 208 +++++
 Src/LinearSolvers/MLMG/AMReX_MLEBNodeFDLap_3D_K.H  | 383 +++++++++
 Src/LinearSolvers/MLMG/AMReX_MLEBNodeFDLaplacian.H |   7 +
 .../MLMG/AMReX_MLEBNodeFDLaplacian.cpp             | 125 ++-
 Src/LinearSolvers/MLMG/AMReX_MLMG.H                |   1 -
 Src/LinearSolvers/MLMG/AMReX_MLNodeLap_1D_K.H      |  96 ++-
 Src/LinearSolvers/MLMG/AMReX_MLNodeLap_2D_K.H      | 239 +++++-
 Src/LinearSolvers/MLMG/AMReX_MLNodeLap_3D_K.H      | 406 ++++++---
 .../MLMG/AMReX_MLNodeLaplacian_misc.cpp            | 279 ++++---
 Src/LinearSolvers/MLMG/Make.package                |   2 +
 Tests/Particles/NeighborParticles/Constants.H      |   4 +-
 .../NeighborParticles/MDParticleContainer.cpp      |  59 +-
 29 files changed, 2094 insertions(+), 1240 deletions(-)
Your branch is up to date with 'origin/development'.
Already on 'development'
Updating d9dec56e2..20e6f2ead
Fast-forward
 Docs/sphinx_documentation/source/Basics.rst | 165 +++++-
 Src/Base/AMReX_ParmParse.H                  | 113 ++++-
 Src/Base/AMReX_ParmParse.cpp                | 358 ++++++++++---
 Src/Base/Parser/AMReX_IParser.H             |  11 +-
 Src/Base/Parser/AMReX_IParser.cpp           |   2 +-
 Src/Base/Parser/AMReX_IParser_Exe.H         |  96 ++--
 Src/Base/Parser/AMReX_IParser_Y.H           |  30 +-
 Src/Base/Parser/AMReX_IParser_Y.cpp         | 129 +++--
 Src/Base/Parser/amrex_iparser.l             |   7 +-
 Src/Base/Parser/amrex_iparser.lex.nolint.H  | 142 +++---
 Src/Base/Parser/amrex_iparser.tab.h         |   2 +-
 Src/Base/Parser/amrex_iparser.y             |   2 +-
 Src/Extern/amrdata/AMReX_AmrData.H          |   4 -
 Src/Extern/amrdata/AMReX_AmrData.cpp        | 189 +------
 Src/Extern/amrdata/AMReX_FABUTIL_1D.F       | 297 -----------
 Src/Extern/amrdata/AMReX_FABUTIL_2D.F       | 297 -----------
 Src/Extern/amrdata/AMReX_FABUTIL_3D.F       | 758 ----------------------------
 Src/Extern/amrdata/CMakeLists.txt           |   1 -
 Src/Extern/amrdata/Make.package             |   1 -
 Tests/Parser/main.cpp                       |  31 +-
 Tools/CMake/AMReXOptions.cmake              |   3 +-
 21 files changed, 845 insertions(+), 1793 deletions(-)
 delete mode 100644 Src/Extern/amrdata/AMReX_FABUTIL_1D.F
 delete mode 100644 Src/Extern/amrdata/AMReX_FABUTIL_2D.F
 delete mode 100644 Src/Extern/amrdata/AMReX_FABUTIL_3D.F
Your branch is up to date with 'origin/development'.
Already on 'development'
Already up to date.
Your branch is up to date with 'origin/development'.
Already on 'development'
Updating 20e6f2ead..83ecf62e0
Fast-forward
 .github/workflows/catalyst.yml                     | 33 +++++++++++++++++
 Docs/sphinx_documentation/source/BuildingAMReX.rst |  2 ++
 Src/AmrCore/AMReX_Interp_3D_C.H                    | 16 ++++-----
 Src/AmrCore/AMReX_Interpolater.H                   |  3 ++
 Src/CMakeLists.txt                                 |  3 +-
 .../Conduit/AMReX_Conduit_Blueprint_ParticlesI.H   | 33 +++++++++--------
 Src/Extern/Conduit/CMakeLists.txt                  |  1 +
 Src/Extern/Conduit/Make.package                    |  2 +-
 Tests/DivFreePatch/main.cpp                        | 42 +++++++++++++++-------
 Tools/CMake/AMReXConfig.cmake.in                   |  6 ++++
 Tools/CMake/AMReXOptions.cmake                     |  5 +++
 Tools/CMake/AMReXSetDefines.cmake                  |  3 ++
 Tools/CMake/AMReXThirdPartyLibraries.cmake         |  9 +++++
 Tools/CMake/AMReX_Config_ND.H.in                   |  1 +
 Tools/GNUMake/Make.defs                            | 11 ++++++
 Tools/GNUMake/packages/Make.catalyst               | 16 +++++++++
 16 files changed, 148 insertions(+), 38 deletions(-)
 create mode 100644 .github/workflows/catalyst.yml
 create mode 100644 Tools/GNUMake/packages/Make.catalyst
Already up to date.
