--------------------------------------------------------------------------
WARNING: There was an error initializing an OpenFabrics device.

  Local host:   avatargpu
  Local device: mlx5_0
--------------------------------------------------------------------------
--------------------------------------------------------------------------
Open MPI failed an OFI Libfabric library call (fi_endpoint).  This is highly
unusual; your job may behave unpredictably (and/or abort) after this.

  Local host: avatargpu
  Location: mtl_ofi_component.c:513
  Error: Invalid argument (22)
--------------------------------------------------------------------------
[avatargpu.anu.edu.au:3126578] 15 more processes have sent help message help-mpi-btl-openib.txt / error in device init
[avatargpu.anu.edu.au:3126578] Set MCA parameter "orte_base_help_aggregate" to 0 to see all help / error messages
[avatargpu.anu.edu.au:3126578] 15 more processes have sent help message help-mtl-ofi.txt / OFI call fail
--------------------------------------------------------------------------
Primary job  terminated normally, but 1 process returned
a non-zero exit code. Per user-direction, the job has been aborted.
--------------------------------------------------------------------------
--------------------------------------------------------------------------
mpirun detected that one or more processes exited with non-zero status, thus causing
the job to be terminated. The first process to do so was:

  Process name: [[8855,1],2]
  Exit code:    1
--------------------------------------------------------------------------
