Initializing AMReX (26.01-24-gfde4d987226e)...
MPI initialized with 1 MPI processes
MPI initialized with thread support level 0
Initializing CUDA...
CUDA initialized with 1 device.
AMReX (26.01-24-gfde4d987226e) initialized
Writing plotfile SedovAMR-GPU_plt0000000

Coarse STEP 1 at t = 0 (0%) starts ...

Coarse STEP 2 at t = 5.229826469e-06 (0.0005229826469%) starts ...

Coarse STEP 3 at t = 1.011367698e-05 (0.001011367698%) starts ...

Coarse STEP 4 at t = 1.484902193e-05 (0.001484902193%) starts ...

Coarse STEP 5 at t = 1.954131239e-05 (0.001954131239%) starts ...

Coarse STEP 6 at t = 2.42658471e-05 (0.00242658471%) starts ...

Coarse STEP 7 at t = 2.906920832e-05 (0.002906920832%) starts ...

Coarse STEP 8 at t = 3.400352203e-05 (0.003400352203%) starts ...

Coarse STEP 9 at t = 3.911908517e-05 (0.003911908517%) starts ...

Coarse STEP 10 at t = 4.445853502e-05 (0.004445853502%) starts ...

Coarse STEP 11 at t = 5.006496846e-05 (0.005006496846%) starts ...

Coarse STEP 12 at t = 5.598285634e-05 (0.005598285634%) starts ...

Coarse STEP 13 at t = 6.225311957e-05 (0.006225311957%) starts ...

Coarse STEP 14 at t = 6.887162359e-05 (0.006887162359%) starts ...

Coarse STEP 15 at t = 7.58231761e-05 (0.00758231761%) starts ...

Coarse STEP 16 at t = 8.305561188e-05 (0.008305561188%) starts ...

Coarse STEP 17 at t = 9.049828029e-05 (0.009049828029%) starts ...

Coarse STEP 18 at t = 9.809023478e-05 (0.009809023478%) starts ...

Coarse STEP 19 at t = 0.0001058027384 (0.01058027384%) starts ...

Coarse STEP 20 at t = 0.0001136285074 (0.01136285074%) starts ...

Coarse STEP 21 at t = 0.00012156522 (0.012156522%) starts ...

Coarse STEP 22 at t = 0.0001295990893 (0.01295990893%) starts ...

Coarse STEP 23 at t = 0.0001377361635 (0.01377361635%) starts ...

Coarse STEP 24 at t = 0.0001459810708 (0.01459810708%) starts ...

Coarse STEP 25 at t = 0.0001543318688 (0.01543318688%) starts ...

Coarse STEP 26 at t = 0.0001628003045 (0.01628003045%) starts ...

Coarse STEP 27 at t = 0.000171396038 (0.0171396038%) starts ...

Coarse STEP 28 at t = 0.0001801204122 (0.01801204122%) starts ...

Coarse STEP 29 at t = 0.0001889676506 (0.01889676506%) starts ...

Coarse STEP 30 at t = 0.0001979302877 (0.01979302877%) starts ...

Coarse STEP 31 at t = 0.0002070040704 (0.02070040704%) starts ...

Coarse STEP 32 at t = 0.0002161908424 (0.02161908424%) starts ...

Coarse STEP 33 at t = 0.000225492042 (0.0225492042%) starts ...

Coarse STEP 34 at t = 0.0002349099773 (0.02349099773%) starts ...

Coarse STEP 35 at t = 0.0002444416623 (0.02444416623%) starts ...

Coarse STEP 36 at t = 0.0002540806751 (0.02540806751%) starts ...

Coarse STEP 37 at t = 0.0002638153513 (0.02638153513%) starts ...

Coarse STEP 38 at t = 0.0002736335123 (0.02736335123%) starts ...

Coarse STEP 39 at t = 0.0002835244655 (0.02835244655%) starts ...

Coarse STEP 40 at t = 0.0002934797673 (0.02934797673%) starts ...

Coarse STEP 41 at t = 0.0003034921496 (0.03034921496%) starts ...

Coarse STEP 42 at t = 0.0003135565747 (0.03135565747%) starts ...

Coarse STEP 43 at t = 0.0003236696211 (0.03236696211%) starts ...

Coarse STEP 44 at t = 0.0003338312754 (0.03338312754%) starts ...

Coarse STEP 45 at t = 0.0003440420805 (0.03440420805%) starts ...

Coarse STEP 46 at t = 0.0003543044648 (0.03543044648%) starts ...

Coarse STEP 47 at t = 0.0003646217674 (0.03646217674%) starts ...

Coarse STEP 48 at t = 0.0003749972484 (0.03749972484%) starts ...

Coarse STEP 49 at t = 0.0003854330313 (0.03854330313%) starts ...

Coarse STEP 50 at t = 0.0003959300359 (0.03959300359%) starts ...

Coarse STEP 51 at t = 0.0004064887876 (0.04064887876%) starts ...

Coarse STEP 52 at t = 0.0004171101202 (0.04171101202%) starts ...

Coarse STEP 53 at t = 0.0004277951039 (0.04277951039%) starts ...

Coarse STEP 54 at t = 0.0004385394081 (0.04385394081%) starts ...

Coarse STEP 55 at t = 0.0004493426298 (0.04493426298%) starts ...

Coarse STEP 56 at t = 0.0004602066939 (0.04602066939%) starts ...

Coarse STEP 57 at t = 0.0004711290247 (0.04711290247%) starts ...

Coarse STEP 58 at t = 0.0004821069211 (0.04821069211%) starts ...

Coarse STEP 59 at t = 0.0004931378766 (0.04931378766%) starts ...

Coarse STEP 60 at t = 0.0005042193673 (0.05042193673%) starts ...

Coarse STEP 61 at t = 0.0005153488489 (0.05153488489%) starts ...

Coarse STEP 62 at t = 0.0005265232135 (0.05265232135%) starts ...

Coarse STEP 63 at t = 0.0005377402227 (0.05377402227%) starts ...

Coarse STEP 64 at t = 0.0005489984436 (0.05489984436%) starts ...

Coarse STEP 65 at t = 0.0005602962322 (0.05602962322%) starts ...

Coarse STEP 66 at t = 0.0005716320576 (0.05716320576%) starts ...

Coarse STEP 67 at t = 0.0005830046377 (0.05830046377%) starts ...

Coarse STEP 68 at t = 0.0005944131443 (0.05944131443%) starts ...

Coarse STEP 69 at t = 0.0006058567334 (0.06058567334%) starts ...

Coarse STEP 70 at t = 0.0006173348737 (0.06173348737%) starts ...

Coarse STEP 71 at t = 0.0006288478084 (0.06288478084%) starts ...

Coarse STEP 72 at t = 0.0006403960812 (0.06403960812%) starts ...

Coarse STEP 73 at t = 0.0006519803421 (0.06519803421%) starts ...

Coarse STEP 74 at t = 0.0006636010606 (0.06636010606%) starts ...

Coarse STEP 75 at t = 0.0006752590383 (0.06752590383%) starts ...

Coarse STEP 76 at t = 0.0006869546754 (0.06869546754%) starts ...

Coarse STEP 77 at t = 0.0006986881753 (0.06986881753%) starts ...

Coarse STEP 78 at t = 0.0007104594253 (0.07104594253%) starts ...

Coarse STEP 79 at t = 0.0007222677137 (0.07222677137%) starts ...

Coarse STEP 80 at t = 0.0007341123078 (0.07341123078%) starts ...

Coarse STEP 81 at t = 0.0007459925429 (0.07459925429%) starts ...

Coarse STEP 82 at t = 0.0007579079336 (0.07579079336%) starts ...

Coarse STEP 83 at t = 0.00076985806 (0.076985806%) starts ...

Coarse STEP 84 at t = 0.0007818427296 (0.07818427296%) starts ...

Coarse STEP 85 at t = 0.0007938618674 (0.07938618674%) starts ...

Coarse STEP 86 at t = 0.0008059150687 (0.08059150687%) starts ...

Coarse STEP 87 at t = 0.0008180018808 (0.08180018808%) starts ...

Coarse STEP 88 at t = 0.0008301220518 (0.08301220518%) starts ...

Coarse STEP 89 at t = 0.0008422754869 (0.08422754869%) starts ...

Coarse STEP 90 at t = 0.0008544621479 (0.08544621479%) starts ...

Coarse STEP 91 at t = 0.0008666819815 (0.08666819815%) starts ...

Coarse STEP 92 at t = 0.00087893501 (0.087893501%) starts ...

Coarse STEP 93 at t = 0.0008912213888 (0.08912213888%) starts ...

Coarse STEP 94 at t = 0.0009035414153 (0.09035414153%) starts ...

Coarse STEP 95 at t = 0.0009158950895 (0.09158950895%) starts ...

Coarse STEP 96 at t = 0.0009282826905 (0.09282826905%) starts ...

Coarse STEP 97 at t = 0.0009407036931 (0.09407036931%) starts ...

Coarse STEP 98 at t = 0.0009531571786 (0.09531571786%) starts ...

Coarse STEP 99 at t = 0.0009656421054 (0.09656421054%) starts ...

Coarse STEP 100 at t = 0.0009781580821 (0.09781580821%) starts ...

Initial energy = 0.01332031034
Final energy = 0.01332031034
	absolute conservation error = 1.214306433e-17
	relative conservation error = 9.116202267e-16
	kinetic energy = 0.001988243456
	relative K.E. error = -0.06946495099

Energy conservation is OK.
Kinetic energy production is incorrect by more than 1 percent!

Initial gasDensity = 1.728
	absolute conservation error = 0
	relative conservation error = 0

Initial x-GasMomentum = 0
	absolute conservation error = 0.0002443459644

Initial y-GasMomentum = 0
	absolute conservation error = 0.0002443459644

Initial z-GasMomentum = 0
	absolute conservation error = 0.0002443459644

Initial gasEnergy = 0.01332031034
	absolute conservation error = 1.214306433e-17
	relative conservation error = 9.116202267e-16

Initial gasInternalEnergy = 0
	absolute conservation error = 0.01133206688

Performance figure-of-merit: 0.02313075627 μs/zone-update [43.23248182 Mupdates/s]
Zone-updates on level 0: 209715200
Zone-updates on level 1: 26214400

Writing plotfile SedovAMR-GPU_plt0000100
elapsed time: 10.18378149 seconds.


TinyProfiler total time across processes [min...avg...max]: 10.18 ... 10.18 ... 10.18

--------------------------------------------------------------------------------------------------------
Name                                                     NCalls  Excl. Min  Excl. Avg  Excl. Max   Max %
--------------------------------------------------------------------------------------------------------
VisMF::Write(FabArray)                                        4      2.202      2.202      2.202  21.63%
WriteBinaryParticleData()                                     2      2.136      2.136      2.136  20.97%
QuokkaSimulation::computeHydroFluxes()                      400      1.924      1.924      1.924  18.89%
HyperbolicSystem::ReconstructStatesPPM(MultiFabs)          1200     0.7752     0.7752     0.7752   7.61%
QuokkaSimulation::computeFOHydroFluxes()                    200     0.4867     0.4867     0.4867   4.78%
QuokkaSimulation::advanceHydroAtLevel()                     200     0.4201     0.4201     0.4201   4.13%
FabArray::Saxpy()                                          2400     0.3393     0.3393     0.3393   3.33%
FluxRegister::Reflux()                                      600     0.3389     0.3389     0.3389   3.33%
FabArray::setVal()                                         2902     0.2131     0.2131     0.2131   2.09%
ParticleContainer<NSR, NSI, NAR, NAI>::InitOnePerCell()       1     0.1778     0.1778     0.1778   1.75%
AmrMesh::MakeNewGrids()                                      51     0.1733     0.1733     0.1733   1.70%
PhysBCFunct::()                                             609     0.1575     0.1575     0.1575   1.55%
ParticleContainer::WriteParticles()                           4     0.1558     0.1558     0.1558   1.53%
amrex::Copy()                                               628     0.1227     0.1227     0.1227   1.20%
AMRSimulation::incrementFluxRegisters()                     200     0.1175     0.1175     0.1175   1.15%
TracerParticleContainer::AdvectWithUmac()                   200     0.1056     0.1056     0.1056   1.04%
Redistribute_partition                                      151    0.06835    0.06835    0.06835   0.67%
HydroSystem::PredictStep()                                  400    0.04032    0.04032    0.04032   0.40%
ParticleContainer::RedistributeGPU()                        151     0.0331     0.0331     0.0331   0.33%
FabArray::ParallelCopy_nowait()                            1760     0.0275     0.0275     0.0275   0.27%
QuokkaSimulation::computeMaxSignalLocal()                   200    0.02229    0.02229    0.02229   0.22%
QuokkaSimulation::advanceSingleTimestepAtLevel()            200    0.02205    0.02205    0.02205   0.22%
FillPatchInterp(MF)                                         203    0.01921    0.01921    0.01921   0.19%
AMRSimulation::WritePlotFile()                                2   0.006968   0.006968   0.006968   0.07%
WriteMultiLevelPlotfile()                                     2   0.006261   0.006261   0.006261   0.06%
FillPatcher::fillCFB                                        200   0.006182   0.006182   0.006182   0.06%
AMRSimulation::computeTimestepAtLevel()                     200   0.005435   0.005435   0.005435   0.05%
AMRSimulation::evolve()                                       1   0.003106   0.003106   0.003106   0.03%
AMRSimulation::setInitialConditions()                         1   0.002048   0.002048   0.002048   0.02%
AMRSimulation::timeStepWithSubcycling()                     200   0.001603   0.001603   0.001603   0.02%
REG::HydroSolver                                            200   0.001257   0.001257   0.001257   0.01%
AMRSimulation::fillBoundaryConditions()                     406   0.001089   0.001089   0.001089   0.01%
AMRSimulation::FillPatchWithData()                          203  0.0008837  0.0008837  0.0008837   0.01%
FabArray::ParallelCopy()                                   1760  0.0007943  0.0007943  0.0007943   0.01%
FillPatcher::fill()                                         200  0.0002002  0.0002002  0.0002002   0.00%
FillPatchSingleLevel                                        206  0.0001494  0.0001494  0.0001494   0.00%
AMRSimulation::computeTimestep()                            100  7.317e-05  7.317e-05  7.317e-05   0.00%
AMRSimulation::InitParticles()                                1  1.624e-05  1.624e-05  1.624e-05   0.00%
Other                                                      8344    0.06833    0.06833    0.06833   0.67%
--------------------------------------------------------------------------------------------------------

--------------------------------------------------------------------------------------------------------
Name                                                     NCalls  Incl. Min  Incl. Avg  Incl. Max   Max %
--------------------------------------------------------------------------------------------------------
AMRSimulation::evolve()                                       1      7.735      7.735      7.735  75.95%
AMRSimulation::timeStepWithSubcycling()                     200      5.412      5.412      5.412  53.15%
QuokkaSimulation::advanceSingleTimestepAtLevel()            200      4.661      4.661      4.661  45.76%
REG::HydroSolver                                            200      4.638      4.638      4.638  45.55%
AMRSimulation::WritePlotFile()                                2      4.519      4.519      4.519  44.37%
QuokkaSimulation::advanceHydroAtLevel()                     200      4.516      4.516      4.516  44.35%
QuokkaSimulation::computeHydroFluxes()                      400      2.699      2.699      2.699  26.51%
AMRSimulation::setInitialConditions()                         1      2.442      2.442      2.442  23.98%
WriteBinaryParticleData()                                     2      2.292      2.292      2.292  22.50%
WriteMultiLevelPlotfile()                                     2      2.217      2.217      2.217  21.77%
VisMF::Write(FabArray)                                        4      2.202      2.202      2.202  21.63%
HyperbolicSystem::ReconstructStatesPPM(MultiFabs)          1200     0.7752     0.7752     0.7752   7.61%
QuokkaSimulation::computeFOHydroFluxes()                    200     0.4867     0.4867     0.4867   4.78%
FluxRegister::Reflux()                                      600     0.4638     0.4638     0.4638   4.55%
FabArray::Saxpy()                                          2400     0.3393     0.3393     0.3393   3.33%
FabArray::setVal()                                         2902     0.2131     0.2131     0.2131   2.09%
AMRSimulation::fillBoundaryConditions()                     406     0.2019     0.2019     0.2019   1.98%
AMRSimulation::InitParticles()                                1     0.1807     0.1807     0.1807   1.77%
ParticleContainer<NSR, NSI, NAR, NAI>::InitOnePerCell()       1     0.1802     0.1802     0.1802   1.77%
AmrMesh::MakeNewGrids()                                      51     0.1801     0.1801     0.1801   1.77%
PhysBCFunct::()                                             609     0.1575     0.1575     0.1575   1.55%
ParticleContainer::WriteParticles()                           4     0.1558     0.1558     0.1558   1.53%
AMRSimulation::incrementFluxRegisters()                     200     0.1323     0.1323     0.1323   1.30%
amrex::Copy()                                               628     0.1227     0.1227     0.1227   1.20%
ParticleContainer::RedistributeGPU()                        151     0.1103     0.1103     0.1103   1.08%
TracerParticleContainer::AdvectWithUmac()                   200     0.1056     0.1056     0.1056   1.04%
AMRSimulation::FillPatchWithData()                          203    0.09789    0.09789    0.09789   0.96%
FillPatcher::fill()                                         200    0.09517    0.09517    0.09517   0.93%
Redistribute_partition                                      151    0.06835    0.06835    0.06835   0.67%
FillPatcher::fillCFB                                        200    0.06416    0.06416    0.06416   0.63%
AMRSimulation::computeTimestep()                            100    0.04192    0.04192    0.04192   0.41%
AMRSimulation::computeTimestepAtLevel()                     200    0.04185    0.04185    0.04185   0.41%
HydroSystem::PredictStep()                                  400    0.04032    0.04032    0.04032   0.40%
FillPatchSingleLevel                                        206    0.03188    0.03188    0.03188   0.31%
FabArray::ParallelCopy()                                   1760    0.02967    0.02967    0.02967   0.29%
FabArray::ParallelCopy_nowait()                            1760    0.02854    0.02854    0.02854   0.28%
QuokkaSimulation::computeMaxSignalLocal()                   200    0.02229    0.02229    0.02229   0.22%
FillPatchInterp(MF)                                         203    0.01921    0.01921    0.01921   0.19%
Other                                                      8344    0.09167    0.09167    0.09167   0.90%
--------------------------------------------------------------------------------------------------------



BEGIN REGION HydroSolver

--------------------------------------------------------------------------------------------------
Name                                               NCalls  Excl. Min  Excl. Avg  Excl. Max   Max %
--------------------------------------------------------------------------------------------------
QuokkaSimulation::computeHydroFluxes()                400      1.924      1.924      1.924  18.89%
HyperbolicSystem::ReconstructStatesPPM(MultiFabs)    1200     0.7752     0.7752     0.7752   7.61%
QuokkaSimulation::computeFOHydroFluxes()              200     0.4867     0.4867     0.4867   4.78%
QuokkaSimulation::advanceHydroAtLevel()               200     0.4201     0.4201     0.4201   4.13%
FabArray::Saxpy()                                    2400     0.3393     0.3393     0.3393   3.33%
PhysBCFunct::()                                       600     0.1545     0.1545     0.1545   1.52%
amrex::Copy()                                         600     0.1209     0.1209     0.1209   1.19%
AMRSimulation::incrementFluxRegisters()               200     0.1175     0.1175     0.1175   1.15%
TracerParticleContainer::AdvectWithUmac()             200     0.1056     0.1056     0.1056   1.04%
FabArray::setVal()                                   2100    0.09034    0.09034    0.09034   0.89%
HydroSystem::PredictStep()                            400    0.04032    0.04032    0.04032   0.40%
FillPatcher::fillCFB                                  200   0.006182   0.006182   0.006182   0.06%
REG::HydroSolver                                      200   0.001257   0.001257   0.001257   0.01%
AMRSimulation::FillPatchWithData()                    200  0.0008809  0.0008809  0.0008809   0.01%
AMRSimulation::fillBoundaryConditions()               400  0.0004683  0.0004683  0.0004683   0.00%
FillPatcher::fill()                                   200  0.0002002  0.0002002  0.0002002   0.00%
FillPatchSingleLevel                                  200  0.0001444  0.0001444  0.0001444   0.00%
Other                                                6600     0.0547     0.0547     0.0547   0.54%
--------------------------------------------------------------------------------------------------

--------------------------------------------------------------------------------------------------
Name                                               NCalls  Incl. Min  Incl. Avg  Incl. Max   Max %
--------------------------------------------------------------------------------------------------
REG::HydroSolver                                      200      4.638      4.638      4.638  45.55%
QuokkaSimulation::advanceHydroAtLevel()               200      4.516      4.516      4.516  44.35%
QuokkaSimulation::computeHydroFluxes()                400      2.699      2.699      2.699  26.51%
HyperbolicSystem::ReconstructStatesPPM(MultiFabs)    1200     0.7752     0.7752     0.7752   7.61%
QuokkaSimulation::computeFOHydroFluxes()              200     0.4867     0.4867     0.4867   4.78%
FabArray::Saxpy()                                    2400     0.3393     0.3393     0.3393   3.33%
AMRSimulation::fillBoundaryConditions()               400     0.1968     0.1968     0.1968   1.93%
PhysBCFunct::()                                       600     0.1545     0.1545     0.1545   1.52%
AMRSimulation::incrementFluxRegisters()               200     0.1323     0.1323     0.1323   1.30%
amrex::Copy()                                         600     0.1209     0.1209     0.1209   1.19%
TracerParticleContainer::AdvectWithUmac()             200     0.1056     0.1056     0.1056   1.04%
AMRSimulation::FillPatchWithData()                    200    0.09605    0.09605    0.09605   0.94%
FillPatcher::fill()                                   200    0.09517    0.09517    0.09517   0.93%
FabArray::setVal()                                   2100    0.09034    0.09034    0.09034   0.89%
FillPatcher::fillCFB                                  200    0.06416    0.06416    0.06416   0.63%
HydroSystem::PredictStep()                            400    0.04032    0.04032    0.04032   0.40%
FillPatchSingleLevel                                  200    0.03081    0.03081    0.03081   0.30%
Other                                                6600    0.07671    0.07671    0.07671   0.75%
--------------------------------------------------------------------------------------------------

END REGION HydroSolver
Unused ParmParse Variables:
  [TOP]::amr.checkpoint_files_output(nvals = 1)  :: [0]

Device Memory Usage:
-----------------------------------------------------------------------------------
Name                                                     Nalloc    AvgMem    MaxMem
-----------------------------------------------------------------------------------
The_Arena::Initialize()                                       1  4506   B    23 GiB
QuokkaSimulation::computeHydroFluxes()                    15600   366 MiB  1484 MiB
QuokkaSimulation::computeFOHydroFluxes()                   8000   179 MiB  1426 MiB
QuokkaSimulation::advanceHydroAtLevel()                    4400   182 MiB   573 MiB
AMRSimulation::MakeNewLevelFromScratch()                     12   315 MiB   315 MiB
REG::HydroSolver                                            400    98 MiB   251 MiB
AMRSimulation::WritePlotFile()                                4    64 MiB   145 MiB
ParticleContainer::WriteParticles()                          24   366 KiB   118 MiB
AMRSimulation::incrementFluxRegisters()                    1800  1317 KiB   112 MiB
ParticleContainer<NSR, NSI, NAR, NAI>::InitOnePerCell()       1   110 MiB   112 MiB
FluxRegister::Reflux()                                      600  4499 KiB    96 MiB
WriteMultiLevelPlotfile()                                     4    18 MiB    96 MiB
ResizeRandomSeed                                              1    29 MiB    30 MiB
AMRSimulation::evolve()                                       1   464   B    16 MiB
AMRSimulation::timeStepWithSubcycling()                     100   749 KiB    16 MiB
WriteBinaryParticleData()                                    10  1844 KiB  8370 KiB
FillPatcher::fillCFB                                       1600   718 KiB  6451 KiB
FillPatchTwoLevels                                           18   345   B  4676 KiB
FillPatchInterp(MF)                                        1327  4987   B  2661 KiB
AmrMesh::MakeNewGrids()                                     102    40 KiB  2349 KiB
Redistribute_partition                                      609    13 KiB  2320 KiB
amrex::unpackBuffer                                           1  1782 KiB  1821 KiB
amrex::packBuffer                                             1   189   B  1795 KiB
amrex::average_down                                         101   855   B  1536 KiB
ParticleContainer::RedistributeGPU()                          5   390   B   720 KiB
VisMF::Write(FabArray)                                       24    42   B   320 KiB
FabArray::norminf()                                         202   316   B   160 KiB
FabArray::sum()                                              15    16   B   160 KiB
iMultiFab::sum()                                            400   202   B   160 KiB
MultiFab::max()                                             200    98   B   160 KiB
ParticleCopyPlan::build                                     907    16   B   130 KiB
MultiFab::contains_nan()                                      4   255   B    20 KiB
TagBoxArray::mapPRD                                         102     0   B  1728   B
DenseBins<T>::buildGPU                                       12   156   B   928   B
PhysBCFunct::()                                            2639     9   B   880   B
OwnerMask()                                                  51     0   B   864   B
HyperbolicSystem::ReconstructStatesPPM(MultiFabs)          2400   133   B   768   B
FabArray::ParallelCopy_nowait()                             406     0   B   544   B
HydroSystem::PredictStep()                                  202   223   B   384   B
TagBoxArray::collate()                                      153     0   B   128   B
ParticleBufferMap::define                                     3    46   B    48   B
AMRSimulation::computeTimestepAtLevel()                     200     0   B    16   B
-----------------------------------------------------------------------------------

Managed Memory Usage:
---------------------------------------------------------
Name                             Nalloc  AvgMem    MaxMem
---------------------------------------------------------
The_Managed_Arena::Initialize()       1   0   B  8192 KiB
---------------------------------------------------------

Pinned Memory Usage:
-----------------------------------------------------------------------------------
Name                                                     Nalloc    AvgMem    MaxMem
-----------------------------------------------------------------------------------
ParticleContainer<NSR, NSI, NAR, NAI>::InitOnePerCell()      38  1573 KiB   243 MiB
VisMF::Write(FabArray)                                       28   784 KiB    96 MiB
The_Pinned_Arena::Initialize()                                1     0   B  8192 KiB
QuokkaSimulation::computeFOHydroFluxes()                   4000   410   B  2560   B
QuokkaSimulation::computeHydroFluxes()                     6400   381   B  2048   B
FillPatchInterp(MF)                                         515    96   B  1600   B
FillPatcher::fillCFB                                        400   145   B  1376   B
QuokkaSimulation::advanceHydroAtLevel()                    2200    47   B  1024   B
PhysBCFunct::()                                            2639     9   B   880   B
HyperbolicSystem::ReconstructStatesPPM(MultiFabs)          2400   133   B   768   B
FabArray::ParallelCopy_nowait()                             406     0   B   544   B
ParticleContainer::RedistributeGPU()                        156   126   B   480   B
HydroSystem::PredictStep()                                  202   223   B   384   B
MultiFab::contains_nan()                                      4   255   B   272   B
FabArray::norminf()                                         202   194   B   272   B
TagBoxArray::collate()                                      204     0   B   192   B
AMRSimulation::incrementFluxRegisters()                     600     0   B   176   B
FabArray::sum()                                              15     0   B   144   B
WriteBinaryParticleData()                                     6     0   B    16   B
AMRSimulation::computeTimestepAtLevel()                     200     0   B    16   B
iMultiFab::sum()                                            400     0   B    16   B
Redistribute_partition                                      301     0   B    16   B
ParticleCopyPlan::build                                     151     0   B    16   B
ParticleContainer::WriteParticles()                           4     0   B    16   B
MultiFab::max()                                             200     0   B    16   B
-----------------------------------------------------------------------------------

Comms Memory Usage:
-------------------------------------------------------
Name                           Nalloc  AvgMem    MaxMem
-------------------------------------------------------
The_Comms_Arena::Initialize()       1   0   B  8192 KiB
-------------------------------------------------------

Total GPU global memory (MB) spread across MPI: [32494 ... 32494]
Free  GPU global memory (MB) spread across MPI: [7636 ... 7636]
[The         Arena] max space (MB) allocated spread across MPI: [24370 ... 24370]
[The         Arena] max space (MB) used      spread across MPI: [3035 ... 3035]
[The Managed Arena] max space (MB) allocated spread across MPI: [8 ... 8]
[The Managed Arena] max space (MB) used      spread across MPI: [0 ... 0]
[The  Pinned Arena] max space (MB) allocated spread across MPI: [312 ... 312]
[The  Pinned Arena] max space (MB) used      spread across MPI: [243 ... 243]
[The   Comms Arena] max space (MB) allocated spread across MPI: [8 ... 8]
[The   Comms Arena] max space (MB) used      spread across MPI: [0 ... 0]
AMReX (26.01-24-gfde4d987226e) finalized
