Already up to date.
Already up to date.
Your branch is up to date with 'origin/development'.
Already on 'development'
Updating 3fcfcce26..b3f67385e
Fast-forward
 .github/workflows/apps.yml      |   3 +-
 Src/Base/AMReX_MultiFabUtil.H   |   2 +-
 Src/Base/AMReX_MultiFabUtil.cpp |   2 +-
 Src/Base/AMReX_Periodicity.H    |   2 +
 Src/FFT/AMReX_FFT.cpp           | 231 +++++++++++++++++++++++
 Src/FFT/AMReX_FFT_Helper.H      |  79 ++++++++
 Src/FFT/AMReX_FFT_Poisson.H     |  76 ++++++--
 Src/FFT/AMReX_FFT_R2C.H         | 261 +++++++++++++++++++++----
 Src/FFT/AMReX_FFT_R2X.H         | 409 +++++++++++++++++++++++++++++++---------
 Tests/FFT/Poisson/main.cpp      |  23 ++-
 10 files changed, 929 insertions(+), 159 deletions(-)
Your branch is up to date with 'origin/development'.
Already on 'development'
Already up to date.
Your branch is up to date with 'origin/development'.
Already on 'development'
Updating b3f67385e..d9c576086
Fast-forward
 CHANGES | 21 +++++++++++++++++++++
 1 file changed, 21 insertions(+)
Your branch is up to date with 'origin/development'.
Already on 'development'
Already up to date.
Your branch is up to date with 'origin/development'.
Already on 'development'
Updating d9c576086..3a34576c9
Fast-forward
 Src/Base/AMReX_ParmParse.H   | 2 +-
 Src/Base/AMReX_SmallMatrix.H | 6 ++++++
 Src/EB/AMReX_EBData.H        | 8 ++++----
 3 files changed, 11 insertions(+), 5 deletions(-)
Your branch is up to date with 'origin/development'.
Already on 'development'
Updating 3a34576c9..041f225dc
Fast-forward
 Src/FFT/AMReX_FFT_R2C.H                       |   2 +-
 Src/Particle/AMReX_NeighborParticlesGPUImpl.H |   2 +-
 Src/Particle/AMReX_ParticleContainerBase.H    |   1 +
 Src/Particle/AMReX_ParticleContainerBase.cpp  |   1 +
 Src/Particle/AMReX_ParticleContainerI.H       |   3 +-
 Tools/CMake/FindAMReXFFTW.cmake               | 141 ++++++++++++++++++++++----
 6 files changed, 125 insertions(+), 25 deletions(-)
Your branch is up to date with 'origin/development'.
Already on 'development'
Updating 041f225dc..e761abff9
Fast-forward
 Src/Base/AMReX_ParmParse.cpp      |  3 ++-
 Src/EB/AMReX_EBDataCollection.cpp | 27 +++++++++++++--------------
 Tools/CMake/FindAMReXFFTW.cmake   | 14 ++++++++------
 3 files changed, 23 insertions(+), 21 deletions(-)
Your branch is up to date with 'origin/development'.
Already on 'development'
Updating e761abff9..bd2d730d9
Fast-forward
 .codespell-ignore-words                            |   1 +
 .github/workflows/hypre.yml                        |  10 +-
 .github/workflows/intel.yml                        |  55 -----------
 .github/workflows/petsc.yml                        |  13 +--
 Docs/sphinx_documentation/source/BuildingAMReX.rst |   4 +-
 Src/Amr/AMReX_Amr.cpp                              |   1 +
 Src/Amr/AMReX_StateData.cpp                        |   6 +-
 Src/AmrCore/AMReX_AmrCore.cpp                      |   1 +
 Src/AmrCore/AMReX_Cluster.H                        |   2 +-
 Src/Base/AMReX_BLProfiler.H                        |   2 +-
 Src/Base/AMReX_BoxDomain.H                         |   2 +-
 Src/Base/AMReX_CTOParallelForImpl.H                |   9 --
 Src/Base/AMReX_DistributionMapping.H               |   2 +
 Src/Base/AMReX_DistributionMapping.cpp             |   2 +
 Src/Base/AMReX_NonLocalBC.H                        |   2 +-
 Src/Base/AMReX_OpenMP.cpp                          |   2 +-
 Src/Base/AMReX_ParmParse.cpp                       |   2 +-
 Src/Base/AMReX_TinyProfiler.cpp                    |   4 +-
 Src/Base/AMReX_VisMF.cpp                           |   2 +-
 Src/Extern/HYPRE/AMReX_HypreSolver.H               |  33 ++++---
 Src/LinearSolvers/AMReX_GMRES.H                    |   2 +-
 Src/LinearSolvers/MLMG/AMReX_MLCellLinOp.H         |  12 +--
 Src/Particle/AMReX_NeighborParticles.H             |   9 +-
 Src/Particle/AMReX_ParticleContainer.H             |  45 ++++++++-
 Src/Particle/AMReX_ParticleContainerI.H            | 108 ++++++++++++++++++---
 Tools/GNUMake/packages/Make.petsc                  |   2 +-
 26 files changed, 202 insertions(+), 131 deletions(-)
Your branch is up to date with 'origin/development'.
Already on 'development'
Updating bd2d730d9..0f46a1615
Fast-forward
 Src/Base/AMReX_ParmParse.cpp                        | 2 +-
 Src/Extern/HDF5/AMReX_ParticleHDF5.H                | 4 ++++
 Src/Extern/HDF5/AMReX_ParticleUtilHDF5.H            | 5 +++++
 Src/Extern/HDF5/AMReX_WriteBinaryParticleDataHDF5.H | 4 ++++
 Src/Particle/AMReX_MakeParticle.H                   | 4 ++++
 Src/Particle/AMReX_NeighborParticles.H              | 4 ++--
 Src/Particle/AMReX_NeighborParticlesCPUImpl.H       | 4 ++++
 Src/Particle/AMReX_NeighborParticlesGPUImpl.H       | 4 ++++
 Src/Particle/AMReX_NeighborParticlesI.H             | 4 ++++
 Src/Particle/AMReX_ParticleBufferMap.cpp            | 4 +++-
 Src/Particle/AMReX_ParticleCommunication.cpp        | 6 ++++--
 Src/Particle/AMReX_ParticleContainer.H              | 3 +--
 Src/Particle/AMReX_ParticleContainerBase.cpp        | 4 +++-
 Src/Particle/AMReX_ParticleContainerI.H             | 3 +++
 Src/Particle/AMReX_ParticleIO.H                     | 4 ++++
 Src/Particle/AMReX_ParticleInit.H                   | 5 +++++
 Src/Particle/AMReX_ParticleUtil.cpp                 | 2 +-
 Src/Particle/AMReX_WriteBinaryParticleData.H        | 4 ++++
 Tests/Amr/Advection_AmrCore/Exec/paraview_amr101.py | 4 ++--
 Tools/CMake/AMReXGenexHelpers.cmake                 | 6 +++---
 20 files changed, 65 insertions(+), 15 deletions(-)
Your branch is up to date with 'origin/development'.
Already on 'development'
Updating 0f46a1615..4b34f9c89
Fast-forward
 .github/workflows/windows.yml                  |  31 ++-
 Src/Base/AMReX_BoxList.cpp                     |   8 +-
 Src/Base/AMReX_FabArray.H                      | 259 +++++++++----------------
 Src/Base/AMReX_FabArrayBase.cpp                |  12 +-
 Src/Base/AMReX_GpuLaunch.nolint.H              |  27 ++-
 Src/Base/AMReX_GpuLaunchMacrosC.nolint.H       |  37 ++--
 Src/Base/AMReX_GpuLaunchMacrosG.nolint.H       | 112 +++++++++--
 Src/Base/AMReX_GpuUtility.H                    |  10 +-
 Src/Base/AMReX_MultiFab.cpp                    |   4 +
 Src/Base/AMReX_NonLocalBC.H                    |   4 +
 Src/Base/AMReX_PODVector.H                     |  16 ++
 Src/EB/AMReX_EB2_2D_C.cpp                      |  20 +-
 Src/EB/AMReX_EB2_3D_C.cpp                      |  26 +--
 Src/EB/AMReX_EBFluxRegister_3D_C.H             |   4 +-
 Src/EB/AMReX_EB_STL_utils.cpp                  |  10 +-
 Src/EB/AMReX_EB_Slopes_2D_K.H                  |   6 +-
 Src/EB/AMReX_EB_Slopes_3D_K.H                  |   6 +-
 Src/EB/AMReX_EB_StateRedistSlopeLimiter_K.H    |   6 +-
 Src/FFT/AMReX_FFT_Poisson.H                    |   4 +-
 Src/FFT/AMReX_FFT_R2C.H                        |  98 ++++++----
 Src/FFT/AMReX_FFT_R2X.H                        | 115 ++++++-----
 Src/LinearSolvers/AMReX_GMRES.H                |   4 +-
 Src/LinearSolvers/MLMG/AMReX_MLABecLaplacian.H |  34 +++-
 Src/LinearSolvers/MLMG/AMReX_MLALaplacian.H    |  64 +++---
 Src/LinearSolvers/MLMG/AMReX_MLCellLinOp.H     |  22 ++-
 Src/LinearSolvers/MLMG/AMReX_MLPoisson.H       |  36 ++--
 Src/Particle/AMReX_ParticleContainerI.H        |   4 +
 Src/Particle/AMReX_ParticleUtil.H              |  26 +--
 Tests/DeviceGlobal/CMakeLists.txt              |   4 +
 Tests/EB_CNS/Source/hydro/CNS_hydro_K.H        |   4 +-
 Tests/GPU/CNS/Source/hydro/CNS_hydro_K.H       |   4 +-
 Tests/LinearSolvers/ABecLap_SP/CMakeLists.txt  |   4 +
 Tools/CMake/AMReXOptions.cmake                 |   2 +-
 33 files changed, 570 insertions(+), 453 deletions(-)
Already up to date.
Your branch is up to date with 'origin/development'.
Already on 'development'
Updating 4b34f9c89..69f1ac884
Fast-forward
 Src/Base/AMReX_GpuDevice.cpp                 |  5 +++--
 Src/Base/AMReX_TagParallelFor.H              |  8 ++++----
 Src/LinearSolvers/AMReX_SpMatrix.H           | 30 ++++++++++++++++++++++++++++
 Src/Particle/AMReX_WriteBinaryParticleData.H |  4 ++--
 4 files changed, 39 insertions(+), 8 deletions(-)
Your branch is up to date with 'origin/development'.
Already on 'development'
Already up to date.
Your branch is up to date with 'origin/development'.
Already on 'development'
Already up to date.
