/data/mash/cche/azp-agent-in-docker-cuda/azp-agent-avatargpu/regression-tests/amrex/Tools/Plotfile//fcompare.gnu.ex --abort_if_not_all_found -n 0 /data/mash/cche/azp-agent-in-docker-cuda/azp-agent-avatargpu/regression-tests/quokka-benchmarks/DiskGalaxy-GPU_plt02000 DiskGalaxy-GPU_plt02000

            variable name            absolute error            relative error
                                        (||A - B||)         (||A - B||/||A||)
 ----------------------------------------------------------------------------
 level = 0
 gasDensity                         2.985008905e-27             0.02706610142
 x-GasMomentum                        4.8820222e-20             0.03684897118
 y-GasMomentum                      4.573239302e-20             0.02832512692
 z-GasMomentum                      8.349286949e-21             0.07423851928
 gasEnergy                           7.19235007e-13             0.02849960457
 gasInternalEnergy                  2.622006457e-13             0.04809298763
 temperature                             191978.117              0.1246049489
 gpot                                4.52922589e+11           0.0002638729775
 level = 1
 gasDensity                         1.718051982e-26             0.03232285794
 x-GasMomentum                      2.436300742e-19             0.03579698068
 y-GasMomentum                      3.253106585e-19              0.0446144279
 z-GasMomentum                      4.619409411e-20             0.07978693563
 gasEnergy                           4.54124678e-12             0.04243884994
 gasInternalEnergy                  1.420640473e-12             0.06026369867
 temperature                            1236630.903              0.1869888321
 gpot                               1.383681864e+12           0.0006709672827
 level = 2
 gasDensity                         7.637059825e-26             0.03881778646
 x-GasMomentum                      1.029977636e-18             0.04840649053
 y-GasMomentum                      1.518769875e-18             0.06778482035
 z-GasMomentum                      3.099085679e-19               0.137982429
 gasEnergy                          1.547340005e-11             0.05816356329
 gasInternalEnergy                  1.066068097e-11              0.1761985798
 temperature                            41552458.41              0.4307195728
 gpot                               2.371792023e+12            0.001004897191
 level = 3
 gasDensity                         3.931844949e-25             0.05994808366
 x-GasMomentum                      4.053146195e-18             0.06028940297
 y-GasMomentum                      4.891612424e-18             0.07776220818
 z-GasMomentum                      2.118548588e-18              0.1889705461
 gasEnergy                          5.576192032e-11             0.08571594975
 gasInternalEnergy                  3.253641226e-11              0.1856036749
 temperature                            317502289.3              0.7077593165
 gpot                               6.008223787e+12            0.002312479576
 level = 4
 gasDensity                            2.058502e-24             0.07693302857
 x-GasMomentum                      1.803017743e-17             0.07228216967
 y-GasMomentum                      2.097886017e-17              0.1168524514
 z-GasMomentum                      1.810749343e-17              0.2577782721
 gasEnergy                          1.890363584e-10               0.108036564
 gasInternalEnergy                    9.1290856e-11              0.2170912577
 temperature                            662775823.2               1.281865153
 gpot                               1.219860747e+13            0.004381527454
 level = 5
 gasDensity                         1.011382992e-23             0.08355642083
 x-GasMomentum                      8.233954804e-17             0.09194868944
 y-GasMomentum                      7.818698222e-17              0.1289892114
 z-GasMomentum                      9.999594161e-17              0.2684720171
 gasEnergy                          7.943313206e-10              0.2142227788
 gasInternalEnergy                  9.918136543e-11               3.661120584
 temperature                            828901839.9               1.252936076
 gpot                               2.226445937e+13            0.007614078982
/data/mash/cche/azp-agent-in-docker-cuda/azp-agent-avatargpu/regression-tests/amrex/Tools/Postprocessing/C_Src//particle_compare.exe /data/mash/cche/azp-agent-in-docker-cuda/azp-agent-avatargpu/regression-tests/quokka-benchmarks/DiskGalaxy-GPU_plt02000 DiskGalaxy-GPU_plt02000 tracer_particles

-----------------------------------------------------------------------
tracer_particles
tracer_particles_position_x         1.46030474e+21        3.78274494e-02        
tracer_particles_position_y         1.77226663e+21        4.58844998e-02        
tracer_particles_position_z         1.17111482e+21        9.10109253e-02        
tracer_particles_real_comp0         1.84389637e+07        2.64084989e+00        
tracer_particles_real_comp1         3.01589088e+07        4.24895710e+00        
tracer_particles_real_comp2         1.37519604e+07        4.26793903e+00        
tracer_particles_id                 0.00000000e+00        0.00000000e+00        
tracer_particles_cpu                0.00000000e+00        0.00000000e+00        

 PARTICLES DISAGREE to relative tolerance 0
/data/mash/cche/azp-agent-in-docker-cuda/azp-agent-avatargpu/regression-tests/amrex/Tools/Postprocessing/C_Src//particle_compare.exe /data/mash/cche/azp-agent-in-docker-cuda/azp-agent-avatargpu/regression-tests/quokka-benchmarks/DiskGalaxy-GPU_plt02000 DiskGalaxy-GPU_plt02000 CIC_particles
FAIL - Particle data headers do not agree. 
/data/mash/cche/azp-agent-in-docker-cuda/azp-agent-avatargpu/regression-tests/amrex/Tools/Postprocessing/C_Src//particle_compare.exe /data/mash/cche/azp-agent-in-docker-cuda/azp-agent-avatargpu/regression-tests/quokka-benchmarks/DiskGalaxy-GPU_plt02000 DiskGalaxy-GPU_plt02000 StochasticStellarPop_particles
FAIL - Particle data headers do not agree. 
