Already up to date.
Already up to date.
Already up to date.
Already up to date.
Updating 8ae75e14..6ffce885
Fast-forward
 regression/quokka-tests.ini | 2 ++
 1 file changed, 2 insertions(+)
Already up to date.
Updating 6ffce885..f186b378
Fast-forward
 regression/quokka-tests.ini | 6 ++----
 1 file changed, 2 insertions(+), 4 deletions(-)
Already up to date.
Already up to date.
Already up to date.
Already up to date.
Already up to date.
Already up to date.
Already up to date.
Already up to date.
Already up to date.
Already up to date.
Already up to date.
Already up to date.
Already up to date.
Already up to date.
Already up to date.
Already up to date.
Your branch is up to date with 'origin/BenWibking/add-regression-testing'.
Already on 'BenWibking/add-regression-testing'
Already up to date.
Already up to date.
Already up to date.
Your branch is up to date with 'origin/BenWibking/add-regression-testing'.
Already on 'BenWibking/add-regression-testing'
Already up to date.
Already up to date.
Your branch is up to date with 'origin/BenWibking/add-regression-testing'.
Already on 'BenWibking/add-regression-testing'
Updating f186b378..a62125cf
Fast-forward
 extern/regression_testing   | 2 +-
 regression/quokka-tests.ini | 3 ++-
 2 files changed, 3 insertions(+), 2 deletions(-)
Updating a62125cf..3b58d9f5
Fast-forward
 extern/regression_testing | 2 +-
 1 file changed, 1 insertion(+), 1 deletion(-)
Your branch is up to date with 'origin/BenWibking/add-regression-testing'.
Already on 'BenWibking/add-regression-testing'
Updating 3b58d9f5..413cd97f
Fast-forward
 regression/quokka-tests.ini | 21 ++++++++++++++++++---
 tests/blast_unigrid_128.in  |  2 ++
 2 files changed, 20 insertions(+), 3 deletions(-)
Updating 413cd97f..7a38fd10
Fast-forward
 regression/quokka-tests.ini | 4 ++--
 1 file changed, 2 insertions(+), 2 deletions(-)
Updating 7a38fd10..d6ec8ffb
Fast-forward
 regression/quokka-tests.ini | 4 ++--
 1 file changed, 2 insertions(+), 2 deletions(-)
Updating d6ec8ffb..ecf58446
Fast-forward
 regression/quokka-tests.ini    |  2 +-
 tests/blast_32.in              |  4 ++--
 tests/blast_unigrid_128_cpu.in | 38 ++++++++++++++++++++++++++++++++++++++
 3 files changed, 41 insertions(+), 3 deletions(-)
 create mode 100644 tests/blast_unigrid_128_cpu.in
Your branch is up to date with 'origin/BenWibking/add-regression-testing'.
Already on 'BenWibking/add-regression-testing'
Already up to date.
Your branch is up to date with 'origin/BenWibking/add-regression-testing'.
Already on 'BenWibking/add-regression-testing'
Already up to date.
Your branch is up to date with 'origin/BenWibking/add-regression-testing'.
Already on 'BenWibking/add-regression-testing'
Updating ecf58446..010bcbf3
Fast-forward
 regression/quokka-tests.ini           | 33 ++++++++++++++++++---------------
 tests/blast_unigrid_128.in            |  2 --
 tests/blast_unigrid_128_regression.in | 29 +++++++++++++++++++++++++++++
 3 files changed, 47 insertions(+), 17 deletions(-)
 create mode 100644 tests/blast_unigrid_128_regression.in
