/priv/avatar/cche/azp-agent-in-docker-cuda/azp-agent-avatargpu/regression-tests/amrex/Tools/Plotfile//fcompare.gnu.ex --abort_if_not_all_found -n 0 --rel_tol 0.002 /priv/avatar/cche/azp-agent-in-docker-cuda/azp-agent-avatargpu/regression-tests/quokka-benchmarks/DiskGalaxy-GPU_plt0000300 DiskGalaxy-GPU_plt0000300

            variable name            absolute error            relative error
                                        (||A - B||)         (||A - B||/||A||)
 ----------------------------------------------------------------------------
 level = 0
 gasDensity                         9.428793756e-32           8.913796159e-07
 x-GasMomentum                       1.19316516e-24           8.798623897e-07
 y-GasMomentum                      1.112937935e-24           7.239505968e-07
 z-GasMomentum                      6.703212522e-25           5.260178859e-06
 gasEnergy                          1.685848093e-17           7.045378212e-07
 gasInternalEnergy                   7.08172577e-18            1.27698656e-06
 scalar_0                           3.417168393e-41           1.842245051e-06
 x-BField                            2.10810867e-15           1.190762545e-06
 y-BField                             7.1304964e-16           3.708666235e-07
 z-BField                           2.614678472e-15           8.668375766e-06
 particle.CIC.mass_density           5.234064367e-31           3.747879217e-07
 particle.StochasticStellarPop.birth_mass_density                         0                         0
 level = 1
 gasDensity                         7.570773962e-31           1.344100968e-06
 x-GasMomentum                      7.183569733e-24           9.927727722e-07
 y-GasMomentum                      8.769828385e-24           1.349142923e-06
 z-GasMomentum                      5.168240837e-24           7.137025791e-06
 gasEnergy                          1.273622566e-16           1.183802351e-06
 gasInternalEnergy                  4.174771483e-17            1.77060867e-06
 scalar_0                           4.981510071e-40           1.802676365e-05
 x-BField                           8.868613625e-15           1.328011808e-06
 y-BField                           4.791303626e-15           7.459730792e-07
 z-BField                           9.476847319e-15            1.20684561e-05
 particle.CIC.mass_density           3.864669837e-30           6.726492022e-07
 particle.StochasticStellarPop.birth_mass_density                         0                         0
 level = 2
 gasDensity                         3.404363538e-30           1.770760035e-06
 x-GasMomentum                      4.449063294e-23           2.072640935e-06
 y-GasMomentum                       5.32178411e-23           2.421283095e-06
 z-GasMomentum                      3.078962131e-23           8.669570609e-06
 gasEnergy                          5.754346034e-16           2.191722026e-06
 gasInternalEnergy                  1.575047605e-16           2.311953824e-06
 scalar_0                            3.96815688e-40            5.75043962e-06
 x-BField                           2.301058678e-14           1.245068927e-06
 y-BField                           3.967427264e-14           2.165931057e-06
 z-BField                           2.668373259e-14           1.623372855e-05
 particle.CIC.mass_density           2.261997473e-29           1.182039717e-06
 particle.StochasticStellarPop.birth_mass_density                         0                         0
 level = 3
 gasDensity                         1.751142605e-29           2.995442169e-06
 x-GasMomentum                      2.147610637e-22           3.807202368e-06
 y-GasMomentum                      2.094811026e-22           3.746720099e-06
 z-GasMomentum                      1.608061506e-22           8.458122587e-06
 gasEnergy                          2.232936881e-15           3.948999801e-06
 gasInternalEnergy                  6.412861734e-16           3.978152904e-06
 scalar_0                           6.539874761e-39           4.061502192e-05
 x-BField                           1.529328147e-13           2.965666559e-06
 y-BField                           2.060949545e-13           3.372996723e-06
 z-BField                           7.077761283e-14           2.263407972e-05
 particle.CIC.mass_density           1.723214403e-28           2.863198252e-06
 particle.StochasticStellarPop.birth_mass_density                         0                         0
 level = 4
 gasDensity                         6.172327073e-29           2.246516506e-06
 x-GasMomentum                       6.77983023e-22            3.19808141e-06
 y-GasMomentum                      9.822563114e-22           4.289280446e-06
 z-GasMomentum                      5.188807907e-22           4.588884609e-06
 gasEnergy                          6.441057476e-15           4.218339853e-06
 gasInternalEnergy                  1.587276193e-15           3.954308371e-06
 scalar_0                           2.467742232e-38           4.007636334e-05
 x-BField                           6.003828188e-13           5.183090667e-06
 y-BField                           7.240181705e-13           4.857572314e-06
 z-BField                           1.348405624e-13           3.574149242e-05
 particle.CIC.mass_density           6.170830511e-28           3.312491048e-06
 particle.StochasticStellarPop.birth_mass_density                         0                         0
 level = 5
 gasDensity                         2.048365346e-28           1.946419714e-06
 x-GasMomentum                      2.733578192e-21           4.571449852e-06
 y-GasMomentum                      3.544333427e-21           5.395135838e-06
 z-GasMomentum                      1.643614331e-21           3.630577297e-06
 gasEnergy                          2.088865658e-14           7.707289776e-06
 gasInternalEnergy                  1.704625851e-15           7.792628124e-06
 scalar_0                            1.56998623e-37           7.053425851e-05
 x-BField                           3.959719066e-12            1.65220681e-05
 y-BField                           2.208912879e-12           8.295394211e-06
 z-BField                           3.841254522e-13           5.865350498e-05
 particle.CIC.mass_density           2.447894448e-27           5.388548627e-06
 particle.StochasticStellarPop.birth_mass_density                         0                         0
 PLOTFILE AGREE to specified tolerances: absolute = 0 relative = 0.002
/priv/avatar/cche/azp-agent-in-docker-cuda/azp-agent-avatargpu/regression-tests/amrex/Tools/Postprocessing/C_Src//particle_compare.exe --rel_tol 0.02 /priv/avatar/cche/azp-agent-in-docker-cuda/azp-agent-avatargpu/regression-tests/quokka-benchmarks/DiskGalaxy-GPU_plt0000300 DiskGalaxy-GPU_plt0000300 CIC_particles

-----------------------------------------------------------------------
CIC_particles
CIC_particles_position_x            1.88221697e+17        1.29512554e-03        
CIC_particles_position_y            1.55994655e+17        4.30440763e-04        
CIC_particles_position_z            1.14796665e+17        1.12454451e-04        
CIC_particles_mass                  0.00000000e+00        0.00000000e+00        
CIC_particles_vx                    4.70025983e+02        2.80036201e-05        
CIC_particles_vy                    4.04617243e+02        8.71730880e-05        
CIC_particles_vz                    3.55625848e+02        1.36729564e-03        
CIC_particles_id                    0.00000000e+00        0.00000000e+00        
CIC_particles_cpu                   0.00000000e+00        0.00000000e+00        

 PARTICLES AGREE to relative tolerance 0.02
/priv/avatar/cche/azp-agent-in-docker-cuda/azp-agent-avatargpu/regression-tests/amrex/Tools/Postprocessing/C_Src//particle_compare.exe --rel_tol 0.02 /priv/avatar/cche/azp-agent-in-docker-cuda/azp-agent-avatargpu/regression-tests/quokka-benchmarks/DiskGalaxy-GPU_plt0000300 DiskGalaxy-GPU_plt0000300 StochasticStellarPop_particles

-----------------------------------------------------------------------
StochasticStellarPop_particles
StochasticStellarPop_particles_position_x0.00000000e+00        0.00000000e+00        
StochasticStellarPop_particles_position_y0.00000000e+00        0.00000000e+00        
StochasticStellarPop_particles_position_z0.00000000e+00        0.00000000e+00        
StochasticStellarPop_particles_mass 0.00000000e+00        0.00000000e+00        
StochasticStellarPop_particles_vx   0.00000000e+00        0.00000000e+00        
StochasticStellarPop_particles_vy   0.00000000e+00        0.00000000e+00        
StochasticStellarPop_particles_vz   0.00000000e+00        0.00000000e+00        
StochasticStellarPop_particles_birth_time0.00000000e+00        0.00000000e+00        
StochasticStellarPop_particles_death_time0.00000000e+00        0.00000000e+00        
StochasticStellarPop_particles_birth_x0.00000000e+00        0.00000000e+00        
StochasticStellarPop_particles_birth_y0.00000000e+00        0.00000000e+00        
StochasticStellarPop_particles_birth_z0.00000000e+00        0.00000000e+00        
StochasticStellarPop_particles_death_x0.00000000e+00        0.00000000e+00        
StochasticStellarPop_particles_death_y0.00000000e+00        0.00000000e+00        
StochasticStellarPop_particles_death_z0.00000000e+00        0.00000000e+00        
StochasticStellarPop_particles_death_density0.00000000e+00        0.00000000e+00        
StochasticStellarPop_particles_mass_at_birth0.00000000e+00        0.00000000e+00        
StochasticStellarPop_particles_luminosity_00.00000000e+00        0.00000000e+00        
StochasticStellarPop_particles_id   0.00000000e+00        0.00000000e+00        
StochasticStellarPop_particles_cpu  0.00000000e+00        0.00000000e+00        
StochasticStellarPop_particles_evolution_stage0.00000000e+00        0.00000000e+00        

 PARTICLES AGREE to relative tolerance 0.02
