Already up to date.
Your branch is up to date with 'origin/development'.
Already on 'development'
Updating 0108935f6..449ff2f7a
Fast-forward
 Docs/sphinx_documentation/source/Basics.rst  | 11 ++--
 Docs/sphinx_documentation/source/FFT.rst     |  9 ++--
 Src/Base/AMReX_RandomEngine.H                |  9 ++++
 Src/FFT/AMReX_FFT_Poisson.H                  | 76 +++++++++++++++-------------
 Src/Particle/AMReX_WriteBinaryParticleData.H |  6 +--
 Tests/FFT/Poisson/main.cpp                   |  8 +--
 6 files changed, 65 insertions(+), 54 deletions(-)
Your branch is up to date with 'origin/development'.
Already on 'development'
Already up to date.
Your branch is up to date with 'origin/development'.
Already on 'development'
Already up to date.
Your branch is up to date with 'origin/development'.
Already on 'development'
Already up to date.
Your branch is up to date with 'origin/development'.
Already on 'development'
Updating 449ff2f7a..52e465901
Fast-forward
 Src/AmrCore/AMReX_ErrorList.H                     | 19 +++--
 Src/AmrCore/AMReX_ErrorList.cpp                   | 39 ++++++++++-
 Tests/Amr/Advection_AmrCore/Exec/inputs-errorfn   | 85 +++++++++++++++++++++++
 Tests/Amr/Advection_AmrCore/Source/AmrCoreAdv.H   |  4 ++
 Tests/Amr/Advection_AmrCore/Source/AmrCoreAdv.cpp | 25 +++++--
 5 files changed, 157 insertions(+), 15 deletions(-)
 create mode 100644 Tests/Amr/Advection_AmrCore/Exec/inputs-errorfn
Your branch is up to date with 'origin/development'.
Already on 'development'
Already up to date.
Your branch is up to date with 'origin/development'.
Already on 'development'
Already up to date.
Already up to date.
Your branch is up to date with 'origin/development'.
Already on 'development'
Already up to date.
Your branch is up to date with 'origin/development'.
Already on 'development'
Already up to date.
Your branch is up to date with 'origin/development'.
Already on 'development'
Already up to date.
Your branch is up to date with 'origin/development'.
Already on 'development'
Already up to date.
Your branch is up to date with 'origin/development'.
Already on 'development'
Updating 52e465901..69ad45614
Fast-forward
 CHANGES | 68 ++++++++++++++++++++++++++++++++++++++++++++++++++++++++++++++++-
 1 file changed, 67 insertions(+), 1 deletion(-)
Updating 69ad45614..bf9e2d99f
Fast-forward
 .github/workflows/gcc.yml                     |   2 +-
 Src/Base/AMReX_Arena.cpp                      |  70 +++++-
 Src/Base/AMReX_CArena.H                       |   3 +
 Src/Base/AMReX_CArena.cpp                     |  26 +-
 Src/Extern/HDF5/AMReX_ParticleHDF5.H          |  28 +--
 Src/Particle/AMReX_Particle.H                 |   7 +
 Src/Particle/AMReX_ParticleContainer.H        |   2 +
 Src/Particle/AMReX_ParticleContainerI.H       |  77 +++---
 Src/Particle/AMReX_ParticleReduce.H           | 144 +++++------
 Src/Particle/AMReX_ParticleTile.H             |  18 +-
 Src/Particle/AMReX_WriteBinaryParticleData.H  | 339 +++++++++-----------------
 Tests/Particles/CheckpointRestartSOA/main.cpp |  18 +-
 12 files changed, 356 insertions(+), 378 deletions(-)
Your branch is up to date with 'origin/development'.
Already on 'development'
Updating bf9e2d99f..bb593a29a
Fast-forward
 Docs/sphinx_documentation/source/Visualization.rst | 32 +++++++--
 .../source/Visualization/makevector.py             | 82 ++++++++++++++++++++++
 .../Visualization/write_series_file_timestamp.sh   | 58 +++++++++++++++
 Tests/Amr/Advection_AmrCore/Exec/Make.Adv          |  5 +-
 Tests/Amr/Advection_AmrLevel/Exec/Make.Adv         |  5 +-
 5 files changed, 176 insertions(+), 6 deletions(-)
 create mode 100644 Docs/sphinx_documentation/source/Visualization/makevector.py
 create mode 100755 Docs/sphinx_documentation/source/Visualization/write_series_file_timestamp.sh
Your branch is up to date with 'origin/development'.
Already on 'development'
Already up to date.
